=========================================
START@:		Wed Jul 6 22:21:45 CEST 2016
=========================================
Configuring DaVinci v40r3p1 from /cvmfs/lhcb.cern.ch/lib/lhcb/DAVINCI/DAVINCI_v40r3p1
GCCXML_config_version: Undefined variable.

Processing ./rootoptsLMC_c070116_LL1/myRoot.C...

[1mRooFit v3.60 -- Developed by Wouter Verkerke and David Kirkby[0m 
                Copyright (C) 2000-2013 NIKHEF, University of California & Stanford University
                All rights reserved, please read http://roofit.sourceforge.net/license.txt

fileN = LMC_c070116_LL1
-------------------------
Set LHCb Style - Feb 2012
-------------------------
fit_mass: Set mass and data:
[#1] INFO:Eval -- RooRealVar::setRange(Bs_LOKI_MASS_JpsiConstr) new range named 'bkg1' created with bounds [4300,4800]
[#1] INFO:Eval -- RooRealVar::setRange(Bs_LOKI_MASS_JpsiConstr) new range named 'bkg2' created with bounds [5700,5950]
[#1] INFO:Eval -- RooRealVar::setRange(Bs_LOKI_MASS_JpsiConstr) new range named 'bkg3' created with bounds [4300,5500]
[#1] INFO:Eval -- RooRealVar::setRange(Bs_LOKI_MASS_JpsiConstr) new range named 'bkg4' created with bounds [5100,5500]
[#1] INFO:Eval -- RooRealVar::setRange(Bs_LOKI_MASS_JpsiConstr) new range named '1405' created with bounds [4220,5460]
[#1] INFO:Eval -- RooRealVar::setRange(Bs_LOKI_MASS_JpsiConstr) new range named 'L' created with bounds [5350,5950]
[#1] INFO:Eval -- RooRealVar::setRange(Bs_LOKI_MASS_JpsiConstr) new range named 'tail' created with bounds [5950,6040]
[#1] INFO:Eval -- RooRealVar::setRange(Bs_LOKI_MASS_JpsiConstr) new range named 'Ltail' created with bounds [5350,6040]
[#1] INFO:Eval -- RooRealVar::setRange(Bs_LOKI_MASS_JpsiConstr) new range named 'tot' created with bounds [4300,6040]
mass declared
tree gotten
[#1] INFO:Eval -- RooTreeDataStore::loadValues(data) Ignored 46 out of range events
data declared
fit_mass: Mass and data set.
fit_mass: Assign shapes:
SMC file opened
SMC hist gotten
[#1] INFO:DataHandling -- RooDataHist::adjustBinning(SMC): fit range of variable Bs_LOKI_MASS_JpsiConstr expanded to nearest bin boundaries: [4100,6100] --> [4100,6100]
SMC hist assigned to RooDataHist
Lst1405MC file opened
Lst1405MC hist gotten
[#1] INFO:DataHandling -- RooDataHist::adjustBinning(Lst1405MC): fit range of variable Bs_LOKI_MASS_JpsiConstr expanded to nearest bin boundaries: [4100,6100] --> [4100,6100]
Lst1405MC hist assigned to RooDataHist
fit_mass: Shapes assigned.
fit_mass: declaring number of each shape:
fit_mass: Numbers declared.
fit_mass: adding shapes and their numbers to totalPdf:
fit_mass: totalPdf constructed.
fit_mass: Starting the fit:
[#1] INFO:Fitting -- RooAbsOptTestStatistic::ctor(nll_totalPdf_data) constructing test statistic for sub-range named tot
[#1] INFO:Eval -- RooRealVar::setRange(Bs_LOKI_MASS_JpsiConstr) new range named 'NormalizationRangeFortot' created with bounds [4100,6100]
[#1] INFO:Eval -- RooRealVar::setRange(Bs_LOKI_MASS_JpsiConstr) new range named 'fit_nll_totalPdf_data' created with bounds [4300,6040]
[#1] INFO:Fitting -- RooAbsOptTestStatistic::ctor(nll_totalPdf_data) fixing interpretation of coefficients of any RooAddPdf to full domain of observables 
[#1] INFO:NumericIntegration -- RooRealIntegral::init(sigL_Int[Bs_LOKI_MASS_JpsiConstr]) using numeric integrator RooIntegrator1D to calculate Int(Bs_LOKI_MASS_JpsiConstr)
[#1] INFO:NumericIntegration -- RooRealIntegral::init(sigL_Int[Bs_LOKI_MASS_JpsiConstr|NormalizationRangeFortot]_Norm[Bs_LOKI_MASS_JpsiConstr]) using numeric integrator RooIntegrator1D to calculate Int(Bs_LOKI_MASS_JpsiConstr)
 **********
 **   13 **MIGRAD        5500           1
 **********
 FIRST CALL TO USER FUNCTION AT NEW START POINT, WITH IFLAG=4.
 MINUIT WARNING IN MIGrad    
 ============== VARIABLE9 IS AT ITS LOWER ALLOWED LIMIT.
 START MIGRAD MINIMIZATION.  STRATEGY  1.  CONVERGENCE WHEN EDM .LT. 1.00e-03
 FCN=4773.95 FROM MIGRAD    STATUS=INITIATE       42 CALLS          43 TOTAL
                     EDM= unknown      STRATEGY= 1      NO ERROR MATRIX       
  EXT PARAMETER               CURRENT GUESS       STEP         FIRST   
  NO.   NAME      VALUE            ERROR          SIZE      DERIVATIVE 
   1  b1          -1.18358e+00   5.91789e-01   1.89202e-01   6.94705e+02
   2  b2           2.27144e-01   1.13572e-01   7.88766e-02  -2.21646e+02
   3  meanLst3     4.99835e+03   2.00000e+01   2.01387e-01  -4.32143e+01
   4  muL          5.61987e+03   1.75000e+01   2.02117e-01  -3.50967e+03
   5  nbkg         2.16549e+03   1.08275e+03   2.40884e-03  -6.71233e+04
   6  ngauLstmisc   4.39812e+02   2.19906e+02   1.08557e-04** at limit **
   7  nsigL        1.68964e+03   8.44819e+02   6.72858e-04   4.41839e+04
   8  nsigLst1405   1.52062e+02   7.60308e+01   8.80963e-04** at limit **
   9  nsigS        9.53674e+03   1.00000e-06   1.13687e-13   9.58117e+06
  10  sigLst3      6.15850e+01   1.00000e+01   2.07336e-01  -5.02862e+01
  11  sigmaL       1.23636e+01   6.18180e+00   1.93938e-01  -1.85823e+02
                               ERR DEF= 0.5
[#0] WARNING:Minization -- RooMinuitGlue: Minimized function has error status.
Returning maximum FCN so far (4816.99) to force MIGRAD to back out of this region. Error log follows
Parameter values: b1=-1.28992, b2=0.195332, meanLst3=5010.45, muL=5620.97, nbkg=2761.04, ngauLstmisc=469.053, nsigL=1726.76, nsigLst1405=290.835, nsigS=7.88658, sigLst3=74.9369, sigmaL=13.9992
RooChebychev::bkg[ x=Bs_LOKI_MASS_JpsiConstr coefList=(b1,b2) ]
     p.d.f value is less than zero (-0.044524), forcing value to zero @ x=Bs_LOKI_MASS_JpsiConstr=6008.06, coefList=(b1 = -1.28992,b2 = 0.195332)
     p.d.f value is less than zero (-0.032288), forcing value to zero @ x=Bs_LOKI_MASS_JpsiConstr=5987.27, coefList=(b1 = -1.28992,b2 = 0.195332)
     p.d.f value is less than zero (-0.032459), forcing value to zero @ x=Bs_LOKI_MASS_JpsiConstr=5987.56, coefList=(b1 = -1.28992,b2 = 0.195332)
     p.d.f value is less than zero (-0.055867), forcing value to zero @ x=Bs_LOKI_MASS_JpsiConstr=6027.87, coefList=(b1 = -1.28992,b2 = 0.195332)
     p.d.f value is less than zero (-0.017341), forcing value to zero @ x=Bs_LOKI_MASS_JpsiConstr=5962.62, coefList=(b1 = -1.28992,b2 = 0.195332)
     p.d.f value is less than zero (-0.024015), forcing value to zero @ x=Bs_LOKI_MASS_JpsiConstr=5973.53, coefList=(b1 = -1.28992,b2 = 0.195332)
     p.d.f value is less than zero (-0.004415), forcing value to zero @ x=Bs_LOKI_MASS_JpsiConstr=5941.9, coefList=(b1 = -1.28992,b2 = 0.195332)
     p.d.f value is less than zero (-0.016127), forcing value to zero @ x=Bs_LOKI_MASS_JpsiConstr=5960.65, coefList=(b1 = -1.28992,b2 = 0.195332)
     p.d.f value is less than zero (-0.033833), forcing value to zero @ x=Bs_LOKI_MASS_JpsiConstr=5989.86, coefList=(b1 = -1.28992,b2 = 0.195332)
     p.d.f value is less than zero (-0.062111), forcing value to zero @ x=Bs_LOKI_MASS_JpsiConstr=6039, coefList=(b1 = -1.28992,b2 = 0.195332)
     p.d.f value is less than zero (-0.002779), forcing value to zero @ x=Bs_LOKI_MASS_JpsiConstr=5939.32, coefList=(b1 = -1.28992,b2 = 0.195332)
     p.d.f value is less than zero (-0.021067), forcing value to zero @ x=Bs_LOKI_MASS_JpsiConstr=5968.69, coefList=(b1 = -1.28992,b2 = 0.195332)
    ... (remaining 2 messages suppressed)

 MIGRAD MINIMIZATION HAS CONVERGED.
 MIGRAD WILL VERIFY CONVERGENCE AND ERROR MATRIX.
 COVARIANCE MATRIX CALCULATED SUCCESSFULLY
 FCN=-4288.6 FROM MIGRAD    STATUS=CONVERGED     419 CALLS         420 TOTAL
                     EDM=1.70099e-05    STRATEGY= 1      ERROR MATRIX ACCURATE 
  EXT PARAMETER                                   STEP         FIRST   
  NO.   NAME      VALUE            ERROR          SIZE      DERIVATIVE 
   1  b1          -1.28081e+00   1.68027e-02   2.08800e-04   4.43689e-02
   2  b2           3.76514e-01   2.97802e-02   5.62383e-04  -7.70113e-02
   3  meanLst3     5.01081e+03   6.54841e+00   2.84196e-03  -1.70376e-02
   4  muL          5.62095e+03   2.07114e-01   1.07530e-04  -4.41050e-01
   5  nbkg         2.78577e+03   7.55335e+01   5.77431e-06  -7.84938e+00
   6  ngauLstmisc   4.25780e+02   3.75333e+01   7.48817e-07** at limit **
   7  nsigL        1.72378e+03   4.19507e+01   1.44033e-06   6.02370e+00
   8  nsigLst1405   2.24159e+02   3.27226e+01   7.63449e-07** at limit **
   9  nsigS        8.93730e-05   1.19212e+01   3.10389e-06** at limit **
  10  sigLst3      7.25834e+01   6.97700e+00   5.76946e-03   1.13111e-02
  11  sigmaL       1.40066e+01   3.37439e-01   4.34343e-04  -9.07907e-03
                               ERR DEF= 0.5
 EXTERNAL ERROR MATRIX.    NDIM=  34    NPAR= 11    ERR DEF=0.5
  2.823e-04 
 -1.911e-04  8.869e-04 
  1.592e-03 -1.741e-02  4.294e+01 
  9.907e-06 -5.045e-05  1.422e-03  4.290e-02 
  2.883e-03 -2.411e-01  7.568e+01  4.748e-02  5.705e+03 
 -1.034e-02  2.181e-01 -6.256e+00 -1.740e-02 -8.846e+02  1.409e+03 
 -3.749e-02  7.711e-02 -2.010e+00 -2.144e-02 -7.124e+01  2.371e+01  1.760e+03 
 -1.193e-01  4.285e-01 -5.690e+01 -2.680e-02 -5.275e+02 -2.378e+02  4.363e+01  1.071e+03 
 -2.814e-05  7.509e-05 -1.562e-03  1.952e-05 -7.389e-02  2.940e-02  3.267e-03  3.213e-02  4.261e-03 
  5.209e-04  2.346e-02 -1.858e+00 -2.035e-03 -1.220e+02  1.458e+02  2.665e+00 -4.657e+01  3.609e-03  4.908e+01 
 -6.336e-04  1.308e-03 -3.418e-02 -6.022e-04 -1.214e+00  4.031e-01  6.144e-01  7.402e-01  7.137e-06  4.534e-02  1.139e-01 
 PARAMETER  CORRELATION COEFFICIENTS  
       NO.  GLOBAL      1      2      3      4      5      6      7      8      9     10     11
        1  0.39737   1.000 -0.382  0.014  0.003  0.002 -0.016 -0.053 -0.217 -0.026  0.004 -0.112
        2  0.60741  -0.382  1.000 -0.089 -0.008 -0.107  0.195  0.062  0.440  0.039  0.112  0.130
        3  0.29869   0.014 -0.089  1.000  0.001  0.153 -0.025 -0.007 -0.265 -0.004 -0.040 -0.015
        4  0.01162   0.003 -0.008  0.001  1.000  0.003 -0.002 -0.002 -0.004  0.001 -0.001 -0.009
        5  0.45157   0.002 -0.107  0.153  0.003  1.000 -0.312 -0.022 -0.213 -0.015 -0.231 -0.048
        6  0.63809  -0.016  0.195 -0.025 -0.002 -0.312  1.000  0.015 -0.194  0.012  0.555  0.032
        7  0.07891  -0.053  0.062 -0.007 -0.002 -0.022  0.015  1.000  0.032  0.001  0.009  0.043
        8  0.63486  -0.217  0.440 -0.265 -0.004 -0.213 -0.194  0.032  1.000  0.015 -0.203  0.067
        9  0.04277  -0.026  0.039 -0.004  0.001 -0.015  0.012  0.001  0.015  1.000  0.008  0.000
       10  0.57766   0.004  0.112 -0.040 -0.001 -0.231  0.555  0.009 -0.203  0.008  1.000  0.019
       11  0.15474  -0.112  0.130 -0.015 -0.009 -0.048  0.032  0.043  0.067  0.000  0.019  1.000
 **********
 **   18 **MINOS        5500
 **********
 MINUIT WARNING IN MIGRAD  
 ============== VARIABLE9 IS AT ITS LOWER ALLOWED LIMIT.
 MINUIT WARNING IN MIGRAD  
 ============== VARIABLE9 IS AT ITS LOWER ALLOWED LIMIT.
 MINUIT WARNING IN MIGRAD  
 ============== VARIABLE9 IS AT ITS LOWER ALLOWED LIMIT.
 MINUIT WARNING IN MIGRAD  
 ============== VARIABLE9 IS AT ITS LOWER ALLOWED LIMIT.
 MINUIT WARNING IN MIGRAD  
 ============== VARIABLE9 IS AT ITS LOWER ALLOWED LIMIT.
 MINUIT WARNING IN MIGRAD  
 ============== VARIABLE9 IS AT ITS LOWER ALLOWED LIMIT.
 MINUIT WARNING IN MIGRAD  
 ============== VARIABLE9 IS AT ITS LOWER ALLOWED LIMIT.
 MINUIT WARNING IN MIGRAD  
 ============== VARIABLE9 IS AT ITS LOWER ALLOWED LIMIT.
    THE NEGATIVE MINOS ERROR OF PARAMETER   9, nsigS EXCEEDS ITS LIMIT.
 MINUIT WARNING IN MIGRAD  
 ============== VARIABLE9 IS AT ITS LOWER ALLOWED LIMIT.
 MINUIT WARNING IN MIGRAD  
 ============== VARIABLE9 IS AT ITS LOWER ALLOWED LIMIT.
 MINUIT WARNING IN MIGRAD  
 ============== VARIABLE9 IS AT ITS LOWER ALLOWED LIMIT.
 FCN=-4288.6 FROM MINOS     STATUS=SUCCESSFUL   2404 CALLS        2824 TOTAL
                     EDM=1.70099e-05    STRATEGY= 1      ERROR MATRIX ACCURATE 
  EXT PARAMETER                  PARABOLIC         MINOS ERRORS        
  NO.   NAME      VALUE            ERROR      NEGATIVE      POSITIVE   
   1  b1          -1.28081e+00   1.68027e-02  -1.62954e-02   1.74138e-02
   2  b2           3.76514e-01   2.97802e-02  -3.00807e-02   3.07707e-02
   3  meanLst3     5.01081e+03   6.54841e+00  -6.57187e+00   6.57399e+00
   4  muL          5.62095e+03   2.07114e-01  -2.06970e-01   2.07327e-01
   5  nbkg         2.78577e+03   7.55335e+01  -7.49144e+01   7.62507e+01
   6  ngauLstmisc   4.25780e+02   3.75333e+01  -3.66771e+01   3.86765e+01
                                 WARNING -   - ABOVE PARAMETER IS AT LIMIT.
   7  nsigL        1.72378e+03   4.19507e+01  -4.16267e+01   4.22788e+01
   8  nsigLst1405   2.24159e+02   3.27226e+01  -3.25384e+01   3.29714e+01
                                 WARNING -   - ABOVE PARAMETER IS AT LIMIT.
   9  nsigS        8.93730e-05   1.19212e+01   at limit      8.00613e+00
                                 WARNING -   - ABOVE PARAMETER IS AT LIMIT.
  10  sigLst3      7.25834e+01   6.97700e+00  -6.54934e+00   7.62493e+00
  11  sigmaL       1.40066e+01   3.37439e-01  -3.32729e-01   3.42399e-01
                               ERR DEF= 0.5
 **********
 **   23 **MINOS        5500
 **********
 MINUIT WARNING IN MIGRAD  
 ============== VARIABLE9 IS AT ITS LOWER ALLOWED LIMIT.
 MINUIT WARNING IN MIGRAD  
 ============== VARIABLE9 IS AT ITS LOWER ALLOWED LIMIT.
 MINUIT WARNING IN MIGRAD  
 ============== VARIABLE9 IS AT ITS LOWER ALLOWED LIMIT.
 MINUIT WARNING IN MIGRAD  
 ============== VARIABLE9 IS AT ITS LOWER ALLOWED LIMIT.
 MINUIT WARNING IN MIGRAD  
 ============== VARIABLE9 IS AT ITS LOWER ALLOWED LIMIT.
 MINUIT WARNING IN MIGRAD  
 ============== VARIABLE9 IS AT ITS LOWER ALLOWED LIMIT.
 MINUIT WARNING IN MIGRAD  
 ============== VARIABLE9 IS AT ITS LOWER ALLOWED LIMIT.
 MINUIT WARNING IN MIGRAD  
 ============== VARIABLE9 IS AT ITS LOWER ALLOWED LIMIT.
    THE NEGATIVE MINOS ERROR OF PARAMETER   9, nsigS EXCEEDS ITS LIMIT.
 MINUIT WARNING IN MIGRAD  
 ============== VARIABLE9 IS AT ITS LOWER ALLOWED LIMIT.
 MINUIT WARNING IN MIGRAD  
 ============== VARIABLE9 IS AT ITS LOWER ALLOWED LIMIT.
 MINUIT WARNING IN MIGRAD  
 ============== VARIABLE9 IS AT ITS LOWER ALLOWED LIMIT.
 FCN=-4288.6 FROM MINOS     STATUS=SUCCESSFUL   2402 CALLS        5226 TOTAL
                     EDM=1.70099e-05    STRATEGY= 1      ERROR MATRIX ACCURATE 
  EXT PARAMETER                  PARABOLIC         MINOS ERRORS        
  NO.   NAME      VALUE            ERROR      NEGATIVE      POSITIVE   
   1  b1          -1.28081e+00   1.68027e-02  -1.62954e-02   1.74138e-02
   2  b2           3.76514e-01   2.97802e-02  -3.00807e-02   3.07707e-02
   3  meanLst3     5.01081e+03   6.54841e+00  -6.57187e+00   6.57399e+00
   4  muL          5.62095e+03   2.07114e-01  -2.06970e-01   2.07327e-01
   5  nbkg         2.78577e+03   7.55335e+01  -7.49144e+01   7.62507e+01
   6  ngauLstmisc   4.25780e+02   3.75333e+01  -3.66771e+01   3.86765e+01
                                 WARNING -   - ABOVE PARAMETER IS AT LIMIT.
   7  nsigL        1.72378e+03   4.19507e+01  -4.16267e+01   4.22788e+01
   8  nsigLst1405   2.24159e+02   3.27226e+01  -3.25384e+01   3.29714e+01
                                 WARNING -   - ABOVE PARAMETER IS AT LIMIT.
   9  nsigS        8.93730e-05   1.19212e+01   at limit      8.00613e+00
                                 WARNING -   - ABOVE PARAMETER IS AT LIMIT.
  10  sigLst3      7.25834e+01   6.97700e+00  -6.54934e+00   7.62493e+00
  11  sigmaL       1.40066e+01   3.37439e-01  -3.32729e-01   3.42399e-01
                               ERR DEF= 0.5
fit_mass: Fit complete.
fit_mass: Starting save_plot_fit_mass():
[#1] INFO:Plotting -- RooAbsPdf::plotOn(totalPdf) p.d.f was fitted in range and no explicit plot,norm range was specified, using fit range as default
[#1] INFO:Plotting -- RooAbsPdf::plotOn(totalPdf) only plotting range 'fit_nll_totalPdf_data'
[#1] INFO:Plotting -- RooAbsPdf::plotOn(totalPdf) p.d.f. curve is normalized using explicit choice of ranges 'fit_nll_totalPdf_data'
[#1] INFO:NumericIntegration -- RooRealIntegral::init(sigL_Int[Bs_LOKI_MASS_JpsiConstr]) using numeric integrator RooIntegrator1D to calculate Int(Bs_LOKI_MASS_JpsiConstr)
[#1] INFO:NumericIntegration -- RooRealIntegral::init(totalPdf_Int[Bs_LOKI_MASS_JpsiConstr|fit_nll_totalPdf_data]_Norm[Bs_LOKI_MASS_JpsiConstr]) using numeric integrator RooIntegrator1D to calculate Int(Bs_LOKI_MASS_JpsiConstr)
[#1] INFO:Plotting -- RooAbsPdf::plotOn(totalPdf) p.d.f was fitted in range and no explicit plot,norm range was specified, using fit range as default
[#1] INFO:Plotting -- RooAbsPdf::plotOn(totalPdf) only plotting range 'fit_nll_totalPdf_data'
[#1] INFO:Plotting -- RooAbsPdf::plotOn(totalPdf) p.d.f. curve is normalized using explicit choice of ranges 'fit_nll_totalPdf_data'
[#1] INFO:Plotting -- RooAbsPdf::plotOn(totalPdf) directly selected PDF components: (sigS)
[#1] INFO:Plotting -- RooAbsPdf::plotOn(totalPdf) indirectly selected PDF components: ()
[#1] INFO:NumericIntegration -- RooRealIntegral::init(sigL_Int[Bs_LOKI_MASS_JpsiConstr]) using numeric integrator RooIntegrator1D to calculate Int(Bs_LOKI_MASS_JpsiConstr)
[#1] INFO:NumericIntegration -- RooRealIntegral::init(totalPdf_Int[Bs_LOKI_MASS_JpsiConstr|fit_nll_totalPdf_data]_Norm[Bs_LOKI_MASS_JpsiConstr]) using numeric integrator RooIntegrator1D to calculate Int(Bs_LOKI_MASS_JpsiConstr)
/\ Hypatia: a = 1.257542 +/- [exact]
/\ Hypatia: fb = 0.000000 +/- [exact]
/\ Hypatia: l = -1.903283 +/- [exact]
/\ Hypatia: mu = 5620.950536 +/- 2.073274E-01
/\ Hypatia: n = 12.084803 +/- [exact]
/\ Hypatia: sigma = 14.006587 +/- 3.423991E-01
/\ Hypatia: zeta = 0.000000 +/- [exact]
[#1] INFO:Plotting -- RooAbsPdf::plotOn(totalPdf) p.d.f was fitted in range and no explicit plot,norm range was specified, using fit range as default
[#1] INFO:Plotting -- RooAbsPdf::plotOn(totalPdf) only plotting range 'fit_nll_totalPdf_data'
[#1] INFO:Plotting -- RooAbsPdf::plotOn(totalPdf) p.d.f. curve is normalized using explicit choice of ranges 'fit_nll_totalPdf_data'
[#1] INFO:Plotting -- RooAbsPdf::plotOn(totalPdf) directly selected PDF components: (sigL)
[#1] INFO:Plotting -- RooAbsPdf::plotOn(totalPdf) indirectly selected PDF components: ()
[#1] INFO:NumericIntegration -- RooRealIntegral::init(sigL_Int[Bs_LOKI_MASS_JpsiConstr]) using numeric integrator RooIntegrator1D to calculate Int(Bs_LOKI_MASS_JpsiConstr)
[#1] INFO:NumericIntegration -- RooRealIntegral::init(totalPdf_Int[Bs_LOKI_MASS_JpsiConstr|fit_nll_totalPdf_data]_Norm[Bs_LOKI_MASS_JpsiConstr]) using numeric integrator RooIntegrator1D to calculate Int(Bs_LOKI_MASS_JpsiConstr)
[#1] INFO:Plotting -- RooAbsPdf::plotOn(totalPdf) p.d.f was fitted in range and no explicit plot,norm range was specified, using fit range as default
[#1] INFO:Plotting -- RooAbsPdf::plotOn(totalPdf) only plotting range 'fit_nll_totalPdf_data'
[#1] INFO:Plotting -- RooAbsPdf::plotOn(totalPdf) p.d.f. curve is normalized using explicit choice of ranges 'fit_nll_totalPdf_data'
[#1] INFO:Plotting -- RooAbsPdf::plotOn(totalPdf) directly selected PDF components: (sigLst1405)
[#1] INFO:Plotting -- RooAbsPdf::plotOn(totalPdf) indirectly selected PDF components: ()
[#1] INFO:NumericIntegration -- RooRealIntegral::init(sigL_Int[Bs_LOKI_MASS_JpsiConstr]) using numeric integrator RooIntegrator1D to calculate Int(Bs_LOKI_MASS_JpsiConstr)
[#1] INFO:NumericIntegration -- RooRealIntegral::init(totalPdf_Int[Bs_LOKI_MASS_JpsiConstr|fit_nll_totalPdf_data]_Norm[Bs_LOKI_MASS_JpsiConstr]) using numeric integrator RooIntegrator1D to calculate Int(Bs_LOKI_MASS_JpsiConstr)
/\*(misc.): mean3 = 5010.813337 +/- 6.573990E+00
/\*(misc.): sigma3 = 72.583369 +/- 7.624935E+00
[#1] INFO:Plotting -- RooAbsPdf::plotOn(totalPdf) p.d.f was fitted in range and no explicit plot,norm range was specified, using fit range as default
[#1] INFO:Plotting -- RooAbsPdf::plotOn(totalPdf) only plotting range 'fit_nll_totalPdf_data'
[#1] INFO:Plotting -- RooAbsPdf::plotOn(totalPdf) p.d.f. curve is normalized using explicit choice of ranges 'fit_nll_totalPdf_data'
[#1] INFO:Plotting -- RooAbsPdf::plotOn(totalPdf) directly selected PDF components: (gauLstmisc)
[#1] INFO:Plotting -- RooAbsPdf::plotOn(totalPdf) indirectly selected PDF components: ()
[#1] INFO:NumericIntegration -- RooRealIntegral::init(sigL_Int[Bs_LOKI_MASS_JpsiConstr]) using numeric integrator RooIntegrator1D to calculate Int(Bs_LOKI_MASS_JpsiConstr)
[#1] INFO:NumericIntegration -- RooRealIntegral::init(totalPdf_Int[Bs_LOKI_MASS_JpsiConstr|fit_nll_totalPdf_data]_Norm[Bs_LOKI_MASS_JpsiConstr]) using numeric integrator RooIntegrator1D to calculate Int(Bs_LOKI_MASS_JpsiConstr)
Background: Chebychev b1 = -1.280805 +/- 1.741377E-02
Background: Chebychev b2 = 0.376514 +/- 3.077073E-02
[#1] INFO:Plotting -- RooAbsPdf::plotOn(totalPdf) p.d.f was fitted in range and no explicit plot,norm range was specified, using fit range as default
[#1] INFO:Plotting -- RooAbsPdf::plotOn(totalPdf) only plotting range 'fit_nll_totalPdf_data'
[#1] INFO:Plotting -- RooAbsPdf::plotOn(totalPdf) p.d.f. curve is normalized using explicit choice of ranges 'fit_nll_totalPdf_data'
[#1] INFO:Plotting -- RooAbsPdf::plotOn(totalPdf) directly selected PDF components: (bkg)
[#1] INFO:Plotting -- RooAbsPdf::plotOn(totalPdf) indirectly selected PDF components: ()
[#1] INFO:NumericIntegration -- RooRealIntegral::init(sigL_Int[Bs_LOKI_MASS_JpsiConstr]) using numeric integrator RooIntegrator1D to calculate Int(Bs_LOKI_MASS_JpsiConstr)
[#1] INFO:NumericIntegration -- RooRealIntegral::init(totalPdf_Int[Bs_LOKI_MASS_JpsiConstr|fit_nll_totalPdf_data]_Norm[Bs_LOKI_MASS_JpsiConstr]) using numeric integrator RooIntegrator1D to calculate Int(Bs_LOKI_MASS_JpsiConstr)
#chi^{2}/N_{DoF} = 1.566578
N sigma = 0.000089 +/- 8.006130
N /\ = 1723.783690 +/- 42.278818
N /\*(1405) = 224.158915 +/- 32.971443
N /\*(misc.) = 425.779963 +/- 38.676484
N bkg = 2785.769453 +/- 76.250671
Y_{#Sigma^{0}}/Y_{#Lambda} = 5.184697E-08 +/- 4.644510E-03
limit = 4.761342E-03
limit at 90% confidence level = 7.618147E-03
[#0] WARNING:Plotting -- RooHist::makeResisHist(Hist) WARNING: point 88 has zero error, setting residual to zero
Error in <THistPainter::PaintInit>: Cannot set Y axis to log scale
Error in <THistPainter::PaintInit>: Cannot set Y axis to log scale
Info in <TCanvas::Print>: eps file plots/fitLMC_c070116_LL1.eps has been created
Info in <TCanvas::SaveSource>: C++ Macro file: plots/fitLMC_c070116_LL1.C has been generated
save_plot_fit_mass() complete.
fit_mass complete.
=========================================
Finish root @	Wed Jul 6 23:14:11 CEST 2016
=========================================
