=========================================
START@:		Sat May 21 19:21:27 CEST 2016
=========================================
Configuring DaVinci v40r1p3 from /cvmfs/lhcb.cern.ch/lib/lhcb/DAVINCI/DAVINCI_v40r1p3
GCCXML_config_version: Undefined variable.

Processing ./rootoptsDD1/myRoot.C...

[1mRooFit v3.60 -- Developed by Wouter Verkerke and David Kirkby[0m 
                Copyright (C) 2000-2013 NIKHEF, University of California & Stanford University
                All rights reserved, please read http://roofit.sourceforge.net/license.txt

fileN = DD1
-------------------------
Set LHCb Style - Feb 2012
-------------------------
fit_mass: Set mass and data:
[#1] INFO:Eval -- RooRealVar::setRange(Bs_LOKI_MASS_JpsiConstr) new range named 'bkg1' created with bounds [4300,4800]
[#1] INFO:Eval -- RooRealVar::setRange(Bs_LOKI_MASS_JpsiConstr) new range named 'bkg2' created with bounds [5700,5950]
[#1] INFO:Eval -- RooRealVar::setRange(Bs_LOKI_MASS_JpsiConstr) new range named 'bkg3' created with bounds [4300,5500]
[#1] INFO:Eval -- RooRealVar::setRange(Bs_LOKI_MASS_JpsiConstr) new range named 'bkg4' created with bounds [5100,5500]
[#1] INFO:Eval -- RooRealVar::setRange(Bs_LOKI_MASS_JpsiConstr) new range named '1405' created with bounds [4220,5460]
[#1] INFO:Eval -- RooRealVar::setRange(Bs_LOKI_MASS_JpsiConstr) new range named 'L' created with bounds [5350,5950]
[#1] INFO:Eval -- RooRealVar::setRange(Bs_LOKI_MASS_JpsiConstr) new range named 'tail' created with bounds [5950,6040]
[#1] INFO:Eval -- RooRealVar::setRange(Bs_LOKI_MASS_JpsiConstr) new range named 'Ltail' created with bounds [5350,6040]
[#1] INFO:Eval -- RooRealVar::setRange(Bs_LOKI_MASS_JpsiConstr) new range named 'tot' created with bounds [4300,6040]
mass declared
tree gotten
[#1] INFO:Eval -- RooTreeDataStore::loadValues(data) Ignored 44 out of range events
data declared
fit_mass: Mass and data set.
fit_mass: Assign shapes:
SMC file opened
SMC hist gotten
[#1] INFO:DataHandling -- RooDataHist::adjustBinning(SMC): fit range of variable Bs_LOKI_MASS_JpsiConstr expanded to nearest bin boundaries: [4100,6100] --> [4100,6100]
SMC hist assigned to RooDataHist
Lst1405MC file opened
Lst1405MC hist gotten
[#1] INFO:DataHandling -- RooDataHist::adjustBinning(Lst1405MC): fit range of variable Bs_LOKI_MASS_JpsiConstr expanded to nearest bin boundaries: [4100,6100] --> [4100,6100]
Lst1405MC hist assigned to RooDataHist
fit_mass: Shapes assigned.
fit_mass: declaring number of each shape:
fit_mass: Numbers declared.
fit_mass: adding shapes and their numbers to totalPdf:
fit_mass: totalPdf constructed.
fit_mass: Starting the fit:
[#1] INFO:Fitting -- RooAbsOptTestStatistic::ctor(nll_totalPdf_data) constructing test statistic for sub-range named tot
[#1] INFO:Eval -- RooRealVar::setRange(Bs_LOKI_MASS_JpsiConstr) new range named 'NormalizationRangeFortot' created with bounds [4100,6100]
[#1] INFO:Eval -- RooRealVar::setRange(Bs_LOKI_MASS_JpsiConstr) new range named 'fit_nll_totalPdf_data' created with bounds [4300,6040]
[#1] INFO:Fitting -- RooAbsOptTestStatistic::ctor(nll_totalPdf_data) fixing interpretation of coefficients of any RooAddPdf to full domain of observables 
 **********
 **   13 **MIGRAD        6500           1
 **********
 FIRST CALL TO USER FUNCTION AT NEW START POINT, WITH IFLAG=4.
 MINUIT WARNING IN MIGrad    
 ============== VARIABLE10 IS AT ITS LOWER ALLOWED LIMIT.
 START MIGRAD MINIMIZATION.  STRATEGY  1.  CONVERGENCE WHEN EDM .LT. 1.00e-03
 FCN=-10115 FROM MIGRAD    STATUS=INITIATE       90 CALLS          91 TOTAL
                     EDM= unknown      STRATEGY= 1      NO ERROR MATRIX       
  EXT PARAMETER               CURRENT GUESS       STEP         FIRST   
  NO.   NAME      VALUE            ERROR          SIZE      DERIVATIVE 
   1  b1          -1.18358e+00   5.91789e-01   0.00000e+00   8.46061e+02
   2  b2           2.27144e-01   1.13572e-01   0.00000e+00  -2.47929e+02
   3  f1L          8.27146e-01   8.64270e-02   0.00000e+00  -2.35013e+02
   4  mean1L       5.62135e+03   1.75000e+01   0.00000e+00  -4.11724e+03
   5  meanLst3     4.99835e+03   2.00000e+01   0.00000e+00   1.67831e+02
   6  nbkg         2.16549e+03   1.08275e+03   0.00000e+00  -4.48527e+05
   7  ngauLstmisc   4.39812e+02   2.19906e+02   0.00000e+00** at limit **
   8  nsigL        1.68964e+03   8.44819e+02   0.00000e+00  -1.79150e+06
   9  nsigLst1405   1.43185e+03   7.60308e+01   5.10169e-04** at limit **
  10  nsigS        9.53674e+03   1.00000e-06   0.00000e+00   8.65308e+06
  11  sig1L        8.03001e+00   4.01500e+00   0.00000e+00   2.03480e+02
  12  sig2L        2.32095e+01   1.00000e+01   0.00000e+00   2.95915e+02
  13  sigLst3      6.15850e+01   1.00000e+01   0.00000e+00  -1.97886e+01
                               ERR DEF= 0.5
 MIGRAD MINIMIZATION HAS CONVERGED.
 FCN=-19990.7 FROM MIGRAD    STATUS=CONVERGED     910 CALLS         911 TOTAL
                     EDM=8.58724e-05    STRATEGY= 1  ERROR MATRIX UNCERTAINTY   6.5 per cent
  EXT PARAMETER                                   STEP         FIRST   
  NO.   NAME      VALUE            ERROR          SIZE      DERIVATIVE 
   1  b1          -1.16917e+00   1.98159e-02  -1.36009e-04   2.47281e+00
   2  b2           1.35904e-01   3.33315e-02   6.12246e-04   4.59015e-01
   3  f1L          2.30074e-01   6.09410e-02  -5.35404e-03  -1.88425e-01
   4  mean1L       5.62141e+03   1.63907e-01  -2.67587e-05  -3.47243e-01
   5  meanLst3     5.00861e+03   4.78783e+00  -5.57009e-04   5.17416e-02
   6  nbkg         6.27767e+03   1.19799e+02  -1.76397e-06  -1.35076e+01
   7  ngauLstmisc   9.05664e+02   6.50700e+01   5.16253e-07** at limit **
   8  nsigL        4.51076e+03   6.44302e+01   6.70944e-07   1.42772e+02
   9  nsigLst1405   5.54225e+02   6.15852e+01  -4.76878e-09** at limit **
  10  nsigS        2.11705e+02   2.85639e+01   8.96991e-08** at limit **
  11  sig1L        2.12844e+01   2.88902e+00   2.81472e-03  -2.91124e-01
  12  sig2L        8.70950e+00   4.65292e-01   5.82972e-04  -4.55591e-01
  13  sigLst3      7.15756e+01   6.03877e+00   2.79804e-03  -6.85038e-02
                               ERR DEF= 0.5
 EXTERNAL ERROR MATRIX.    NDIM=  28    NPAR= 13    ERR DEF=0.5
 ELEMENTS ABOVE DIAGONAL ARE NOT PRINTED.
  3.927e-04 
 -5.873e-04  1.111e-03 
  3.678e-04 -5.866e-04  3.740e-03 
  4.026e-05 -5.942e-06  8.113e-04  2.687e-02 
  7.085e-03 -1.755e-02  1.196e-02  1.689e-02  2.294e+01 
  6.899e-01 -1.347e+00  1.638e+00 -9.785e-02  7.040e+01  1.435e+04 
 -3.567e-01  7.051e-01 -4.303e-01  6.359e-02  1.710e+01 -3.222e+03  4.234e+03 
 -1.432e-01  2.790e-01 -9.723e-01 -3.707e-01 -2.101e+01 -1.698e+02  1.489e+02  4.151e+03 
 -5.558e-01  1.044e+00 -9.023e-01 -2.350e-01 -9.228e+01 -2.418e+03 -4.901e+02  2.273e+02  3.793e+03 
 -2.632e-01  4.363e-01  2.939e-01  3.768e-01 -8.295e+00 -1.058e+03  5.077e+02 -6.785e+01  3.073e+02  8.159e+02 
 -2.026e-02  3.308e-02 -1.674e-01 -4.340e-02 -6.771e-01 -8.804e+01  2.622e+01  5.432e+01  4.592e+01 -1.449e+01  8.360e+00 
 -2.640e-03  4.248e-03 -2.665e-02 -7.034e-03 -1.116e-01 -1.145e+01  2.896e+00  6.780e+00  7.225e+00 -2.105e+00  1.179e+00 
 -2.640e-03  4.248e-03 -2.665e-02 -7.034e-03 -1.116e-01 -1.145e+01  2.896e+00  6.780e+00  7.225e+00 -2.105e+00  1.179e+00  2.165e-01 
 -2.194e-02  4.302e-02 -3.083e-02 -1.605e-02  2.352e+00 -2.558e+02  2.632e+02  2.529e+01 -6.740e+01  2.923e+01  1.935e+00 
 -2.194e-02  4.302e-02 -3.083e-02 -1.605e-02  2.352e+00 -2.558e+02  2.632e+02  2.529e+01 -6.740e+01  2.923e+01  1.935e+00  2.054e-01  3.669e+01 
 PARAMETER  CORRELATION COEFFICIENTS  
       NO.  GLOBAL      1      2      3      4      5      6      7      8      9     10     11     12     13
        1  0.89748   1.000 -0.889  0.304  0.012  0.075  0.291 -0.277 -0.112 -0.455 -0.465 -0.354 -0.286 -0.183
        2  0.90724  -0.889  1.000 -0.288 -0.001 -0.110 -0.337  0.325  0.130  0.509  0.458  0.343  0.274  0.213
        3  0.97323   0.304 -0.288  1.000  0.081  0.041  0.224 -0.108 -0.247 -0.240  0.168 -0.947 -0.936 -0.083
        4  0.13322   0.012 -0.001  0.081  1.000  0.022 -0.005  0.006 -0.035 -0.023  0.080 -0.092 -0.092 -0.016
        5  0.33414   0.075 -0.110  0.041  0.022  1.000  0.123  0.055 -0.068 -0.313 -0.061 -0.049 -0.050  0.081
        6  0.63004   0.291 -0.337  0.224 -0.005  0.123  1.000 -0.413 -0.022 -0.328 -0.309 -0.254 -0.205 -0.353
        7  0.73568  -0.277  0.325 -0.108  0.006  0.055 -0.413  1.000  0.036 -0.122  0.273  0.139  0.096  0.668
        8  0.32884  -0.112  0.130 -0.247 -0.035 -0.068 -0.022  0.036  1.000  0.057 -0.037  0.292  0.226  0.065
        9  0.71071  -0.455  0.509 -0.240 -0.023 -0.313 -0.328 -0.122  0.057  1.000  0.175  0.258  0.252 -0.181
       10  0.65801  -0.465  0.458  0.168  0.080 -0.061 -0.309  0.273 -0.037  0.175  1.000 -0.175 -0.158  0.169
       11  0.95561  -0.354  0.343 -0.947 -0.092 -0.049 -0.254  0.139  0.292  0.258 -0.175  1.000  0.876  0.110
       12  0.93789  -0.286  0.274 -0.936 -0.092 -0.050 -0.205  0.096  0.226  0.252 -0.158  0.876  1.000  0.073
       13  0.69579  -0.183  0.213 -0.083 -0.016  0.081 -0.353  0.668  0.065 -0.181  0.169  0.110  0.073  1.000
 **********
 **   18 **MINOS        6500
 **********
 FCN=-19990.7 FROM MINOS     STATUS=SUCCESSFUL   4993 CALLS        5904 TOTAL
                     EDM=8.58724e-05    STRATEGY= 1  ERROR MATRIX UNCERTAINTY   6.5 per cent
  EXT PARAMETER                  PARABOLIC         MINOS ERRORS        
  NO.   NAME      VALUE            ERROR      NEGATIVE      POSITIVE   
   1  b1          -1.16917e+00   1.98159e-02  -2.03884e-02   2.09365e-02
   2  b2           1.35904e-01   3.33315e-02  -3.38019e-02   3.43654e-02
   3  f1L          2.30074e-01   6.09410e-02  -4.95429e-02   7.31513e-02
   4  mean1L       5.62141e+03   1.63907e-01  -1.67469e-01   1.67349e-01
   5  meanLst3     5.00861e+03   4.78783e+00  -4.77955e+00   4.77232e+00
   6  nbkg         6.27767e+03   1.19799e+02  -1.30085e+02   1.30098e+02
   7  ngauLstmisc   9.05664e+02   6.50700e+01  -6.45550e+01   6.97704e+01
                                 WARNING -   - ABOVE PARAMETER IS AT LIMIT.
   8  nsigL        4.51076e+03   6.44302e+01  -7.08706e+01   7.11227e+01
   9  nsigLst1405   5.54225e+02   6.15852e+01  -6.01525e+01   6.08892e+01
                                 WARNING -   - ABOVE PARAMETER IS AT LIMIT.
  10  nsigS        2.11705e+02   2.85639e+01  -3.24177e+01   3.26509e+01
                                 WARNING -   - ABOVE PARAMETER IS AT LIMIT.
  11  sig1L        2.12844e+01   2.88902e+00  -2.71399e+00   3.07332e+00
  12  sig2L        8.70950e+00   4.65292e-01  -5.08507e-01   4.03646e-01
  13  sigLst3      7.15756e+01   6.03877e+00  -5.80713e+00   6.93400e+00
                               ERR DEF= 0.5
 **********
 **   23 **MINOS        6500
 **********
 FCN=-19990.7 FROM MINOS     STATUS=SUCCESSFUL   4993 CALLS       10897 TOTAL
                     EDM=8.58724e-05    STRATEGY= 1  ERROR MATRIX UNCERTAINTY   6.5 per cent
  EXT PARAMETER                  PARABOLIC         MINOS ERRORS        
  NO.   NAME      VALUE            ERROR      NEGATIVE      POSITIVE   
   1  b1          -1.16917e+00   1.98159e-02  -2.03884e-02   2.09365e-02
   2  b2           1.35904e-01   3.33315e-02  -3.38019e-02   3.43654e-02
   3  f1L          2.30074e-01   6.09410e-02  -4.95429e-02   7.31513e-02
   4  mean1L       5.62141e+03   1.63907e-01  -1.67469e-01   1.67349e-01
   5  meanLst3     5.00861e+03   4.78783e+00  -4.77955e+00   4.77232e+00
   6  nbkg         6.27767e+03   1.19799e+02  -1.30085e+02   1.30098e+02
   7  ngauLstmisc   9.05664e+02   6.50700e+01  -6.45550e+01   6.97704e+01
                                 WARNING -   - ABOVE PARAMETER IS AT LIMIT.
   8  nsigL        4.51076e+03   6.44302e+01  -7.08706e+01   7.11227e+01
   9  nsigLst1405   5.54225e+02   6.15852e+01  -6.01525e+01   6.08892e+01
                                 WARNING -   - ABOVE PARAMETER IS AT LIMIT.
  10  nsigS        2.11705e+02   2.85639e+01  -3.24177e+01   3.26509e+01
                                 WARNING -   - ABOVE PARAMETER IS AT LIMIT.
  11  sig1L        2.12844e+01   2.88902e+00  -2.71399e+00   3.07332e+00
  12  sig2L        8.70950e+00   4.65292e-01  -5.08507e-01   4.03646e-01
  13  sigLst3      7.15756e+01   6.03877e+00  -5.80713e+00   6.93400e+00
                               ERR DEF= 0.5
fit_mass: Fit complete.
fit_mass: Starting save_plot_fit_mass():
[#1] INFO:Plotting -- RooAbsPdf::plotOn(totalPdf) p.d.f was fitted in range and no explicit plot,norm range was specified, using fit range as default
[#1] INFO:Plotting -- RooAbsPdf::plotOn(totalPdf) only plotting range 'fit_nll_totalPdf_data'
[#1] INFO:Plotting -- RooAbsPdf::plotOn(totalPdf) p.d.f. curve is normalized using explicit choice of ranges 'fit_nll_totalPdf_data'
[#0] WARNING:Plotting -- At observable [x]=6050 RooChebychev::bkg[ x=Bs_LOKI_MASS_JpsiConstr coefList=(b1,b2) ]
     p.d.f value is less than zero (-0.001309), forcing value to zero @ x=Bs_LOKI_MASS_JpsiConstr=6050, coefList=(b1 = -1.16917 +/- (-0.0203884,0.0209365),b2 = 0.135904 +/- (-0.0338019,0.0343654))
[#0] WARNING:Plotting -- At observable [x]=6050 RooChebychev::bkg[ x=Bs_LOKI_MASS_JpsiConstr coefList=(b1,b2) ]
     p.d.f value is less than zero (-0.001309), forcing value to zero @ x=Bs_LOKI_MASS_JpsiConstr=6050, coefList=(b1 = -1.16917 +/- (-0.0203884,0.0209365),b2 = 0.135904 +/- (-0.0338019,0.0343654))
[#0] WARNING:Plotting -- At observable [x]=6055 RooChebychev::bkg[ x=Bs_LOKI_MASS_JpsiConstr coefList=(b1,b2) ]
     p.d.f value is less than zero (-0.004566), forcing value to zero @ x=Bs_LOKI_MASS_JpsiConstr=6055, coefList=(b1 = -1.16917 +/- (-0.0203884,0.0209365),b2 = 0.135904 +/- (-0.0338019,0.0343654))
[#0] WARNING:Plotting -- At observable [x]=6055 RooChebychev::bkg[ x=Bs_LOKI_MASS_JpsiConstr coefList=(b1,b2) ]
     p.d.f value is less than zero (-0.004566), forcing value to zero @ x=Bs_LOKI_MASS_JpsiConstr=6055, coefList=(b1 = -1.16917 +/- (-0.0203884,0.0209365),b2 = 0.135904 +/- (-0.0338019,0.0343654))
[#0] WARNING:Plotting -- At observable [x]=6050 RooChebychev::bkg[ x=Bs_LOKI_MASS_JpsiConstr coefList=(b1,b2) ]
     p.d.f value is less than zero (-0.001309), forcing value to zero @ x=Bs_LOKI_MASS_JpsiConstr=6050, coefList=(b1 = -1.16917 +/- (-0.0203884,0.0209365),b2 = 0.135904 +/- (-0.0338019,0.0343654))
[#0] WARNING:Plotting -- At observable [x]=6052.5 RooChebychev::bkg[ x=Bs_LOKI_MASS_JpsiConstr coefList=(b1,b2) ]
     p.d.f value is less than zero (-0.002939), forcing value to zero @ x=Bs_LOKI_MASS_JpsiConstr=6052.5, coefList=(b1 = -1.16917 +/- (-0.0203884,0.0209365),b2 = 0.135904 +/- (-0.0338019,0.0343654))
[#0] WARNING:Plotting -- At observable [x]=6055 RooChebychev::bkg[ x=Bs_LOKI_MASS_JpsiConstr coefList=(b1,b2) ]
     p.d.f value is less than zero (-0.004566), forcing value to zero @ x=Bs_LOKI_MASS_JpsiConstr=6055, coefList=(b1 = -1.16917 +/- (-0.0203884,0.0209365),b2 = 0.135904 +/- (-0.0338019,0.0343654))
[#1] INFO:Plotting -- RooAbsPdf::plotOn(totalPdf) p.d.f was fitted in range and no explicit plot,norm range was specified, using fit range as default
[#1] INFO:Plotting -- RooAbsPdf::plotOn(totalPdf) only plotting range 'fit_nll_totalPdf_data'
[#1] INFO:Plotting -- RooAbsPdf::plotOn(totalPdf) p.d.f. curve is normalized using explicit choice of ranges 'fit_nll_totalPdf_data'
[#1] INFO:Plotting -- RooAbsPdf::plotOn(totalPdf) directly selected PDF components: (sigS)
[#1] INFO:Plotting -- RooAbsPdf::plotOn(totalPdf) indirectly selected PDF components: ()
[#0] WARNING:Plotting -- At observable [x]=6050 RooChebychev::bkg[ x=Bs_LOKI_MASS_JpsiConstr coefList=(b1,b2) ]
     p.d.f value is less than zero (-0.001309), forcing value to zero @ x=Bs_LOKI_MASS_JpsiConstr=6050, coefList=(b1 = -1.16917 +/- (-0.0203884,0.0209365),b2 = 0.135904 +/- (-0.0338019,0.0343654))
[#0] WARNING:Plotting -- At observable [x]=6050 RooChebychev::bkg[ x=Bs_LOKI_MASS_JpsiConstr coefList=(b1,b2) ]
     p.d.f value is less than zero (-0.001309), forcing value to zero @ x=Bs_LOKI_MASS_JpsiConstr=6050, coefList=(b1 = -1.16917 +/- (-0.0203884,0.0209365),b2 = 0.135904 +/- (-0.0338019,0.0343654))
[#0] WARNING:Plotting -- At observable [x]=6055 RooChebychev::bkg[ x=Bs_LOKI_MASS_JpsiConstr coefList=(b1,b2) ]
     p.d.f value is less than zero (-0.004566), forcing value to zero @ x=Bs_LOKI_MASS_JpsiConstr=6055, coefList=(b1 = -1.16917 +/- (-0.0203884,0.0209365),b2 = 0.135904 +/- (-0.0338019,0.0343654))
[#0] WARNING:Plotting -- At observable [x]=6055 RooChebychev::bkg[ x=Bs_LOKI_MASS_JpsiConstr coefList=(b1,b2) ]
     p.d.f value is less than zero (-0.004566), forcing value to zero @ x=Bs_LOKI_MASS_JpsiConstr=6055, coefList=(b1 = -1.16917 +/- (-0.0203884,0.0209365),b2 = 0.135904 +/- (-0.0338019,0.0343654))
[#0] WARNING:Plotting -- At observable [x]=6050 RooChebychev::bkg[ x=Bs_LOKI_MASS_JpsiConstr coefList=(b1,b2) ]
     p.d.f value is less than zero (-0.001309), forcing value to zero @ x=Bs_LOKI_MASS_JpsiConstr=6050, coefList=(b1 = -1.16917 +/- (-0.0203884,0.0209365),b2 = 0.135904 +/- (-0.0338019,0.0343654))
[#0] WARNING:Plotting -- At observable [x]=6052.5 RooChebychev::bkg[ x=Bs_LOKI_MASS_JpsiConstr coefList=(b1,b2) ]
     p.d.f value is less than zero (-0.002939), forcing value to zero @ x=Bs_LOKI_MASS_JpsiConstr=6052.5, coefList=(b1 = -1.16917 +/- (-0.0203884,0.0209365),b2 = 0.135904 +/- (-0.0338019,0.0343654))
[#0] WARNING:Plotting -- At observable [x]=6055 RooChebychev::bkg[ x=Bs_LOKI_MASS_JpsiConstr coefList=(b1,b2) ]
     p.d.f value is less than zero (-0.004566), forcing value to zero @ x=Bs_LOKI_MASS_JpsiConstr=6055, coefList=(b1 = -1.16917 +/- (-0.0203884,0.0209365),b2 = 0.135904 +/- (-0.0338019,0.0343654))
/\ signal: fraction gaussian 1 = 0.230074 +/- 7.315130E-02
/\ gaus 1: mean = 5621.409098 +/- 1.674690E-01
/\ gaus 1: sigma = 21.284366 +/- 3.073324E+00
/\ gaus 2: sigma = 8.709500 +/- 5.085067E-01
[#1] INFO:Plotting -- RooAbsPdf::plotOn(totalPdf) p.d.f was fitted in range and no explicit plot,norm range was specified, using fit range as default
[#1] INFO:Plotting -- RooAbsPdf::plotOn(totalPdf) only plotting range 'fit_nll_totalPdf_data'
[#1] INFO:Plotting -- RooAbsPdf::plotOn(totalPdf) p.d.f. curve is normalized using explicit choice of ranges 'fit_nll_totalPdf_data'
[#1] INFO:Plotting -- RooAbsPdf::plotOn(totalPdf) directly selected PDF components: (sigL)
[#1] INFO:Plotting -- RooAbsPdf::plotOn(totalPdf) indirectly selected PDF components: (gau1L,gau2L,mean2L)
[#0] WARNING:Plotting -- At observable [x]=6050 RooChebychev::bkg[ x=Bs_LOKI_MASS_JpsiConstr coefList=(b1,b2) ]
     p.d.f value is less than zero (-0.001309), forcing value to zero @ x=Bs_LOKI_MASS_JpsiConstr=6050, coefList=(b1 = -1.16917 +/- (-0.0203884,0.0209365),b2 = 0.135904 +/- (-0.0338019,0.0343654))
[#0] WARNING:Plotting -- At observable [x]=6050 RooChebychev::bkg[ x=Bs_LOKI_MASS_JpsiConstr coefList=(b1,b2) ]
     p.d.f value is less than zero (-0.001309), forcing value to zero @ x=Bs_LOKI_MASS_JpsiConstr=6050, coefList=(b1 = -1.16917 +/- (-0.0203884,0.0209365),b2 = 0.135904 +/- (-0.0338019,0.0343654))
[#0] WARNING:Plotting -- At observable [x]=6055 RooChebychev::bkg[ x=Bs_LOKI_MASS_JpsiConstr coefList=(b1,b2) ]
     p.d.f value is less than zero (-0.004566), forcing value to zero @ x=Bs_LOKI_MASS_JpsiConstr=6055, coefList=(b1 = -1.16917 +/- (-0.0203884,0.0209365),b2 = 0.135904 +/- (-0.0338019,0.0343654))
[#0] WARNING:Plotting -- At observable [x]=6055 RooChebychev::bkg[ x=Bs_LOKI_MASS_JpsiConstr coefList=(b1,b2) ]
     p.d.f value is less than zero (-0.004566), forcing value to zero @ x=Bs_LOKI_MASS_JpsiConstr=6055, coefList=(b1 = -1.16917 +/- (-0.0203884,0.0209365),b2 = 0.135904 +/- (-0.0338019,0.0343654))
[#0] WARNING:Plotting -- At observable [x]=6050 RooChebychev::bkg[ x=Bs_LOKI_MASS_JpsiConstr coefList=(b1,b2) ]
     p.d.f value is less than zero (-0.001309), forcing value to zero @ x=Bs_LOKI_MASS_JpsiConstr=6050, coefList=(b1 = -1.16917 +/- (-0.0203884,0.0209365),b2 = 0.135904 +/- (-0.0338019,0.0343654))
[#0] WARNING:Plotting -- At observable [x]=6052.5 RooChebychev::bkg[ x=Bs_LOKI_MASS_JpsiConstr coefList=(b1,b2) ]
     p.d.f value is less than zero (-0.002939), forcing value to zero @ x=Bs_LOKI_MASS_JpsiConstr=6052.5, coefList=(b1 = -1.16917 +/- (-0.0203884,0.0209365),b2 = 0.135904 +/- (-0.0338019,0.0343654))
[#0] WARNING:Plotting -- At observable [x]=6055 RooChebychev::bkg[ x=Bs_LOKI_MASS_JpsiConstr coefList=(b1,b2) ]
     p.d.f value is less than zero (-0.004566), forcing value to zero @ x=Bs_LOKI_MASS_JpsiConstr=6055, coefList=(b1 = -1.16917 +/- (-0.0203884,0.0209365),b2 = 0.135904 +/- (-0.0338019,0.0343654))
[#1] INFO:Plotting -- RooAbsPdf::plotOn(totalPdf) p.d.f was fitted in range and no explicit plot,norm range was specified, using fit range as default
[#1] INFO:Plotting -- RooAbsPdf::plotOn(totalPdf) only plotting range 'fit_nll_totalPdf_data'
[#1] INFO:Plotting -- RooAbsPdf::plotOn(totalPdf) p.d.f. curve is normalized using explicit choice of ranges 'fit_nll_totalPdf_data'
[#1] INFO:Plotting -- RooAbsPdf::plotOn(totalPdf) directly selected PDF components: (sigLst1405)
[#1] INFO:Plotting -- RooAbsPdf::plotOn(totalPdf) indirectly selected PDF components: ()
[#0] WARNING:Plotting -- At observable [x]=6050 RooChebychev::bkg[ x=Bs_LOKI_MASS_JpsiConstr coefList=(b1,b2) ]
     p.d.f value is less than zero (-0.001309), forcing value to zero @ x=Bs_LOKI_MASS_JpsiConstr=6050, coefList=(b1 = -1.16917 +/- (-0.0203884,0.0209365),b2 = 0.135904 +/- (-0.0338019,0.0343654))
[#0] WARNING:Plotting -- At observable [x]=6050 RooChebychev::bkg[ x=Bs_LOKI_MASS_JpsiConstr coefList=(b1,b2) ]
     p.d.f value is less than zero (-0.001309), forcing value to zero @ x=Bs_LOKI_MASS_JpsiConstr=6050, coefList=(b1 = -1.16917 +/- (-0.0203884,0.0209365),b2 = 0.135904 +/- (-0.0338019,0.0343654))
[#0] WARNING:Plotting -- At observable [x]=6055 RooChebychev::bkg[ x=Bs_LOKI_MASS_JpsiConstr coefList=(b1,b2) ]
     p.d.f value is less than zero (-0.004566), forcing value to zero @ x=Bs_LOKI_MASS_JpsiConstr=6055, coefList=(b1 = -1.16917 +/- (-0.0203884,0.0209365),b2 = 0.135904 +/- (-0.0338019,0.0343654))
[#0] WARNING:Plotting -- At observable [x]=6055 RooChebychev::bkg[ x=Bs_LOKI_MASS_JpsiConstr coefList=(b1,b2) ]
     p.d.f value is less than zero (-0.004566), forcing value to zero @ x=Bs_LOKI_MASS_JpsiConstr=6055, coefList=(b1 = -1.16917 +/- (-0.0203884,0.0209365),b2 = 0.135904 +/- (-0.0338019,0.0343654))
[#0] WARNING:Plotting -- At observable [x]=6050 RooChebychev::bkg[ x=Bs_LOKI_MASS_JpsiConstr coefList=(b1,b2) ]
     p.d.f value is less than zero (-0.001309), forcing value to zero @ x=Bs_LOKI_MASS_JpsiConstr=6050, coefList=(b1 = -1.16917 +/- (-0.0203884,0.0209365),b2 = 0.135904 +/- (-0.0338019,0.0343654))
[#0] WARNING:Plotting -- At observable [x]=6052.5 RooChebychev::bkg[ x=Bs_LOKI_MASS_JpsiConstr coefList=(b1,b2) ]
     p.d.f value is less than zero (-0.002939), forcing value to zero @ x=Bs_LOKI_MASS_JpsiConstr=6052.5, coefList=(b1 = -1.16917 +/- (-0.0203884,0.0209365),b2 = 0.135904 +/- (-0.0338019,0.0343654))
[#0] WARNING:Plotting -- At observable [x]=6055 RooChebychev::bkg[ x=Bs_LOKI_MASS_JpsiConstr coefList=(b1,b2) ]
     p.d.f value is less than zero (-0.004566), forcing value to zero @ x=Bs_LOKI_MASS_JpsiConstr=6055, coefList=(b1 = -1.16917 +/- (-0.0203884,0.0209365),b2 = 0.135904 +/- (-0.0338019,0.0343654))
/\*(misc.): mean3 = 5008.607625 +/- 4.779551E+00
/\*(misc.): sigma3 = 71.575625 +/- 6.934003E+00
[#1] INFO:Plotting -- RooAbsPdf::plotOn(totalPdf) p.d.f was fitted in range and no explicit plot,norm range was specified, using fit range as default
[#1] INFO:Plotting -- RooAbsPdf::plotOn(totalPdf) only plotting range 'fit_nll_totalPdf_data'
[#1] INFO:Plotting -- RooAbsPdf::plotOn(totalPdf) p.d.f. curve is normalized using explicit choice of ranges 'fit_nll_totalPdf_data'
[#1] INFO:Plotting -- RooAbsPdf::plotOn(totalPdf) directly selected PDF components: (gauLstmisc)
[#1] INFO:Plotting -- RooAbsPdf::plotOn(totalPdf) indirectly selected PDF components: ()
[#0] WARNING:Plotting -- At observable [x]=6050 RooChebychev::bkg[ x=Bs_LOKI_MASS_JpsiConstr coefList=(b1,b2) ]
     p.d.f value is less than zero (-0.001309), forcing value to zero @ x=Bs_LOKI_MASS_JpsiConstr=6050, coefList=(b1 = -1.16917 +/- (-0.0203884,0.0209365),b2 = 0.135904 +/- (-0.0338019,0.0343654))
[#0] WARNING:Plotting -- At observable [x]=6050 RooChebychev::bkg[ x=Bs_LOKI_MASS_JpsiConstr coefList=(b1,b2) ]
     p.d.f value is less than zero (-0.001309), forcing value to zero @ x=Bs_LOKI_MASS_JpsiConstr=6050, coefList=(b1 = -1.16917 +/- (-0.0203884,0.0209365),b2 = 0.135904 +/- (-0.0338019,0.0343654))
[#0] WARNING:Plotting -- At observable [x]=6055 RooChebychev::bkg[ x=Bs_LOKI_MASS_JpsiConstr coefList=(b1,b2) ]
     p.d.f value is less than zero (-0.004566), forcing value to zero @ x=Bs_LOKI_MASS_JpsiConstr=6055, coefList=(b1 = -1.16917 +/- (-0.0203884,0.0209365),b2 = 0.135904 +/- (-0.0338019,0.0343654))
[#0] WARNING:Plotting -- At observable [x]=6055 RooChebychev::bkg[ x=Bs_LOKI_MASS_JpsiConstr coefList=(b1,b2) ]
     p.d.f value is less than zero (-0.004566), forcing value to zero @ x=Bs_LOKI_MASS_JpsiConstr=6055, coefList=(b1 = -1.16917 +/- (-0.0203884,0.0209365),b2 = 0.135904 +/- (-0.0338019,0.0343654))
[#0] WARNING:Plotting -- At observable [x]=6050 RooChebychev::bkg[ x=Bs_LOKI_MASS_JpsiConstr coefList=(b1,b2) ]
     p.d.f value is less than zero (-0.001309), forcing value to zero @ x=Bs_LOKI_MASS_JpsiConstr=6050, coefList=(b1 = -1.16917 +/- (-0.0203884,0.0209365),b2 = 0.135904 +/- (-0.0338019,0.0343654))
[#0] WARNING:Plotting -- At observable [x]=6052.5 RooChebychev::bkg[ x=Bs_LOKI_MASS_JpsiConstr coefList=(b1,b2) ]
     p.d.f value is less than zero (-0.002939), forcing value to zero @ x=Bs_LOKI_MASS_JpsiConstr=6052.5, coefList=(b1 = -1.16917 +/- (-0.0203884,0.0209365),b2 = 0.135904 +/- (-0.0338019,0.0343654))
[#0] WARNING:Plotting -- At observable [x]=6055 RooChebychev::bkg[ x=Bs_LOKI_MASS_JpsiConstr coefList=(b1,b2) ]
     p.d.f value is less than zero (-0.004566), forcing value to zero @ x=Bs_LOKI_MASS_JpsiConstr=6055, coefList=(b1 = -1.16917 +/- (-0.0203884,0.0209365),b2 = 0.135904 +/- (-0.0338019,0.0343654))
Background: Chebychev b1 = -1.169170 +/- 2.093654E-02
Background: Chebychev b2 = 0.135904 +/- 3.436541E-02
[#1] INFO:Plotting -- RooAbsPdf::plotOn(totalPdf) p.d.f was fitted in range and no explicit plot,norm range was specified, using fit range as default
[#1] INFO:Plotting -- RooAbsPdf::plotOn(totalPdf) only plotting range 'fit_nll_totalPdf_data'
[#1] INFO:Plotting -- RooAbsPdf::plotOn(totalPdf) p.d.f. curve is normalized using explicit choice of ranges 'fit_nll_totalPdf_data'
[#1] INFO:Plotting -- RooAbsPdf::plotOn(totalPdf) directly selected PDF components: (bkg)
[#1] INFO:Plotting -- RooAbsPdf::plotOn(totalPdf) indirectly selected PDF components: ()
[#0] WARNING:Plotting -- At observable [x]=6050 RooChebychev::bkg[ x=Bs_LOKI_MASS_JpsiConstr coefList=(b1,b2) ]
     p.d.f value is less than zero (-0.001309), forcing value to zero @ x=Bs_LOKI_MASS_JpsiConstr=6050, coefList=(b1 = -1.16917 +/- (-0.0203884,0.0209365),b2 = 0.135904 +/- (-0.0338019,0.0343654))
[#0] WARNING:Plotting -- At observable [x]=6050 RooChebychev::bkg[ x=Bs_LOKI_MASS_JpsiConstr coefList=(b1,b2) ]
     p.d.f value is less than zero (-0.001309), forcing value to zero @ x=Bs_LOKI_MASS_JpsiConstr=6050, coefList=(b1 = -1.16917 +/- (-0.0203884,0.0209365),b2 = 0.135904 +/- (-0.0338019,0.0343654))
[#0] WARNING:Plotting -- At observable [x]=6055 RooChebychev::bkg[ x=Bs_LOKI_MASS_JpsiConstr coefList=(b1,b2) ]
     p.d.f value is less than zero (-0.004566), forcing value to zero @ x=Bs_LOKI_MASS_JpsiConstr=6055, coefList=(b1 = -1.16917 +/- (-0.0203884,0.0209365),b2 = 0.135904 +/- (-0.0338019,0.0343654))
[#0] WARNING:Plotting -- At observable [x]=6055 RooChebychev::bkg[ x=Bs_LOKI_MASS_JpsiConstr coefList=(b1,b2) ]
     p.d.f value is less than zero (-0.004566), forcing value to zero @ x=Bs_LOKI_MASS_JpsiConstr=6055, coefList=(b1 = -1.16917 +/- (-0.0203884,0.0209365),b2 = 0.135904 +/- (-0.0338019,0.0343654))
[#0] WARNING:Plotting -- At observable [x]=6050 RooChebychev::bkg[ x=Bs_LOKI_MASS_JpsiConstr coefList=(b1,b2) ]
     p.d.f value is less than zero (-0.001309), forcing value to zero @ x=Bs_LOKI_MASS_JpsiConstr=6050, coefList=(b1 = -1.16917 +/- (-0.0203884,0.0209365),b2 = 0.135904 +/- (-0.0338019,0.0343654))
[#0] WARNING:Plotting -- At observable [x]=6052.5 RooChebychev::bkg[ x=Bs_LOKI_MASS_JpsiConstr coefList=(b1,b2) ]
     p.d.f value is less than zero (-0.002939), forcing value to zero @ x=Bs_LOKI_MASS_JpsiConstr=6052.5, coefList=(b1 = -1.16917 +/- (-0.0203884,0.0209365),b2 = 0.135904 +/- (-0.0338019,0.0343654))
[#0] WARNING:Plotting -- At observable [x]=6055 RooChebychev::bkg[ x=Bs_LOKI_MASS_JpsiConstr coefList=(b1,b2) ]
     p.d.f value is less than zero (-0.004566), forcing value to zero @ x=Bs_LOKI_MASS_JpsiConstr=6055, coefList=(b1 = -1.16917 +/- (-0.0203884,0.0209365),b2 = 0.135904 +/- (-0.0338019,0.0343654))
#chi^{2}/N_{DoF} = 2.239467
N sigma = 211.704712 +/- 32.650863
N /\ = 4510.764413 +/- 71.122738
N /\*(1405) = 554.224744 +/- 60.889220
N /\*(misc.) = 905.663914 +/- 69.770388
N bkg = 6277.671260 +/- 130.098329
Y_{#Sigma^{0}}/Y_{#Lambda} = 4.693322E-02 +/- 7.276161E-03
limit = 5.503948E-02
limit at 90% confidence level = 8.806317E-02
[#0] WARNING:Plotting -- RooHist::makeResisHist(Hist) WARNING: point 96 has zero error, setting residual to zero
Info in <TCanvas::Print>: eps file plots/fitDD1.eps has been created
Info in <TCanvas::SaveSource>: C++ Macro file: plots/fitDD1.C has been generated
save_plot_fit_mass() complete.
fit_mass complete.
=========================================
Finish root @	Sat May 21 19:24:25 CEST 2016
=========================================
