=========================================
START@:		Wed Jul 6 19:58:51 CEST 2016
=========================================
Configuring DaVinci v40r3p1 from /cvmfs/lhcb.cern.ch/lib/lhcb/DAVINCI/DAVINCI_v40r3p1
GCCXML_config_version: Undefined variable.

Processing ./rootoptsLMC_c070116_LL1_floathypparamsfixmusigma_nobkg/myRoot.C...

[1mRooFit v3.60 -- Developed by Wouter Verkerke and David Kirkby[0m 
                Copyright (C) 2000-2013 NIKHEF, University of California & Stanford University
                All rights reserved, please read http://roofit.sourceforge.net/license.txt

fileN = LMC_c070116_LL1_floathypparamsfixmusigma_nobkg
-------------------------
Set LHCb Style - Feb 2012
-------------------------
fit_mass: Set mass and data:
[#1] INFO:Eval -- RooRealVar::setRange(Bs_LOKI_MASS_JpsiConstr) new range named 'bkg1' created with bounds [4300,4800]
[#1] INFO:Eval -- RooRealVar::setRange(Bs_LOKI_MASS_JpsiConstr) new range named 'bkg2' created with bounds [5700,5950]
[#1] INFO:Eval -- RooRealVar::setRange(Bs_LOKI_MASS_JpsiConstr) new range named 'bkg3' created with bounds [4300,5500]
[#1] INFO:Eval -- RooRealVar::setRange(Bs_LOKI_MASS_JpsiConstr) new range named 'bkg4' created with bounds [5100,5500]
[#1] INFO:Eval -- RooRealVar::setRange(Bs_LOKI_MASS_JpsiConstr) new range named '1405' created with bounds [4220,5460]
[#1] INFO:Eval -- RooRealVar::setRange(Bs_LOKI_MASS_JpsiConstr) new range named 'L' created with bounds [5350,5950]
[#1] INFO:Eval -- RooRealVar::setRange(Bs_LOKI_MASS_JpsiConstr) new range named 'tail' created with bounds [5950,6040]
[#1] INFO:Eval -- RooRealVar::setRange(Bs_LOKI_MASS_JpsiConstr) new range named 'Ltail' created with bounds [5350,6040]
[#1] INFO:Eval -- RooRealVar::setRange(Bs_LOKI_MASS_JpsiConstr) new range named 'tot' created with bounds [4300,6040]
mass declared
LMC RooDataSet created
fit_mass: Mass and data set.
fit_mass: Assign shapes:
fit_mass: Shapes assigned.
fit_mass: declaring number of each shape:
fit_mass: Numbers declared.
fit_mass: adding shapes and their numbers to totalPdf:
fit_mass: totalPdf constructed.
fit_mass: Starting the fit:
[#1] INFO:Fitting -- RooAbsOptTestStatistic::ctor(nll_totalPdf_LMC) constructing test statistic for sub-range named tot
[#1] INFO:Eval -- RooRealVar::setRange(Bs_LOKI_MASS_JpsiConstr) new range named 'NormalizationRangeFortot' created with bounds [4100,6100]
[#1] INFO:Eval -- RooRealVar::setRange(Bs_LOKI_MASS_JpsiConstr) new range named 'fit_nll_totalPdf_LMC' created with bounds [4300,6040]
[#1] INFO:Fitting -- RooAbsOptTestStatistic::ctor(nll_totalPdf_LMC) fixing interpretation of coefficients of any RooAddPdf to full domain of observables 
[#1] INFO:NumericIntegration -- RooRealIntegral::init(sigL_Int[Bs_LOKI_MASS_JpsiConstr]) using numeric integrator RooIntegrator1D to calculate Int(Bs_LOKI_MASS_JpsiConstr)
[#1] INFO:NumericIntegration -- RooRealIntegral::init(sigL_Int[Bs_LOKI_MASS_JpsiConstr|NormalizationRangeFortot]_Norm[Bs_LOKI_MASS_JpsiConstr]) using numeric integrator RooIntegrator1D to calculate Int(Bs_LOKI_MASS_JpsiConstr)
 **********
 **   13 **MIGRAD        2000           1
 **********
 FIRST CALL TO USER FUNCTION AT NEW START POINT, WITH IFLAG=4.
 START MIGRAD MINIMIZATION.  STRATEGY  1.  CONVERGENCE WHEN EDM .LT. 1.00e-03
 FCN=-8732.96 FROM MIGRAD    STATUS=INITIATE       10 CALLS          11 TOTAL
                     EDM= unknown      STRATEGY= 1      NO ERROR MATRIX       
  EXT PARAMETER               CURRENT GUESS       STEP         FIRST   
  NO.   NAME      VALUE            ERROR          SIZE      DERIVATIVE 
   1  aL           1.25754e+00   6.28771e-01   1.95822e-01  -3.33599e-01
   2  lL          -1.90328e+00   constant   
   3  nL           1.20848e+01   2.00000e+00   2.06154e-01   8.91504e-01
   4  nsigL        1.68964e+03   8.44819e+02   6.72858e-04  -7.55746e+05
                               ERR DEF= 0.5
 MIGRAD MINIMIZATION HAS CONVERGED.
 MIGRAD WILL VERIFY CONVERGENCE AND ERROR MATRIX.
 COVARIANCE MATRIX CALCULATED SUCCESSFULLY
 FCN=-8975.41 FROM MIGRAD    STATUS=CONVERGED      71 CALLS          72 TOTAL
                     EDM=0.000228671    STRATEGY= 1      ERROR MATRIX ACCURATE 
  EXT PARAMETER                                   STEP         FIRST   
  NO.   NAME      VALUE            ERROR          SIZE      DERIVATIVE 
   1  aL           1.49064e+00   7.72721e-01   1.18422e-02  -6.02892e-02
   2  lL          -1.90328e+00   constant   
   3  nL           8.65748e+00   4.01942e+00   2.46854e-02  -3.52812e-02
   4  nsigL        2.67213e+03   5.16932e+01   2.06884e-06   7.75768e+01
                               ERR DEF= 0.5
 EXTERNAL ERROR MATRIX.    NDIM=  25    NPAR=  3    ERR DEF=0.5
  6.067e-01 -1.396e+00  1.355e-04 
 -1.396e+00  1.713e+01 -6.454e-04 
  1.355e-04 -6.454e-04  2.672e+03 
 PARAMETER  CORRELATION COEFFICIENTS  
       NO.  GLOBAL      1      3      4
        1  0.43319   1.000 -0.433  0.000
        3  0.43319  -0.433  1.000 -0.000
        4  0.00000   0.000 -0.000  1.000
 **********
 **   18 **MINOS        2000
 **********
 FUNCTION MUST BE MINIMIZED BEFORE CALLING MINOs     
 FIRST CALL TO USER FUNCTION AT NEW START POINT, WITH IFLAG=4.
 START MIGRAD MINIMIZATION.  STRATEGY  1.  CONVERGENCE WHEN EDM .LT. 5.00e-05
 FCN=-8975.41 FROM MIGRAD    STATUS=INITIATE        6 CALLS          79 TOTAL
                     EDM= unknown      STRATEGY= 1      NO ERROR MATRIX       
  EXT PARAMETER               CURRENT GUESS       STEP         FIRST   
  NO.   NAME      VALUE            ERROR          SIZE      DERIVATIVE 
   1  aL           1.49064e+00   7.72721e-01   1.18422e-02  -6.29779e-02
   2  lL          -1.90328e+00   constant   
   3  nL           8.65748e+00   4.01942e+00   2.46854e-02  -3.59637e-02
   4  nsigL        2.67213e+03   5.16932e+01   2.06884e-06   7.73673e+01
                               ERR DEF= 0.5
 MIGRAD FAILS TO FIND IMPROVEMENT
 MIGRAD MINIMIZATION HAS CONVERGED.
 MIGRAD WILL VERIFY CONVERGENCE AND ERROR MATRIX.
 COVARIANCE MATRIX CALCULATED SUCCESSFULLY
 FCN=-8975.41 FROM MIGRAD    STATUS=CONVERGED      45 CALLS         118 TOTAL
                     EDM=1.5429e-06    STRATEGY= 1      ERROR MATRIX ACCURATE 
  EXT PARAMETER                                   STEP         FIRST   
  NO.   NAME      VALUE            ERROR          SIZE      DERIVATIVE 
   1  aL           1.49627e+00   7.95044e-01   1.29624e-02   2.32387e-03
   2  lL          -1.90328e+00   constant   
   3  nL           8.68979e+00   4.05334e+00   2.46442e-02  -1.20195e-03
   4  nsigL        2.67205e+03   5.16921e+01   2.06885e-06   2.81651e+01
                               ERR DEF= 0.5
 EXTERNAL ERROR MATRIX.    NDIM=  25    NPAR=  3    ERR DEF=0.5
  6.428e-01 -1.396e+00  3.839e-04 
 -1.396e+00  1.744e+01 -1.412e-03 
  3.839e-04 -1.412e-03  2.672e+03 
 PARAMETER  CORRELATION COEFFICIENTS  
       NO.  GLOBAL      1      3      4
        1  0.41682   1.000 -0.417  0.000
        3  0.41682  -0.417  1.000 -0.000
        4  0.00001   0.000 -0.000  1.000
    THE POSITIVE MINOS ERROR OF PARAMETER   1, aL EXCEEDS ITS LIMIT.
 MINUIT WARNING IN MIGRAD  
 ============== Negative diagonal element 1 in Error Matrix
 MINUIT WARNING IN MIGRAD  
 ============== 3.01428 added to diagonal of error matrix
 MINUIT WARNING IN MIGRAD  
 ============== VARIABLE1 IS AT ITS UPPER ALLOWED LIMIT.
 FCN=-8975.41 FROM MINOS     STATUS=PROBLEMS      634 CALLS         752 TOTAL
                     EDM=1.5429e-06    STRATEGY= 1      ERROR MATRIX ACCURATE 
  EXT PARAMETER                  PARABOLIC         MINOS ERRORS        
  NO.   NAME      VALUE            ERROR      NEGATIVE      POSITIVE   
   1  aL           1.49627e+00   7.95044e-01  -5.01539e-01   at limit   
   2  lL          -1.90328e+00   constant   
   3  nL           8.68979e+00   4.05334e+00  -7.65124e+00   6.26526e+00
   4  nsigL        2.67205e+03   5.16921e+01  -5.14047e+01   5.19792e+01
                               ERR DEF= 0.5
 **********
 **   23 **MINOS        2000
 **********
 FUNCTION MUST BE MINIMIZED BEFORE CALLING MINOs     
 FIRST CALL TO USER FUNCTION AT NEW START POINT, WITH IFLAG=4.
 START MIGRAD MINIMIZATION.  STRATEGY  1.  CONVERGENCE WHEN EDM .LT. 5.00e-05
 FCN=-8975.41 FROM MIGRAD    STATUS=INITIATE        6 CALLS         759 TOTAL
                     EDM= unknown      STRATEGY= 1      NO ERROR MATRIX       
  EXT PARAMETER               CURRENT GUESS       STEP         FIRST   
  NO.   NAME      VALUE            ERROR          SIZE      DERIVATIVE 
   1  aL           1.49627e+00   7.95044e-01   0.00000e+00  -2.05426e-02
   2  lL          -1.90328e+00   constant   
   3  nL           8.68979e+00   4.05334e+00   0.00000e+00  -5.50340e-03
   4  nsigL        2.67205e+03   5.16921e+01   5.16921e+01   2.79557e+01
                               ERR DEF= 0.5
 MIGRAD FAILS TO FIND IMPROVEMENT
 COVARIANCE MATRIX CALCULATED SUCCESSFULLY
 FCN=-8975.41 FROM HESSE     STATUS=OK             20 CALLS         790 TOTAL
                     EDM=7.68994e-07    STRATEGY= 1      ERROR MATRIX ACCURATE 
  EXT PARAMETER                                   STEP         FIRST   
  NO.   NAME      VALUE            ERROR          SIZE      DERIVATIVE 
   1  aL           1.49627e+00   7.93596e-01   1.33635e-02   2.32194e-03
   2  lL          -1.90328e+00   constant   
   3  nL           8.68979e+00   4.04688e+00   2.50473e-02  -1.20218e-03
   4  nsigL        2.67205e+03   5.16921e+01   2.06883e-06   2.81651e+01
                               ERR DEF= 0.5
 MIGRAD MINIMIZATION HAS CONVERGED.
 FCN=-8975.41 FROM MIGRAD    STATUS=CONVERGED      45 CALLS         798 TOTAL
                     EDM=2.04093e-07    STRATEGY= 1  ERROR MATRIX UNCERTAINTY   3.8 per cent
  EXT PARAMETER                                   STEP         FIRST   
  NO.   NAME      VALUE            ERROR          SIZE      DERIVATIVE 
   1  aL           1.49561e+00   6.74537e-01  -1.86519e-04  -3.03945e-03
   2  lL          -1.90328e+00   constant   
   3  nL           8.69321e+00   4.33066e+00   3.45235e-04  -8.49942e-04
   4  nsigL        2.67199e+03   5.38401e+01  -3.20774e-08  -4.12145e+00
                               ERR DEF= 0.5
 EXTERNAL ERROR MATRIX.    NDIM=  25    NPAR=  3    ERR DEF=0.5
  4.605e-01 -1.411e+00 -3.911e+00 
 -1.411e+00  2.009e+01 -2.977e+01 
 -3.911e+00 -2.977e+01  2.899e+03 
 PARAMETER  CORRELATION COEFFICIENTS  
       NO.  GLOBAL      1      3      4
        1  0.49255   1.000 -0.464 -0.107
        3  0.49547  -0.464  1.000 -0.123
        4  0.22274  -0.107 -0.123  1.000
                         POSITIVE MINOS ERROR NOT CALCULATED FOR PARAMETER 1
 MINUIT WARNING IN MIGRAD  
 ============== Negative diagonal element 1 in Error Matrix
 MINUIT WARNING IN MIGRAD  
 ============== 1.06447 added to diagonal of error matrix
 MIGRAD FAILS WITH STRATEGY=0.   WILL TRY WITH STRATEGY=1.
 MINUIT WARNING IN MIGRAD  
 ============== VARIABLE1 IS AT ITS UPPER ALLOWED LIMIT.
 FCN=-8975.41 FROM MINOS     STATUS=PROBLEMS      718 CALLS        1516 TOTAL
                     EDM=2.04093e-07    STRATEGY= 1  ERROR MATRIX UNCERTAINTY   3.8 per cent
  EXT PARAMETER                  PARABOLIC         MINOS ERRORS        
  NO.   NAME      VALUE            ERROR      NEGATIVE      POSITIVE   
   1  aL           1.49561e+00   6.74537e-01  -5.00864e-01              
   2  lL          -1.90328e+00   constant   
   3  nL           8.69321e+00   4.33066e+00  -7.65467e+00   6.26182e+00
   4  nsigL        2.67199e+03   5.38401e+01  -5.13518e+01   5.20318e+01
                               ERR DEF= 0.5
fit_mass: Fit complete.
fit_mass: Starting save_plot_fit_mass():
[#1] INFO:Plotting -- RooAbsPdf::plotOn(totalPdf) p.d.f was fitted in range and no explicit plot,norm range was specified, using fit range as default
[#1] INFO:Plotting -- RooAbsPdf::plotOn(totalPdf) only plotting range 'fit_nll_totalPdf_LMC'
[#1] INFO:Plotting -- RooAbsPdf::plotOn(totalPdf) p.d.f. curve is normalized using explicit choice of ranges 'fit_nll_totalPdf_LMC'
[#1] INFO:NumericIntegration -- RooRealIntegral::init(sigL_Int[Bs_LOKI_MASS_JpsiConstr]) using numeric integrator RooIntegrator1D to calculate Int(Bs_LOKI_MASS_JpsiConstr)
[#1] INFO:NumericIntegration -- RooRealIntegral::init(totalPdf_Int[Bs_LOKI_MASS_JpsiConstr|fit_nll_totalPdf_LMC]_Norm[Bs_LOKI_MASS_JpsiConstr]) using numeric integrator RooIntegrator1D to calculate Int(Bs_LOKI_MASS_JpsiConstr)
/\ Hypatia: a = 1.495608 +/- 5.008641E-01
/\ Hypatia: fb = 0.000000 +/- [exact]
/\ Hypatia: l = -1.903283 +/- 0.000000E+00
/\ Hypatia: mu = 5619.873503 +/- [exact]
/\ Hypatia: n = 8.693208 +/- 7.654667E+00
/\ Hypatia: sigma = 12.363596 +/- [exact]
/\ Hypatia: zeta = 0.000000 +/- [exact]
[#1] INFO:Plotting -- RooAbsPdf::plotOn(totalPdf) p.d.f was fitted in range and no explicit plot,norm range was specified, using fit range as default
[#1] INFO:Plotting -- RooAbsPdf::plotOn(totalPdf) only plotting range 'fit_nll_totalPdf_LMC'
[#1] INFO:Plotting -- RooAbsPdf::plotOn(totalPdf) p.d.f. curve is normalized using explicit choice of ranges 'fit_nll_totalPdf_LMC'
[#1] INFO:Plotting -- RooAbsPdf::plotOn(totalPdf) directly selected PDF components: (sigL)
[#1] INFO:Plotting -- RooAbsPdf::plotOn(totalPdf) indirectly selected PDF components: ()
[#1] INFO:NumericIntegration -- RooRealIntegral::init(sigL_Int[Bs_LOKI_MASS_JpsiConstr]) using numeric integrator RooIntegrator1D to calculate Int(Bs_LOKI_MASS_JpsiConstr)
[#1] INFO:NumericIntegration -- RooRealIntegral::init(totalPdf_Int[Bs_LOKI_MASS_JpsiConstr|fit_nll_totalPdf_LMC]_Norm[Bs_LOKI_MASS_JpsiConstr]) using numeric integrator RooIntegrator1D to calculate Int(Bs_LOKI_MASS_JpsiConstr)
#chi^{2}/N_{DoF} = 2.876628
N /\ = 2671.993958 +/- 52.031809
Y_{#Sigma^{0}}/Y_{#Lambda} = 1.000000E+00 +/- 2.753902E-02
limit = 1.039720E+00
limit at 90% confidence level = 1.663551E+00
[#0] WARNING:Plotting -- RooHist::makeResisHist(Hist) WARNING: point 10 has zero error, setting residual to zero
[#0] WARNING:Plotting -- RooHist::makeResisHist(Hist) WARNING: point 11 has zero error, setting residual to zero
[#0] WARNING:Plotting -- RooHist::makeResisHist(Hist) WARNING: point 12 has zero error, setting residual to zero
[#0] WARNING:Plotting -- RooHist::makeResisHist(Hist) WARNING: point 13 has zero error, setting residual to zero
[#0] WARNING:Plotting -- RooHist::makeResisHist(Hist) WARNING: point 14 has zero error, setting residual to zero
[#0] WARNING:Plotting -- RooHist::makeResisHist(Hist) WARNING: point 15 has zero error, setting residual to zero
[#0] WARNING:Plotting -- RooHist::makeResisHist(Hist) WARNING: point 16 has zero error, setting residual to zero
[#0] WARNING:Plotting -- RooHist::makeResisHist(Hist) WARNING: point 17 has zero error, setting residual to zero
[#0] WARNING:Plotting -- RooHist::makeResisHist(Hist) WARNING: point 18 has zero error, setting residual to zero
[#0] WARNING:Plotting -- RooHist::makeResisHist(Hist) WARNING: point 19 has zero error, setting residual to zero
[#0] WARNING:Plotting -- RooHist::makeResisHist(Hist) WARNING: point 20 has zero error, setting residual to zero
[#0] WARNING:Plotting -- RooHist::makeResisHist(Hist) WARNING: point 21 has zero error, setting residual to zero
[#0] WARNING:Plotting -- RooHist::makeResisHist(Hist) WARNING: point 22 has zero error, setting residual to zero
[#0] WARNING:Plotting -- RooHist::makeResisHist(Hist) WARNING: point 23 has zero error, setting residual to zero
[#0] WARNING:Plotting -- RooHist::makeResisHist(Hist) WARNING: point 24 has zero error, setting residual to zero
[#0] WARNING:Plotting -- RooHist::makeResisHist(Hist) WARNING: point 25 has zero error, setting residual to zero
[#0] WARNING:Plotting -- RooHist::makeResisHist(Hist) WARNING: point 26 has zero error, setting residual to zero
[#0] WARNING:Plotting -- RooHist::makeResisHist(Hist) WARNING: point 27 has zero error, setting residual to zero
[#0] WARNING:Plotting -- RooHist::makeResisHist(Hist) WARNING: point 28 has zero error, setting residual to zero
[#0] WARNING:Plotting -- RooHist::makeResisHist(Hist) WARNING: point 29 has zero error, setting residual to zero
[#0] WARNING:Plotting -- RooHist::makeResisHist(Hist) WARNING: point 30 has zero error, setting residual to zero
[#0] WARNING:Plotting -- RooHist::makeResisHist(Hist) WARNING: point 31 has zero error, setting residual to zero
[#0] WARNING:Plotting -- RooHist::makeResisHist(Hist) WARNING: point 32 has zero error, setting residual to zero
[#0] WARNING:Plotting -- RooHist::makeResisHist(Hist) WARNING: point 33 has zero error, setting residual to zero
[#0] WARNING:Plotting -- RooHist::makeResisHist(Hist) WARNING: point 34 has zero error, setting residual to zero
[#0] WARNING:Plotting -- RooHist::makeResisHist(Hist) WARNING: point 35 has zero error, setting residual to zero
[#0] WARNING:Plotting -- RooHist::makeResisHist(Hist) WARNING: point 36 has zero error, setting residual to zero
[#0] WARNING:Plotting -- RooHist::makeResisHist(Hist) WARNING: point 37 has zero error, setting residual to zero
[#0] WARNING:Plotting -- RooHist::makeResisHist(Hist) WARNING: point 38 has zero error, setting residual to zero
[#0] WARNING:Plotting -- RooHist::makeResisHist(Hist) WARNING: point 39 has zero error, setting residual to zero
[#0] WARNING:Plotting -- RooHist::makeResisHist(Hist) WARNING: point 40 has zero error, setting residual to zero
[#0] WARNING:Plotting -- RooHist::makeResisHist(Hist) WARNING: point 41 has zero error, setting residual to zero
[#0] WARNING:Plotting -- RooHist::makeResisHist(Hist) WARNING: point 42 has zero error, setting residual to zero
[#0] WARNING:Plotting -- RooHist::makeResisHist(Hist) WARNING: point 43 has zero error, setting residual to zero
[#0] WARNING:Plotting -- RooHist::makeResisHist(Hist) WARNING: point 44 has zero error, setting residual to zero
[#0] WARNING:Plotting -- RooHist::makeResisHist(Hist) WARNING: point 45 has zero error, setting residual to zero
[#0] WARNING:Plotting -- RooHist::makeResisHist(Hist) WARNING: point 46 has zero error, setting residual to zero
[#0] WARNING:Plotting -- RooHist::makeResisHist(Hist) WARNING: point 47 has zero error, setting residual to zero
[#0] WARNING:Plotting -- RooHist::makeResisHist(Hist) WARNING: point 48 has zero error, setting residual to zero
[#0] WARNING:Plotting -- RooHist::makeResisHist(Hist) WARNING: point 49 has zero error, setting residual to zero
[#0] WARNING:Plotting -- RooHist::makeResisHist(Hist) WARNING: point 50 has zero error, setting residual to zero
[#0] WARNING:Plotting -- RooHist::makeResisHist(Hist) WARNING: point 51 has zero error, setting residual to zero
[#0] WARNING:Plotting -- RooHist::makeResisHist(Hist) WARNING: point 52 has zero error, setting residual to zero
[#0] WARNING:Plotting -- RooHist::makeResisHist(Hist) WARNING: point 53 has zero error, setting residual to zero
[#0] WARNING:Plotting -- RooHist::makeResisHist(Hist) WARNING: point 54 has zero error, setting residual to zero
[#0] WARNING:Plotting -- RooHist::makeResisHist(Hist) WARNING: point 55 has zero error, setting residual to zero
[#0] WARNING:Plotting -- RooHist::makeResisHist(Hist) WARNING: point 56 has zero error, setting residual to zero
[#0] WARNING:Plotting -- RooHist::makeResisHist(Hist) WARNING: point 57 has zero error, setting residual to zero
[#0] WARNING:Plotting -- RooHist::makeResisHist(Hist) WARNING: point 58 has zero error, setting residual to zero
[#0] WARNING:Plotting -- RooHist::makeResisHist(Hist) WARNING: point 59 has zero error, setting residual to zero
[#0] WARNING:Plotting -- RooHist::makeResisHist(Hist) WARNING: point 60 has zero error, setting residual to zero
[#0] WARNING:Plotting -- RooHist::makeResisHist(Hist) WARNING: point 61 has zero error, setting residual to zero
[#0] WARNING:Plotting -- RooHist::makeResisHist(Hist) WARNING: point 62 has zero error, setting residual to zero
[#0] WARNING:Plotting -- RooHist::makeResisHist(Hist) WARNING: point 63 has zero error, setting residual to zero
[#0] WARNING:Plotting -- RooHist::makeResisHist(Hist) WARNING: point 64 has zero error, setting residual to zero
[#0] WARNING:Plotting -- RooHist::makeResisHist(Hist) WARNING: point 65 has zero error, setting residual to zero
[#0] WARNING:Plotting -- RooHist::makeResisHist(Hist) WARNING: point 66 has zero error, setting residual to zero
[#0] WARNING:Plotting -- RooHist::makeResisHist(Hist) WARNING: point 67 has zero error, setting residual to zero
[#0] WARNING:Plotting -- RooHist::makeResisHist(Hist) WARNING: point 68 has zero error, setting residual to zero
[#0] WARNING:Plotting -- RooHist::makeResisHist(Hist) WARNING: point 69 has zero error, setting residual to zero
[#0] WARNING:Plotting -- RooHist::makeResisHist(Hist) WARNING: point 70 has zero error, setting residual to zero
[#0] WARNING:Plotting -- RooHist::makeResisHist(Hist) WARNING: point 71 has zero error, setting residual to zero
[#0] WARNING:Plotting -- RooHist::makeResisHist(Hist) WARNING: point 80 has zero error, setting residual to zero
[#0] WARNING:Plotting -- RooHist::makeResisHist(Hist) WARNING: point 81 has zero error, setting residual to zero
[#0] WARNING:Plotting -- RooHist::makeResisHist(Hist) WARNING: point 82 has zero error, setting residual to zero
[#0] WARNING:Plotting -- RooHist::makeResisHist(Hist) WARNING: point 83 has zero error, setting residual to zero
[#0] WARNING:Plotting -- RooHist::makeResisHist(Hist) WARNING: point 84 has zero error, setting residual to zero
[#0] WARNING:Plotting -- RooHist::makeResisHist(Hist) WARNING: point 85 has zero error, setting residual to zero
[#0] WARNING:Plotting -- RooHist::makeResisHist(Hist) WARNING: point 86 has zero error, setting residual to zero
[#0] WARNING:Plotting -- RooHist::makeResisHist(Hist) WARNING: point 87 has zero error, setting residual to zero
[#0] WARNING:Plotting -- RooHist::makeResisHist(Hist) WARNING: point 88 has zero error, setting residual to zero
[#0] WARNING:Plotting -- RooHist::makeResisHist(Hist) WARNING: point 89 has zero error, setting residual to zero
[#0] WARNING:Plotting -- RooHist::makeResisHist(Hist) WARNING: point 90 has zero error, setting residual to zero
[#0] WARNING:Plotting -- RooHist::makeResisHist(Hist) WARNING: point 91 has zero error, setting residual to zero
[#0] WARNING:Plotting -- RooHist::makeResisHist(Hist) WARNING: point 92 has zero error, setting residual to zero
[#0] WARNING:Plotting -- RooHist::makeResisHist(Hist) WARNING: point 93 has zero error, setting residual to zero
[#0] WARNING:Plotting -- RooHist::makeResisHist(Hist) WARNING: point 94 has zero error, setting residual to zero
[#0] WARNING:Plotting -- RooHist::makeResisHist(Hist) WARNING: point 95 has zero error, setting residual to zero
[#0] WARNING:Plotting -- RooHist::makeResisHist(Hist) WARNING: point 96 has zero error, setting residual to zero
Error in <THistPainter::PaintInit>: Cannot set Y axis to log scale
Error in <THistPainter::PaintInit>: Cannot set Y axis to log scale
Info in <TCanvas::Print>: eps file plots/fitLMC_c070116_LL1_floathypparamsfixmusigma_nobkg.eps has been created
Info in <TCanvas::SaveSource>: C++ Macro file: plots/fitLMC_c070116_LL1_floathypparamsfixmusigma_nobkg.C has been generated
save_plot_fit_mass() complete.
fit_mass complete.
=========================================
Finish root @	Wed Jul 6 21:29:11 CEST 2016
=========================================
