=========================================
START@:		Wed Jul 6 19:22:44 CEST 2016
=========================================
Configuring DaVinci v40r3p1 from /cvmfs/lhcb.cern.ch/lib/lhcb/DAVINCI/DAVINCI_v40r3p1
GCCXML_config_version: Undefined variable.

Processing ./rootoptsLMC_c070116_LL1_floatsigmafixmu_nobkg/myRoot.C...

[1mRooFit v3.60 -- Developed by Wouter Verkerke and David Kirkby[0m 
                Copyright (C) 2000-2013 NIKHEF, University of California & Stanford University
                All rights reserved, please read http://roofit.sourceforge.net/license.txt

fileN = LMC_c070116_LL1_floatsigmafixmu_nobkg
-------------------------
Set LHCb Style - Feb 2012
-------------------------
fit_mass: Set mass and data:
[#1] INFO:Eval -- RooRealVar::setRange(Bs_LOKI_MASS_JpsiConstr) new range named 'bkg1' created with bounds [4300,4800]
[#1] INFO:Eval -- RooRealVar::setRange(Bs_LOKI_MASS_JpsiConstr) new range named 'bkg2' created with bounds [5700,5950]
[#1] INFO:Eval -- RooRealVar::setRange(Bs_LOKI_MASS_JpsiConstr) new range named 'bkg3' created with bounds [4300,5500]
[#1] INFO:Eval -- RooRealVar::setRange(Bs_LOKI_MASS_JpsiConstr) new range named 'bkg4' created with bounds [5100,5500]
[#1] INFO:Eval -- RooRealVar::setRange(Bs_LOKI_MASS_JpsiConstr) new range named '1405' created with bounds [4220,5460]
[#1] INFO:Eval -- RooRealVar::setRange(Bs_LOKI_MASS_JpsiConstr) new range named 'L' created with bounds [5350,5950]
[#1] INFO:Eval -- RooRealVar::setRange(Bs_LOKI_MASS_JpsiConstr) new range named 'tail' created with bounds [5950,6040]
[#1] INFO:Eval -- RooRealVar::setRange(Bs_LOKI_MASS_JpsiConstr) new range named 'Ltail' created with bounds [5350,6040]
[#1] INFO:Eval -- RooRealVar::setRange(Bs_LOKI_MASS_JpsiConstr) new range named 'tot' created with bounds [4300,6040]
mass declared
LMC RooDataSet created
fit_mass: Mass and data set.
fit_mass: Assign shapes:
fit_mass: Shapes assigned.
fit_mass: declaring number of each shape:
fit_mass: Numbers declared.
fit_mass: adding shapes and their numbers to totalPdf:
fit_mass: totalPdf constructed.
fit_mass: Starting the fit:
[#1] INFO:Fitting -- RooAbsOptTestStatistic::ctor(nll_totalPdf_LMC) constructing test statistic for sub-range named tot
[#1] INFO:Eval -- RooRealVar::setRange(Bs_LOKI_MASS_JpsiConstr) new range named 'NormalizationRangeFortot' created with bounds [4100,6100]
[#1] INFO:Eval -- RooRealVar::setRange(Bs_LOKI_MASS_JpsiConstr) new range named 'fit_nll_totalPdf_LMC' created with bounds [4300,6040]
[#1] INFO:Fitting -- RooAbsOptTestStatistic::ctor(nll_totalPdf_LMC) fixing interpretation of coefficients of any RooAddPdf to full domain of observables 
[#1] INFO:NumericIntegration -- RooRealIntegral::init(sigL_Int[Bs_LOKI_MASS_JpsiConstr]) using numeric integrator RooIntegrator1D to calculate Int(Bs_LOKI_MASS_JpsiConstr)
[#1] INFO:NumericIntegration -- RooRealIntegral::init(sigL_Int[Bs_LOKI_MASS_JpsiConstr|NormalizationRangeFortot]_Norm[Bs_LOKI_MASS_JpsiConstr]) using numeric integrator RooIntegrator1D to calculate Int(Bs_LOKI_MASS_JpsiConstr)
 **********
 **   13 **MIGRAD        1000           1
 **********
 FIRST CALL TO USER FUNCTION AT NEW START POINT, WITH IFLAG=4.
 START MIGRAD MINIMIZATION.  STRATEGY  1.  CONVERGENCE WHEN EDM .LT. 1.00e-03
 FCN=-8707.44 FROM MIGRAD    STATUS=INITIATE        8 CALLS           9 TOTAL
                     EDM= unknown      STRATEGY= 1      NO ERROR MATRIX       
  EXT PARAMETER               CURRENT GUESS       STEP         FIRST   
  NO.   NAME      VALUE            ERROR          SIZE      DERIVATIVE 
   1  nsigL        1.68964e+03   8.44819e+02   6.72858e-04  -7.55763e+05
   2  sigmaL       7.99483e+00   3.99742e+00   1.52330e-01  -4.16288e+02
                               ERR DEF= 0.5
 MIGRAD MINIMIZATION HAS CONVERGED.
 MIGRAD WILL VERIFY CONVERGENCE AND ERROR MATRIX.
 COVARIANCE MATRIX CALCULATED SUCCESSFULLY
 FCN=-8952.52 FROM MIGRAD    STATUS=CONVERGED      30 CALLS          31 TOTAL
                     EDM=3.36201e-05    STRATEGY= 1      ERROR MATRIX ACCURATE 
  EXT PARAMETER                                   STEP         FIRST   
  NO.   NAME      VALUE            ERROR          SIZE      DERIVATIVE 
   1  nsigL        2.67193e+03   5.16906e+01   2.05528e-06  -6.40969e+01
   2  sigmaL       8.37310e+00   1.63481e-01   3.86207e-04   9.20432e-01
                               ERR DEF= 0.5
 EXTERNAL ERROR MATRIX.    NDIM=  25    NPAR=  2    ERR DEF=0.5
  2.672e+03  5.730e-04 
  5.730e-04  2.673e-02 
 PARAMETER  CORRELATION COEFFICIENTS  
       NO.  GLOBAL      1      2
        1  0.00007   1.000  0.000
        2  0.00007   0.000  1.000
 **********
 **   18 **MINOS        1000
 **********
 FCN=-8952.52 FROM MINOS     STATUS=SUCCESSFUL     40 CALLS          71 TOTAL
                     EDM=3.36201e-05    STRATEGY= 1      ERROR MATRIX ACCURATE 
  EXT PARAMETER                  PARABOLIC         MINOS ERRORS        
  NO.   NAME      VALUE            ERROR      NEGATIVE      POSITIVE   
   1  nsigL        2.67193e+03   5.16906e+01  -5.12554e+01   5.21316e+01
   2  sigmaL       8.37310e+00   1.63481e-01  -1.62460e-01   1.64426e-01
                               ERR DEF= 0.5
 **********
 **   23 **MINOS        1000
 **********
 FCN=-8952.52 FROM MINOS     STATUS=SUCCESSFUL     40 CALLS         111 TOTAL
                     EDM=3.36201e-05    STRATEGY= 1      ERROR MATRIX ACCURATE 
  EXT PARAMETER                  PARABOLIC         MINOS ERRORS        
  NO.   NAME      VALUE            ERROR      NEGATIVE      POSITIVE   
   1  nsigL        2.67193e+03   5.16906e+01  -5.12554e+01   5.21316e+01
   2  sigmaL       8.37310e+00   1.63481e-01  -1.62460e-01   1.64426e-01
                               ERR DEF= 0.5
fit_mass: Fit complete.
fit_mass: Starting save_plot_fit_mass():
[#1] INFO:Plotting -- RooAbsPdf::plotOn(totalPdf) p.d.f was fitted in range and no explicit plot,norm range was specified, using fit range as default
[#1] INFO:Plotting -- RooAbsPdf::plotOn(totalPdf) only plotting range 'fit_nll_totalPdf_LMC'
[#1] INFO:Plotting -- RooAbsPdf::plotOn(totalPdf) p.d.f. curve is normalized using explicit choice of ranges 'fit_nll_totalPdf_LMC'
[#1] INFO:NumericIntegration -- RooRealIntegral::init(sigL_Int[Bs_LOKI_MASS_JpsiConstr]) using numeric integrator RooIntegrator1D to calculate Int(Bs_LOKI_MASS_JpsiConstr)
[#1] INFO:NumericIntegration -- RooRealIntegral::init(totalPdf_Int[Bs_LOKI_MASS_JpsiConstr|fit_nll_totalPdf_LMC]_Norm[Bs_LOKI_MASS_JpsiConstr]) using numeric integrator RooIntegrator1D to calculate Int(Bs_LOKI_MASS_JpsiConstr)
/\ Hypatia: a = 1.456606 +/- [exact]
/\ Hypatia: fb = 0.000000 +/- [exact]
/\ Hypatia: l = -1.073488 +/- [exact]
/\ Hypatia: mu = 5619.873503 +/- [exact]
/\ Hypatia: n = 20.512943 +/- [exact]
/\ Hypatia: sigma = 8.373098 +/- 1.644258E-01
/\ Hypatia: zeta = 0.000000 +/- [exact]
[#1] INFO:Plotting -- RooAbsPdf::plotOn(totalPdf) p.d.f was fitted in range and no explicit plot,norm range was specified, using fit range as default
[#1] INFO:Plotting -- RooAbsPdf::plotOn(totalPdf) only plotting range 'fit_nll_totalPdf_LMC'
[#1] INFO:Plotting -- RooAbsPdf::plotOn(totalPdf) p.d.f. curve is normalized using explicit choice of ranges 'fit_nll_totalPdf_LMC'
[#1] INFO:Plotting -- RooAbsPdf::plotOn(totalPdf) directly selected PDF components: (sigL)
[#1] INFO:Plotting -- RooAbsPdf::plotOn(totalPdf) indirectly selected PDF components: ()
[#1] INFO:NumericIntegration -- RooRealIntegral::init(sigL_Int[Bs_LOKI_MASS_JpsiConstr]) using numeric integrator RooIntegrator1D to calculate Int(Bs_LOKI_MASS_JpsiConstr)
[#1] INFO:NumericIntegration -- RooRealIntegral::init(totalPdf_Int[Bs_LOKI_MASS_JpsiConstr|fit_nll_totalPdf_LMC]_Norm[Bs_LOKI_MASS_JpsiConstr]) using numeric integrator RooIntegrator1D to calculate Int(Bs_LOKI_MASS_JpsiConstr)
#chi^{2}/N_{DoF} = 8.184835
N /\ = 2671.932915 +/- 52.131625
Y_{#Sigma^{0}}/Y_{#Lambda} = 1.000000E+00 +/- 2.759248E-02
limit = 1.039798E+00
limit at 90% confidence level = 1.663677E+00
[#0] WARNING:Plotting -- RooHist::makeResisHist(Hist) WARNING: point 10 has zero error, setting residual to zero
[#0] WARNING:Plotting -- RooHist::makeResisHist(Hist) WARNING: point 11 has zero error, setting residual to zero
[#0] WARNING:Plotting -- RooHist::makeResisHist(Hist) WARNING: point 12 has zero error, setting residual to zero
[#0] WARNING:Plotting -- RooHist::makeResisHist(Hist) WARNING: point 13 has zero error, setting residual to zero
[#0] WARNING:Plotting -- RooHist::makeResisHist(Hist) WARNING: point 14 has zero error, setting residual to zero
[#0] WARNING:Plotting -- RooHist::makeResisHist(Hist) WARNING: point 15 has zero error, setting residual to zero
[#0] WARNING:Plotting -- RooHist::makeResisHist(Hist) WARNING: point 16 has zero error, setting residual to zero
[#0] WARNING:Plotting -- RooHist::makeResisHist(Hist) WARNING: point 17 has zero error, setting residual to zero
[#0] WARNING:Plotting -- RooHist::makeResisHist(Hist) WARNING: point 18 has zero error, setting residual to zero
[#0] WARNING:Plotting -- RooHist::makeResisHist(Hist) WARNING: point 19 has zero error, setting residual to zero
[#0] WARNING:Plotting -- RooHist::makeResisHist(Hist) WARNING: point 20 has zero error, setting residual to zero
[#0] WARNING:Plotting -- RooHist::makeResisHist(Hist) WARNING: point 21 has zero error, setting residual to zero
[#0] WARNING:Plotting -- RooHist::makeResisHist(Hist) WARNING: point 22 has zero error, setting residual to zero
[#0] WARNING:Plotting -- RooHist::makeResisHist(Hist) WARNING: point 23 has zero error, setting residual to zero
[#0] WARNING:Plotting -- RooHist::makeResisHist(Hist) WARNING: point 24 has zero error, setting residual to zero
[#0] WARNING:Plotting -- RooHist::makeResisHist(Hist) WARNING: point 25 has zero error, setting residual to zero
[#0] WARNING:Plotting -- RooHist::makeResisHist(Hist) WARNING: point 26 has zero error, setting residual to zero
[#0] WARNING:Plotting -- RooHist::makeResisHist(Hist) WARNING: point 27 has zero error, setting residual to zero
[#0] WARNING:Plotting -- RooHist::makeResisHist(Hist) WARNING: point 28 has zero error, setting residual to zero
[#0] WARNING:Plotting -- RooHist::makeResisHist(Hist) WARNING: point 29 has zero error, setting residual to zero
[#0] WARNING:Plotting -- RooHist::makeResisHist(Hist) WARNING: point 30 has zero error, setting residual to zero
[#0] WARNING:Plotting -- RooHist::makeResisHist(Hist) WARNING: point 31 has zero error, setting residual to zero
[#0] WARNING:Plotting -- RooHist::makeResisHist(Hist) WARNING: point 32 has zero error, setting residual to zero
[#0] WARNING:Plotting -- RooHist::makeResisHist(Hist) WARNING: point 33 has zero error, setting residual to zero
[#0] WARNING:Plotting -- RooHist::makeResisHist(Hist) WARNING: point 34 has zero error, setting residual to zero
[#0] WARNING:Plotting -- RooHist::makeResisHist(Hist) WARNING: point 35 has zero error, setting residual to zero
[#0] WARNING:Plotting -- RooHist::makeResisHist(Hist) WARNING: point 36 has zero error, setting residual to zero
[#0] WARNING:Plotting -- RooHist::makeResisHist(Hist) WARNING: point 37 has zero error, setting residual to zero
[#0] WARNING:Plotting -- RooHist::makeResisHist(Hist) WARNING: point 38 has zero error, setting residual to zero
[#0] WARNING:Plotting -- RooHist::makeResisHist(Hist) WARNING: point 39 has zero error, setting residual to zero
[#0] WARNING:Plotting -- RooHist::makeResisHist(Hist) WARNING: point 40 has zero error, setting residual to zero
[#0] WARNING:Plotting -- RooHist::makeResisHist(Hist) WARNING: point 41 has zero error, setting residual to zero
[#0] WARNING:Plotting -- RooHist::makeResisHist(Hist) WARNING: point 42 has zero error, setting residual to zero
[#0] WARNING:Plotting -- RooHist::makeResisHist(Hist) WARNING: point 43 has zero error, setting residual to zero
[#0] WARNING:Plotting -- RooHist::makeResisHist(Hist) WARNING: point 44 has zero error, setting residual to zero
[#0] WARNING:Plotting -- RooHist::makeResisHist(Hist) WARNING: point 45 has zero error, setting residual to zero
[#0] WARNING:Plotting -- RooHist::makeResisHist(Hist) WARNING: point 46 has zero error, setting residual to zero
[#0] WARNING:Plotting -- RooHist::makeResisHist(Hist) WARNING: point 47 has zero error, setting residual to zero
[#0] WARNING:Plotting -- RooHist::makeResisHist(Hist) WARNING: point 48 has zero error, setting residual to zero
[#0] WARNING:Plotting -- RooHist::makeResisHist(Hist) WARNING: point 49 has zero error, setting residual to zero
[#0] WARNING:Plotting -- RooHist::makeResisHist(Hist) WARNING: point 50 has zero error, setting residual to zero
[#0] WARNING:Plotting -- RooHist::makeResisHist(Hist) WARNING: point 51 has zero error, setting residual to zero
[#0] WARNING:Plotting -- RooHist::makeResisHist(Hist) WARNING: point 52 has zero error, setting residual to zero
[#0] WARNING:Plotting -- RooHist::makeResisHist(Hist) WARNING: point 53 has zero error, setting residual to zero
[#0] WARNING:Plotting -- RooHist::makeResisHist(Hist) WARNING: point 54 has zero error, setting residual to zero
[#0] WARNING:Plotting -- RooHist::makeResisHist(Hist) WARNING: point 55 has zero error, setting residual to zero
[#0] WARNING:Plotting -- RooHist::makeResisHist(Hist) WARNING: point 56 has zero error, setting residual to zero
[#0] WARNING:Plotting -- RooHist::makeResisHist(Hist) WARNING: point 57 has zero error, setting residual to zero
[#0] WARNING:Plotting -- RooHist::makeResisHist(Hist) WARNING: point 58 has zero error, setting residual to zero
[#0] WARNING:Plotting -- RooHist::makeResisHist(Hist) WARNING: point 59 has zero error, setting residual to zero
[#0] WARNING:Plotting -- RooHist::makeResisHist(Hist) WARNING: point 60 has zero error, setting residual to zero
[#0] WARNING:Plotting -- RooHist::makeResisHist(Hist) WARNING: point 61 has zero error, setting residual to zero
[#0] WARNING:Plotting -- RooHist::makeResisHist(Hist) WARNING: point 62 has zero error, setting residual to zero
[#0] WARNING:Plotting -- RooHist::makeResisHist(Hist) WARNING: point 63 has zero error, setting residual to zero
[#0] WARNING:Plotting -- RooHist::makeResisHist(Hist) WARNING: point 64 has zero error, setting residual to zero
[#0] WARNING:Plotting -- RooHist::makeResisHist(Hist) WARNING: point 65 has zero error, setting residual to zero
[#0] WARNING:Plotting -- RooHist::makeResisHist(Hist) WARNING: point 66 has zero error, setting residual to zero
[#0] WARNING:Plotting -- RooHist::makeResisHist(Hist) WARNING: point 67 has zero error, setting residual to zero
[#0] WARNING:Plotting -- RooHist::makeResisHist(Hist) WARNING: point 68 has zero error, setting residual to zero
[#0] WARNING:Plotting -- RooHist::makeResisHist(Hist) WARNING: point 69 has zero error, setting residual to zero
[#0] WARNING:Plotting -- RooHist::makeResisHist(Hist) WARNING: point 70 has zero error, setting residual to zero
[#0] WARNING:Plotting -- RooHist::makeResisHist(Hist) WARNING: point 71 has zero error, setting residual to zero
[#0] WARNING:Plotting -- RooHist::makeResisHist(Hist) WARNING: point 80 has zero error, setting residual to zero
[#0] WARNING:Plotting -- RooHist::makeResisHist(Hist) WARNING: point 81 has zero error, setting residual to zero
[#0] WARNING:Plotting -- RooHist::makeResisHist(Hist) WARNING: point 82 has zero error, setting residual to zero
[#0] WARNING:Plotting -- RooHist::makeResisHist(Hist) WARNING: point 83 has zero error, setting residual to zero
[#0] WARNING:Plotting -- RooHist::makeResisHist(Hist) WARNING: point 84 has zero error, setting residual to zero
[#0] WARNING:Plotting -- RooHist::makeResisHist(Hist) WARNING: point 85 has zero error, setting residual to zero
[#0] WARNING:Plotting -- RooHist::makeResisHist(Hist) WARNING: point 86 has zero error, setting residual to zero
[#0] WARNING:Plotting -- RooHist::makeResisHist(Hist) WARNING: point 87 has zero error, setting residual to zero
[#0] WARNING:Plotting -- RooHist::makeResisHist(Hist) WARNING: point 88 has zero error, setting residual to zero
[#0] WARNING:Plotting -- RooHist::makeResisHist(Hist) WARNING: point 89 has zero error, setting residual to zero
[#0] WARNING:Plotting -- RooHist::makeResisHist(Hist) WARNING: point 90 has zero error, setting residual to zero
[#0] WARNING:Plotting -- RooHist::makeResisHist(Hist) WARNING: point 91 has zero error, setting residual to zero
[#0] WARNING:Plotting -- RooHist::makeResisHist(Hist) WARNING: point 92 has zero error, setting residual to zero
[#0] WARNING:Plotting -- RooHist::makeResisHist(Hist) WARNING: point 93 has zero error, setting residual to zero
[#0] WARNING:Plotting -- RooHist::makeResisHist(Hist) WARNING: point 94 has zero error, setting residual to zero
[#0] WARNING:Plotting -- RooHist::makeResisHist(Hist) WARNING: point 95 has zero error, setting residual to zero
[#0] WARNING:Plotting -- RooHist::makeResisHist(Hist) WARNING: point 96 has zero error, setting residual to zero
Error in <THistPainter::PaintInit>: Cannot set Y axis to log scale
Error in <THistPainter::PaintInit>: Cannot set Y axis to log scale
Info in <TCanvas::Print>: eps file plots/fitLMC_c070116_LL1_floatsigmafixmu_nobkg.eps has been created
Info in <TCanvas::SaveSource>: C++ Macro file: plots/fitLMC_c070116_LL1_floatsigmafixmu_nobkg.C has been generated
save_plot_fit_mass() complete.
fit_mass complete.
=========================================
Finish root @	Wed Jul 6 19:29:12 CEST 2016
=========================================
