=========================================
START@:		Wed Jul 6 17:37:05 CEST 2016
=========================================
Configuring DaVinci v40r3p1 from /cvmfs/lhcb.cern.ch/lib/lhcb/DAVINCI/DAVINCI_v40r3p1
GCCXML_config_version: Undefined variable.

Processing ./rootoptsLMC_c070116_LL1_floatnafixmusigma_nobkg/myRoot.C...

[1mRooFit v3.60 -- Developed by Wouter Verkerke and David Kirkby[0m 
                Copyright (C) 2000-2013 NIKHEF, University of California & Stanford University
                All rights reserved, please read http://roofit.sourceforge.net/license.txt

fileN = LMC_c070116_LL1_floatnafixmusigma_nobkg
-------------------------
Set LHCb Style - Feb 2012
-------------------------
fit_mass: Set mass and data:
[#1] INFO:Eval -- RooRealVar::setRange(Bs_LOKI_MASS_JpsiConstr) new range named 'bkg1' created with bounds [4300,4800]
[#1] INFO:Eval -- RooRealVar::setRange(Bs_LOKI_MASS_JpsiConstr) new range named 'bkg2' created with bounds [5700,5950]
[#1] INFO:Eval -- RooRealVar::setRange(Bs_LOKI_MASS_JpsiConstr) new range named 'bkg3' created with bounds [4300,5500]
[#1] INFO:Eval -- RooRealVar::setRange(Bs_LOKI_MASS_JpsiConstr) new range named 'bkg4' created with bounds [5100,5500]
[#1] INFO:Eval -- RooRealVar::setRange(Bs_LOKI_MASS_JpsiConstr) new range named '1405' created with bounds [4220,5460]
[#1] INFO:Eval -- RooRealVar::setRange(Bs_LOKI_MASS_JpsiConstr) new range named 'L' created with bounds [5350,5950]
[#1] INFO:Eval -- RooRealVar::setRange(Bs_LOKI_MASS_JpsiConstr) new range named 'tail' created with bounds [5950,6040]
[#1] INFO:Eval -- RooRealVar::setRange(Bs_LOKI_MASS_JpsiConstr) new range named 'Ltail' created with bounds [5350,6040]
[#1] INFO:Eval -- RooRealVar::setRange(Bs_LOKI_MASS_JpsiConstr) new range named 'tot' created with bounds [4300,6040]
mass declared
LMC RooDataSet created
fit_mass: Mass and data set.
fit_mass: Assign shapes:
fit_mass: Shapes assigned.
fit_mass: declaring number of each shape:
fit_mass: Numbers declared.
fit_mass: adding shapes and their numbers to totalPdf:
fit_mass: totalPdf constructed.
fit_mass: Starting the fit:
[#1] INFO:Fitting -- RooAbsOptTestStatistic::ctor(nll_totalPdf_LMC) constructing test statistic for sub-range named tot
[#1] INFO:Eval -- RooRealVar::setRange(Bs_LOKI_MASS_JpsiConstr) new range named 'NormalizationRangeFortot' created with bounds [4100,6100]
[#1] INFO:Eval -- RooRealVar::setRange(Bs_LOKI_MASS_JpsiConstr) new range named 'fit_nll_totalPdf_LMC' created with bounds [4300,6040]
[#1] INFO:Fitting -- RooAbsOptTestStatistic::ctor(nll_totalPdf_LMC) fixing interpretation of coefficients of any RooAddPdf to full domain of observables 
[#1] INFO:NumericIntegration -- RooRealIntegral::init(sigL_Int[Bs_LOKI_MASS_JpsiConstr]) using numeric integrator RooIntegrator1D to calculate Int(Bs_LOKI_MASS_JpsiConstr)
[#1] INFO:NumericIntegration -- RooRealIntegral::init(sigL_Int[Bs_LOKI_MASS_JpsiConstr|NormalizationRangeFortot]_Norm[Bs_LOKI_MASS_JpsiConstr]) using numeric integrator RooIntegrator1D to calculate Int(Bs_LOKI_MASS_JpsiConstr)
 **********
 **   13 **MIGRAD        1500           1
 **********
 FIRST CALL TO USER FUNCTION AT NEW START POINT, WITH IFLAG=4.
 START MIGRAD MINIMIZATION.  STRATEGY  1.  CONVERGENCE WHEN EDM .LT. 1.00e-03
 FCN=-8707.74 FROM MIGRAD    STATUS=INITIATE       26 CALLS          27 TOTAL
                     EDM= unknown      STRATEGY= 1      NO ERROR MATRIX       
  EXT PARAMETER               CURRENT GUESS       STEP         FIRST   
  NO.   NAME      VALUE            ERROR          SIZE      DERIVATIVE 
   1  aL           1.45661e+00   7.28303e-01   0.00000e+00   2.76590e+00
   2  nL           1.32919e+01   3.00000e+00  -4.90472e-01  -2.19688e-02
   3  nsigL        1.68964e+03   8.44819e+02   0.00000e+00  -7.55761e+05
                               ERR DEF= 0.5
 MIGRAD MINIMIZATION HAS CONVERGED.
 MIGRAD WILL VERIFY CONVERGENCE AND ERROR MATRIX.
 COVARIANCE MATRIX CALCULATED SUCCESSFULLY
 FCN=-8950.06 FROM MIGRAD    STATUS=CONVERGED      97 CALLS          98 TOTAL
                     EDM=4.85928e-06    STRATEGY= 1      ERROR MATRIX ACCURATE 
  EXT PARAMETER                                   STEP         FIRST   
  NO.   NAME      VALUE            ERROR          SIZE      DERIVATIVE 
   1  aL           1.25754e+00   9.18656e-01   1.28473e-02  -7.23047e-03
   2  nL           1.20848e+01   5.08040e+00   1.71301e-02   5.36020e-03
   3  nsigL        2.67195e+03   5.16909e+01   2.06588e-06  -4.90113e+01
                               ERR DEF= 0.5
 EXTERNAL ERROR MATRIX.    NDIM=  25    NPAR=  3    ERR DEF=0.5
  8.665e-01  3.294e+00 -1.818e-02 
  3.294e+00  2.691e+01 -6.995e-02 
 -1.818e-02 -6.995e-02  2.672e+03 
 PARAMETER  CORRELATION COEFFICIENTS  
       NO.  GLOBAL      1      2      3
        1  0.68215   1.000  0.682 -0.000
        2  0.68215   0.682  1.000 -0.000
        3  0.00038  -0.000 -0.000  1.000
 **********
 **   18 **MINOS        1500
 **********
 MINUIT WARNING IN MIGRAD  
 ============== Negative diagonal element 1 in Error Matrix
 MINUIT WARNING IN MIGRAD  
 ============== 5.99303 added to diagonal of error matrix
 MINUIT WARNING IN MIGRAD  
 ============== Negative diagonal element 1 in Error Matrix
 MINUIT WARNING IN MIGRAD  
 ============== 94.7552 added to diagonal of error matrix
 MIGRAD FAILS WITH STRATEGY=0.   WILL TRY WITH STRATEGY=1.
                         NEGATIVE MINOS ERROR NOT CALCULATED FOR PARAMETER 1
 MINUIT WARNING IN MIGRAD  
 ============== VARIABLE2 IS AT ITS UPPER ALLOWED LIMIT.
 MINUIT WARNING IN MIGRAD  
 ============== Negative diagonal element 1 in Error Matrix
 MINUIT WARNING IN MIGRAD  
 ============== 1.02733 added to diagonal of error matrix
 FCN=-8950.06 FROM MINOS     STATUS=PROBLEMS      486 CALLS         584 TOTAL
                     EDM=4.85928e-06    STRATEGY= 1      ERROR MATRIX ACCURATE 
  EXT PARAMETER                  PARABOLIC         MINOS ERRORS        
  NO.   NAME      VALUE            ERROR      NEGATIVE      POSITIVE   
   1  aL           1.25754e+00   9.18656e-01                 4.54646e-01
   2  nL           1.20848e+01   5.08040e+00  -2.93246e+00   1.04465e+01
   3  nsigL        2.67195e+03   5.16909e+01  -5.12792e+01   5.21061e+01
                               ERR DEF= 0.5
 **********
 **   23 **MINOS        1500
 **********
 MINUIT WARNING IN MIGRAD  
 ============== Negative diagonal element 1 in Error Matrix
 MINUIT WARNING IN MIGRAD  
 ============== 5.99099 added to diagonal of error matrix
 MINUIT WARNING IN MIGRAD  
 ============== Negative diagonal element 1 in Error Matrix
 MINUIT WARNING IN MIGRAD  
 ============== 598.431 added to diagonal of error matrix
 MIGRAD FAILS WITH STRATEGY=0.   WILL TRY WITH STRATEGY=1.
                         NEGATIVE MINOS ERROR NOT CALCULATED FOR PARAMETER 1
 MINUIT WARNING IN MIGRAD  
 ============== VARIABLE2 IS AT ITS UPPER ALLOWED LIMIT.
 MINUIT WARNING IN MIGRAD  
 ============== Negative diagonal element 1 in Error Matrix
 MINUIT WARNING IN MIGRAD  
 ============== 1.02732 added to diagonal of error matrix
 FCN=-8950.06 FROM MINOS     STATUS=PROBLEMS      485 CALLS        1069 TOTAL
                     EDM=4.85928e-06    STRATEGY= 1      ERROR MATRIX ACCURATE 
  EXT PARAMETER                  PARABOLIC         MINOS ERRORS        
  NO.   NAME      VALUE            ERROR      NEGATIVE      POSITIVE   
   1  aL           1.25754e+00   9.18656e-01                 4.54646e-01
   2  nL           1.20848e+01   5.08040e+00  -2.93246e+00   1.04465e+01
   3  nsigL        2.67195e+03   5.16909e+01  -5.12792e+01   5.21061e+01
                               ERR DEF= 0.5
fit_mass: Fit complete.
fit_mass: Starting save_plot_fit_mass():
[#1] INFO:Plotting -- RooAbsPdf::plotOn(totalPdf) p.d.f was fitted in range and no explicit plot,norm range was specified, using fit range as default
[#1] INFO:Plotting -- RooAbsPdf::plotOn(totalPdf) only plotting range 'fit_nll_totalPdf_LMC'
[#1] INFO:Plotting -- RooAbsPdf::plotOn(totalPdf) p.d.f. curve is normalized using explicit choice of ranges 'fit_nll_totalPdf_LMC'
[#1] INFO:NumericIntegration -- RooRealIntegral::init(sigL_Int[Bs_LOKI_MASS_JpsiConstr]) using numeric integrator RooIntegrator1D to calculate Int(Bs_LOKI_MASS_JpsiConstr)
[#1] INFO:NumericIntegration -- RooRealIntegral::init(totalPdf_Int[Bs_LOKI_MASS_JpsiConstr|fit_nll_totalPdf_LMC]_Norm[Bs_LOKI_MASS_JpsiConstr]) using numeric integrator RooIntegrator1D to calculate Int(Bs_LOKI_MASS_JpsiConstr)
/\ Hypatia: a = 1.257542 +/- 4.546463E-01
/\ Hypatia: fb = 0.000000 +/- [exact]
/\ Hypatia: l = -1.073488 +/- [exact]
/\ Hypatia: mu = 5619.940120 +/- [exact]
/\ Hypatia: n = 12.084803 +/- 1.044649E+01
/\ Hypatia: sigma = 7.994832 +/- [exact]
/\ Hypatia: zeta = 0.000000 +/- [exact]
[#1] INFO:Plotting -- RooAbsPdf::plotOn(totalPdf) p.d.f was fitted in range and no explicit plot,norm range was specified, using fit range as default
[#1] INFO:Plotting -- RooAbsPdf::plotOn(totalPdf) only plotting range 'fit_nll_totalPdf_LMC'
[#1] INFO:Plotting -- RooAbsPdf::plotOn(totalPdf) p.d.f. curve is normalized using explicit choice of ranges 'fit_nll_totalPdf_LMC'
[#1] INFO:Plotting -- RooAbsPdf::plotOn(totalPdf) directly selected PDF components: (sigL)
[#1] INFO:Plotting -- RooAbsPdf::plotOn(totalPdf) indirectly selected PDF components: ()
[#1] INFO:NumericIntegration -- RooRealIntegral::init(sigL_Int[Bs_LOKI_MASS_JpsiConstr]) using numeric integrator RooIntegrator1D to calculate Int(Bs_LOKI_MASS_JpsiConstr)
[#1] INFO:NumericIntegration -- RooRealIntegral::init(totalPdf_Int[Bs_LOKI_MASS_JpsiConstr|fit_nll_totalPdf_LMC]_Norm[Bs_LOKI_MASS_JpsiConstr]) using numeric integrator RooIntegrator1D to calculate Int(Bs_LOKI_MASS_JpsiConstr)
#chi^{2}/N_{DoF} = 6.548497
N /\ = 2671.954059 +/- 52.106131
Y_{#Sigma^{0}}/Y_{#Lambda} = 1.000000E+00 +/- 2.757877E-02
limit = 1.039778E+00
limit at 90% confidence level = 1.663645E+00
[#0] WARNING:Plotting -- RooHist::makeResisHist(Hist) WARNING: point 10 has zero error, setting residual to zero
[#0] WARNING:Plotting -- RooHist::makeResisHist(Hist) WARNING: point 11 has zero error, setting residual to zero
[#0] WARNING:Plotting -- RooHist::makeResisHist(Hist) WARNING: point 12 has zero error, setting residual to zero
[#0] WARNING:Plotting -- RooHist::makeResisHist(Hist) WARNING: point 13 has zero error, setting residual to zero
[#0] WARNING:Plotting -- RooHist::makeResisHist(Hist) WARNING: point 14 has zero error, setting residual to zero
[#0] WARNING:Plotting -- RooHist::makeResisHist(Hist) WARNING: point 15 has zero error, setting residual to zero
[#0] WARNING:Plotting -- RooHist::makeResisHist(Hist) WARNING: point 16 has zero error, setting residual to zero
[#0] WARNING:Plotting -- RooHist::makeResisHist(Hist) WARNING: point 17 has zero error, setting residual to zero
[#0] WARNING:Plotting -- RooHist::makeResisHist(Hist) WARNING: point 18 has zero error, setting residual to zero
[#0] WARNING:Plotting -- RooHist::makeResisHist(Hist) WARNING: point 19 has zero error, setting residual to zero
[#0] WARNING:Plotting -- RooHist::makeResisHist(Hist) WARNING: point 20 has zero error, setting residual to zero
[#0] WARNING:Plotting -- RooHist::makeResisHist(Hist) WARNING: point 21 has zero error, setting residual to zero
[#0] WARNING:Plotting -- RooHist::makeResisHist(Hist) WARNING: point 22 has zero error, setting residual to zero
[#0] WARNING:Plotting -- RooHist::makeResisHist(Hist) WARNING: point 23 has zero error, setting residual to zero
[#0] WARNING:Plotting -- RooHist::makeResisHist(Hist) WARNING: point 24 has zero error, setting residual to zero
[#0] WARNING:Plotting -- RooHist::makeResisHist(Hist) WARNING: point 25 has zero error, setting residual to zero
[#0] WARNING:Plotting -- RooHist::makeResisHist(Hist) WARNING: point 26 has zero error, setting residual to zero
[#0] WARNING:Plotting -- RooHist::makeResisHist(Hist) WARNING: point 27 has zero error, setting residual to zero
[#0] WARNING:Plotting -- RooHist::makeResisHist(Hist) WARNING: point 28 has zero error, setting residual to zero
[#0] WARNING:Plotting -- RooHist::makeResisHist(Hist) WARNING: point 29 has zero error, setting residual to zero
[#0] WARNING:Plotting -- RooHist::makeResisHist(Hist) WARNING: point 30 has zero error, setting residual to zero
[#0] WARNING:Plotting -- RooHist::makeResisHist(Hist) WARNING: point 31 has zero error, setting residual to zero
[#0] WARNING:Plotting -- RooHist::makeResisHist(Hist) WARNING: point 32 has zero error, setting residual to zero
[#0] WARNING:Plotting -- RooHist::makeResisHist(Hist) WARNING: point 33 has zero error, setting residual to zero
[#0] WARNING:Plotting -- RooHist::makeResisHist(Hist) WARNING: point 34 has zero error, setting residual to zero
[#0] WARNING:Plotting -- RooHist::makeResisHist(Hist) WARNING: point 35 has zero error, setting residual to zero
[#0] WARNING:Plotting -- RooHist::makeResisHist(Hist) WARNING: point 36 has zero error, setting residual to zero
[#0] WARNING:Plotting -- RooHist::makeResisHist(Hist) WARNING: point 37 has zero error, setting residual to zero
[#0] WARNING:Plotting -- RooHist::makeResisHist(Hist) WARNING: point 38 has zero error, setting residual to zero
[#0] WARNING:Plotting -- RooHist::makeResisHist(Hist) WARNING: point 39 has zero error, setting residual to zero
[#0] WARNING:Plotting -- RooHist::makeResisHist(Hist) WARNING: point 40 has zero error, setting residual to zero
[#0] WARNING:Plotting -- RooHist::makeResisHist(Hist) WARNING: point 41 has zero error, setting residual to zero
[#0] WARNING:Plotting -- RooHist::makeResisHist(Hist) WARNING: point 42 has zero error, setting residual to zero
[#0] WARNING:Plotting -- RooHist::makeResisHist(Hist) WARNING: point 43 has zero error, setting residual to zero
[#0] WARNING:Plotting -- RooHist::makeResisHist(Hist) WARNING: point 44 has zero error, setting residual to zero
[#0] WARNING:Plotting -- RooHist::makeResisHist(Hist) WARNING: point 45 has zero error, setting residual to zero
[#0] WARNING:Plotting -- RooHist::makeResisHist(Hist) WARNING: point 46 has zero error, setting residual to zero
[#0] WARNING:Plotting -- RooHist::makeResisHist(Hist) WARNING: point 47 has zero error, setting residual to zero
[#0] WARNING:Plotting -- RooHist::makeResisHist(Hist) WARNING: point 48 has zero error, setting residual to zero
[#0] WARNING:Plotting -- RooHist::makeResisHist(Hist) WARNING: point 49 has zero error, setting residual to zero
[#0] WARNING:Plotting -- RooHist::makeResisHist(Hist) WARNING: point 50 has zero error, setting residual to zero
[#0] WARNING:Plotting -- RooHist::makeResisHist(Hist) WARNING: point 51 has zero error, setting residual to zero
[#0] WARNING:Plotting -- RooHist::makeResisHist(Hist) WARNING: point 52 has zero error, setting residual to zero
[#0] WARNING:Plotting -- RooHist::makeResisHist(Hist) WARNING: point 53 has zero error, setting residual to zero
[#0] WARNING:Plotting -- RooHist::makeResisHist(Hist) WARNING: point 54 has zero error, setting residual to zero
[#0] WARNING:Plotting -- RooHist::makeResisHist(Hist) WARNING: point 55 has zero error, setting residual to zero
[#0] WARNING:Plotting -- RooHist::makeResisHist(Hist) WARNING: point 56 has zero error, setting residual to zero
[#0] WARNING:Plotting -- RooHist::makeResisHist(Hist) WARNING: point 57 has zero error, setting residual to zero
[#0] WARNING:Plotting -- RooHist::makeResisHist(Hist) WARNING: point 58 has zero error, setting residual to zero
[#0] WARNING:Plotting -- RooHist::makeResisHist(Hist) WARNING: point 59 has zero error, setting residual to zero
[#0] WARNING:Plotting -- RooHist::makeResisHist(Hist) WARNING: point 60 has zero error, setting residual to zero
[#0] WARNING:Plotting -- RooHist::makeResisHist(Hist) WARNING: point 61 has zero error, setting residual to zero
[#0] WARNING:Plotting -- RooHist::makeResisHist(Hist) WARNING: point 62 has zero error, setting residual to zero
[#0] WARNING:Plotting -- RooHist::makeResisHist(Hist) WARNING: point 63 has zero error, setting residual to zero
[#0] WARNING:Plotting -- RooHist::makeResisHist(Hist) WARNING: point 64 has zero error, setting residual to zero
[#0] WARNING:Plotting -- RooHist::makeResisHist(Hist) WARNING: point 65 has zero error, setting residual to zero
[#0] WARNING:Plotting -- RooHist::makeResisHist(Hist) WARNING: point 66 has zero error, setting residual to zero
[#0] WARNING:Plotting -- RooHist::makeResisHist(Hist) WARNING: point 67 has zero error, setting residual to zero
[#0] WARNING:Plotting -- RooHist::makeResisHist(Hist) WARNING: point 68 has zero error, setting residual to zero
[#0] WARNING:Plotting -- RooHist::makeResisHist(Hist) WARNING: point 69 has zero error, setting residual to zero
[#0] WARNING:Plotting -- RooHist::makeResisHist(Hist) WARNING: point 70 has zero error, setting residual to zero
[#0] WARNING:Plotting -- RooHist::makeResisHist(Hist) WARNING: point 71 has zero error, setting residual to zero
[#0] WARNING:Plotting -- RooHist::makeResisHist(Hist) WARNING: point 80 has zero error, setting residual to zero
[#0] WARNING:Plotting -- RooHist::makeResisHist(Hist) WARNING: point 81 has zero error, setting residual to zero
[#0] WARNING:Plotting -- RooHist::makeResisHist(Hist) WARNING: point 82 has zero error, setting residual to zero
[#0] WARNING:Plotting -- RooHist::makeResisHist(Hist) WARNING: point 83 has zero error, setting residual to zero
[#0] WARNING:Plotting -- RooHist::makeResisHist(Hist) WARNING: point 84 has zero error, setting residual to zero
[#0] WARNING:Plotting -- RooHist::makeResisHist(Hist) WARNING: point 85 has zero error, setting residual to zero
[#0] WARNING:Plotting -- RooHist::makeResisHist(Hist) WARNING: point 86 has zero error, setting residual to zero
[#0] WARNING:Plotting -- RooHist::makeResisHist(Hist) WARNING: point 87 has zero error, setting residual to zero
[#0] WARNING:Plotting -- RooHist::makeResisHist(Hist) WARNING: point 88 has zero error, setting residual to zero
[#0] WARNING:Plotting -- RooHist::makeResisHist(Hist) WARNING: point 89 has zero error, setting residual to zero
[#0] WARNING:Plotting -- RooHist::makeResisHist(Hist) WARNING: point 90 has zero error, setting residual to zero
[#0] WARNING:Plotting -- RooHist::makeResisHist(Hist) WARNING: point 91 has zero error, setting residual to zero
[#0] WARNING:Plotting -- RooHist::makeResisHist(Hist) WARNING: point 92 has zero error, setting residual to zero
[#0] WARNING:Plotting -- RooHist::makeResisHist(Hist) WARNING: point 93 has zero error, setting residual to zero
[#0] WARNING:Plotting -- RooHist::makeResisHist(Hist) WARNING: point 94 has zero error, setting residual to zero
[#0] WARNING:Plotting -- RooHist::makeResisHist(Hist) WARNING: point 95 has zero error, setting residual to zero
[#0] WARNING:Plotting -- RooHist::makeResisHist(Hist) WARNING: point 96 has zero error, setting residual to zero
Error in <THistPainter::PaintInit>: Cannot set Y axis to log scale
Error in <THistPainter::PaintInit>: Cannot set Y axis to log scale
Info in <TCanvas::Print>: eps file plots/fitLMC_c070116_LL1_floatnafixmusigma_nobkg.eps has been created
Info in <TCanvas::SaveSource>: C++ Macro file: plots/fitLMC_c070116_LL1_floatnafixmusigma_nobkg.C has been generated
save_plot_fit_mass() complete.
fit_mass complete.
=========================================
Finish root @	Wed Jul 6 19:13:51 CEST 2016
=========================================
