=========================================
START@:		Fri May 20 20:57:15 CEST 2016
=========================================
Configuring DaVinci v40r1p3 from /cvmfs/lhcb.cern.ch/lib/lhcb/DAVINCI/DAVINCI_v40r1p3
GCCXML_config_version: Undefined variable.

Processing ./rootoptsLMDD1/myRoot.C...

[1mRooFit v3.60 -- Developed by Wouter Verkerke and David Kirkby[0m 
                Copyright (C) 2000-2013 NIKHEF, University of California & Stanford University
                All rights reserved, please read http://roofit.sourceforge.net/license.txt

fileN = LMDD1
-------------------------
Set LHCb Style - Feb 2012
-------------------------
fit_mass: Set mass and data:
[#1] INFO:Eval -- RooRealVar::setRange(R_M) new range named 'LMbkglo' created with bounds [1090,1106]
[#1] INFO:Eval -- RooRealVar::setRange(R_M) new range named 'LMbkghi' created with bounds [1124,1136]
[#1] INFO:Eval -- RooRealVar::setRange(R_M) new range named 'LMtot' created with bounds [1090,1136]
[#1] INFO:Eval -- RooRealVar::setRange(R_M) new range named 'LMsig' created with bounds [1108.5,1123.36]
mass declared
tree gotten
[#1] INFO:Eval -- RooTreeDataStore::loadValues(data) Ignored 15 out of range events
data declared
fit_mass: Mass and data set.
fit_mass: Assign shapes:
fit_mass: Shapes assigned.
fit_mass: declaring number of each shape:
fit_mass: Numbers declared.
fit_mass: adding shapes and their numbers to totalPdf:
fit_mass: totalPdf constructed.
fit_mass: Starting the fit:
[#1] INFO:Fitting -- RooAbsOptTestStatistic::ctor(nll_totalPdf_data) constructing test statistic for sub-range named LMtot
[#1] INFO:Eval -- RooRealVar::setRange(R_M) new range named 'NormalizationRangeForLMtot' created with bounds [1086,1146]
[#1] INFO:Eval -- RooRealVar::setRange(R_M) new range named 'fit_nll_totalPdf_data' created with bounds [1090,1136]
[#1] INFO:Fitting -- RooAbsOptTestStatistic::ctor(nll_totalPdf_data) fixing interpretation of coefficients of any RooAddPdf to full domain of observables 
 **********
 **   13 **MIGRAD        4000           1
 **********
 FIRST CALL TO USER FUNCTION AT NEW START POINT, WITH IFLAG=4.
 START MIGRAD MINIMIZATION.  STRATEGY  1.  CONVERGENCE WHEN EDM .LT. 1.00e-03
[#0] ERROR:InputArguments -- totalPdf: calculated negative expected events: -52548.6
[#0] WARNING:Minization -- RooMinuitGlue: Minimized function has error status.
Returning maximum FCN so far (-47445.4) to force MIGRAD to back out of this region. Error log follows
Parameter values: b1=303.191, b2=0.21444, fLM1=0.660212, meanLM1=1115.93, nbkg=2165.49, ngauLM=100, sigLM1=1.56671, sigLM2=3.71412
RooAddPdf::totalPdf[ nbkg * bkg + ngauLM * sigLM ]
     p.d.f value is less than zero (-0.000388), forcing value to zero @ !refCoefNorm=(R_M = 1116.09), !pdfs=(bkg = 1.66296/-1354.48,sigLM = 0.20377/1), !coefficients=(nbkg = 2165.49,ngauLM = 100)
     getLogVal() top-level p.d.f evaluates to zero @ !refCoefNorm=(R_M = 1116.09), !pdfs=(bkg = 1.66296/-1354.48,sigLM = 0.20377/1), !coefficients=(nbkg = 2165.49,ngauLM = 100)
     p.d.f value is less than zero (-0.000375), forcing value to zero @ !refCoefNorm=(R_M = 1116.39), !pdfs=(bkg = 4.7311/-1354.48,sigLM = 0.197316/1), !coefficients=(nbkg = 2165.49,ngauLM = 100)
     getLogVal() top-level p.d.f evaluates to zero @ !refCoefNorm=(R_M = 1116.39), !pdfs=(bkg = 4.7311/-1354.48,sigLM = 0.197316/1), !coefficients=(nbkg = 2165.49,ngauLM = 100)
     p.d.f value is less than zero (-0.000081), forcing value to zero @ !refCoefNorm=(R_M = 1112.62), !pdfs=(bkg = -33.3867/-1354.48,sigLM = 0.0424427/1), !coefficients=(nbkg = 2165.49,ngauLM = 100)
     getLogVal() top-level p.d.f evaluates to zero @ !refCoefNorm=(R_M = 1112.62), !pdfs=(bkg = -33.3867/-1354.48,sigLM = 0.0424427/1), !coefficients=(nbkg = 2165.49,ngauLM = 100)
     p.d.f value is less than zero (-0.000000), forcing value to zero @ !refCoefNorm=(R_M = 1134.07), !pdfs=(bkg = 183.578/-1354.48,sigLM = 2.41654e-07/1), !coefficients=(nbkg = 2165.49,ngauLM = 100)
     getLogVal() top-level p.d.f evaluates to zero @ !refCoefNorm=(R_M = 1134.07), !pdfs=(bkg = 183.578/-1354.48,sigLM = 2.41654e-07/1), !coefficients=(nbkg = 2165.49,ngauLM = 100)
     p.d.f value is less than zero (-0.000045), forcing value to zero @ !refCoefNorm=(R_M = 1111.73), !pdfs=(bkg = -42.4072/-1354.48,sigLM = 0.0237789/1), !coefficients=(nbkg = 2165.49,ngauLM = 100)
     getLogVal() top-level p.d.f evaluates to zero @ !refCoefNorm=(R_M = 1111.73), !pdfs=(bkg = -42.4072/-1354.48,sigLM = 0.0237789/1), !coefficients=(nbkg = 2165.49,ngauLM = 100)
     p.d.f value is less than zero (-0.000002), forcing value to zero @ !refCoefNorm=(R_M = 1126.16), !pdfs=(bkg = 103.553/-1354.48,sigLM = 0.000821436/1), !coefficients=(nbkg = 2165.49,ngauLM = 100)
     getLogVal() top-level p.d.f evaluates to zero @ !refCoefNorm=(R_M = 1126.16), !pdfs=(bkg = 103.553/-1354.48,sigLM = 0.000821436/1), !coefficients=(nbkg = 2165.49,ngauLM = 100)
    ... (remaining 2038 messages suppressed)
RooNLLVar::nll_totalPdf_data[ paramSet=(b1,b2,fLM1,meanLM1,nbkg,ngauLM,sigLM1,sigLM2) ]
     function value is NAN @ paramSet=(b1 = 303.191,b2 = 0.21444,fLM1 = 0.660212,meanLM1 = 1115.93,nbkg = 2165.49,ngauLM = 100,sigLM1 = 1.56671,sigLM2 = 3.71412)
RooChebychev::bkg[ x=R_M coefList=(b1,b2) ]
     p.d.f value is less than zero (-69.677126), forcing value to zero @ x=R_M=1109.03, coefList=(b1 = 303.191,b2 = 0.21444)
     p.d.f normalization integral is zero or negative @ x=R_M=1109.03, coefList=(b1 = 303.191,b2 = 0.21444)
     p.d.f normalization integral is zero or negative @ x=R_M=1116.05, coefList=(b1 = 303.191,b2 = 0.21444)
     p.d.f value is less than zero (-19.922161), forcing value to zero @ x=R_M=1113.95, coefList=(b1 = 303.191,b2 = 0.21444)
     p.d.f normalization integral is zero or negative @ x=R_M=1113.95, coefList=(b1 = 303.191,b2 = 0.21444)
     p.d.f value is less than zero (-6.310569), forcing value to zero @ x=R_M=1115.3, coefList=(b1 = 303.191,b2 = 0.21444)
     p.d.f normalization integral is zero or negative @ x=R_M=1115.3, coefList=(b1 = 303.191,b2 = 0.21444)
     p.d.f normalization integral is zero or negative @ x=R_M=1116.39, coefList=(b1 = 303.191,b2 = 0.21444)
     p.d.f value is less than zero (-30.263270), forcing value to zero @ x=R_M=1112.93, coefList=(b1 = 303.191,b2 = 0.21444)
     p.d.f normalization integral is zero or negative @ x=R_M=1112.93, coefList=(b1 = 303.191,b2 = 0.21444)
     p.d.f normalization integral is zero or negative @ x=R_M=1116.41, coefList=(b1 = 303.191,b2 = 0.21444)
     p.d.f value is less than zero (-18.541611), forcing value to zero @ x=R_M=1114.09, coefList=(b1 = 303.191,b2 = 0.21444)
    ... (remaining 2038 messages suppressed)

[#0] WARNING:Minization -- RooMinuitGlue: Minimized function has error status.
Returning maximum FCN so far (-47445.4) to force MIGRAD to back out of this region. Error log follows
Parameter values: b1=-302.452, b2=0.21444, fLM1=0.660212, meanLM1=1115.93, nbkg=2165.49, ngauLM=100, sigLM1=1.56671, sigLM2=3.71412
RooChebychev::bkg[ x=R_M coefList=(b1,b2) ]
     p.d.f value is less than zero (-3.796676), forcing value to zero @ x=R_M=1116.45, coefList=(b1 = -302.452,b2 = 0.21444)
     p.d.f value is less than zero (-24.714428), forcing value to zero @ x=R_M=1118.53, coefList=(b1 = -302.452,b2 = 0.21444)
     p.d.f value is less than zero (-9.625093), forcing value to zero @ x=R_M=1117.03, coefList=(b1 = -302.452,b2 = 0.21444)
     p.d.f value is less than zero (-45.599733), forcing value to zero @ x=R_M=1120.6, coefList=(b1 = -302.452,b2 = 0.21444)
     p.d.f value is less than zero (-2.519999), forcing value to zero @ x=R_M=1116.33, coefList=(b1 = -302.452,b2 = 0.21444)
     p.d.f value is less than zero (-72.758219), forcing value to zero @ x=R_M=1123.3, coefList=(b1 = -302.452,b2 = 0.21444)
     p.d.f value is less than zero (-13.005955), forcing value to zero @ x=R_M=1117.37, coefList=(b1 = -302.452,b2 = 0.21444)
     p.d.f value is less than zero (-130.299313), forcing value to zero @ x=R_M=1129.01, coefList=(b1 = -302.452,b2 = 0.21444)
     p.d.f value is less than zero (-26.917386), forcing value to zero @ x=R_M=1118.75, coefList=(b1 = -302.452,b2 = 0.21444)
     p.d.f value is less than zero (-0.945466), forcing value to zero @ x=R_M=1116.17, coefList=(b1 = -302.452,b2 = 0.21444)
     p.d.f value is less than zero (-179.267089), forcing value to zero @ x=R_M=1133.87, coefList=(b1 = -302.452,b2 = 0.21444)
     p.d.f value is less than zero (-0.302640), forcing value to zero @ x=R_M=1116.11, coefList=(b1 = -302.452,b2 = 0.21444)
    ... (remaining 2038 messages suppressed)

[#0] ERROR:InputArguments -- totalPdf: calculated negative expected events: -4163.27
[#0] WARNING:Minization -- RooMinuitGlue: Minimized function has error status.
Returning maximum FCN so far (-47445.4) to force MIGRAD to back out of this region. Error log follows
Parameter values: b1=32.5823, b2=0.21444, fLM1=0.660212, meanLM1=1115.93, nbkg=2165.49, ngauLM=100, sigLM1=1.56671, sigLM2=3.71412
RooAddPdf::totalPdf[ nbkg * bkg + ngauLM * sigLM ]
     p.d.f value is less than zero (-0.004894), forcing value to zero @ !refCoefNorm=(R_M = 1116.09), !pdfs=(bkg = 0.879853/-109.68,sigLM = 0.20377/1), !coefficients=(nbkg = 2165.49,ngauLM = 100)
     getLogVal() top-level p.d.f evaluates to zero @ !refCoefNorm=(R_M = 1116.09), !pdfs=(bkg = 0.879853/-109.68,sigLM = 0.20377/1), !coefficients=(nbkg = 2165.49,ngauLM = 100)
     p.d.f value is less than zero (-0.004739), forcing value to zero @ !refCoefNorm=(R_M = 1116.39), !pdfs=(bkg = 1.20963/-109.68,sigLM = 0.197316/1), !coefficients=(nbkg = 2165.49,ngauLM = 100)
     getLogVal() top-level p.d.f evaluates to zero @ !refCoefNorm=(R_M = 1116.39), !pdfs=(bkg = 1.20963/-109.68,sigLM = 0.197316/1), !coefficients=(nbkg = 2165.49,ngauLM = 100)
     p.d.f value is less than zero (-0.001019), forcing value to zero @ !refCoefNorm=(R_M = 1112.62), !pdfs=(bkg = -2.88188/-109.68,sigLM = 0.0424427/1), !coefficients=(nbkg = 2165.49,ngauLM = 100)
     getLogVal() top-level p.d.f evaluates to zero @ !refCoefNorm=(R_M = 1112.62), !pdfs=(bkg = -2.88188/-109.68,sigLM = 0.0424427/1), !coefficients=(nbkg = 2165.49,ngauLM = 100)
     p.d.f value is less than zero (-0.000000), forcing value to zero @ !refCoefNorm=(R_M = 1134.07), !pdfs=(bkg = 20.5681/-109.68,sigLM = 2.41654e-07/1), !coefficients=(nbkg = 2165.49,ngauLM = 100)
     getLogVal() top-level p.d.f evaluates to zero @ !refCoefNorm=(R_M = 1134.07), !pdfs=(bkg = 20.5681/-109.68,sigLM = 2.41654e-07/1), !coefficients=(nbkg = 2165.49,ngauLM = 100)
     p.d.f value is less than zero (-0.000571), forcing value to zero @ !refCoefNorm=(R_M = 1111.73), !pdfs=(bkg = -3.84836/-109.68,sigLM = 0.0237789/1), !coefficients=(nbkg = 2165.49,ngauLM = 100)
     getLogVal() top-level p.d.f evaluates to zero @ !refCoefNorm=(R_M = 1111.73), !pdfs=(bkg = -3.84836/-109.68,sigLM = 0.0237789/1), !coefficients=(nbkg = 2165.49,ngauLM = 100)
     p.d.f value is less than zero (-0.000020), forcing value to zero @ !refCoefNorm=(R_M = 1126.16), !pdfs=(bkg = 11.8734/-109.68,sigLM = 0.000821436/1), !coefficients=(nbkg = 2165.49,ngauLM = 100)
     getLogVal() top-level p.d.f evaluates to zero @ !refCoefNorm=(R_M = 1126.16), !pdfs=(bkg = 11.8734/-109.68,sigLM = 0.000821436/1), !coefficients=(nbkg = 2165.49,ngauLM = 100)
    ... (remaining 2038 messages suppressed)
RooNLLVar::nll_totalPdf_data[ paramSet=(b1,b2,fLM1,meanLM1,nbkg,ngauLM,sigLM1,sigLM2) ]
     function value is NAN @ paramSet=(b1 = 32.5823,b2 = 0.21444,fLM1 = 0.660212,meanLM1 = 1115.93,nbkg = 2165.49,ngauLM = 100,sigLM1 = 1.56671,sigLM2 = 3.71412)
RooChebychev::bkg[ x=R_M coefList=(b1,b2) ]
     p.d.f normalization integral is zero or negative @ x=R_M=1114.52, coefList=(b1 = 32.5823,b2 = 0.21444)
     p.d.f normalization integral is zero or negative @ x=R_M=1115.64, coefList=(b1 = 32.5823,b2 = 0.21444)
     p.d.f value is less than zero (-0.034298), forcing value to zero @ x=R_M=1115.24, coefList=(b1 = 32.5823,b2 = 0.21444)
     p.d.f normalization integral is zero or negative @ x=R_M=1115.24, coefList=(b1 = 32.5823,b2 = 0.21444)
     p.d.f value is less than zero (-1.160114), forcing value to zero @ x=R_M=1114.21, coefList=(b1 = 32.5823,b2 = 0.21444)
     p.d.f normalization integral is zero or negative @ x=R_M=1114.21, coefList=(b1 = 32.5823,b2 = 0.21444)
     p.d.f value is less than zero (-4.254415), forcing value to zero @ x=R_M=1111.35, coefList=(b1 = 32.5823,b2 = 0.21444)
     p.d.f normalization integral is zero or negative @ x=R_M=1111.35, coefList=(b1 = 32.5823,b2 = 0.21444)
     p.d.f normalization integral is zero or negative @ x=R_M=1119.61, coefList=(b1 = 32.5823,b2 = 0.21444)
     p.d.f normalization integral is zero or negative @ x=R_M=1121.16, coefList=(b1 = 32.5823,b2 = 0.21444)
     p.d.f normalization integral is zero or negative @ x=R_M=1123.01, coefList=(b1 = 32.5823,b2 = 0.21444)
     p.d.f normalization integral is zero or negative @ x=R_M=1116.55, coefList=(b1 = 32.5823,b2 = 0.21444)
    ... (remaining 2038 messages suppressed)

[#0] WARNING:Minization -- RooMinuitGlue: Minimized function has error status.
Returning maximum FCN so far (-47445.4) to force MIGRAD to back out of this region. Error log follows
Parameter values: b1=-31.8422, b2=0.21444, fLM1=0.660212, meanLM1=1115.93, nbkg=2165.49, ngauLM=100, sigLM1=1.56671, sigLM2=3.71412
RooChebychev::bkg[ x=R_M coefList=(b1,b2) ]
     p.d.f value is less than zero (-1.834699), forcing value to zero @ x=R_M=1118.47, coefList=(b1 = -31.8422,b2 = 0.21444)
     p.d.f value is less than zero (-16.922206), forcing value to zero @ x=R_M=1132.81, coefList=(b1 = -31.8422,b2 = 0.21444)
     p.d.f value is less than zero (-2.634579), forcing value to zero @ x=R_M=1119.23, coefList=(b1 = -31.8422,b2 = 0.21444)
     p.d.f value is less than zero (-3.969549), forcing value to zero @ x=R_M=1120.49, coefList=(b1 = -31.8422,b2 = 0.21444)
     p.d.f value is less than zero (-19.960385), forcing value to zero @ x=R_M=1135.72, coefList=(b1 = -31.8422,b2 = 0.21444)
     p.d.f value is less than zero (-17.693699), forcing value to zero @ x=R_M=1133.55, coefList=(b1 = -31.8422,b2 = 0.21444)
     p.d.f value is less than zero (-0.353853), forcing value to zero @ x=R_M=1117.07, coefList=(b1 = -31.8422,b2 = 0.21444)
     p.d.f value is less than zero (-2.639966), forcing value to zero @ x=R_M=1119.23, coefList=(b1 = -31.8422,b2 = 0.21444)
     p.d.f value is less than zero (-5.886218), forcing value to zero @ x=R_M=1122.3, coefList=(b1 = -31.8422,b2 = 0.21444)
     p.d.f value is less than zero (-1.093718), forcing value to zero @ x=R_M=1117.77, coefList=(b1 = -31.8422,b2 = 0.21444)
     p.d.f value is less than zero (-10.001835), forcing value to zero @ x=R_M=1126.21, coefList=(b1 = -31.8422,b2 = 0.21444)
     p.d.f value is less than zero (-0.850548), forcing value to zero @ x=R_M=1117.54, coefList=(b1 = -31.8422,b2 = 0.21444)
    ... (remaining 2038 messages suppressed)

[#0] WARNING:Minization -- RooMinuitGlue: Minimized function has error status.
Returning maximum FCN so far (-47445.4) to force MIGRAD to back out of this region. Error log follows
Parameter values: b1=0.370044, b2=303.036, fLM1=0.660212, meanLM1=1115.93, nbkg=2165.49, ngauLM=100, sigLM1=1.56671, sigLM2=3.71412
RooChebychev::bkg[ x=R_M coefList=(b1,b2) ]
     p.d.f value is less than zero (-291.662634), forcing value to zero @ x=R_M=1112.07, coefList=(b1 = 0.370044,b2 = 303.036)
     p.d.f normalization integral is zero or negative @ x=R_M=1112.07, coefList=(b1 = 0.370044,b2 = 303.036)
     p.d.f value is less than zero (-283.846978), forcing value to zero @ x=R_M=1110.79, coefList=(b1 = 0.370044,b2 = 303.036)
     p.d.f normalization integral is zero or negative @ x=R_M=1110.79, coefList=(b1 = 0.370044,b2 = 303.036)
     p.d.f value is less than zero (-282.780341), forcing value to zero @ x=R_M=1110.64, coefList=(b1 = 0.370044,b2 = 303.036)
     p.d.f normalization integral is zero or negative @ x=R_M=1110.64, coefList=(b1 = 0.370044,b2 = 303.036)
     p.d.f value is less than zero (-302.029611), forcing value to zero @ x=R_M=1116.09, coefList=(b1 = 0.370044,b2 = 303.036)
     p.d.f normalization integral is zero or negative @ x=R_M=1116.09, coefList=(b1 = 0.370044,b2 = 303.036)
     p.d.f value is less than zero (-301.928308), forcing value to zero @ x=R_M=1116.39, coefList=(b1 = 0.370044,b2 = 303.036)
     p.d.f normalization integral is zero or negative @ x=R_M=1116.39, coefList=(b1 = 0.370044,b2 = 303.036)
     p.d.f value is less than zero (-294.375954), forcing value to zero @ x=R_M=1112.62, coefList=(b1 = 0.370044,b2 = 303.036)
     p.d.f normalization integral is zero or negative @ x=R_M=1112.62, coefList=(b1 = 0.370044,b2 = 303.036)
    ... (remaining 2038 messages suppressed)

[#0] WARNING:Minization -- RooMinuitGlue: Minimized function has error status.
Returning maximum FCN so far (-47445.4) to force MIGRAD to back out of this region. Error log follows
Parameter values: b1=0.370044, b2=-302.607, fLM1=0.660212, meanLM1=1115.93, nbkg=2165.49, ngauLM=100, sigLM1=1.56671, sigLM2=3.71412
RooChebychev::bkg[ x=R_M coefList=(b1,b2) ]
     p.d.f value is less than zero (-90.789754), forcing value to zero @ x=R_M=1091.79, coefList=(b1 = 0.370044,b2 = -302.607)
     p.d.f value is less than zero (-74.828555), forcing value to zero @ x=R_M=1092.29, coefList=(b1 = 0.370044,b2 = -302.607)
     p.d.f value is less than zero (-47.998481), forcing value to zero @ x=R_M=1093.14, coefList=(b1 = 0.370044,b2 = -302.607)
     p.d.f value is less than zero (-129.881225), forcing value to zero @ x=R_M=1090.62, coefList=(b1 = 0.370044,b2 = -302.607)
     p.d.f value is less than zero (-26.344851), forcing value to zero @ x=R_M=1093.86, coefList=(b1 = 0.370044,b2 = -302.607)
     p.d.f value is less than zero (-28.693433), forcing value to zero @ x=R_M=1093.78, coefList=(b1 = 0.370044,b2 = -302.607)
     p.d.f value is less than zero (-103.190044), forcing value to zero @ x=R_M=1091.41, coefList=(b1 = 0.370044,b2 = -302.607)
     p.d.f value is less than zero (-4.327899), forcing value to zero @ x=R_M=1094.61, coefList=(b1 = 0.370044,b2 = -302.607)
     p.d.f value is less than zero (-47.947180), forcing value to zero @ x=R_M=1093.14, coefList=(b1 = 0.370044,b2 = -302.607)
     p.d.f value is less than zero (-127.908252), forcing value to zero @ x=R_M=1090.68, coefList=(b1 = 0.370044,b2 = -302.607)
     p.d.f value is less than zero (-101.641056), forcing value to zero @ x=R_M=1091.46, coefList=(b1 = 0.370044,b2 = -302.607)
     p.d.f value is less than zero (-94.672921), forcing value to zero @ x=R_M=1091.67, coefList=(b1 = 0.370044,b2 = -302.607)
    ... (remaining 138 messages suppressed)

[#0] WARNING:Minization -- RooMinuitGlue: Minimized function has error status.
Returning maximum FCN so far (-47445.4) to force MIGRAD to back out of this region. Error log follows
Parameter values: b1=0.370044, b2=32.4267, fLM1=0.660212, meanLM1=1115.93, nbkg=2165.49, ngauLM=100, sigLM1=1.56671, sigLM2=3.71412
RooChebychev::bkg[ x=R_M coefList=(b1,b2) ]
     p.d.f value is less than zero (-30.360064), forcing value to zero @ x=R_M=1112.07, coefList=(b1 = 0.370044,b2 = 32.4267)
     p.d.f normalization integral is zero or negative @ x=R_M=1112.07, coefList=(b1 = 0.370044,b2 = 32.4267)
     p.d.f value is less than zero (-29.537755), forcing value to zero @ x=R_M=1110.79, coefList=(b1 = 0.370044,b2 = 32.4267)
     p.d.f normalization integral is zero or negative @ x=R_M=1110.79, coefList=(b1 = 0.370044,b2 = 32.4267)
     p.d.f value is less than zero (-29.425273), forcing value to zero @ x=R_M=1110.64, coefList=(b1 = 0.370044,b2 = 32.4267)
     p.d.f normalization integral is zero or negative @ x=R_M=1110.64, coefList=(b1 = 0.370044,b2 = 32.4267)
     p.d.f value is less than zero (-31.425108), forcing value to zero @ x=R_M=1116.09, coefList=(b1 = 0.370044,b2 = 32.4267)
     p.d.f normalization integral is zero or negative @ x=R_M=1116.09, coefList=(b1 = 0.370044,b2 = 32.4267)
     p.d.f value is less than zero (-31.410924), forcing value to zero @ x=R_M=1116.39, coefList=(b1 = 0.370044,b2 = 32.4267)
     p.d.f normalization integral is zero or negative @ x=R_M=1116.39, coefList=(b1 = 0.370044,b2 = 32.4267)
     p.d.f value is less than zero (-30.644325), forcing value to zero @ x=R_M=1112.62, coefList=(b1 = 0.370044,b2 = 32.4267)
     p.d.f normalization integral is zero or negative @ x=R_M=1112.62, coefList=(b1 = 0.370044,b2 = 32.4267)
    ... (remaining 2038 messages suppressed)

[#0] WARNING:Minization -- RooMinuitGlue: Minimized function has error status.
Returning maximum FCN so far (-47445.4) to force MIGRAD to back out of this region. Error log follows
Parameter values: b1=0.370044, b2=-31.9978, fLM1=0.660212, meanLM1=1115.93, nbkg=2165.49, ngauLM=100, sigLM1=1.56671, sigLM2=3.71412
RooChebychev::bkg[ x=R_M coefList=(b1,b2) ]
     p.d.f value is less than zero (-8.972933), forcing value to zero @ x=R_M=1091.79, coefList=(b1 = 0.370044,b2 = -31.9978)
     p.d.f value is less than zero (-7.279726), forcing value to zero @ x=R_M=1092.29, coefList=(b1 = 0.370044,b2 = -31.9978)
     p.d.f value is less than zero (-4.433252), forcing value to zero @ x=R_M=1093.14, coefList=(b1 = 0.370044,b2 = -31.9978)
     p.d.f value is less than zero (-13.119414), forcing value to zero @ x=R_M=1090.62, coefList=(b1 = 0.370044,b2 = -31.9978)
     p.d.f value is less than zero (-2.135695), forcing value to zero @ x=R_M=1093.86, coefList=(b1 = 0.370044,b2 = -31.9978)
     p.d.f value is less than zero (-2.384903), forcing value to zero @ x=R_M=1093.78, coefList=(b1 = 0.370044,b2 = -31.9978)
     p.d.f value is less than zero (-10.288314), forcing value to zero @ x=R_M=1091.41, coefList=(b1 = 0.370044,b2 = -31.9978)
     p.d.f value is less than zero (-4.427809), forcing value to zero @ x=R_M=1093.14, coefList=(b1 = 0.370044,b2 = -31.9978)
     p.d.f value is less than zero (-12.910152), forcing value to zero @ x=R_M=1090.68, coefList=(b1 = 0.370044,b2 = -31.9978)
     p.d.f value is less than zero (-10.124006), forcing value to zero @ x=R_M=1091.46, coefList=(b1 = 0.370044,b2 = -31.9978)
     p.d.f value is less than zero (-9.384854), forcing value to zero @ x=R_M=1091.67, coefList=(b1 = 0.370044,b2 = -31.9978)
     p.d.f value is less than zero (-11.620981), forcing value to zero @ x=R_M=1091.04, coefList=(b1 = 0.370044,b2 = -31.9978)
    ... (remaining 134 messages suppressed)

[#0] WARNING:Minization -- RooMinuitGlue: Minimized function has error status.
Returning maximum FCN so far (-46756.6) to force MIGRAD to back out of this region. Error log follows
Parameter values: b1=4.40875, b2=0.21444, fLM1=0.660212, meanLM1=1115.93, nbkg=2165.49, ngauLM=2394.11, sigLM1=1.56671, sigLM2=3.71412
RooChebychev::bkg[ x=R_M coefList=(b1,b2) ]
     p.d.f value is less than zero (-0.089691), forcing value to zero @ x=R_M=1109.92, coefList=(b1 = 4.40875,b2 = 0.21444)
     p.d.f value is less than zero (-0.754916), forcing value to zero @ x=R_M=1105.13, coefList=(b1 = 4.40875,b2 = 0.21444)
     p.d.f value is less than zero (-2.492818), forcing value to zero @ x=R_M=1091.79, coefList=(b1 = 4.40875,b2 = 0.21444)
     p.d.f value is less than zero (-0.947767), forcing value to zero @ x=R_M=1103.72, coefList=(b1 = 4.40875,b2 = 0.21444)
     p.d.f value is less than zero (-2.431364), forcing value to zero @ x=R_M=1092.29, coefList=(b1 = 4.40875,b2 = 0.21444)
     p.d.f value is less than zero (-1.327389), forcing value to zero @ x=R_M=1100.88, coefList=(b1 = 4.40875,b2 = 0.21444)
     p.d.f value is less than zero (-1.631048), forcing value to zero @ x=R_M=1098.57, coefList=(b1 = 4.40875,b2 = 0.21444)
     p.d.f value is less than zero (-0.057877), forcing value to zero @ x=R_M=1110.15, coefList=(b1 = 4.40875,b2 = 0.21444)
     p.d.f value is less than zero (-1.460437), forcing value to zero @ x=R_M=1099.87, coefList=(b1 = 4.40875,b2 = 0.21444)
     p.d.f value is less than zero (-0.294773), forcing value to zero @ x=R_M=1108.46, coefList=(b1 = 4.40875,b2 = 0.21444)
     p.d.f value is less than zero (-0.852897), forcing value to zero @ x=R_M=1104.42, coefList=(b1 = 4.40875,b2 = 0.21444)
     p.d.f value is less than zero (-1.435249), forcing value to zero @ x=R_M=1100.06, coefList=(b1 = 4.40875,b2 = 0.21444)
    ... (remaining 1163 messages suppressed)

[#0] WARNING:Minization -- RooMinuitGlue: Minimized function has error status.
Returning maximum FCN so far (-46756.6) to force MIGRAD to back out of this region. Error log follows
Parameter values: b1=-3.66867, b2=0.21444, fLM1=0.660212, meanLM1=1115.93, nbkg=2165.49, ngauLM=2394.11, sigLM1=1.56671, sigLM2=3.71412
RooChebychev::bkg[ x=R_M coefList=(b1,b2) ]
     p.d.f value is less than zero (-0.012476), forcing value to zero @ x=R_M=1122.7, coefList=(b1 = -3.66867,b2 = 0.21444)
     p.d.f value is less than zero (-0.611283), forcing value to zero @ x=R_M=1127.98, coefList=(b1 = -3.66867,b2 = 0.21444)
     p.d.f value is less than zero (-0.195066), forcing value to zero @ x=R_M=1124.29, coefList=(b1 = -3.66867,b2 = 0.21444)
     p.d.f value is less than zero (-0.167306), forcing value to zero @ x=R_M=1124.04, coefList=(b1 = -3.66867,b2 = 0.21444)
     p.d.f value is less than zero (-0.762891), forcing value to zero @ x=R_M=1129.36, coefList=(b1 = -3.66867,b2 = 0.21444)
     p.d.f value is less than zero (-1.345613), forcing value to zero @ x=R_M=1134.81, coefList=(b1 = -3.66867,b2 = 0.21444)
     p.d.f value is less than zero (-0.777108), forcing value to zero @ x=R_M=1129.49, coefList=(b1 = -3.66867,b2 = 0.21444)
     p.d.f value is less than zero (-0.359776), forcing value to zero @ x=R_M=1125.74, coefList=(b1 = -3.66867,b2 = 0.21444)
     p.d.f value is less than zero (-0.058301), forcing value to zero @ x=R_M=1123.1, coefList=(b1 = -3.66867,b2 = 0.21444)
     p.d.f value is less than zero (-0.510651), forcing value to zero @ x=R_M=1127.08, coefList=(b1 = -3.66867,b2 = 0.21444)
     p.d.f value is less than zero (-0.438705), forcing value to zero @ x=R_M=1126.44, coefList=(b1 = -3.66867,b2 = 0.21444)
     p.d.f value is less than zero (-0.040541), forcing value to zero @ x=R_M=1122.94, coefList=(b1 = -3.66867,b2 = 0.21444)
    ... (remaining 1177 messages suppressed)

[#0] WARNING:Minization -- RooMinuitGlue: Minimized function has error status.
Returning maximum FCN so far (-46756.6) to force MIGRAD to back out of this region. Error log follows
Parameter values: b1=0.370044, b2=4.25315, fLM1=0.660212, meanLM1=1115.93, nbkg=2165.49, ngauLM=2394.11, sigLM1=1.56671, sigLM2=3.71412
RooChebychev::bkg[ x=R_M coefList=(b1,b2) ]
     p.d.f normalization integral is zero or negative @ x=R_M=1115.51, coefList=(b1 = 0.370044,b2 = 4.25315)
     p.d.f value is less than zero (-3.251685), forcing value to zero @ x=R_M=1116.11, coefList=(b1 = 0.370044,b2 = 4.25315)
     p.d.f normalization integral is zero or negative @ x=R_M=1116.11, coefList=(b1 = 0.370044,b2 = 4.25315)
     p.d.f value is less than zero (-3.246500), forcing value to zero @ x=R_M=1116.41, coefList=(b1 = 0.370044,b2 = 4.25315)
     p.d.f normalization integral is zero or negative @ x=R_M=1116.41, coefList=(b1 = 0.370044,b2 = 4.25315)
     p.d.f value is less than zero (-3.247361), forcing value to zero @ x=R_M=1114.33, coefList=(b1 = 0.370044,b2 = 4.25315)
     p.d.f normalization integral is zero or negative @ x=R_M=1114.33, coefList=(b1 = 0.370044,b2 = 4.25315)
     p.d.f value is less than zero (-3.186673), forcing value to zero @ x=R_M=1118.08, coefList=(b1 = 0.370044,b2 = 4.25315)
     p.d.f normalization integral is zero or negative @ x=R_M=1118.08, coefList=(b1 = 0.370044,b2 = 4.25315)
     p.d.f value is less than zero (-3.249297), forcing value to zero @ x=R_M=1114.43, coefList=(b1 = 0.370044,b2 = 4.25315)
     p.d.f normalization integral is zero or negative @ x=R_M=1114.43, coefList=(b1 = 0.370044,b2 = 4.25315)
     p.d.f value is less than zero (-3.230900), forcing value to zero @ x=R_M=1117.01, coefList=(b1 = 0.370044,b2 = 4.25315)
    ... (remaining 2038 messages suppressed)

[#0] WARNING:Minization -- RooMinuitGlue: Minimized function has error status.
Returning maximum FCN so far (-46756.6) to force MIGRAD to back out of this region. Error log follows
Parameter values: b1=0.370044, b2=-3.82427, fLM1=0.660212, meanLM1=1115.93, nbkg=2165.49, ngauLM=2394.11, sigLM1=1.56671, sigLM2=3.71412
RooChebychev::bkg[ x=R_M coefList=(b1,b2) ]
     p.d.f value is less than zero (-0.454849), forcing value to zero @ x=R_M=1091.79, coefList=(b1 = 0.370044,b2 = -3.82427)
     p.d.f value is less than zero (-0.247106), forcing value to zero @ x=R_M=1092.29, coefList=(b1 = 0.370044,b2 = -3.82427)
     p.d.f value is less than zero (-0.963149), forcing value to zero @ x=R_M=1090.62, coefList=(b1 = 0.370044,b2 = -3.82427)
     p.d.f value is less than zero (-0.616162), forcing value to zero @ x=R_M=1091.41, coefList=(b1 = 0.370044,b2 = -3.82427)
     p.d.f value is less than zero (-0.937510), forcing value to zero @ x=R_M=1090.68, coefList=(b1 = 0.370044,b2 = -3.82427)
     p.d.f value is less than zero (-0.596015), forcing value to zero @ x=R_M=1091.46, coefList=(b1 = 0.370044,b2 = -3.82427)
     p.d.f value is less than zero (-0.505372), forcing value to zero @ x=R_M=1091.67, coefList=(b1 = 0.370044,b2 = -3.82427)
     p.d.f value is less than zero (-0.779531), forcing value to zero @ x=R_M=1091.04, coefList=(b1 = 0.370044,b2 = -3.82427)
     p.d.f value is less than zero (-1.038537), forcing value to zero @ x=R_M=1090.45, coefList=(b1 = 0.370044,b2 = -3.82427)
     p.d.f value is less than zero (-0.075414), forcing value to zero @ x=R_M=1092.7, coefList=(b1 = 0.370044,b2 = -3.82427)
     p.d.f value is less than zero (-0.253474), forcing value to zero @ x=R_M=1092.27, coefList=(b1 = 0.370044,b2 = -3.82427)
     p.d.f value is less than zero (-1.022394), forcing value to zero @ x=R_M=1090.49, coefList=(b1 = 0.370044,b2 = -3.82427)
    ... (remaining 90 messages suppressed)

 FCN=-65932.2 FROM MIGRAD    STATUS=INITIATE       67 CALLS          68 TOTAL
                     EDM= unknown      STRATEGY= 1      NO ERROR MATRIX       
  EXT PARAMETER               CURRENT GUESS       STEP         FIRST   
  NO.   NAME      VALUE            ERROR          SIZE      DERIVATIVE 
   1  b1           3.70044e-01   2.00000e+03   0.00000e+00   0.00000e+00
   2  b2           2.14440e-01   2.00000e+03   0.00000e+00   0.00000e+00
   3  fLM1         6.60212e-01   1.00000e-01   0.00000e+00  -6.91975e+01
   4  meanLM1      1.11593e+03   8.00000e-01   0.00000e+00   1.45505e+02
   5  nbkg         2.16549e+03   1.08275e+03   0.00000e+00  -4.56348e+05
   6  ngauLM       2.39411e+03   5.00000e+01   2.46213e-03  -4.64484e+06
   7  sigLM1       1.56671e+00   7.83353e-01   0.00000e+00  -1.85927e+03
   8  sigLM2       3.71412e+00   1.85706e+00   0.00000e+00   2.02525e+03
                               ERR DEF= 0.5
 MIGRAD MINIMIZATION HAS CONVERGED.
 FCN=-73477.2 FROM MIGRAD    STATUS=CONVERGED     301 CALLS         302 TOTAL
                     EDM=4.54831e-06    STRATEGY= 1  ERROR MATRIX UNCERTAINTY   3.1 per cent
  EXT PARAMETER                                   STEP         FIRST   
  NO.   NAME      VALUE            ERROR          SIZE      DERIVATIVE 
   1  b1           5.46105e-01   4.24630e-02   3.52995e-09  -4.21488e+01
   2  b2          -1.37710e-01   8.81524e-02  -2.15110e-07  -8.20127e+01
   3  fLM1         5.73080e-01   4.48535e-02  -2.37692e-03   8.98592e-02
   4  meanLM1      1.11593e+03   2.49581e-02  -6.29881e-05   3.58330e-03
   5  nbkg         3.56952e+03   1.11050e+02   1.00358e-05   4.67472e+00
   6  ngauLM       1.05156e+04   1.37746e+02  -2.11358e-06   2.59617e+01
   7  sigLM1       1.62725e+00   6.81331e-02  -1.37693e-04  -6.27316e-01
   8  sigLM2       3.68094e+00   2.19603e-01  -5.39709e-04  -3.84212e-01
                               ERR DEF= 0.5
 EXTERNAL ERROR MATRIX.    NDIM=  25    NPAR=  8    ERR DEF=0.5
  1.803e-03  1.547e-03  1.424e-04 -1.085e-04  1.136e+00  7.555e-01  2.145e-04  1.084e-03 
  1.547e-03  7.771e-03  1.279e-03 -1.171e-04 -3.926e-01  6.038e+00  1.911e-03  9.778e-03 
  1.424e-04  1.279e-03  2.017e-03 -1.721e-05 -1.445e+00  2.008e+00  2.829e-03  8.839e-03 
 -1.085e-04 -1.171e-04 -1.721e-05  6.229e-04 -9.888e-02  5.707e-03  9.954e-06 -1.258e-04 
  1.136e+00 -3.926e-01 -1.445e+00 -9.888e-02  1.233e+04 -5.663e+03 -2.103e+00 -1.049e+01 
  7.555e-01  6.038e+00  2.008e+00  5.707e-03 -5.663e+03  1.897e+04  2.943e+00  1.491e+01 
  2.145e-04  1.911e-03  2.829e-03  9.954e-06 -2.103e+00  2.943e+00  4.642e-03  1.214e-02 
  1.084e-03  9.778e-03  8.839e-03 -1.258e-04 -1.049e+01  1.491e+01  1.214e-02  4.823e-02 
 PARAMETER  CORRELATION COEFFICIENTS  
       NO.  GLOBAL      1      2      3      4      5      6      7      8
        1  0.49269   1.000  0.413  0.075 -0.102  0.241  0.129  0.074  0.116
        2  0.73306   0.413  1.000  0.323 -0.053 -0.040  0.497  0.318  0.505
        3  0.96630   0.075  0.323  1.000 -0.015 -0.290  0.325  0.924  0.896
        4  0.11966  -0.102 -0.053 -0.015  1.000 -0.036  0.002  0.006 -0.023
        5  0.63700   0.241 -0.040 -0.290 -0.036  1.000 -0.370 -0.278 -0.430
        6  0.63079   0.129  0.497  0.325  0.002 -0.370  1.000  0.314  0.493
        7  0.92795   0.074  0.318  0.924  0.006 -0.278  0.314  1.000  0.812
        8  0.94842   0.116  0.505  0.896 -0.023 -0.430  0.493  0.812  1.000
 **********
 **   18 **MINOS        4000
 **********
 FCN=-73477.2 FROM MINOS     STATUS=SUCCESSFUL   1168 CALLS        1470 TOTAL
                     EDM=4.54831e-06    STRATEGY= 1  ERROR MATRIX UNCERTAINTY   3.1 per cent
  EXT PARAMETER                  PARABOLIC         MINOS ERRORS        
  NO.   NAME      VALUE            ERROR      NEGATIVE      POSITIVE   
   1  b1           5.46105e-01   4.24630e-02  -4.40617e-02   4.24053e-02
   2  b2          -1.37710e-01   8.81524e-02  -8.99480e-02   8.77018e-02
   3  fLM1         5.73080e-01   4.48535e-02  -4.73882e-02   4.38492e-02
   4  meanLM1      1.11593e+03   2.49581e-02  -2.50076e-02   2.50236e-02
   5  nbkg         3.56952e+03   1.11050e+02  -1.10684e+02   1.11034e+02
   6  ngauLM       1.05156e+04   1.37746e+02  -1.36643e+02   1.39576e+02
   7  sigLM1       1.62725e+00   6.81331e-02  -7.17285e-02   6.75906e-02
   8  sigLM2       3.68094e+00   2.19603e-01  -2.06032e-01   2.32933e-01
                               ERR DEF= 0.5
 **********
 **   23 **MINOS        4000
 **********
 FCN=-73477.2 FROM MINOS     STATUS=SUCCESSFUL   1168 CALLS        2638 TOTAL
                     EDM=4.54831e-06    STRATEGY= 1  ERROR MATRIX UNCERTAINTY   3.1 per cent
  EXT PARAMETER                  PARABOLIC         MINOS ERRORS        
  NO.   NAME      VALUE            ERROR      NEGATIVE      POSITIVE   
   1  b1           5.46105e-01   4.24630e-02  -4.40617e-02   4.24053e-02
   2  b2          -1.37710e-01   8.81524e-02  -8.99480e-02   8.77018e-02
   3  fLM1         5.73080e-01   4.48535e-02  -4.73882e-02   4.38492e-02
   4  meanLM1      1.11593e+03   2.49581e-02  -2.50076e-02   2.50236e-02
   5  nbkg         3.56952e+03   1.11050e+02  -1.10684e+02   1.11034e+02
   6  ngauLM       1.05156e+04   1.37746e+02  -1.36643e+02   1.39576e+02
   7  sigLM1       1.62725e+00   6.81331e-02  -7.17285e-02   6.75906e-02
   8  sigLM2       3.68094e+00   2.19603e-01  -2.06032e-01   2.32933e-01
                               ERR DEF= 0.5
fit_mass: Fit complete.
fit_mass: Starting save_plot_fit_mass():
[#1] INFO:Plotting -- RooAbsPdf::plotOn(totalPdf) p.d.f was fitted in range and no explicit plot,norm range was specified, using fit range as default
[#1] INFO:Plotting -- RooAbsPdf::plotOn(totalPdf) only plotting range 'fit_nll_totalPdf_data'
[#1] INFO:Plotting -- RooAbsPdf::plotOn(totalPdf) p.d.f. curve is normalized using explicit choice of ranges 'fit_nll_totalPdf_data'
Background: Chebychev b1 = 0.546105 +/- 4.406170E-02
Background: Chebychev b2 = -0.137710 +/- 8.994804E-02
[#1] INFO:Plotting -- RooAbsPdf::plotOn(totalPdf) p.d.f was fitted in range and no explicit plot,norm range was specified, using fit range as default
[#1] INFO:Plotting -- RooAbsPdf::plotOn(totalPdf) only plotting range 'fit_nll_totalPdf_data'
[#1] INFO:Plotting -- RooAbsPdf::plotOn(totalPdf) p.d.f. curve is normalized using explicit choice of ranges 'fit_nll_totalPdf_data'
[#1] INFO:Plotting -- RooAbsPdf::plotOn(totalPdf) directly selected PDF components: (bkg)
[#1] INFO:Plotting -- RooAbsPdf::plotOn(totalPdf) indirectly selected PDF components: ()
#Lambda M: fraction Gaussian 1 = 0.573080 +/- 4.738821E-02
#Lambda M: mean1 = 1115.932397 +/- 2.502359E-02
#Lambda M: sigma1 = 1.627252 +/- 7.172848E-02
#Lambda M: sigma2 = 3.680943 +/- 2.329331E-01
[#1] INFO:Plotting -- RooAbsPdf::plotOn(totalPdf) p.d.f was fitted in range and no explicit plot,norm range was specified, using fit range as default
[#1] INFO:Plotting -- RooAbsPdf::plotOn(totalPdf) only plotting range 'fit_nll_totalPdf_data'
[#1] INFO:Plotting -- RooAbsPdf::plotOn(totalPdf) p.d.f. curve is normalized using explicit choice of ranges 'fit_nll_totalPdf_data'
[#1] INFO:Plotting -- RooAbsPdf::plotOn(totalPdf) directly selected PDF components: (sigLM)
[#1] INFO:Plotting -- RooAbsPdf::plotOn(totalPdf) indirectly selected PDF components: (gauLM1,gauLM2,meanLM2)
#chi^{2}/N_{DoF} = 1.224821
N bkg = 3569.519307 +/- 111.033817
N /\ (/\ mass) = 10515.558482 +/- 139.575717
Y_{#Sigma^{0}}/Y_{#Lambda} = 1.000000E+00 +/- 4.399067E-02
limit = 1.064210E+00
limit at 90% confidence level = 1.702735E+00
Info in <TCanvas::Print>: eps file plots/fitLMDD1.eps has been created
Info in <TCanvas::SaveSource>: C++ Macro file: plots/fitLMDD1.C has been generated
save_plot_fit_mass() complete.
fit_mass complete.
=========================================
Finish root @	Fri May 20 20:58:08 CEST 2016
=========================================
