=========================================
START@:		Thu Mar 10 20:41:03 CET 2016
=========================================
Configuring DaVinci v39r0p1 from /cvmfs/lhcb.cern.ch/lib/lhcb/DAVINCI/DAVINCI_v39r0p1
Using CMTPROJECTPATH = '/afs/cern.ch/user/m/mwilkins/cmtuser:/cvmfs/lhcb.cern.ch/lib/lhcb:/cvmfs/lhcb.cern.ch/lib/lcg/releases:/cvmfs/lhcb.cern.ch/lib/lcg/app/releases:/cvmfs/lhcb.cern.ch/lib/lcg/external'
Environment for DaVinci v39r0p1 ready.
(Compat v1r19 from /cvmfs/lhcb.cern.ch/lib/lhcb/COMPAT/COMPAT_v1r19,
 DaVinci v39r0p1 from /cvmfs/lhcb.cern.ch/lib/lhcb/DAVINCI/DAVINCI_v39r0p1)

Processing rootopts/myRoot.C...

[1mRooFit v3.60 -- Developed by Wouter Verkerke and David Kirkby[0m 
                Copyright (C) 2000-2013 NIKHEF, University of California & Stanford University
                All rights reserved, please read http://roofit.sourceforge.net/license.txt

fileN = 8_nosig
-------------------------
Set LHCb Style - Feb 2012
-------------------------
tree gotten
SMC file opened
SMC hist gotten
LstMC file opened
LstMC hist gotten
[#1] INFO:Eval -- RooRealVar::setRange(Bs_LOKI_MASS_JpsiConstr) new range named 'bkg1' created with bounds [4300,4800]
[#1] INFO:Eval -- RooRealVar::setRange(Bs_LOKI_MASS_JpsiConstr) new range named 'bkg2' created with bounds [5700,5950]
[#1] INFO:Eval -- RooRealVar::setRange(Bs_LOKI_MASS_JpsiConstr) new range named 'bkg3' created with bounds [4300,5500]
[#1] INFO:Eval -- RooRealVar::setRange(Bs_LOKI_MASS_JpsiConstr) new range named 'bkg4' created with bounds [5100,5500]
[#1] INFO:Eval -- RooRealVar::setRange(Bs_LOKI_MASS_JpsiConstr) new range named 'L' created with bounds [5350,5950]
[#1] INFO:Eval -- RooRealVar::setRange(Bs_LOKI_MASS_JpsiConstr) new range named 'tail' created with bounds [5950,6040]
[#1] INFO:Eval -- RooRealVar::setRange(Bs_LOKI_MASS_JpsiConstr) new range named 'tot' created with bounds [4300,6040]
mass declared
[#1] INFO:Eval -- RooTreeDataStore::loadValues(data) Ignored 84 out of range events
data declared
[#1] INFO:DataHandling -- RooDataHist::adjustBinning(SMC): fit range of variable Bs_LOKI_MASS_JpsiConstr expanded to nearest bin boundaries: [4100,6100] --> [4100,6100]
SMC hist assigned to RooDataHist
[#1] INFO:DataHandling -- RooDataHist::adjustBinning(LstMC): fit range of variable Bs_LOKI_MASS_JpsiConstr expanded to nearest bin boundaries: [4100,6100] --> [4100,6100]
LstMC hist assigned to RooDataHist
Lst stuff
[#1] INFO:Fitting -- RooAbsOptTestStatistic::ctor(nll_totalPdf_data) constructing test statistic for sub-range named tot
[#1] INFO:Eval -- RooRealVar::setRange(Bs_LOKI_MASS_JpsiConstr) new range named 'NormalizationRangeFortot' created with bounds [4100,6100]
[#1] INFO:Eval -- RooRealVar::setRange(Bs_LOKI_MASS_JpsiConstr) new range named 'fit_nll_totalPdf_data' created with bounds [4300,6040]
[#1] INFO:Fitting -- RooAbsOptTestStatistic::ctor(nll_totalPdf_data) fixing interpretation of coefficients of any RooAddPdf to full domain of observables 
 **********
 **   13 **MIGRAD        6000           1
 **********
 FIRST CALL TO USER FUNCTION AT NEW START POINT, WITH IFLAG=4.
 START MIGRAD MINIMIZATION.  STRATEGY  1.  CONVERGENCE WHEN EDM .LT. 1.00e-03
 FCN=-17891.3 FROM MIGRAD    STATUS=INITIATE       90 CALLS          91 TOTAL
                     EDM= unknown      STRATEGY= 1      NO ERROR MATRIX       
  EXT PARAMETER               CURRENT GUESS       STEP         FIRST   
  NO.   NAME      VALUE            ERROR          SIZE      DERIVATIVE 
   1  b1          -1.17770e+00   5.88851e-01   0.00000e+00  -1.29619e+03
   2  b2           2.08825e-01   1.04413e-01   0.00000e+00  -3.84278e+01
   3  f1L          7.48776e-01   1.00000e-01   0.00000e+00   2.67270e+02
   4  mean1L       5.62110e+03   1.75000e+01   0.00000e+00  -1.18012e+03
   5  meanLst1     5.01103e+03   2.00000e+01   0.00000e+00   2.25311e+02
   6  nCBLst1405   1.99402e+03   7.60308e+01   6.46463e-04** at limit **
   7  nbkg         2.16549e+03   1.08275e+03   0.00000e+00  -5.01431e+05
   8  ngauLstmisc   4.39812e+02   2.19906e+02   0.00000e+00** at limit **
   9  nsigL        1.68964e+03   8.44819e+02   0.00000e+00  -2.26806e+06
  10  sig1L        6.89813e+00   3.44906e+00   0.00000e+00  -1.20842e+03
  11  sig2L        1.46931e+01   7.34656e+00   0.00000e+00  -7.41233e+02
  12  sigLst1      7.05221e+01   1.00000e+01   0.00000e+00  -9.67245e+00
                               ERR DEF= 0.5
 MIGRAD MINIMIZATION HAS CONVERGED.
 FCN=-21394.3 FROM MIGRAD    STATUS=CONVERGED     590 CALLS         591 TOTAL
                     EDM=1.88017e-05    STRATEGY= 1  ERROR MATRIX UNCERTAINTY   2.9 per cent
  EXT PARAMETER                                   STEP         FIRST   
  NO.   NAME      VALUE            ERROR          SIZE      DERIVATIVE 
   1  b1          -1.17392e+00   1.47523e-02   4.61564e-05  -2.06068e-01
   2  b2           2.02820e-01   2.45999e-02  -1.60801e-04   7.56515e-02
   3  f1L          8.31957e-01   2.79517e-02   1.05777e-04  -8.51294e-02
   4  mean1L       5.62135e+03   1.33276e-01  -6.64416e-07  -4.14933e-01
   5  meanLst1     4.99907e+03   4.66659e+00  -1.76263e-04  -2.35521e-02
   6  nCBLst1405   7.20074e+02   5.44185e+01  -2.16611e-07** at limit **
   7  nbkg         6.65024e+03   1.14015e+02  -1.41887e-06  -6.04614e+00
   8  ngauLstmisc   7.31425e+02   5.36282e+01   7.91250e-08** at limit **
   9  nsigL        4.70668e+03   6.63452e+01   3.29946e-07   7.88873e+01
  10  sig1L        8.06790e+00   2.50145e-01  -1.58881e-06  -2.41454e-01
  11  sig2L        2.38039e+01   2.53079e+00   2.99271e-05   1.42304e-01
  12  sigLst1      6.08876e+01   4.44798e+00  -5.28345e-04  -2.59272e-02
                               ERR DEF= 0.5
 EXTERNAL ERROR MATRIX.    NDIM=  26    NPAR= 12    ERR DEF=0.5
 ELEMENTS ABOVE DIAGONAL ARE NOT PRINTED.
  2.176e-04 
 -2.202e-04  6.052e-04 
 -1.404e-04  2.341e-04  7.828e-04 
 -1.408e-05  3.285e-05  1.258e-04  1.776e-02 
  1.310e-05 -6.885e-03 -1.010e-02 -2.408e-03  2.179e+01 
 -1.706e-01  5.159e-01  4.608e-01  1.743e-01 -5.301e+01  2.961e+03 
  3.225e-02 -3.314e-01 -6.344e-01 -2.404e-01  6.048e+01 -1.308e+03  1.300e+04 
 -1.035e-01  3.141e-01  5.019e-02 -2.377e-02 -8.484e+00 -4.057e+02 -2.105e+03  2.876e+03 
 -1.255e-02  1.083e-02  2.996e-01 -1.463e-01  1.575e+01 -5.516e+02  1.677e+02  3.541e+02  4.402e+03 
 -1.258e-03  2.154e-03  6.045e-03  7.998e-04 -8.430e-02  4.191e+00 -5.781e+00  2.613e-01  2.720e+00  6.257e-02 
 -1.425e-02  2.435e-02  6.326e-02  9.899e-03 -5.955e-01  3.292e+01 -6.003e+01  1.441e+01  2.453e+01  5.056e-01  6.412e+00 
 -9.977e-03  2.731e-02  4.131e-03 -7.914e-03 -2.787e+00  1.593e+00 -1.521e+02  1.247e+02  3.299e+01  2.543e-02  1.281e+00 
 -9.977e-03  2.731e-02  4.131e-03 -7.914e-03 -2.787e+00  1.593e+00 -1.521e+02  1.247e+02  3.299e+01  2.543e-02  1.281e+00  1.984e+01 
 PARAMETER  CORRELATION COEFFICIENTS  
       NO.  GLOBAL      1      2      3      4      5      6      7      8      9     10     11     12
        1  0.63583   1.000 -0.607 -0.340 -0.007  0.000 -0.213  0.019 -0.131 -0.013 -0.341 -0.381 -0.152
        2  0.70985  -0.607  1.000  0.340  0.010 -0.060  0.385 -0.118  0.238  0.007  0.350  0.391  0.249
        3  0.93038  -0.340  0.340  1.000  0.034 -0.077  0.303 -0.199  0.033  0.161  0.864  0.893  0.033
        4  0.04648  -0.007  0.010  0.034  1.000 -0.004  0.024 -0.016 -0.003 -0.017  0.024  0.029 -0.013
        5  0.26664   0.000 -0.060 -0.077 -0.004  1.000 -0.209  0.114 -0.034  0.051 -0.072 -0.050 -0.134
        6  0.58605  -0.213  0.385  0.303  0.024 -0.209  1.000 -0.211 -0.139 -0.153  0.308  0.239  0.007
        7  0.49698   0.019 -0.118 -0.199 -0.016  0.114 -0.211  1.000 -0.344  0.022 -0.203 -0.208 -0.300
        8  0.62255  -0.131  0.238  0.033 -0.003 -0.034 -0.139 -0.344  1.000  0.100  0.019  0.106  0.522
        9  0.31147  -0.013  0.007  0.161 -0.017  0.051 -0.153  0.022  0.100  1.000  0.164  0.146  0.112
       10  0.87047  -0.341  0.350  0.864  0.024 -0.072  0.308 -0.203  0.019  0.164  1.000  0.798  0.023
       11  0.90427  -0.381  0.391  0.893  0.029 -0.050  0.239 -0.208  0.106  0.146  0.798  1.000  0.114
       12  0.57850  -0.152  0.249  0.033 -0.013 -0.134  0.007 -0.300  0.522  0.112  0.023  0.114  1.000
 **********
 **   18 **MINOS        6000
 **********
 FCN=-21394.3 FROM MINOS     STATUS=SUCCESSFUL   3606 CALLS        4197 TOTAL
                     EDM=1.88017e-05    STRATEGY= 1  ERROR MATRIX UNCERTAINTY   2.9 per cent
  EXT PARAMETER                  PARABOLIC         MINOS ERRORS        
  NO.   NAME      VALUE            ERROR      NEGATIVE      POSITIVE   
   1  b1          -1.17392e+00   1.47523e-02  -1.57522e-02   1.64092e-02
   2  b2           2.02820e-01   2.45999e-02  -2.69727e-02   2.65588e-02
   3  f1L          8.31957e-01   2.79517e-02  -3.06339e-02   2.37873e-02
   4  mean1L       5.62135e+03   1.33276e-01  -1.43842e-01   1.44041e-01
   5  meanLst1     4.99907e+03   4.66659e+00  -4.72633e+00   4.70423e+00
   6  nCBLst1405   7.20074e+02   5.44185e+01  -7.05522e+01   7.01154e+01
                                 WARNING -   - ABOVE PARAMETER IS AT LIMIT.
   7  nbkg         6.65024e+03   1.14015e+02  -1.19859e+02   1.21643e+02
   8  ngauLstmisc   7.31425e+02   5.36282e+01  -5.24549e+01   5.45962e+01
                                 WARNING -   - ABOVE PARAMETER IS AT LIMIT.
   9  nsigL        4.70668e+03   6.63452e+01  -7.13320e+01   7.14337e+01
  10  sig1L        8.06790e+00   2.50145e-01  -2.55188e-01   2.30064e-01
  11  sig2L        2.38039e+01   2.53079e+00  -2.48504e+00   2.67818e+00
  12  sigLst1      6.08876e+01   4.44798e+00  -4.25531e+00   4.71754e+00
                               ERR DEF= 0.5
 **********
 **   23 **MINOS        6000
 **********
 FCN=-21394.3 FROM MINOS     STATUS=SUCCESSFUL   3606 CALLS        7803 TOTAL
                     EDM=1.88017e-05    STRATEGY= 1  ERROR MATRIX UNCERTAINTY   2.9 per cent
  EXT PARAMETER                  PARABOLIC         MINOS ERRORS        
  NO.   NAME      VALUE            ERROR      NEGATIVE      POSITIVE   
   1  b1          -1.17392e+00   1.47523e-02  -1.57522e-02   1.64092e-02
   2  b2           2.02820e-01   2.45999e-02  -2.69727e-02   2.65588e-02
   3  f1L          8.31957e-01   2.79517e-02  -3.06339e-02   2.37873e-02
   4  mean1L       5.62135e+03   1.33276e-01  -1.43842e-01   1.44041e-01
   5  meanLst1     4.99907e+03   4.66659e+00  -4.72633e+00   4.70423e+00
   6  nCBLst1405   7.20074e+02   5.44185e+01  -7.05522e+01   7.01154e+01
                                 WARNING -   - ABOVE PARAMETER IS AT LIMIT.
   7  nbkg         6.65024e+03   1.14015e+02  -1.19859e+02   1.21643e+02
   8  ngauLstmisc   7.31425e+02   5.36282e+01  -5.24549e+01   5.45962e+01
                                 WARNING -   - ABOVE PARAMETER IS AT LIMIT.
   9  nsigL        4.70668e+03   6.63452e+01  -7.13320e+01   7.14337e+01
  10  sig1L        8.06790e+00   2.50145e-01  -2.55188e-01   2.30064e-01
  11  sig2L        2.38039e+01   2.53079e+00  -2.48504e+00   2.67818e+00
  12  sigLst1      6.08876e+01   4.44798e+00  -4.25531e+00   4.71754e+00
                               ERR DEF= 0.5
[#1] INFO:Plotting -- RooAbsPdf::plotOn(totalPdf) p.d.f was fitted in range and no explicit plot,norm range was specified, using fit range as default
[#1] INFO:Plotting -- RooAbsPdf::plotOn(totalPdf) only plotting range 'fit_nll_totalPdf_data'
[#1] INFO:Plotting -- RooAbsPdf::plotOn(totalPdf) p.d.f. curve is normalized using explicit choice of ranges 'fit_nll_totalPdf_data'
/\ signal: fraction gaussian 1 = 0.831957 +/- 3.063387E-02
/\ gaus 1: mean = 5621.345936 +/- 1.440413E-01
/\ gaus 1: sigma = 8.067900 +/- 2.551877E-01
/\ gaus 2: sigma = 23.803920 +/- 2.678178E+00
[#1] INFO:Plotting -- RooAbsPdf::plotOn(totalPdf) p.d.f was fitted in range and no explicit plot,norm range was specified, using fit range as default
[#1] INFO:Plotting -- RooAbsPdf::plotOn(totalPdf) only plotting range 'fit_nll_totalPdf_data'
[#1] INFO:Plotting -- RooAbsPdf::plotOn(totalPdf) p.d.f. curve is normalized using explicit choice of ranges 'fit_nll_totalPdf_data'
[#1] INFO:Plotting -- RooAbsPdf::plotOn(totalPdf) directly selected PDF components: (sigL)
[#1] INFO:Plotting -- RooAbsPdf::plotOn(totalPdf) indirectly selected PDF components: (gau1L,gau2L,mean2L)
/\*(misc.): mean1 = 4999.067792 +/- 4.726334E+00
/\*(misc.): sigma1 = 60.887611 +/- 4.717541E+00
[#1] INFO:Plotting -- RooAbsPdf::plotOn(totalPdf) p.d.f was fitted in range and no explicit plot,norm range was specified, using fit range as default
[#1] INFO:Plotting -- RooAbsPdf::plotOn(totalPdf) only plotting range 'fit_nll_totalPdf_data'
[#1] INFO:Plotting -- RooAbsPdf::plotOn(totalPdf) p.d.f. curve is normalized using explicit choice of ranges 'fit_nll_totalPdf_data'
[#1] INFO:Plotting -- RooAbsPdf::plotOn(totalPdf) directly selected PDF components: (gauLstmisc)
[#1] INFO:Plotting -- RooAbsPdf::plotOn(totalPdf) indirectly selected PDF components: ()
[#1] INFO:Plotting -- RooAbsPdf::plotOn(totalPdf) p.d.f was fitted in range and no explicit plot,norm range was specified, using fit range as default
[#1] INFO:Plotting -- RooAbsPdf::plotOn(totalPdf) only plotting range 'fit_nll_totalPdf_data'
[#1] INFO:Plotting -- RooAbsPdf::plotOn(totalPdf) p.d.f. curve is normalized using explicit choice of ranges 'fit_nll_totalPdf_data'
[#1] INFO:Plotting -- RooAbsPdf::plotOn(totalPdf) directly selected PDF components: (CBLst1405)
[#1] INFO:Plotting -- RooAbsPdf::plotOn(totalPdf) indirectly selected PDF components: ()
Background: Chebychev b1 = -1.173922 +/- 1.640920E-02
Background: Chebychev b2 = 0.202820 +/- 2.697272E-02
[#1] INFO:Plotting -- RooAbsPdf::plotOn(totalPdf) p.d.f was fitted in range and no explicit plot,norm range was specified, using fit range as default
[#1] INFO:Plotting -- RooAbsPdf::plotOn(totalPdf) only plotting range 'fit_nll_totalPdf_data'
[#1] INFO:Plotting -- RooAbsPdf::plotOn(totalPdf) p.d.f. curve is normalized using explicit choice of ranges 'fit_nll_totalPdf_data'
[#1] INFO:Plotting -- RooAbsPdf::plotOn(totalPdf) directly selected PDF components: (bkg)
[#1] INFO:Plotting -- RooAbsPdf::plotOn(totalPdf) indirectly selected PDF components: ()
#chi^{2}/N_{DoF} = 1.811626
N /\ = 4706.684027 +/- 71.433671
N /\*(misc.) = 731.424683 +/- 54.596174
N /\*(1405) = 720.074400 +/- 70.552249
N bkg = 6650.239808 +/- 121.642869
Y_{#Sigma^{0}}/Y_{#Lambda} = 1.000000E+00 +/- 2.146362E-02
limit = 1.030822E+00
limit at 90% confidence level = 1.649315E+00
Info in <TCanvas::Print>: eps file plots/fit8_nosig.eps has been created
Info in <TCanvas::SaveSource>: C++ Macro file: plots/fit8_nosig.C has been generated
=========================================
Finish root @	Thu Mar 10 20:48:30 CET 2016
=========================================
