=========================================
START@:		Fri Apr 15 15:55:11 CEST 2016
=========================================
Configuring DaVinci v39r1p1 from /cvmfs/lhcb.cern.ch/lib/lhcb/DAVINCI/DAVINCI_v39r1p1
Using CMTPROJECTPATH = '/afs/cern.ch/user/m/mwilkins/cmtuser:/cvmfs/lhcb.cern.ch/lib/lhcb:/cvmfs/lhcb.cern.ch/lib/lcg/releases:/cvmfs/lhcb.cern.ch/lib/lcg/app/releases:/cvmfs/lhcb.cern.ch/lib/lcg/external'
Environment for DaVinci v39r1p1 ready.
(Compat v1r19 from /cvmfs/lhcb.cern.ch/lib/lhcb/COMPAT/COMPAT_v1r19,
 DaVinci v39r1p1 from /cvmfs/lhcb.cern.ch/lib/lhcb/DAVINCI/DAVINCI_v39r1p1)

Processing rootopts/myRoot.C...

[1mRooFit v3.60 -- Developed by Wouter Verkerke and David Kirkby[0m 
                Copyright (C) 2000-2013 NIKHEF, University of California & Stanford University
                All rights reserved, please read http://roofit.sourceforge.net/license.txt

fileN = _just_Lambda2
-------------------------
Set LHCb Style - Feb 2012
-------------------------
fit_mass: Set mass and data:
[#1] INFO:Eval -- RooRealVar::setRange(Bs_LOKI_MASS_JpsiConstr) new range named 'bkg1' created with bounds [4300,4800]
[#1] INFO:Eval -- RooRealVar::setRange(Bs_LOKI_MASS_JpsiConstr) new range named 'bkg2' created with bounds [5700,5950]
[#1] INFO:Eval -- RooRealVar::setRange(Bs_LOKI_MASS_JpsiConstr) new range named 'bkg3' created with bounds [4300,5500]
[#1] INFO:Eval -- RooRealVar::setRange(Bs_LOKI_MASS_JpsiConstr) new range named 'bkg4' created with bounds [5100,5500]
[#1] INFO:Eval -- RooRealVar::setRange(Bs_LOKI_MASS_JpsiConstr) new range named '1405' created with bounds [4220,5460]
[#1] INFO:Eval -- RooRealVar::setRange(Bs_LOKI_MASS_JpsiConstr) new range named 'L' created with bounds [5350,5950]
[#1] INFO:Eval -- RooRealVar::setRange(Bs_LOKI_MASS_JpsiConstr) new range named 'tail' created with bounds [5950,6040]
[#1] INFO:Eval -- RooRealVar::setRange(Bs_LOKI_MASS_JpsiConstr) new range named 'tot' created with bounds [4300,6040]
mass declared
[#1] INFO:Eval -- RooTreeDataStore::loadValues(LMC) Ignored 182 out of range events
LMC RooDataSet created
fit_mass: Mass and data set.
fit_mass: Assign shapes:
SMC file opened
SMC hist gotten
[#1] INFO:DataHandling -- RooDataHist::adjustBinning(SMC): fit range of variable Bs_LOKI_MASS_JpsiConstr expanded to nearest bin boundaries: [4100,6100] --> [4100,6100]
SMC hist assigned to RooDataHist
fit_mass: Shapes assigned.
fit_mass: declaring number of each shape:
fit_mass: Numbers declared.
fit_mass: adding shapes and their numbers to totalPdf:
fit_mass: totalPdf constructed.
fit_mass: Starting the fit:
[#1] INFO:Fitting -- RooAbsOptTestStatistic::ctor(nll_totalPdf_LMC) constructing test statistic for sub-range named tot
[#1] INFO:Eval -- RooRealVar::setRange(Bs_LOKI_MASS_JpsiConstr) new range named 'NormalizationRangeFortot' created with bounds [4100,6100]
[#1] INFO:Eval -- RooRealVar::setRange(Bs_LOKI_MASS_JpsiConstr) new range named 'fit_nll_totalPdf_LMC' created with bounds [4300,6040]
[#1] INFO:Fitting -- RooAbsOptTestStatistic::ctor(nll_totalPdf_LMC) fixing interpretation of coefficients of any RooAddPdf to full domain of observables 
 **********
 **   13 **MIGRAD        3500           1
 **********
 FIRST CALL TO USER FUNCTION AT NEW START POINT, WITH IFLAG=4.
 START MIGRAD MINIMIZATION.  STRATEGY  1.  CONVERGENCE WHEN EDM .LT. 1.00e-03
 FCN=-23166 FROM MIGRAD    STATUS=INITIATE       30 CALLS          31 TOTAL
                     EDM= unknown      STRATEGY= 1      NO ERROR MATRIX       
  EXT PARAMETER               CURRENT GUESS       STEP         FIRST   
  NO.   NAME      VALUE            ERROR          SIZE      DERIVATIVE 
   1  alphaL3      1.52405e+00   7.62027e-01   2.02229e-02  -1.65262e+04
   2  f1L          8.52015e-01   7.39925e-02   2.15101e-01   2.92631e+02
   3  mean3L       5.62106e+03   1.75000e+01   2.02384e-01  -3.94648e+02
   4  nL1          2.59878e+00   1.29939e+00   2.64211e-02  -5.64817e+03
   5  nsigL        1.68964e+03   8.44819e+02   6.72858e-04  -4.93699e+06
   6  sig3L        7.68329e+00   3.84165e+00   1.49090e-01   2.06147e+03
   7  sig4L        1.47995e+01   7.39977e+00   2.15110e-01  -2.42444e+04
                               ERR DEF= 0.5
 MIGRAD MINIMIZATION HAS CONVERGED.
 MIGRAD WILL VERIFY CONVERGENCE AND ERROR MATRIX.
 COVARIANCE MATRIX CALCULATED SUCCESSFULLY
 FCN=-33998 FROM MIGRAD    STATUS=CONVERGED     466 CALLS         467 TOTAL
                     EDM=5.93558e-05    STRATEGY= 1      ERROR MATRIX ACCURATE 
  EXT PARAMETER                                   STEP         FIRST   
  NO.   NAME      VALUE            ERROR          SIZE      DERIVATIVE 
   1  alphaL3      2.27834e+00   1.11401e-01   1.72343e-04   3.81010e+00
   2  f1L          9.62590e-01   2.92972e-03   1.75164e-03   1.55804e-01
   3  mean3L       5.62015e+03   1.03089e-01   1.47821e-04  -1.18853e+00
   4  nL1          2.75700e+00   4.24367e-01   6.16833e-04   1.07712e+00
   5  nsigL        8.10696e+03   9.00386e+01   4.02637e-06  -1.66912e+01
   6  sig3L        8.54375e+00   8.83624e-02   3.70199e-04   2.12958e-02
   7  sig4L        9.63980e+01   5.44692e+00   3.37646e-02   1.19225e-02
                               ERR DEF= 0.5
 EXTERNAL ERROR MATRIX.    NDIM=  25    NPAR=  7    ERR DEF=0.5
  1.241e-02 -6.520e-05 -2.026e-03 -3.688e-02  5.914e-04  2.003e-03 -1.923e-01 
 -6.520e-05  8.584e-06  2.624e-05  1.131e-04  5.333e-07  5.766e-05  5.603e-03 
 -2.026e-03  2.624e-05  1.063e-02  4.493e-03 -5.364e-05 -2.257e-04  3.893e-02 
 -3.688e-02  1.131e-04  4.493e-03  1.801e-01 -3.476e-03 -2.889e-03  8.448e-01 
  5.914e-04  5.333e-07 -5.364e-05 -3.476e-03  8.107e+03  6.625e-05 -5.476e-03 
  2.003e-03  5.766e-05 -2.257e-04 -2.889e-03  6.625e-05  7.808e-03  7.693e-02 
 -1.923e-01  5.603e-03  3.893e-02  8.448e-01 -5.476e-03  7.693e-02  3.055e+01 
 PARAMETER  CORRELATION COEFFICIENTS  
       NO.  GLOBAL      1      2      3      4      5      6      7
        1  0.81468   1.000 -0.200 -0.176 -0.780  0.000  0.204 -0.312
        2  0.45380  -0.200  1.000  0.087  0.091  0.000  0.223  0.346
        3  0.19122  -0.176  0.087  1.000  0.103 -0.000 -0.025  0.068
        4  0.80184  -0.780  0.091  0.103  1.000 -0.000 -0.077  0.360
        5  0.00010   0.000  0.000 -0.000 -0.000  1.000  0.000 -0.000
        6  0.39304   0.204  0.223 -0.025 -0.077  0.000  1.000  0.158
        7  0.49251  -0.312  0.346  0.068  0.360 -0.000  0.158  1.000
 **********
 **   18 **MINOS        3500
 **********
 MINUIT WARNING IN MIGRAD  
 ============== Negative diagonal element 6 in Error Matrix
 MINUIT WARNING IN MIGRAD  
 ============== 1.04114 added to diagonal of error matrix
 MIGRAD FAILS WITH STRATEGY=0.   WILL TRY WITH STRATEGY=1.
 MINUIT WARNING IN MIGRAD  
 ============== Negative diagonal element 6 in Error Matrix
 MINUIT WARNING IN MIGRAD  
 ============== 1.72118 added to diagonal of error matrix
 MINUIT WARNING IN MIGRAD  
 ============== Negative diagonal element 6 in Error Matrix
 MINUIT WARNING IN MIGRAD  
 ============== 1.40373 added to diagonal of error matrix
 MIGRAD FAILS WITH STRATEGY=0.   WILL TRY WITH STRATEGY=1.
    THE POSITIVE MINOS ERROR OF PARAMETER   7, sig4L EXCEEDS ITS LIMIT.
 FCN=-33998 FROM MINOS     STATUS=PROBLEMS     1485 CALLS        1952 TOTAL
                     EDM=5.93558e-05    STRATEGY= 1      ERROR MATRIX ACCURATE 
  EXT PARAMETER                  PARABOLIC         MINOS ERRORS        
  NO.   NAME      VALUE            ERROR      NEGATIVE      POSITIVE   
   1  alphaL3      2.27834e+00   1.11401e-01  -1.19978e-01   1.21404e-01
   2  f1L          9.62590e-01   2.92972e-03  -3.04685e-03   2.87545e-03
   3  mean3L       5.62015e+03   1.03089e-01  -1.03081e-01   1.03539e-01
   4  nL1          2.75700e+00   4.24367e-01  -3.94491e-01   5.68393e-01
   5  nsigL        8.10696e+03   9.00386e+01  -8.96576e+01   9.04205e+01
   6  sig3L        8.54375e+00   8.83624e-02  -8.83712e-02   8.87805e-02
   7  sig4L        9.63980e+01   5.44692e+00  -5.39056e+00   at limit   
                               ERR DEF= 0.5
 **********
 **   23 **MINOS        3500
 **********
 MINUIT WARNING IN MIGRAD  
 ============== Negative diagonal element 6 in Error Matrix
 MINUIT WARNING IN MIGRAD  
 ============== 1.40354 added to diagonal of error matrix
 MIGRAD FAILS WITH STRATEGY=0.   WILL TRY WITH STRATEGY=1.
    THE POSITIVE MINOS ERROR OF PARAMETER   7, sig4L EXCEEDS ITS LIMIT.
 FCN=-33998 FROM MINOS     STATUS=PROBLEMS     1331 CALLS        3283 TOTAL
                     EDM=5.93558e-05    STRATEGY= 1      ERROR MATRIX ACCURATE 
  EXT PARAMETER                  PARABOLIC         MINOS ERRORS        
  NO.   NAME      VALUE            ERROR      NEGATIVE      POSITIVE   
   1  alphaL3      2.27834e+00   1.11401e-01  -1.19962e-01   1.21404e-01
   2  f1L          9.62590e-01   2.92972e-03  -3.04685e-03   2.87546e-03
   3  mean3L       5.62015e+03   1.03089e-01  -1.03081e-01   1.03539e-01
   4  nL1          2.75700e+00   4.24367e-01  -3.94491e-01   5.68393e-01
   5  nsigL        8.10696e+03   9.00386e+01  -8.96576e+01   9.04205e+01
   6  sig3L        8.54375e+00   8.83624e-02  -8.83712e-02   8.87805e-02
   7  sig4L        9.63980e+01   5.44692e+00  -5.39056e+00   at limit   
                               ERR DEF= 0.5
fit_mass: Fit complete.
fit_mass: Starting save_plot_fit_mass():
[#1] INFO:Plotting -- RooAbsPdf::plotOn(totalPdf) p.d.f was fitted in range and no explicit plot,norm range was specified, using fit range as default
[#1] INFO:Plotting -- RooAbsPdf::plotOn(totalPdf) only plotting range 'fit_nll_totalPdf_LMC'
[#1] INFO:Plotting -- RooAbsPdf::plotOn(totalPdf) p.d.f. curve is normalized using explicit choice of ranges 'fit_nll_totalPdf_LMC'
/\ CB: alpha = 2.278343 +/- 1.214037E-01
/\ signal: fraction CB = 0.962590 +/- 3.046848E-03
/\ CB: mean = 5620.150019 +/- 1.035394E-01
/\ CB: n = 2.757001 +/- 5.683928E-01
/\ CB: sigma = 8.543746 +/- 8.878047E-02
/\ gaus: sigma = 96.398043 +/- 5.390560E+00
[#1] INFO:Plotting -- RooAbsPdf::plotOn(totalPdf) p.d.f was fitted in range and no explicit plot,norm range was specified, using fit range as default
[#1] INFO:Plotting -- RooAbsPdf::plotOn(totalPdf) only plotting range 'fit_nll_totalPdf_LMC'
[#1] INFO:Plotting -- RooAbsPdf::plotOn(totalPdf) p.d.f. curve is normalized using explicit choice of ranges 'fit_nll_totalPdf_LMC'
[#1] INFO:Plotting -- RooAbsPdf::plotOn(totalPdf) directly selected PDF components: (sigL)
[#1] INFO:Plotting -- RooAbsPdf::plotOn(totalPdf) indirectly selected PDF components: (CBL,gauL,mean4L)
#chi^{2}/N_{DoF} = 17.731779
N /\ = 8106.961507 +/- 90.420518
Y_{#Sigma^{0}}/Y_{#Lambda} = 1.000000E+00 +/- 1.577335E-02
limit = 1.022558E+00
limit at 90% confidence level = 1.636094E+00
[#0] WARNING:Plotting -- RooHist::makeResisHist(Hist) WARNING: point 10 has zero error, setting residual to zero
[#0] WARNING:Plotting -- RooHist::makeResisHist(Hist) WARNING: point 11 has zero error, setting residual to zero
[#0] WARNING:Plotting -- RooHist::makeResisHist(Hist) WARNING: point 12 has zero error, setting residual to zero
[#0] WARNING:Plotting -- RooHist::makeResisHist(Hist) WARNING: point 13 has zero error, setting residual to zero
[#0] WARNING:Plotting -- RooHist::makeResisHist(Hist) WARNING: point 14 has zero error, setting residual to zero
[#0] WARNING:Plotting -- RooHist::makeResisHist(Hist) WARNING: point 15 has zero error, setting residual to zero
[#0] WARNING:Plotting -- RooHist::makeResisHist(Hist) WARNING: point 16 has zero error, setting residual to zero
[#0] WARNING:Plotting -- RooHist::makeResisHist(Hist) WARNING: point 17 has zero error, setting residual to zero
[#0] WARNING:Plotting -- RooHist::makeResisHist(Hist) WARNING: point 18 has zero error, setting residual to zero
[#0] WARNING:Plotting -- RooHist::makeResisHist(Hist) WARNING: point 19 has zero error, setting residual to zero
[#0] WARNING:Plotting -- RooHist::makeResisHist(Hist) WARNING: point 20 has zero error, setting residual to zero
[#0] WARNING:Plotting -- RooHist::makeResisHist(Hist) WARNING: point 21 has zero error, setting residual to zero
[#0] WARNING:Plotting -- RooHist::makeResisHist(Hist) WARNING: point 22 has zero error, setting residual to zero
[#0] WARNING:Plotting -- RooHist::makeResisHist(Hist) WARNING: point 23 has zero error, setting residual to zero
[#0] WARNING:Plotting -- RooHist::makeResisHist(Hist) WARNING: point 24 has zero error, setting residual to zero
[#0] WARNING:Plotting -- RooHist::makeResisHist(Hist) WARNING: point 25 has zero error, setting residual to zero
[#0] WARNING:Plotting -- RooHist::makeResisHist(Hist) WARNING: point 26 has zero error, setting residual to zero
[#0] WARNING:Plotting -- RooHist::makeResisHist(Hist) WARNING: point 27 has zero error, setting residual to zero
[#0] WARNING:Plotting -- RooHist::makeResisHist(Hist) WARNING: point 28 has zero error, setting residual to zero
[#0] WARNING:Plotting -- RooHist::makeResisHist(Hist) WARNING: point 29 has zero error, setting residual to zero
[#0] WARNING:Plotting -- RooHist::makeResisHist(Hist) WARNING: point 30 has zero error, setting residual to zero
[#0] WARNING:Plotting -- RooHist::makeResisHist(Hist) WARNING: point 31 has zero error, setting residual to zero
[#0] WARNING:Plotting -- RooHist::makeResisHist(Hist) WARNING: point 32 has zero error, setting residual to zero
[#0] WARNING:Plotting -- RooHist::makeResisHist(Hist) WARNING: point 33 has zero error, setting residual to zero
[#0] WARNING:Plotting -- RooHist::makeResisHist(Hist) WARNING: point 34 has zero error, setting residual to zero
[#0] WARNING:Plotting -- RooHist::makeResisHist(Hist) WARNING: point 35 has zero error, setting residual to zero
[#0] WARNING:Plotting -- RooHist::makeResisHist(Hist) WARNING: point 36 has zero error, setting residual to zero
[#0] WARNING:Plotting -- RooHist::makeResisHist(Hist) WARNING: point 37 has zero error, setting residual to zero
[#0] WARNING:Plotting -- RooHist::makeResisHist(Hist) WARNING: point 38 has zero error, setting residual to zero
[#0] WARNING:Plotting -- RooHist::makeResisHist(Hist) WARNING: point 39 has zero error, setting residual to zero
[#0] WARNING:Plotting -- RooHist::makeResisHist(Hist) WARNING: point 40 has zero error, setting residual to zero
[#0] WARNING:Plotting -- RooHist::makeResisHist(Hist) WARNING: point 41 has zero error, setting residual to zero
[#0] WARNING:Plotting -- RooHist::makeResisHist(Hist) WARNING: point 42 has zero error, setting residual to zero
[#0] WARNING:Plotting -- RooHist::makeResisHist(Hist) WARNING: point 43 has zero error, setting residual to zero
[#0] WARNING:Plotting -- RooHist::makeResisHist(Hist) WARNING: point 44 has zero error, setting residual to zero
[#0] WARNING:Plotting -- RooHist::makeResisHist(Hist) WARNING: point 46 has zero error, setting residual to zero
[#0] WARNING:Plotting -- RooHist::makeResisHist(Hist) WARNING: point 47 has zero error, setting residual to zero
[#0] WARNING:Plotting -- RooHist::makeResisHist(Hist) WARNING: point 48 has zero error, setting residual to zero
[#0] WARNING:Plotting -- RooHist::makeResisHist(Hist) WARNING: point 49 has zero error, setting residual to zero
[#0] WARNING:Plotting -- RooHist::makeResisHist(Hist) WARNING: point 50 has zero error, setting residual to zero
[#0] WARNING:Plotting -- RooHist::makeResisHist(Hist) WARNING: point 51 has zero error, setting residual to zero
[#0] WARNING:Plotting -- RooHist::makeResisHist(Hist) WARNING: point 52 has zero error, setting residual to zero
[#0] WARNING:Plotting -- RooHist::makeResisHist(Hist) WARNING: point 53 has zero error, setting residual to zero
[#0] WARNING:Plotting -- RooHist::makeResisHist(Hist) WARNING: point 55 has zero error, setting residual to zero
[#0] WARNING:Plotting -- RooHist::makeResisHist(Hist) WARNING: point 57 has zero error, setting residual to zero
[#0] WARNING:Plotting -- RooHist::makeResisHist(Hist) WARNING: point 58 has zero error, setting residual to zero
[#0] WARNING:Plotting -- RooHist::makeResisHist(Hist) WARNING: point 61 has zero error, setting residual to zero
[#0] WARNING:Plotting -- RooHist::makeResisHist(Hist) WARNING: point 62 has zero error, setting residual to zero
[#0] WARNING:Plotting -- RooHist::makeResisHist(Hist) WARNING: point 63 has zero error, setting residual to zero
[#0] WARNING:Plotting -- RooHist::makeResisHist(Hist) WARNING: point 65 has zero error, setting residual to zero
[#0] WARNING:Plotting -- RooHist::makeResisHist(Hist) WARNING: point 66 has zero error, setting residual to zero
[#0] WARNING:Plotting -- RooHist::makeResisHist(Hist) WARNING: point 67 has zero error, setting residual to zero
[#0] WARNING:Plotting -- RooHist::makeResisHist(Hist) WARNING: point 68 has zero error, setting residual to zero
[#0] WARNING:Plotting -- RooHist::makeResisHist(Hist) WARNING: point 91 has zero error, setting residual to zero
[#0] WARNING:Plotting -- RooHist::makeResisHist(Hist) WARNING: point 93 has zero error, setting residual to zero
[#0] WARNING:Plotting -- RooHist::makeResisHist(Hist) WARNING: point 94 has zero error, setting residual to zero
[#0] WARNING:Plotting -- RooHist::makeResisHist(Hist) WARNING: point 96 has zero error, setting residual to zero
Info in <TCanvas::Print>: eps file plots/fit_just_Lambda2.eps has been created
Info in <TCanvas::SaveSource>: C++ Macro file: plots/fit_just_Lambda2.C has been generated
save_plot_fit_mass() complete.
fit_mass complete.
=========================================
Finish root @	Fri Apr 15 16:00:45 CEST 2016
=========================================
