=========================================
START@:		Tue May 17 15:19:29 CEST 2016
=========================================
Configuring DaVinci v40r1p3 from /cvmfs/lhcb.cern.ch/lib/lhcb/DAVINCI/DAVINCI_v40r1p3
GCCXML_config_version: Undefined variable.

Processing ./rootoptscomparingcuts_LbM_optimized_DD2/myRoot.C...

[1mRooFit v3.60 -- Developed by Wouter Verkerke and David Kirkby[0m 
                Copyright (C) 2000-2013 NIKHEF, University of California & Stanford University
                All rights reserved, please read http://roofit.sourceforge.net/license.txt

fileN = comparingcuts_LbM_optimized_DD2
-------------------------
Set LHCb Style - Feb 2012
-------------------------
fit_mass: Set mass and data:
[#1] INFO:Eval -- RooRealVar::setRange(Bs_LOKI_MASS_JpsiConstr) new range named 'bkg1' created with bounds [4300,4800]
[#1] INFO:Eval -- RooRealVar::setRange(Bs_LOKI_MASS_JpsiConstr) new range named 'bkg2' created with bounds [5700,5950]
[#1] INFO:Eval -- RooRealVar::setRange(Bs_LOKI_MASS_JpsiConstr) new range named 'bkg3' created with bounds [4300,5500]
[#1] INFO:Eval -- RooRealVar::setRange(Bs_LOKI_MASS_JpsiConstr) new range named 'bkg4' created with bounds [5100,5500]
[#1] INFO:Eval -- RooRealVar::setRange(Bs_LOKI_MASS_JpsiConstr) new range named '1405' created with bounds [4220,5460]
[#1] INFO:Eval -- RooRealVar::setRange(Bs_LOKI_MASS_JpsiConstr) new range named 'L' created with bounds [5350,5950]
[#1] INFO:Eval -- RooRealVar::setRange(Bs_LOKI_MASS_JpsiConstr) new range named 'tail' created with bounds [5950,6040]
[#1] INFO:Eval -- RooRealVar::setRange(Bs_LOKI_MASS_JpsiConstr) new range named 'Ltail' created with bounds [5350,6040]
[#1] INFO:Eval -- RooRealVar::setRange(Bs_LOKI_MASS_JpsiConstr) new range named 'tot' created with bounds [4300,6040]
mass declared
tree gotten
[#1] INFO:Eval -- RooTreeDataStore::loadValues(data) Ignored 61 out of range events
data declared
fit_mass: Mass and data set.
fit_mass: Assign shapes:
SMC file opened
SMC hist gotten
[#1] INFO:DataHandling -- RooDataHist::adjustBinning(SMC): fit range of variable Bs_LOKI_MASS_JpsiConstr expanded to nearest bin boundaries: [4100,6100] --> [4100,6100]
SMC hist assigned to RooDataHist
Lst1405MC file opened
Lst1405MC hist gotten
[#1] INFO:DataHandling -- RooDataHist::adjustBinning(Lst1405MC): fit range of variable Bs_LOKI_MASS_JpsiConstr expanded to nearest bin boundaries: [4100,6100] --> [4100,6100]
Lst1405MC hist assigned to RooDataHist
fit_mass: Shapes assigned.
fit_mass: declaring number of each shape:
fit_mass: Numbers declared.
fit_mass: adding shapes and their numbers to totalPdf:
fit_mass: totalPdf constructed.
fit_mass: Starting the fit:
[#1] INFO:Fitting -- RooAbsOptTestStatistic::ctor(nll_totalPdf_data) constructing test statistic for sub-range named tot
[#1] INFO:Eval -- RooRealVar::setRange(Bs_LOKI_MASS_JpsiConstr) new range named 'NormalizationRangeFortot' created with bounds [4100,6100]
[#1] INFO:Eval -- RooRealVar::setRange(Bs_LOKI_MASS_JpsiConstr) new range named 'fit_nll_totalPdf_data' created with bounds [4300,6040]
[#1] INFO:Fitting -- RooAbsOptTestStatistic::ctor(nll_totalPdf_data) fixing interpretation of coefficients of any RooAddPdf to full domain of observables 
 **********
 **   13 **MIGRAD        6500           1
 **********
 FIRST CALL TO USER FUNCTION AT NEW START POINT, WITH IFLAG=4.
 MINUIT WARNING IN MIGrad    
 ============== VARIABLE10 IS AT ITS LOWER ALLOWED LIMIT.
 START MIGRAD MINIMIZATION.  STRATEGY  1.  CONVERGENCE WHEN EDM .LT. 1.00e-03
 FCN=-2519.2 FROM MIGRAD    STATUS=INITIATE       50 CALLS          51 TOTAL
                     EDM= unknown      STRATEGY= 1      NO ERROR MATRIX       
  EXT PARAMETER               CURRENT GUESS       STEP         FIRST   
  NO.   NAME      VALUE            ERROR          SIZE      DERIVATIVE 
   1  b1          -1.18358e+00   5.91789e-01   1.89202e-01   1.22382e+03
   2  b2           2.27144e-01   1.13572e-01   7.88766e-02   3.12972e+02
   3  f1L          8.27146e-01   8.64270e-02   2.35858e-01  -1.73020e+02
   4  mean1L       5.62135e+03   1.75000e+01   2.02455e-01  -2.73126e+03
   5  meanLst3     4.99835e+03   2.00000e+01   2.01387e-01  -1.79834e+01
   6  nbkg         2.16549e+03   1.08275e+03   2.40884e-03  -3.50013e+05
   7  ngauLstmisc   4.39812e+02   2.19906e+02   1.08557e-04** at limit **
   8  nsigL        1.68964e+03   8.44819e+02   6.72858e-04  -8.37232e+05
   9  nsigLst1405   1.52062e+02   7.60308e+01   8.80963e-04** at limit **
  10  nsigS        9.53674e+03   1.00000e-06   1.13687e-13   8.91431e+06
  11  sig1L        8.03001e+00   4.01500e+00   1.52693e-01   1.85579e+02
  12  sig2L        2.32095e+01   1.00000e+01   2.42199e-01   2.07220e+02
  13  sigLst3      6.15850e+01   1.00000e+01   2.07336e-01  -8.87263e+01
                               ERR DEF= 0.5
[#0] WARNING:Minization -- RooMinuitGlue: Minimized function has error status.
Returning maximum FCN so far (-2482.92) to force MIGRAD to back out of this region. Error log follows
Parameter values: b1=-1.34459, b2=0.121534, f1L=0.928335, mean1L=5622.5, meanLst3=5001.81, nbkg=4373.82, ngauLstmisc=1053.99, nsigL=2716.21, nsigLst1405=12572.2, nsigS=133.374, sig1L=7.85831, sig2L=24.4221, sigLst3=78.694
RooChebychev::bkg[ x=Bs_LOKI_MASS_JpsiConstr coefList=(b1,b2) ]
     p.d.f value is less than zero (-0.104001), forcing value to zero @ x=Bs_LOKI_MASS_JpsiConstr=5966.37, coefList=(b1 = -1.34459,b2 = 0.121534)
     p.d.f value is less than zero (-0.061807), forcing value to zero @ x=Bs_LOKI_MASS_JpsiConstr=5921.21, coefList=(b1 = -1.34459,b2 = 0.121534)
     p.d.f value is less than zero (-0.029729), forcing value to zero @ x=Bs_LOKI_MASS_JpsiConstr=5887.57, coefList=(b1 = -1.34459,b2 = 0.121534)
     p.d.f value is less than zero (-0.038391), forcing value to zero @ x=Bs_LOKI_MASS_JpsiConstr=5896.6, coefList=(b1 = -1.34459,b2 = 0.121534)
     p.d.f value is less than zero (-0.020758), forcing value to zero @ x=Bs_LOKI_MASS_JpsiConstr=5878.26, coefList=(b1 = -1.34459,b2 = 0.121534)
     p.d.f value is less than zero (-0.040829), forcing value to zero @ x=Bs_LOKI_MASS_JpsiConstr=5899.15, coefList=(b1 = -1.34459,b2 = 0.121534)
     p.d.f value is less than zero (-0.033846), forcing value to zero @ x=Bs_LOKI_MASS_JpsiConstr=5891.86, coefList=(b1 = -1.34459,b2 = 0.121534)
     p.d.f value is less than zero (-0.014150), forcing value to zero @ x=Bs_LOKI_MASS_JpsiConstr=5871.44, coefList=(b1 = -1.34459,b2 = 0.121534)
     p.d.f value is less than zero (-0.039849), forcing value to zero @ x=Bs_LOKI_MASS_JpsiConstr=5898.12, coefList=(b1 = -1.34459,b2 = 0.121534)
     p.d.f value is less than zero (-0.012355), forcing value to zero @ x=Bs_LOKI_MASS_JpsiConstr=5869.59, coefList=(b1 = -1.34459,b2 = 0.121534)
     p.d.f value is less than zero (-0.029632), forcing value to zero @ x=Bs_LOKI_MASS_JpsiConstr=5887.47, coefList=(b1 = -1.34459,b2 = 0.121534)
     p.d.f value is less than zero (-0.137003), forcing value to zero @ x=Bs_LOKI_MASS_JpsiConstr=6002.45, coefList=(b1 = -1.34459,b2 = 0.121534)
    ... (remaining 19 messages suppressed)

[#0] WARNING:Minization -- RooMinuitGlue: Minimized function has error status.
Returning maximum FCN so far (-2482.92) to force MIGRAD to back out of this region. Error log follows
Parameter values: b1=-1.26284, b2=0.170411, f1L=0.882399, mean1L=5621.93, meanLst3=5000.07, nbkg=3171.63, ngauLstmisc=713.322, nsigL=2171.68, nsigLst1405=3861.21, nsigS=2989.92, sig1L=7.9441, sig2L=0.00384236, sigLst3=70.488
RooChebychev::bkg[ x=Bs_LOKI_MASS_JpsiConstr coefList=(b1,b2) ]
     p.d.f value is less than zero (-0.008679), forcing value to zero @ x=Bs_LOKI_MASS_JpsiConstr=5966.37, coefList=(b1 = -1.26284,b2 = 0.170411)
     p.d.f value is less than zero (-0.032492), forcing value to zero @ x=Bs_LOKI_MASS_JpsiConstr=6002.45, coefList=(b1 = -1.26284,b2 = 0.170411)
     p.d.f value is less than zero (-0.019510), forcing value to zero @ x=Bs_LOKI_MASS_JpsiConstr=5982.61, coefList=(b1 = -1.26284,b2 = 0.170411)
     p.d.f value is less than zero (-0.003787), forcing value to zero @ x=Bs_LOKI_MASS_JpsiConstr=5959.12, coefList=(b1 = -1.26284,b2 = 0.170411)
     p.d.f value is less than zero (-0.029588), forcing value to zero @ x=Bs_LOKI_MASS_JpsiConstr=5997.98, coefList=(b1 = -1.26284,b2 = 0.170411)
     p.d.f value is less than zero (-0.032702), forcing value to zero @ x=Bs_LOKI_MASS_JpsiConstr=6002.77, coefList=(b1 = -1.26284,b2 = 0.170411)
     p.d.f value is less than zero (-0.002766), forcing value to zero @ x=Bs_LOKI_MASS_JpsiConstr=5957.61, coefList=(b1 = -1.26284,b2 = 0.170411)
     p.d.f value is less than zero (-0.005436), forcing value to zero @ x=Bs_LOKI_MASS_JpsiConstr=5961.56, coefList=(b1 = -1.26284,b2 = 0.170411)
     p.d.f value is less than zero (-0.007023), forcing value to zero @ x=Bs_LOKI_MASS_JpsiConstr=5963.91, coefList=(b1 = -1.26284,b2 = 0.170411)

[#0] WARNING:Minization -- RooMinuitGlue: Minimized function has error status.
Returning maximum FCN so far (-2482.92) to force MIGRAD to back out of this region. Error log follows
Parameter values: b1=-1.32124, b2=0.295315, f1L=0.92202, mean1L=5622.98, meanLst3=4978.95, nbkg=4581.2, ngauLstmisc=887.113, nsigL=3004.46, nsigLst1405=10.5356, nsigS=137.075, sig1L=9.5864, sig2L=33.8839, sigLst3=76.2134
RooChebychev::bkg[ x=Bs_LOKI_MASS_JpsiConstr coefList=(b1,b2) ]
     p.d.f value is less than zero (-0.006646), forcing value to zero @ x=Bs_LOKI_MASS_JpsiConstr=6002.45, coefList=(b1 = -1.32124,b2 = 0.295315)
     p.d.f value is less than zero (-0.001352), forcing value to zero @ x=Bs_LOKI_MASS_JpsiConstr=5982.61, coefList=(b1 = -1.32124,b2 = 0.295315)
     p.d.f value is less than zero (-0.005493), forcing value to zero @ x=Bs_LOKI_MASS_JpsiConstr=5997.98, coefList=(b1 = -1.32124,b2 = 0.295315)
     p.d.f value is less than zero (-0.006729), forcing value to zero @ x=Bs_LOKI_MASS_JpsiConstr=6002.77, coefList=(b1 = -1.32124,b2 = 0.295315)

 MIGRAD MINIMIZATION HAS CONVERGED.
 MIGRAD WILL VERIFY CONVERGENCE AND ERROR MATRIX.
 COVARIANCE MATRIX CALCULATED SUCCESSFULLY
 FCN=-11381.6 FROM MIGRAD    STATUS=CONVERGED     839 CALLS         840 TOTAL
                     EDM=0.000108913    STRATEGY= 1      ERROR MATRIX ACCURATE 
  EXT PARAMETER                                   STEP         FIRST   
  NO.   NAME      VALUE            ERROR          SIZE      DERIVATIVE 
   1  b1          -1.21367e+00   1.94939e-02   2.27436e-04  -4.44954e-01
   2  b2           1.89653e-01   3.38902e-02   8.51934e-04  -8.47193e-02
   3  f1L          8.29039e-01   2.38642e-02   2.43336e-03  -1.14683e-01
   4  mean1L       5.62146e+03   1.98272e-01   1.67378e-04   1.64498e+00
   5  meanLst3     4.99951e+03   5.81684e+00   4.10249e-03   1.03042e-02
   6  nbkg         4.83221e+03   1.12925e+02   9.27383e-06   1.79520e+01
   7  ngauLstmisc   5.77146e+02   5.52678e+01   1.10985e-06** at limit **
   8  nsigL        3.15521e+03   5.92547e+01   2.36806e-06  -2.78037e+01
   9  nsigLst1405   4.01524e+02   4.97362e+01   1.31437e-06** at limit **
  10  nsigS        9.81324e+01   2.66374e+01   1.51655e-06** at limit **
  11  sig1L        8.98881e+00   2.77429e-01   4.38450e-04   2.43381e-02
  12  sig2L        2.96160e+01   3.32227e+00   2.98967e-03   5.37033e-02
  13  sigLst3      6.81813e+01   8.05998e+00   9.05739e-03   4.16966e-02
                               ERR DEF= 0.5
 EXTERNAL ERROR MATRIX.    NDIM=  28    NPAR= 13    ERR DEF=0.5
 ELEMENTS ABOVE DIAGONAL ARE NOT PRINTED.
  3.800e-04 
 -5.636e-04  1.149e-03 
 -4.835e-05  8.061e-05  5.703e-04 
 -8.238e-05  1.472e-04  8.026e-05  3.931e-02 
  9.036e-03 -1.960e-02 -2.225e-03 -1.794e-03  3.387e+01 
  6.847e-01 -1.379e+00 -1.572e-01 -3.192e-01  1.004e+02  1.275e+04 
 -3.014e-01  6.559e-01  4.863e-02  1.325e-01 -5.680e+00 -2.887e+03  3.055e+03 
 -1.545e-01  2.643e-01  1.225e-01 -1.521e-01 -7.024e+00 -5.135e+02  1.640e+02  3.511e+03 
 -4.613e-01  8.986e-01  8.454e-02  7.979e-02 -7.744e+01 -2.030e+03 -1.229e+02  2.677e+02  2.474e+03 
 -2.147e-01  4.095e-01 -5.024e-02  3.376e-01 -6.489e+00 -8.973e+02  3.541e+02 -1.171e+02  2.605e+02  7.096e+02 
 -7.393e-04  1.247e-03  5.168e-03 -1.268e-04 -3.382e-02 -2.427e+00  7.620e-01  1.795e+00  1.287e+00 -6.730e-01  7.697e-02 
 -1.559e-02  2.606e-02  5.950e-02 -3.502e-03 -7.388e-01 -4.999e+01  1.521e+01  4.303e+01  2.800e+01 -2.050e+01  6.099e-01 
 -1.559e-02  2.606e-02  5.950e-02 -3.502e-03 -7.388e-01 -4.999e+01  1.521e+01  4.303e+01  2.800e+01 -2.050e+01  6.099e-01  1.106e+01 
 -3.155e-02  6.981e-02  5.059e-03  1.522e-02 -8.522e-01 -3.372e+02  3.093e+02  1.723e+01 -3.814e+01  4.026e+01  7.964e-02 
 -3.155e-02  6.981e-02  5.059e-03  1.522e-02 -8.522e-01 -3.372e+02  3.093e+02  1.723e+01 -3.814e+01  4.026e+01  7.964e-02  1.568e+00  6.562e+01 
 PARAMETER  CORRELATION COEFFICIENTS  
       NO.  GLOBAL      1      2      3      4      5      6      7      8      9     10     11     12     13
        1  0.85732   1.000 -0.853 -0.104 -0.021  0.080  0.311 -0.280 -0.134 -0.476 -0.413 -0.137 -0.241 -0.200
        2  0.88606  -0.853  1.000  0.100  0.022 -0.099 -0.360  0.350  0.132  0.533  0.454  0.133  0.231  0.254
        3  0.85378  -0.104  0.100  1.000  0.017 -0.016 -0.058  0.037  0.087  0.071 -0.079  0.780  0.749  0.026
        4  0.07206  -0.021  0.022  0.017  1.000 -0.002 -0.014  0.012 -0.013  0.008  0.064 -0.002 -0.005  0.009
        5  0.28568   0.080 -0.099 -0.016 -0.002  1.000  0.153 -0.018 -0.020 -0.268 -0.042 -0.021 -0.038 -0.018
        6  0.63207   0.311 -0.360 -0.058 -0.014  0.153  1.000 -0.463 -0.077 -0.362 -0.298 -0.077 -0.133 -0.369
        7  0.75558  -0.280  0.350  0.037  0.012 -0.018 -0.463  1.000  0.050 -0.045  0.241  0.050  0.083  0.691
        8  0.26744  -0.134  0.132  0.087 -0.013 -0.020 -0.077  0.050  1.000  0.091 -0.074  0.109  0.218  0.036
        9  0.69510  -0.476  0.533  0.071  0.008 -0.268 -0.362 -0.045  0.091  1.000  0.197  0.093  0.169 -0.095
       10  0.64255  -0.413  0.454 -0.079  0.064 -0.042 -0.298  0.241 -0.074  0.197  1.000 -0.091 -0.231  0.187
       11  0.78968  -0.137  0.133  0.780 -0.002 -0.021 -0.077  0.050  0.109  0.093 -0.091  1.000  0.661  0.035
       12  0.83018  -0.241  0.231  0.749 -0.005 -0.038 -0.133  0.083  0.218  0.169 -0.231  0.661  1.000  0.058
       13  0.70322  -0.200  0.254  0.026  0.009 -0.018 -0.369  0.691  0.036 -0.095  0.187  0.035  0.058  1.000
 **********
 **   18 **MINOS        6500
 **********
 MINUIT WARNING IN MIGRAD  
 ============== VARIABLE10 IS AT ITS LOWER ALLOWED LIMIT.
 MINUIT WARNING IN MIGRAD  
 ============== VARIABLE10 IS AT ITS LOWER ALLOWED LIMIT.
 MINUIT WARNING IN MIGRAD  
 ============== VARIABLE10 IS AT ITS LOWER ALLOWED LIMIT.
 MINUIT WARNING IN MIGRAD  
 ============== VARIABLE10 IS AT ITS LOWER ALLOWED LIMIT.
 MINUIT WARNING IN MIGRAD  
 ============== VARIABLE10 IS AT ITS LOWER ALLOWED LIMIT.
 MINUIT WARNING IN MIGRAD  
 ============== VARIABLE10 IS AT ITS LOWER ALLOWED LIMIT.
 MINUIT WARNING IN MIGRAD  
 ============== VARIABLE10 IS AT ITS LOWER ALLOWED LIMIT.
 MINUIT WARNING IN MIGRAD  
 ============== VARIABLE10 IS AT ITS LOWER ALLOWED LIMIT.
 MINUIT WARNING IN MIGRAD  
 ============== VARIABLE10 IS AT ITS LOWER ALLOWED LIMIT.
 MINUIT WARNING IN MIGRAD  
 ============== VARIABLE10 IS AT ITS LOWER ALLOWED LIMIT.
 MINUIT WARNING IN MIGRAD  
 ============== VARIABLE10 IS AT ITS LOWER ALLOWED LIMIT.
 MINUIT WARNING IN MIGRAD  
 ============== VARIABLE10 IS AT ITS LOWER ALLOWED LIMIT.
 MINUIT WARNING IN MIGRAD  
 ============== VARIABLE10 IS AT ITS LOWER ALLOWED LIMIT.
 FCN=-11381.6 FROM MINOS     STATUS=SUCCESSFUL   3663 CALLS        4503 TOTAL
                     EDM=0.000108913    STRATEGY= 1      ERROR MATRIX ACCURATE 
  EXT PARAMETER                  PARABOLIC         MINOS ERRORS        
  NO.   NAME      VALUE            ERROR      NEGATIVE      POSITIVE   
   1  b1          -1.21367e+00   1.94939e-02  -2.15167e-02   2.25783e-02
   2  b2           1.89653e-01   3.38902e-02  -3.81913e-02   3.85917e-02
   3  f1L          8.29039e-01   2.38642e-02  -2.67950e-02   2.21498e-02
   4  mean1L       5.62146e+03   1.98272e-01  -1.99160e-01   1.97495e-01
   5  meanLst3     4.99951e+03   5.81684e+00  -5.88137e+00   5.83445e+00
   6  nbkg         4.83221e+03   1.12925e+02  -1.16056e+02   1.14773e+02
   7  ngauLstmisc   5.77146e+02   5.52678e+01  -5.35551e+01   6.03767e+01
                                 WARNING -   - ABOVE PARAMETER IS AT LIMIT.
   8  nsigL        3.15521e+03   5.92547e+01  -5.90204e+01   5.99051e+01
   9  nsigLst1405   4.01524e+02   4.97362e+01  -5.13360e+01   5.21055e+01
                                 WARNING -   - ABOVE PARAMETER IS AT LIMIT.
  10  nsigS        9.81324e+01   2.66374e+01  -2.73699e+01   2.75371e+01
                                 WARNING -   - ABOVE PARAMETER IS AT LIMIT.
  11  sig1L        8.98881e+00   2.77429e-01  -2.89544e-01   2.72827e-01
  12  sig2L        2.96160e+01   3.32227e+00  -3.26931e+00   3.51067e+00
  13  sigLst3      6.81813e+01   8.05998e+00  -7.38593e+00   9.36700e+00
                               ERR DEF= 0.5
 **********
 **   23 **MINOS        6500
 **********
 MINUIT WARNING IN MIGRAD  
 ============== VARIABLE10 IS AT ITS LOWER ALLOWED LIMIT.
 MINUIT WARNING IN MIGRAD  
 ============== VARIABLE10 IS AT ITS LOWER ALLOWED LIMIT.
 MINUIT WARNING IN MIGRAD  
 ============== VARIABLE10 IS AT ITS LOWER ALLOWED LIMIT.
 MINUIT WARNING IN MIGRAD  
 ============== VARIABLE10 IS AT ITS LOWER ALLOWED LIMIT.
 MINUIT WARNING IN MIGRAD  
 ============== VARIABLE10 IS AT ITS LOWER ALLOWED LIMIT.
 MINUIT WARNING IN MIGRAD  
 ============== VARIABLE10 IS AT ITS LOWER ALLOWED LIMIT.
 MINUIT WARNING IN MIGRAD  
 ============== VARIABLE10 IS AT ITS LOWER ALLOWED LIMIT.
 MINUIT WARNING IN MIGRAD  
 ============== VARIABLE10 IS AT ITS LOWER ALLOWED LIMIT.
 MINUIT WARNING IN MIGRAD  
 ============== VARIABLE10 IS AT ITS LOWER ALLOWED LIMIT.
 MINUIT WARNING IN MIGRAD  
 ============== VARIABLE10 IS AT ITS LOWER ALLOWED LIMIT.
 MINUIT WARNING IN MIGRAD  
 ============== VARIABLE10 IS AT ITS LOWER ALLOWED LIMIT.
 MINUIT WARNING IN MIGRAD  
 ============== VARIABLE10 IS AT ITS LOWER ALLOWED LIMIT.
 MINUIT WARNING IN MIGRAD  
 ============== VARIABLE10 IS AT ITS LOWER ALLOWED LIMIT.
 FCN=-11381.6 FROM MINOS     STATUS=SUCCESSFUL   3661 CALLS        8164 TOTAL
                     EDM=0.000108913    STRATEGY= 1      ERROR MATRIX ACCURATE 
  EXT PARAMETER                  PARABOLIC         MINOS ERRORS        
  NO.   NAME      VALUE            ERROR      NEGATIVE      POSITIVE   
   1  b1          -1.21367e+00   1.94939e-02  -2.15167e-02   2.25783e-02
   2  b2           1.89653e-01   3.38902e-02  -3.81913e-02   3.85917e-02
   3  f1L          8.29039e-01   2.38642e-02  -2.67950e-02   2.21498e-02
   4  mean1L       5.62146e+03   1.98272e-01  -1.99160e-01   1.97495e-01
   5  meanLst3     4.99951e+03   5.81684e+00  -5.88137e+00   5.83445e+00
   6  nbkg         4.83221e+03   1.12925e+02  -1.16056e+02   1.14773e+02
   7  ngauLstmisc   5.77146e+02   5.52678e+01  -5.35551e+01   6.03767e+01
                                 WARNING -   - ABOVE PARAMETER IS AT LIMIT.
   8  nsigL        3.15521e+03   5.92547e+01  -5.90204e+01   5.99051e+01
   9  nsigLst1405   4.01524e+02   4.97362e+01  -5.13360e+01   5.21055e+01
                                 WARNING -   - ABOVE PARAMETER IS AT LIMIT.
  10  nsigS        9.81324e+01   2.66374e+01  -2.73699e+01   2.75371e+01
                                 WARNING -   - ABOVE PARAMETER IS AT LIMIT.
  11  sig1L        8.98881e+00   2.77429e-01  -2.89544e-01   2.72827e-01
  12  sig2L        2.96160e+01   3.32227e+00  -3.26931e+00   3.51067e+00
  13  sigLst3      6.81813e+01   8.05998e+00  -7.38593e+00   9.36700e+00
                               ERR DEF= 0.5
fit_mass: Fit complete.
fit_mass: Starting save_plot_fit_mass():
[#1] INFO:Plotting -- RooAbsPdf::plotOn(totalPdf) p.d.f was fitted in range and no explicit plot,norm range was specified, using fit range as default
[#1] INFO:Plotting -- RooAbsPdf::plotOn(totalPdf) only plotting range 'fit_nll_totalPdf_data'
[#1] INFO:Plotting -- RooAbsPdf::plotOn(totalPdf) p.d.f. curve is normalized using explicit choice of ranges 'fit_nll_totalPdf_data'
[#0] WARNING:Plotting -- At observable [x]=6050 RooChebychev::bkg[ x=Bs_LOKI_MASS_JpsiConstr coefList=(b1,b2) ]
     p.d.f value is less than zero (-0.000312), forcing value to zero @ x=Bs_LOKI_MASS_JpsiConstr=6050, coefList=(b1 = -1.21367 +/- (-0.0215167,0.0225783),b2 = 0.189653 +/- (-0.0381913,0.0385917))
[#0] WARNING:Plotting -- At observable [x]=6050 RooChebychev::bkg[ x=Bs_LOKI_MASS_JpsiConstr coefList=(b1,b2) ]
     p.d.f value is less than zero (-0.000312), forcing value to zero @ x=Bs_LOKI_MASS_JpsiConstr=6050, coefList=(b1 = -1.21367 +/- (-0.0215167,0.0225783),b2 = 0.189653 +/- (-0.0381913,0.0385917))
[#0] WARNING:Plotting -- At observable [x]=6055 RooChebychev::bkg[ x=Bs_LOKI_MASS_JpsiConstr coefList=(b1,b2) ]
     p.d.f value is less than zero (-0.002768), forcing value to zero @ x=Bs_LOKI_MASS_JpsiConstr=6055, coefList=(b1 = -1.21367 +/- (-0.0215167,0.0225783),b2 = 0.189653 +/- (-0.0381913,0.0385917))
[#0] WARNING:Plotting -- At observable [x]=6055 RooChebychev::bkg[ x=Bs_LOKI_MASS_JpsiConstr coefList=(b1,b2) ]
     p.d.f value is less than zero (-0.002768), forcing value to zero @ x=Bs_LOKI_MASS_JpsiConstr=6055, coefList=(b1 = -1.21367 +/- (-0.0215167,0.0225783),b2 = 0.189653 +/- (-0.0381913,0.0385917))
[#0] WARNING:Plotting -- At observable [x]=6050 RooChebychev::bkg[ x=Bs_LOKI_MASS_JpsiConstr coefList=(b1,b2) ]
     p.d.f value is less than zero (-0.000312), forcing value to zero @ x=Bs_LOKI_MASS_JpsiConstr=6050, coefList=(b1 = -1.21367 +/- (-0.0215167,0.0225783),b2 = 0.189653 +/- (-0.0381913,0.0385917))
[#0] WARNING:Plotting -- At observable [x]=6052.5 RooChebychev::bkg[ x=Bs_LOKI_MASS_JpsiConstr coefList=(b1,b2) ]
     p.d.f value is less than zero (-0.001542), forcing value to zero @ x=Bs_LOKI_MASS_JpsiConstr=6052.5, coefList=(b1 = -1.21367 +/- (-0.0215167,0.0225783),b2 = 0.189653 +/- (-0.0381913,0.0385917))
[#0] WARNING:Plotting -- At observable [x]=6055 RooChebychev::bkg[ x=Bs_LOKI_MASS_JpsiConstr coefList=(b1,b2) ]
     p.d.f value is less than zero (-0.002768), forcing value to zero @ x=Bs_LOKI_MASS_JpsiConstr=6055, coefList=(b1 = -1.21367 +/- (-0.0215167,0.0225783),b2 = 0.189653 +/- (-0.0381913,0.0385917))
[#1] INFO:Plotting -- RooAbsPdf::plotOn(totalPdf) p.d.f was fitted in range and no explicit plot,norm range was specified, using fit range as default
[#1] INFO:Plotting -- RooAbsPdf::plotOn(totalPdf) only plotting range 'fit_nll_totalPdf_data'
[#1] INFO:Plotting -- RooAbsPdf::plotOn(totalPdf) p.d.f. curve is normalized using explicit choice of ranges 'fit_nll_totalPdf_data'
[#1] INFO:Plotting -- RooAbsPdf::plotOn(totalPdf) directly selected PDF components: (sigS)
[#1] INFO:Plotting -- RooAbsPdf::plotOn(totalPdf) indirectly selected PDF components: ()
[#0] WARNING:Plotting -- At observable [x]=6050 RooChebychev::bkg[ x=Bs_LOKI_MASS_JpsiConstr coefList=(b1,b2) ]
     p.d.f value is less than zero (-0.000312), forcing value to zero @ x=Bs_LOKI_MASS_JpsiConstr=6050, coefList=(b1 = -1.21367 +/- (-0.0215167,0.0225783),b2 = 0.189653 +/- (-0.0381913,0.0385917))
[#0] WARNING:Plotting -- At observable [x]=6050 RooChebychev::bkg[ x=Bs_LOKI_MASS_JpsiConstr coefList=(b1,b2) ]
     p.d.f value is less than zero (-0.000312), forcing value to zero @ x=Bs_LOKI_MASS_JpsiConstr=6050, coefList=(b1 = -1.21367 +/- (-0.0215167,0.0225783),b2 = 0.189653 +/- (-0.0381913,0.0385917))
[#0] WARNING:Plotting -- At observable [x]=6055 RooChebychev::bkg[ x=Bs_LOKI_MASS_JpsiConstr coefList=(b1,b2) ]
     p.d.f value is less than zero (-0.002768), forcing value to zero @ x=Bs_LOKI_MASS_JpsiConstr=6055, coefList=(b1 = -1.21367 +/- (-0.0215167,0.0225783),b2 = 0.189653 +/- (-0.0381913,0.0385917))
[#0] WARNING:Plotting -- At observable [x]=6055 RooChebychev::bkg[ x=Bs_LOKI_MASS_JpsiConstr coefList=(b1,b2) ]
     p.d.f value is less than zero (-0.002768), forcing value to zero @ x=Bs_LOKI_MASS_JpsiConstr=6055, coefList=(b1 = -1.21367 +/- (-0.0215167,0.0225783),b2 = 0.189653 +/- (-0.0381913,0.0385917))
[#0] WARNING:Plotting -- At observable [x]=6050 RooChebychev::bkg[ x=Bs_LOKI_MASS_JpsiConstr coefList=(b1,b2) ]
     p.d.f value is less than zero (-0.000312), forcing value to zero @ x=Bs_LOKI_MASS_JpsiConstr=6050, coefList=(b1 = -1.21367 +/- (-0.0215167,0.0225783),b2 = 0.189653 +/- (-0.0381913,0.0385917))
[#0] WARNING:Plotting -- At observable [x]=6052.5 RooChebychev::bkg[ x=Bs_LOKI_MASS_JpsiConstr coefList=(b1,b2) ]
     p.d.f value is less than zero (-0.001542), forcing value to zero @ x=Bs_LOKI_MASS_JpsiConstr=6052.5, coefList=(b1 = -1.21367 +/- (-0.0215167,0.0225783),b2 = 0.189653 +/- (-0.0381913,0.0385917))
[#0] WARNING:Plotting -- At observable [x]=6055 RooChebychev::bkg[ x=Bs_LOKI_MASS_JpsiConstr coefList=(b1,b2) ]
     p.d.f value is less than zero (-0.002768), forcing value to zero @ x=Bs_LOKI_MASS_JpsiConstr=6055, coefList=(b1 = -1.21367 +/- (-0.0215167,0.0225783),b2 = 0.189653 +/- (-0.0381913,0.0385917))
/\ signal: fraction gaussian 1 = 0.829039 +/- 2.679504E-02
/\ gaus 1: mean = 5621.462700 +/- 1.991599E-01
/\ gaus 1: sigma = 8.988809 +/- 2.895439E-01
/\ gaus 2: sigma = 29.615983 +/- 3.510667E+00
[#1] INFO:Plotting -- RooAbsPdf::plotOn(totalPdf) p.d.f was fitted in range and no explicit plot,norm range was specified, using fit range as default
[#1] INFO:Plotting -- RooAbsPdf::plotOn(totalPdf) only plotting range 'fit_nll_totalPdf_data'
[#1] INFO:Plotting -- RooAbsPdf::plotOn(totalPdf) p.d.f. curve is normalized using explicit choice of ranges 'fit_nll_totalPdf_data'
[#1] INFO:Plotting -- RooAbsPdf::plotOn(totalPdf) directly selected PDF components: (sigL)
[#1] INFO:Plotting -- RooAbsPdf::plotOn(totalPdf) indirectly selected PDF components: (gau1L,gau2L,mean2L)
[#0] WARNING:Plotting -- At observable [x]=6050 RooChebychev::bkg[ x=Bs_LOKI_MASS_JpsiConstr coefList=(b1,b2) ]
     p.d.f value is less than zero (-0.000312), forcing value to zero @ x=Bs_LOKI_MASS_JpsiConstr=6050, coefList=(b1 = -1.21367 +/- (-0.0215167,0.0225783),b2 = 0.189653 +/- (-0.0381913,0.0385917))
[#0] WARNING:Plotting -- At observable [x]=6050 RooChebychev::bkg[ x=Bs_LOKI_MASS_JpsiConstr coefList=(b1,b2) ]
     p.d.f value is less than zero (-0.000312), forcing value to zero @ x=Bs_LOKI_MASS_JpsiConstr=6050, coefList=(b1 = -1.21367 +/- (-0.0215167,0.0225783),b2 = 0.189653 +/- (-0.0381913,0.0385917))
[#0] WARNING:Plotting -- At observable [x]=6055 RooChebychev::bkg[ x=Bs_LOKI_MASS_JpsiConstr coefList=(b1,b2) ]
     p.d.f value is less than zero (-0.002768), forcing value to zero @ x=Bs_LOKI_MASS_JpsiConstr=6055, coefList=(b1 = -1.21367 +/- (-0.0215167,0.0225783),b2 = 0.189653 +/- (-0.0381913,0.0385917))
[#0] WARNING:Plotting -- At observable [x]=6055 RooChebychev::bkg[ x=Bs_LOKI_MASS_JpsiConstr coefList=(b1,b2) ]
     p.d.f value is less than zero (-0.002768), forcing value to zero @ x=Bs_LOKI_MASS_JpsiConstr=6055, coefList=(b1 = -1.21367 +/- (-0.0215167,0.0225783),b2 = 0.189653 +/- (-0.0381913,0.0385917))
[#0] WARNING:Plotting -- At observable [x]=6050 RooChebychev::bkg[ x=Bs_LOKI_MASS_JpsiConstr coefList=(b1,b2) ]
     p.d.f value is less than zero (-0.000312), forcing value to zero @ x=Bs_LOKI_MASS_JpsiConstr=6050, coefList=(b1 = -1.21367 +/- (-0.0215167,0.0225783),b2 = 0.189653 +/- (-0.0381913,0.0385917))
[#0] WARNING:Plotting -- At observable [x]=6052.5 RooChebychev::bkg[ x=Bs_LOKI_MASS_JpsiConstr coefList=(b1,b2) ]
     p.d.f value is less than zero (-0.001542), forcing value to zero @ x=Bs_LOKI_MASS_JpsiConstr=6052.5, coefList=(b1 = -1.21367 +/- (-0.0215167,0.0225783),b2 = 0.189653 +/- (-0.0381913,0.0385917))
[#0] WARNING:Plotting -- At observable [x]=6055 RooChebychev::bkg[ x=Bs_LOKI_MASS_JpsiConstr coefList=(b1,b2) ]
     p.d.f value is less than zero (-0.002768), forcing value to zero @ x=Bs_LOKI_MASS_JpsiConstr=6055, coefList=(b1 = -1.21367 +/- (-0.0215167,0.0225783),b2 = 0.189653 +/- (-0.0381913,0.0385917))
[#1] INFO:Plotting -- RooAbsPdf::plotOn(totalPdf) p.d.f was fitted in range and no explicit plot,norm range was specified, using fit range as default
[#1] INFO:Plotting -- RooAbsPdf::plotOn(totalPdf) only plotting range 'fit_nll_totalPdf_data'
[#1] INFO:Plotting -- RooAbsPdf::plotOn(totalPdf) p.d.f. curve is normalized using explicit choice of ranges 'fit_nll_totalPdf_data'
[#1] INFO:Plotting -- RooAbsPdf::plotOn(totalPdf) directly selected PDF components: (sigLst1405)
[#1] INFO:Plotting -- RooAbsPdf::plotOn(totalPdf) indirectly selected PDF components: ()
[#0] WARNING:Plotting -- At observable [x]=6050 RooChebychev::bkg[ x=Bs_LOKI_MASS_JpsiConstr coefList=(b1,b2) ]
     p.d.f value is less than zero (-0.000312), forcing value to zero @ x=Bs_LOKI_MASS_JpsiConstr=6050, coefList=(b1 = -1.21367 +/- (-0.0215167,0.0225783),b2 = 0.189653 +/- (-0.0381913,0.0385917))
[#0] WARNING:Plotting -- At observable [x]=6050 RooChebychev::bkg[ x=Bs_LOKI_MASS_JpsiConstr coefList=(b1,b2) ]
     p.d.f value is less than zero (-0.000312), forcing value to zero @ x=Bs_LOKI_MASS_JpsiConstr=6050, coefList=(b1 = -1.21367 +/- (-0.0215167,0.0225783),b2 = 0.189653 +/- (-0.0381913,0.0385917))
[#0] WARNING:Plotting -- At observable [x]=6055 RooChebychev::bkg[ x=Bs_LOKI_MASS_JpsiConstr coefList=(b1,b2) ]
     p.d.f value is less than zero (-0.002768), forcing value to zero @ x=Bs_LOKI_MASS_JpsiConstr=6055, coefList=(b1 = -1.21367 +/- (-0.0215167,0.0225783),b2 = 0.189653 +/- (-0.0381913,0.0385917))
[#0] WARNING:Plotting -- At observable [x]=6055 RooChebychev::bkg[ x=Bs_LOKI_MASS_JpsiConstr coefList=(b1,b2) ]
     p.d.f value is less than zero (-0.002768), forcing value to zero @ x=Bs_LOKI_MASS_JpsiConstr=6055, coefList=(b1 = -1.21367 +/- (-0.0215167,0.0225783),b2 = 0.189653 +/- (-0.0381913,0.0385917))
[#0] WARNING:Plotting -- At observable [x]=6050 RooChebychev::bkg[ x=Bs_LOKI_MASS_JpsiConstr coefList=(b1,b2) ]
     p.d.f value is less than zero (-0.000312), forcing value to zero @ x=Bs_LOKI_MASS_JpsiConstr=6050, coefList=(b1 = -1.21367 +/- (-0.0215167,0.0225783),b2 = 0.189653 +/- (-0.0381913,0.0385917))
[#0] WARNING:Plotting -- At observable [x]=6052.5 RooChebychev::bkg[ x=Bs_LOKI_MASS_JpsiConstr coefList=(b1,b2) ]
     p.d.f value is less than zero (-0.001542), forcing value to zero @ x=Bs_LOKI_MASS_JpsiConstr=6052.5, coefList=(b1 = -1.21367 +/- (-0.0215167,0.0225783),b2 = 0.189653 +/- (-0.0381913,0.0385917))
[#0] WARNING:Plotting -- At observable [x]=6055 RooChebychev::bkg[ x=Bs_LOKI_MASS_JpsiConstr coefList=(b1,b2) ]
     p.d.f value is less than zero (-0.002768), forcing value to zero @ x=Bs_LOKI_MASS_JpsiConstr=6055, coefList=(b1 = -1.21367 +/- (-0.0215167,0.0225783),b2 = 0.189653 +/- (-0.0381913,0.0385917))
/\*(misc.): mean3 = 4999.509022 +/- 5.881371E+00
/\*(misc.): sigma3 = 68.181294 +/- 9.366999E+00
[#1] INFO:Plotting -- RooAbsPdf::plotOn(totalPdf) p.d.f was fitted in range and no explicit plot,norm range was specified, using fit range as default
[#1] INFO:Plotting -- RooAbsPdf::plotOn(totalPdf) only plotting range 'fit_nll_totalPdf_data'
[#1] INFO:Plotting -- RooAbsPdf::plotOn(totalPdf) p.d.f. curve is normalized using explicit choice of ranges 'fit_nll_totalPdf_data'
[#1] INFO:Plotting -- RooAbsPdf::plotOn(totalPdf) directly selected PDF components: (gauLstmisc)
[#1] INFO:Plotting -- RooAbsPdf::plotOn(totalPdf) indirectly selected PDF components: ()
[#0] WARNING:Plotting -- At observable [x]=6050 RooChebychev::bkg[ x=Bs_LOKI_MASS_JpsiConstr coefList=(b1,b2) ]
     p.d.f value is less than zero (-0.000312), forcing value to zero @ x=Bs_LOKI_MASS_JpsiConstr=6050, coefList=(b1 = -1.21367 +/- (-0.0215167,0.0225783),b2 = 0.189653 +/- (-0.0381913,0.0385917))
[#0] WARNING:Plotting -- At observable [x]=6050 RooChebychev::bkg[ x=Bs_LOKI_MASS_JpsiConstr coefList=(b1,b2) ]
     p.d.f value is less than zero (-0.000312), forcing value to zero @ x=Bs_LOKI_MASS_JpsiConstr=6050, coefList=(b1 = -1.21367 +/- (-0.0215167,0.0225783),b2 = 0.189653 +/- (-0.0381913,0.0385917))
[#0] WARNING:Plotting -- At observable [x]=6055 RooChebychev::bkg[ x=Bs_LOKI_MASS_JpsiConstr coefList=(b1,b2) ]
     p.d.f value is less than zero (-0.002768), forcing value to zero @ x=Bs_LOKI_MASS_JpsiConstr=6055, coefList=(b1 = -1.21367 +/- (-0.0215167,0.0225783),b2 = 0.189653 +/- (-0.0381913,0.0385917))
[#0] WARNING:Plotting -- At observable [x]=6055 RooChebychev::bkg[ x=Bs_LOKI_MASS_JpsiConstr coefList=(b1,b2) ]
     p.d.f value is less than zero (-0.002768), forcing value to zero @ x=Bs_LOKI_MASS_JpsiConstr=6055, coefList=(b1 = -1.21367 +/- (-0.0215167,0.0225783),b2 = 0.189653 +/- (-0.0381913,0.0385917))
[#0] WARNING:Plotting -- At observable [x]=6050 RooChebychev::bkg[ x=Bs_LOKI_MASS_JpsiConstr coefList=(b1,b2) ]
     p.d.f value is less than zero (-0.000312), forcing value to zero @ x=Bs_LOKI_MASS_JpsiConstr=6050, coefList=(b1 = -1.21367 +/- (-0.0215167,0.0225783),b2 = 0.189653 +/- (-0.0381913,0.0385917))
[#0] WARNING:Plotting -- At observable [x]=6052.5 RooChebychev::bkg[ x=Bs_LOKI_MASS_JpsiConstr coefList=(b1,b2) ]
     p.d.f value is less than zero (-0.001542), forcing value to zero @ x=Bs_LOKI_MASS_JpsiConstr=6052.5, coefList=(b1 = -1.21367 +/- (-0.0215167,0.0225783),b2 = 0.189653 +/- (-0.0381913,0.0385917))
[#0] WARNING:Plotting -- At observable [x]=6055 RooChebychev::bkg[ x=Bs_LOKI_MASS_JpsiConstr coefList=(b1,b2) ]
     p.d.f value is less than zero (-0.002768), forcing value to zero @ x=Bs_LOKI_MASS_JpsiConstr=6055, coefList=(b1 = -1.21367 +/- (-0.0215167,0.0225783),b2 = 0.189653 +/- (-0.0381913,0.0385917))
Background: Chebychev b1 = -1.213666 +/- 2.257832E-02
Background: Chebychev b2 = 0.189653 +/- 3.859170E-02
[#1] INFO:Plotting -- RooAbsPdf::plotOn(totalPdf) p.d.f was fitted in range and no explicit plot,norm range was specified, using fit range as default
[#1] INFO:Plotting -- RooAbsPdf::plotOn(totalPdf) only plotting range 'fit_nll_totalPdf_data'
[#1] INFO:Plotting -- RooAbsPdf::plotOn(totalPdf) p.d.f. curve is normalized using explicit choice of ranges 'fit_nll_totalPdf_data'
[#1] INFO:Plotting -- RooAbsPdf::plotOn(totalPdf) directly selected PDF components: (bkg)
[#1] INFO:Plotting -- RooAbsPdf::plotOn(totalPdf) indirectly selected PDF components: ()
[#0] WARNING:Plotting -- At observable [x]=6050 RooChebychev::bkg[ x=Bs_LOKI_MASS_JpsiConstr coefList=(b1,b2) ]
     p.d.f value is less than zero (-0.000312), forcing value to zero @ x=Bs_LOKI_MASS_JpsiConstr=6050, coefList=(b1 = -1.21367 +/- (-0.0215167,0.0225783),b2 = 0.189653 +/- (-0.0381913,0.0385917))
[#0] WARNING:Plotting -- At observable [x]=6050 RooChebychev::bkg[ x=Bs_LOKI_MASS_JpsiConstr coefList=(b1,b2) ]
     p.d.f value is less than zero (-0.000312), forcing value to zero @ x=Bs_LOKI_MASS_JpsiConstr=6050, coefList=(b1 = -1.21367 +/- (-0.0215167,0.0225783),b2 = 0.189653 +/- (-0.0381913,0.0385917))
[#0] WARNING:Plotting -- At observable [x]=6055 RooChebychev::bkg[ x=Bs_LOKI_MASS_JpsiConstr coefList=(b1,b2) ]
     p.d.f value is less than zero (-0.002768), forcing value to zero @ x=Bs_LOKI_MASS_JpsiConstr=6055, coefList=(b1 = -1.21367 +/- (-0.0215167,0.0225783),b2 = 0.189653 +/- (-0.0381913,0.0385917))
[#0] WARNING:Plotting -- At observable [x]=6055 RooChebychev::bkg[ x=Bs_LOKI_MASS_JpsiConstr coefList=(b1,b2) ]
     p.d.f value is less than zero (-0.002768), forcing value to zero @ x=Bs_LOKI_MASS_JpsiConstr=6055, coefList=(b1 = -1.21367 +/- (-0.0215167,0.0225783),b2 = 0.189653 +/- (-0.0381913,0.0385917))
[#0] WARNING:Plotting -- At observable [x]=6050 RooChebychev::bkg[ x=Bs_LOKI_MASS_JpsiConstr coefList=(b1,b2) ]
     p.d.f value is less than zero (-0.000312), forcing value to zero @ x=Bs_LOKI_MASS_JpsiConstr=6050, coefList=(b1 = -1.21367 +/- (-0.0215167,0.0225783),b2 = 0.189653 +/- (-0.0381913,0.0385917))
[#0] WARNING:Plotting -- At observable [x]=6052.5 RooChebychev::bkg[ x=Bs_LOKI_MASS_JpsiConstr coefList=(b1,b2) ]
     p.d.f value is less than zero (-0.001542), forcing value to zero @ x=Bs_LOKI_MASS_JpsiConstr=6052.5, coefList=(b1 = -1.21367 +/- (-0.0215167,0.0225783),b2 = 0.189653 +/- (-0.0381913,0.0385917))
[#0] WARNING:Plotting -- At observable [x]=6055 RooChebychev::bkg[ x=Bs_LOKI_MASS_JpsiConstr coefList=(b1,b2) ]
     p.d.f value is less than zero (-0.002768), forcing value to zero @ x=Bs_LOKI_MASS_JpsiConstr=6055, coefList=(b1 = -1.21367 +/- (-0.0215167,0.0225783),b2 = 0.189653 +/- (-0.0381913,0.0385917))
#chi^{2}/N_{DoF} = 1.535111
N sigma = 98.132442 +/- 27.537051
N /\ = 3155.206336 +/- 59.905088
N /\*(1405) = 401.523771 +/- 52.105542
N /\*(misc.) = 577.145836 +/- 60.376749
N bkg = 4832.211318 +/- 116.056110
Y_{#Sigma^{0}}/Y_{#Lambda} = 3.110175E-02 +/- 8.747450E-03
limit = 4.060008E-02
limit at 90% confidence level = 6.496014E-02
[#0] WARNING:Plotting -- RooHist::makeResisHist(Hist) WARNING: point 96 has zero error, setting residual to zero
Info in <TCanvas::Print>: eps file plots/fitcomparingcuts_LbM_optimized_DD2.eps has been created
Info in <TCanvas::SaveSource>: C++ Macro file: plots/fitcomparingcuts_LbM_optimized_DD2.C has been generated
save_plot_fit_mass() complete.
fit_mass complete.
=========================================
Finish root @	Tue May 17 15:21:16 CEST 2016
=========================================
