=========================================
START@:		Tue May 10 21:55:19 CEST 2016
=========================================
Configuring DaVinci v40r1p3 from /cvmfs/lhcb.cern.ch/lib/lhcb/DAVINCI/DAVINCI_v40r1p3
GCCXML_config_version: Undefined variable.

Processing ./rootoptsDD2_LCBGau/myRoot.C...

[1mRooFit v3.60 -- Developed by Wouter Verkerke and David Kirkby[0m 
                Copyright (C) 2000-2013 NIKHEF, University of California & Stanford University
                All rights reserved, please read http://roofit.sourceforge.net/license.txt

fileN = DD2_LCBGau
-------------------------
Set LHCb Style - Feb 2012
-------------------------
fit_mass: Set mass and data:
[#1] INFO:Eval -- RooRealVar::setRange(Bs_LOKI_MASS_JpsiConstr) new range named 'bkg1' created with bounds [4300,4800]
[#1] INFO:Eval -- RooRealVar::setRange(Bs_LOKI_MASS_JpsiConstr) new range named 'bkg2' created with bounds [5700,5950]
[#1] INFO:Eval -- RooRealVar::setRange(Bs_LOKI_MASS_JpsiConstr) new range named 'bkg3' created with bounds [4300,5500]
[#1] INFO:Eval -- RooRealVar::setRange(Bs_LOKI_MASS_JpsiConstr) new range named 'bkg4' created with bounds [5100,5500]
[#1] INFO:Eval -- RooRealVar::setRange(Bs_LOKI_MASS_JpsiConstr) new range named '1405' created with bounds [4220,5460]
[#1] INFO:Eval -- RooRealVar::setRange(Bs_LOKI_MASS_JpsiConstr) new range named 'L' created with bounds [5350,5950]
[#1] INFO:Eval -- RooRealVar::setRange(Bs_LOKI_MASS_JpsiConstr) new range named 'tail' created with bounds [5950,6040]
[#1] INFO:Eval -- RooRealVar::setRange(Bs_LOKI_MASS_JpsiConstr) new range named 'Ltail' created with bounds [5350,6040]
[#1] INFO:Eval -- RooRealVar::setRange(Bs_LOKI_MASS_JpsiConstr) new range named 'tot' created with bounds [4300,6040]
mass declared
tree gotten
[#1] INFO:Eval -- RooTreeDataStore::loadValues(data) Ignored 36 out of range events
data declared
fit_mass: Mass and data set.
fit_mass: Assign shapes:
SMC file opened
SMC hist gotten
[#1] INFO:DataHandling -- RooDataHist::adjustBinning(SMC): fit range of variable Bs_LOKI_MASS_JpsiConstr expanded to nearest bin boundaries: [4100,6100] --> [4100,6100]
SMC hist assigned to RooDataHist
Lst1405MC file opened
Lst1405MC hist gotten
[#1] INFO:DataHandling -- RooDataHist::adjustBinning(Lst1405MC): fit range of variable Bs_LOKI_MASS_JpsiConstr expanded to nearest bin boundaries: [4100,6100] --> [4100,6100]
Lst1405MC hist assigned to RooDataHist
fit_mass: Shapes assigned.
fit_mass: declaring number of each shape:
fit_mass: Numbers declared.
fit_mass: adding shapes and their numbers to totalPdf:
fit_mass: totalPdf constructed.
fit_mass: Starting the fit:
[#1] INFO:Fitting -- RooAbsOptTestStatistic::ctor(nll_totalPdf_data) constructing test statistic for sub-range named tot
[#1] INFO:Eval -- RooRealVar::setRange(Bs_LOKI_MASS_JpsiConstr) new range named 'NormalizationRangeFortot' created with bounds [4100,6100]
[#1] INFO:Eval -- RooRealVar::setRange(Bs_LOKI_MASS_JpsiConstr) new range named 'fit_nll_totalPdf_data' created with bounds [4300,6040]
[#1] INFO:Fitting -- RooAbsOptTestStatistic::ctor(nll_totalPdf_data) fixing interpretation of coefficients of any RooAddPdf to full domain of observables 
 **********
 **   13 **MIGRAD        7500           1
 **********
 FIRST CALL TO USER FUNCTION AT NEW START POINT, WITH IFLAG=4.
 MINUIT WARNING IN MIGrad    
 ============== VARIABLE12 IS AT ITS LOWER ALLOWED LIMIT.
 START MIGRAD MINIMIZATION.  STRATEGY  1.  CONVERGENCE WHEN EDM .LT. 1.00e-03
 FCN=-6869.2 FROM MIGRAD    STATUS=INITIATE       98 CALLS          99 TOTAL
                     EDM= unknown      STRATEGY= 1      NO ERROR MATRIX       
  EXT PARAMETER               CURRENT GUESS       STEP         FIRST   
  NO.   NAME      VALUE            ERROR          SIZE      DERIVATIVE 
   1  alphaL3      1.52405e+00   7.62027e-01   0.00000e+00  -1.29452e+04
   2  b1          -1.18358e+00   5.91789e-01   0.00000e+00   1.05926e+03
   3  b2           2.27144e-01   1.13572e-01   0.00000e+00  -1.72369e+02
   4  f1L          8.52015e-01   7.39925e-02   0.00000e+00   7.26684e+01
   5  mean3L       5.62106e+03   1.75000e+01   0.00000e+00  -6.19744e+03
   6  meanLst3     4.99835e+03   2.00000e+01   0.00000e+00   1.10624e+02
   7  nL1          2.59878e+00   1.29939e+00   0.00000e+00  -3.83107e+03
   8  nbkg         2.16549e+03   1.08275e+03   0.00000e+00  -3.42404e+05
   9  ngauLstmisc   4.39812e+02   2.19906e+02   0.00000e+00** at limit **
  10  nsigL        1.68964e+03   8.44819e+02   0.00000e+00  -1.42291e+06
  11  nsigLst1405   1.09613e+03   7.60308e+01   4.15531e-04** at limit **
  12  nsigS        9.53674e+03   1.00000e-06   0.00000e+00   8.79381e+06
  13  sig3L        7.68329e+00   3.84165e+00   0.00000e+00  -4.15176e+01
  14  sig4L        1.47995e+01   7.39977e+00   0.00000e+00   9.61863e+01
  15  sigLst3      6.15850e+01   1.00000e+01   0.00000e+00  -1.69537e+01
                               ERR DEF= 0.5
[#0] WARNING:Minization -- RooMinuitGlue: Minimized function has error status.
Returning maximum FCN so far (-6339.68) to force MIGRAD to back out of this region. Error log follows
Parameter values: alphaL3=2.10039, b1=-1.2466, b2=0.197492, f1L=0.757808, mean3L=5621.54, meanLst3=4995.78, nL1=3.72874, nbkg=4944.26, ngauLstmisc=879.608, nsigL=4044.73, nsigLst1405=707.393, nsigS=194.203, sig3L=8.22314, sig4L=19.1851, sigLst3=87.262
RooChebychev::bkg[ x=Bs_LOKI_MASS_JpsiConstr coefList=(b1,b2) ]
     p.d.f value is less than zero (-0.009570), forcing value to zero @ x=Bs_LOKI_MASS_JpsiConstr=6019.08, coefList=(b1 = -1.2466,b2 = 0.197492)
     p.d.f value is less than zero (-0.000976), forcing value to zero @ x=Bs_LOKI_MASS_JpsiConstr=6002.77, coefList=(b1 = -1.2466,b2 = 0.197492)

 MIGRAD MINIMIZATION HAS CONVERGED.
 MIGRAD WILL VERIFY CONVERGENCE AND ERROR MATRIX.
 COVARIANCE MATRIX CALCULATED SUCCESSFULLY
 FCN=-16299.3 FROM MIGRAD    STATUS=CONVERGED    1627 CALLS        1628 TOTAL
                     EDM=1.88985e-05    STRATEGY= 1      ERROR MATRIX ACCURATE 
  EXT PARAMETER                                   STEP         FIRST   
  NO.   NAME      VALUE            ERROR          SIZE      DERIVATIVE 
   1  alphaL3      1.82943e+00   1.62620e-01   9.81822e-05  -6.89346e-01
   2  b1          -1.17510e+00   1.78606e-02   2.85638e-04   3.65505e-01
   3  b2           1.47136e-01   3.00010e-02   1.16143e-03  -3.73459e-02
   4  f1L          6.58636e-01   8.38436e-02   3.79931e-03   3.02890e-02
   5  mean3L       5.62187e+03   1.94516e-01   1.74015e-04   1.75005e-01
   6  meanLst3     5.00995e+03   5.08388e+00   4.23268e-03  -6.92541e-04
   7  nL1          1.24107e+00   2.20801e-01   1.68950e-04  -4.19721e-01
   8  nbkg         5.32740e+03   1.20176e+02   1.11316e-05   4.91611e+00
   9  ngauLstmisc   7.83079e+02   5.84448e+01   1.28849e-06** at limit **
  10  nsigL        4.18778e+03   8.69907e+01   2.86424e-06  -5.93739e+01
  11  nsigLst1405   4.55136e+02   5.40953e+01   1.62865e-06** at limit **
  12  nsigS        1.11022e-06   1.60130e+01   7.00152e-06** at limit **
  13  sig3L        7.61041e+00   5.72961e-01   6.41443e-04  -5.97139e-02
  14  sig4L        1.52836e+01   1.39029e+00   1.08929e-03  -3.30740e-02
  15  sigLst3      7.08984e+01   6.28654e+00   9.13921e-03   3.26905e-03
                               ERR DEF= 0.5
 EXTERNAL ERROR MATRIX.    NDIM=  32    NPAR= 15    ERR DEF=0.5
 ELEMENTS ABOVE DIAGONAL ARE NOT PRINTED.
  2.645e-02 
 -3.529e-04  3.190e-04 
  6.744e-04 -4.329e-04  9.002e-04 
  6.053e-03 -1.893e-04  2.920e-04  7.104e-03 
 -1.420e-02  5.568e-05 -1.102e-04 -3.554e-03  3.784e-02 
  1.149e-02  3.455e-03 -7.980e-03 -8.932e-03 -4.667e-03  2.587e+01 
 -2.767e-02  9.147e-04 -1.836e-03  1.183e-03  1.220e-02 -2.883e-02  4.875e-02 
 -4.000e+00  5.465e-01 -1.149e+00 -3.741e-01  1.173e+00  5.252e+01  9.493e+00  1.444e+04 
  2.989e-01 -1.824e-01  4.366e-01  1.820e-01  1.722e-02  3.741e+01 -1.112e+00 -2.635e+03  3.416e+03 
  4.729e+00 -4.700e-01  8.899e-01 -1.043e-01 -1.533e+00  2.318e+00 -1.091e+01 -3.384e+03  6.015e+02  7.567e+03 
 -8.489e-01 -2.965e-01  5.763e-01  5.171e-01  3.582e-01 -8.857e+01  1.960e+00 -1.243e+03 -7.052e+02 -1.965e+02  2.926e+03 
  2.499e-07 -1.273e-06  2.079e-06  2.032e-06 -4.260e-06 -5.316e-05  4.195e-05  1.552e-03  2.805e-03 -2.019e-02  5.551e-03 
  2.499e-07 -1.273e-06  2.079e-06  2.032e-06 -4.260e-06 -5.316e-05  4.195e-05  1.552e-03  2.805e-03 -2.019e-02  5.551e-03  8.120e-05 
  4.487e-02 -1.002e-03  1.510e-03  4.489e-02 -2.873e-02 -5.067e-02  2.571e-03 -1.866e+00  8.709e-01 -7.371e-01  2.898e+00 
  4.487e-02 -1.002e-03  1.510e-03  4.489e-02 -2.873e-02 -5.067e-02  2.571e-03 -1.866e+00  8.709e-01 -7.371e-01  2.898e+00  2.279e-05  3.283e-01 
  1.237e-01 -3.659e-03  5.676e-03  1.082e-01 -7.713e-02 -1.486e-01 -1.297e-02 -1.033e+01  3.260e+00  2.730e+00  8.347e+00 
  1.237e-01 -3.659e-03  5.676e-03  1.082e-01 -7.713e-02 -1.486e-01 -1.297e-02 -1.033e+01  3.260e+00  2.730e+00  8.347e+00  7.811e-05  6.705e-01  1.934e+00 
  2.793e-02 -1.228e-02  3.074e-02  1.163e-02 -2.899e-04  5.035e+00 -9.885e-02 -2.133e+02  2.374e+02  4.899e+01 -8.653e+01 
  2.793e-02 -1.228e-02  3.074e-02  1.163e-02 -2.899e-04  5.035e+00 -9.885e-02 -2.133e+02  2.374e+02  4.899e+01 -8.653e+01  2.119e-04  5.311e-02  2.122e-01  3.978e+01 
 PARAMETER  CORRELATION COEFFICIENTS  
       NO.  GLOBAL      1      2      3      4      5      6      7      8      9     10     11     12     13     14     15
        1  0.95621   1.000 -0.122  0.138  0.442 -0.449  0.014 -0.771 -0.205  0.031  0.334 -0.096  0.000  0.481  0.547  0.027
        2  0.81153  -0.122  1.000 -0.808 -0.126  0.016  0.038  0.232  0.255 -0.175 -0.302 -0.307 -0.008 -0.098 -0.147 -0.109
        3  0.84877   0.138 -0.808  1.000  0.115 -0.019 -0.052 -0.277 -0.319  0.249  0.341  0.355  0.008  0.088  0.136  0.162
        4  0.97017   0.442 -0.126  0.115  1.000 -0.217 -0.021  0.064 -0.037  0.037 -0.014  0.113  0.003  0.929  0.923  0.022
        5  0.47021  -0.449  0.016 -0.019 -0.217  1.000 -0.005  0.284  0.050  0.002 -0.091  0.034 -0.002 -0.258 -0.285 -0.000
        6  0.34316   0.014  0.038 -0.052 -0.021 -0.005  1.000 -0.026  0.086  0.126  0.005 -0.322 -0.001 -0.017 -0.021  0.157
        7  0.95213  -0.771  0.232 -0.277  0.064  0.284 -0.026  1.000  0.358 -0.086 -0.568  0.164  0.021  0.020 -0.042 -0.071
        8  0.64183  -0.205  0.255 -0.319 -0.037  0.050  0.086  0.358  1.000 -0.375 -0.324 -0.191  0.001 -0.027 -0.062 -0.281
        9  0.71441   0.031 -0.175  0.249  0.037  0.002  0.126 -0.086 -0.375  1.000  0.118 -0.223  0.005  0.026  0.040  0.644
       10  0.64492   0.334 -0.302  0.341 -0.014 -0.091  0.005 -0.568 -0.324  0.118  1.000 -0.042 -0.026 -0.015  0.023  0.089
       11  0.68498  -0.096 -0.307  0.355  0.113  0.034 -0.322  0.164 -0.191 -0.223 -0.042  1.000  0.011  0.093  0.111 -0.254
       12  0.05712   0.000 -0.008  0.008  0.003 -0.002 -0.001  0.021  0.001  0.005 -0.026  0.011  1.000  0.004  0.006  0.004
       13  0.94160   0.481 -0.098  0.088  0.929 -0.258 -0.017  0.020 -0.027  0.026 -0.015  0.093  0.004  1.000  0.841  0.015
       14  0.94769   0.547 -0.147  0.136  0.923 -0.285 -0.021 -0.042 -0.062  0.040  0.023  0.111  0.006  0.841  1.000  0.024
       15  0.66504   0.027 -0.109  0.162  0.022 -0.000  0.157 -0.071 -0.281  0.644  0.089 -0.254  0.004  0.015  0.024  1.000
 **********
 **   18 **MINOS        7500
 **********
 MINUIT WARNING IN MIGRAD  
 ============== VARIABLE12 IS AT ITS LOWER ALLOWED LIMIT.
 MINUIT WARNING IN MIGRAD  
 ============== VARIABLE12 IS AT ITS LOWER ALLOWED LIMIT.
 MINUIT WARNING IN MIGRAD  
 ============== VARIABLE12 IS AT ITS LOWER ALLOWED LIMIT.
 MINUIT WARNING IN MIGRAD  
 ============== VARIABLE12 IS AT ITS LOWER ALLOWED LIMIT.
 MINUIT WARNING IN MIGRAD  
 ============== VARIABLE12 IS AT ITS LOWER ALLOWED LIMIT.
 MINUIT WARNING IN MIGRAD  
 ============== VARIABLE12 IS AT ITS LOWER ALLOWED LIMIT.
 MINUIT WARNING IN MIGRAD  
 ============== VARIABLE12 IS AT ITS LOWER ALLOWED LIMIT.
 MINUIT WARNING IN MIGRAD  
 ============== VARIABLE12 IS AT ITS LOWER ALLOWED LIMIT.
 MINUIT WARNING IN MIGRAD  
 ============== VARIABLE12 IS AT ITS LOWER ALLOWED LIMIT.
 MINUIT WARNING IN MIGRAD  
 ============== VARIABLE12 IS AT ITS LOWER ALLOWED LIMIT.
 MINUIT WARNING IN MIGRAD  
 ============== VARIABLE12 IS AT ITS LOWER ALLOWED LIMIT.
    THE NEGATIVE MINOS ERROR OF PARAMETER  12, nsigS EXCEEDS ITS LIMIT.
 MINUIT WARNING IN MIGRAD  
 ============== VARIABLE12 IS AT ITS LOWER ALLOWED LIMIT.
 MINUIT WARNING IN MIGRAD  
 ============== VARIABLE12 IS AT ITS LOWER ALLOWED LIMIT.
 MINUIT WARNING IN MIGRAD  
 ============== VARIABLE12 IS AT ITS LOWER ALLOWED LIMIT.
 MINUIT WARNING IN MIGRAD  
 ============== VARIABLE12 IS AT ITS LOWER ALLOWED LIMIT.
 FCN=-16299.3 FROM MINOS     STATUS=SUCCESSFUL   7665 CALLS        9293 TOTAL
                     EDM=1.88985e-05    STRATEGY= 1      ERROR MATRIX ACCURATE 
  EXT PARAMETER                  PARABOLIC         MINOS ERRORS        
  NO.   NAME      VALUE            ERROR      NEGATIVE      POSITIVE   
   1  alphaL3      1.82943e+00   1.62620e-01  -1.88472e-01   2.33720e-01
   2  b1          -1.17510e+00   1.78606e-02  -1.95385e-02   2.01569e-02
   3  b2           1.47136e-01   3.00010e-02  -3.30532e-02   3.38057e-02
   4  f1L          6.58636e-01   8.38436e-02  -8.46024e-02   9.61831e-02
   5  mean3L       5.62187e+03   1.94516e-01  -2.06938e-01   2.03009e-01
   6  meanLst3     5.00995e+03   5.08388e+00  -5.04576e+00   5.15710e+00
   7  nL1          1.24107e+00   2.20801e-01  -2.63343e-01   2.84717e-01
   8  nbkg         5.32740e+03   1.20176e+02  -1.26502e+02   1.22756e+02
   9  ngauLstmisc   7.83079e+02   5.84448e+01  -5.72758e+01   6.13564e+01
                                 WARNING -   - ABOVE PARAMETER IS AT LIMIT.
  10  nsigL        4.18778e+03   8.69907e+01  -8.79200e+01   1.02419e+02
  11  nsigLst1405   4.55136e+02   5.40953e+01  -5.50963e+01   5.51659e+01
                                 WARNING -   - ABOVE PARAMETER IS AT LIMIT.
  12  nsigS        1.11022e-06   1.60130e+01   at limit      1.49943e+01
                                 WARNING -   - ABOVE PARAMETER IS AT LIMIT.
  13  sig3L        7.61041e+00   5.72961e-01  -5.84467e-01   6.69816e-01
  14  sig4L        1.52836e+01   1.39029e+00  -1.21684e+00   2.13748e+00
  15  sigLst3      7.08984e+01   6.28654e+00  -5.90060e+00   6.93261e+00
                               ERR DEF= 0.5
 **********
 **   23 **MINOS        7500
 **********
 MINUIT WARNING IN MIGRAD  
 ============== VARIABLE12 IS AT ITS LOWER ALLOWED LIMIT.
 MINUIT WARNING IN MIGRAD  
 ============== VARIABLE12 IS AT ITS LOWER ALLOWED LIMIT.
 MINUIT WARNING IN MIGRAD  
 ============== VARIABLE12 IS AT ITS LOWER ALLOWED LIMIT.
 MINUIT WARNING IN MIGRAD  
 ============== VARIABLE12 IS AT ITS LOWER ALLOWED LIMIT.
 MINUIT WARNING IN MIGRAD  
 ============== VARIABLE12 IS AT ITS LOWER ALLOWED LIMIT.
 MINUIT WARNING IN MIGRAD  
 ============== VARIABLE12 IS AT ITS LOWER ALLOWED LIMIT.
 MINUIT WARNING IN MIGRAD  
 ============== VARIABLE12 IS AT ITS LOWER ALLOWED LIMIT.
 MINUIT WARNING IN MIGRAD  
 ============== VARIABLE12 IS AT ITS LOWER ALLOWED LIMIT.
 MINUIT WARNING IN MIGRAD  
 ============== VARIABLE12 IS AT ITS LOWER ALLOWED LIMIT.
 MINUIT WARNING IN MIGRAD  
 ============== VARIABLE12 IS AT ITS LOWER ALLOWED LIMIT.
 MINUIT WARNING IN MIGRAD  
 ============== VARIABLE12 IS AT ITS LOWER ALLOWED LIMIT.
    THE NEGATIVE MINOS ERROR OF PARAMETER  12, nsigS EXCEEDS ITS LIMIT.
 MINUIT WARNING IN MIGRAD  
 ============== VARIABLE12 IS AT ITS LOWER ALLOWED LIMIT.
 MINUIT WARNING IN MIGRAD  
 ============== VARIABLE12 IS AT ITS LOWER ALLOWED LIMIT.
 MINUIT WARNING IN MIGRAD  
 ============== VARIABLE12 IS AT ITS LOWER ALLOWED LIMIT.
 MINUIT WARNING IN MIGRAD  
 ============== VARIABLE12 IS AT ITS LOWER ALLOWED LIMIT.
 FCN=-16299.3 FROM MINOS     STATUS=SUCCESSFUL   7661 CALLS       16954 TOTAL
                     EDM=1.88985e-05    STRATEGY= 1      ERROR MATRIX ACCURATE 
  EXT PARAMETER                  PARABOLIC         MINOS ERRORS        
  NO.   NAME      VALUE            ERROR      NEGATIVE      POSITIVE   
   1  alphaL3      1.82943e+00   1.62620e-01  -1.88472e-01   2.33720e-01
   2  b1          -1.17510e+00   1.78606e-02  -1.95385e-02   2.01569e-02
   3  b2           1.47136e-01   3.00010e-02  -3.30532e-02   3.38057e-02
   4  f1L          6.58636e-01   8.38436e-02  -8.46024e-02   9.61831e-02
   5  mean3L       5.62187e+03   1.94516e-01  -2.06938e-01   2.03009e-01
   6  meanLst3     5.00995e+03   5.08388e+00  -5.04576e+00   5.15710e+00
   7  nL1          1.24107e+00   2.20801e-01  -2.63343e-01   2.84717e-01
   8  nbkg         5.32740e+03   1.20176e+02  -1.26502e+02   1.22756e+02
   9  ngauLstmisc   7.83079e+02   5.84448e+01  -5.72758e+01   6.13564e+01
                                 WARNING -   - ABOVE PARAMETER IS AT LIMIT.
  10  nsigL        4.18778e+03   8.69907e+01  -8.79200e+01   1.02419e+02
  11  nsigLst1405   4.55136e+02   5.40953e+01  -5.50963e+01   5.51659e+01
                                 WARNING -   - ABOVE PARAMETER IS AT LIMIT.
  12  nsigS        1.11022e-06   1.60130e+01   at limit      1.49943e+01
                                 WARNING -   - ABOVE PARAMETER IS AT LIMIT.
  13  sig3L        7.61041e+00   5.72961e-01  -5.84467e-01   6.69816e-01
  14  sig4L        1.52836e+01   1.39029e+00  -1.21684e+00   2.13748e+00
  15  sigLst3      7.08984e+01   6.28654e+00  -5.90060e+00   6.93261e+00
                               ERR DEF= 0.5
fit_mass: Fit complete.
fit_mass: Starting save_plot_fit_mass():
[#1] INFO:Plotting -- RooAbsPdf::plotOn(totalPdf) p.d.f was fitted in range and no explicit plot,norm range was specified, using fit range as default
[#1] INFO:Plotting -- RooAbsPdf::plotOn(totalPdf) only plotting range 'fit_nll_totalPdf_data'
[#1] INFO:Plotting -- RooAbsPdf::plotOn(totalPdf) p.d.f. curve is normalized using explicit choice of ranges 'fit_nll_totalPdf_data'
[#0] WARNING:Plotting -- At observable [x]=6055 RooChebychev::bkg[ x=Bs_LOKI_MASS_JpsiConstr coefList=(b1,b2) ]
     p.d.f value is less than zero (-0.000970), forcing value to zero @ x=Bs_LOKI_MASS_JpsiConstr=6055, coefList=(b1 = -1.1751 +/- (-0.0195385,0.0201569),b2 = 0.147136 +/- (-0.0330532,0.0338057))
[#0] WARNING:Plotting -- At observable [x]=6055 RooChebychev::bkg[ x=Bs_LOKI_MASS_JpsiConstr coefList=(b1,b2) ]
     p.d.f value is less than zero (-0.000970), forcing value to zero @ x=Bs_LOKI_MASS_JpsiConstr=6055, coefList=(b1 = -1.1751 +/- (-0.0195385,0.0201569),b2 = 0.147136 +/- (-0.0330532,0.0338057))
[#0] WARNING:Plotting -- At observable [x]=6055 RooChebychev::bkg[ x=Bs_LOKI_MASS_JpsiConstr coefList=(b1,b2) ]
     p.d.f value is less than zero (-0.000970), forcing value to zero @ x=Bs_LOKI_MASS_JpsiConstr=6055, coefList=(b1 = -1.1751 +/- (-0.0195385,0.0201569),b2 = 0.147136 +/- (-0.0330532,0.0338057))
[#1] INFO:Plotting -- RooAbsPdf::plotOn(totalPdf) p.d.f was fitted in range and no explicit plot,norm range was specified, using fit range as default
[#1] INFO:Plotting -- RooAbsPdf::plotOn(totalPdf) only plotting range 'fit_nll_totalPdf_data'
[#1] INFO:Plotting -- RooAbsPdf::plotOn(totalPdf) p.d.f. curve is normalized using explicit choice of ranges 'fit_nll_totalPdf_data'
[#1] INFO:Plotting -- RooAbsPdf::plotOn(totalPdf) directly selected PDF components: (sigS)
[#1] INFO:Plotting -- RooAbsPdf::plotOn(totalPdf) indirectly selected PDF components: ()
[#0] WARNING:Plotting -- At observable [x]=6055 RooChebychev::bkg[ x=Bs_LOKI_MASS_JpsiConstr coefList=(b1,b2) ]
     p.d.f value is less than zero (-0.000970), forcing value to zero @ x=Bs_LOKI_MASS_JpsiConstr=6055, coefList=(b1 = -1.1751 +/- (-0.0195385,0.0201569),b2 = 0.147136 +/- (-0.0330532,0.0338057))
[#0] WARNING:Plotting -- At observable [x]=6055 RooChebychev::bkg[ x=Bs_LOKI_MASS_JpsiConstr coefList=(b1,b2) ]
     p.d.f value is less than zero (-0.000970), forcing value to zero @ x=Bs_LOKI_MASS_JpsiConstr=6055, coefList=(b1 = -1.1751 +/- (-0.0195385,0.0201569),b2 = 0.147136 +/- (-0.0330532,0.0338057))
[#0] WARNING:Plotting -- At observable [x]=6055 RooChebychev::bkg[ x=Bs_LOKI_MASS_JpsiConstr coefList=(b1,b2) ]
     p.d.f value is less than zero (-0.000970), forcing value to zero @ x=Bs_LOKI_MASS_JpsiConstr=6055, coefList=(b1 = -1.1751 +/- (-0.0195385,0.0201569),b2 = 0.147136 +/- (-0.0330532,0.0338057))
/\ CB: alpha = 1.829428 +/- 2.337204E-01
/\ signal: fraction CB = 0.658636 +/- 9.618314E-02
/\ CB: mean = 5621.871708 +/- 2.069377E-01
/\ CB: n = 1.241072 +/- 2.847166E-01
/\ CB: sigma = 7.610408 +/- 6.698160E-01
/\ gaus: sigma = 15.283588 +/- 2.137483E+00
[#1] INFO:Plotting -- RooAbsPdf::plotOn(totalPdf) p.d.f was fitted in range and no explicit plot,norm range was specified, using fit range as default
[#1] INFO:Plotting -- RooAbsPdf::plotOn(totalPdf) only plotting range 'fit_nll_totalPdf_data'
[#1] INFO:Plotting -- RooAbsPdf::plotOn(totalPdf) p.d.f. curve is normalized using explicit choice of ranges 'fit_nll_totalPdf_data'
[#1] INFO:Plotting -- RooAbsPdf::plotOn(totalPdf) directly selected PDF components: (sigL)
[#1] INFO:Plotting -- RooAbsPdf::plotOn(totalPdf) indirectly selected PDF components: (CBL,gauL,mean4L)
[#0] WARNING:Plotting -- At observable [x]=6055 RooChebychev::bkg[ x=Bs_LOKI_MASS_JpsiConstr coefList=(b1,b2) ]
     p.d.f value is less than zero (-0.000970), forcing value to zero @ x=Bs_LOKI_MASS_JpsiConstr=6055, coefList=(b1 = -1.1751 +/- (-0.0195385,0.0201569),b2 = 0.147136 +/- (-0.0330532,0.0338057))
[#0] WARNING:Plotting -- At observable [x]=6055 RooChebychev::bkg[ x=Bs_LOKI_MASS_JpsiConstr coefList=(b1,b2) ]
     p.d.f value is less than zero (-0.000970), forcing value to zero @ x=Bs_LOKI_MASS_JpsiConstr=6055, coefList=(b1 = -1.1751 +/- (-0.0195385,0.0201569),b2 = 0.147136 +/- (-0.0330532,0.0338057))
[#0] WARNING:Plotting -- At observable [x]=6055 RooChebychev::bkg[ x=Bs_LOKI_MASS_JpsiConstr coefList=(b1,b2) ]
     p.d.f value is less than zero (-0.000970), forcing value to zero @ x=Bs_LOKI_MASS_JpsiConstr=6055, coefList=(b1 = -1.1751 +/- (-0.0195385,0.0201569),b2 = 0.147136 +/- (-0.0330532,0.0338057))
[#1] INFO:Plotting -- RooAbsPdf::plotOn(totalPdf) p.d.f was fitted in range and no explicit plot,norm range was specified, using fit range as default
[#1] INFO:Plotting -- RooAbsPdf::plotOn(totalPdf) only plotting range 'fit_nll_totalPdf_data'
[#1] INFO:Plotting -- RooAbsPdf::plotOn(totalPdf) p.d.f. curve is normalized using explicit choice of ranges 'fit_nll_totalPdf_data'
[#1] INFO:Plotting -- RooAbsPdf::plotOn(totalPdf) directly selected PDF components: (sigLst1405)
[#1] INFO:Plotting -- RooAbsPdf::plotOn(totalPdf) indirectly selected PDF components: ()
[#0] WARNING:Plotting -- At observable [x]=6055 RooChebychev::bkg[ x=Bs_LOKI_MASS_JpsiConstr coefList=(b1,b2) ]
     p.d.f value is less than zero (-0.000970), forcing value to zero @ x=Bs_LOKI_MASS_JpsiConstr=6055, coefList=(b1 = -1.1751 +/- (-0.0195385,0.0201569),b2 = 0.147136 +/- (-0.0330532,0.0338057))
[#0] WARNING:Plotting -- At observable [x]=6055 RooChebychev::bkg[ x=Bs_LOKI_MASS_JpsiConstr coefList=(b1,b2) ]
     p.d.f value is less than zero (-0.000970), forcing value to zero @ x=Bs_LOKI_MASS_JpsiConstr=6055, coefList=(b1 = -1.1751 +/- (-0.0195385,0.0201569),b2 = 0.147136 +/- (-0.0330532,0.0338057))
[#0] WARNING:Plotting -- At observable [x]=6055 RooChebychev::bkg[ x=Bs_LOKI_MASS_JpsiConstr coefList=(b1,b2) ]
     p.d.f value is less than zero (-0.000970), forcing value to zero @ x=Bs_LOKI_MASS_JpsiConstr=6055, coefList=(b1 = -1.1751 +/- (-0.0195385,0.0201569),b2 = 0.147136 +/- (-0.0330532,0.0338057))
/\*(misc.): mean3 = 5009.945653 +/- 5.157099E+00
/\*(misc.): sigma3 = 70.898402 +/- 6.932607E+00
[#1] INFO:Plotting -- RooAbsPdf::plotOn(totalPdf) p.d.f was fitted in range and no explicit plot,norm range was specified, using fit range as default
[#1] INFO:Plotting -- RooAbsPdf::plotOn(totalPdf) only plotting range 'fit_nll_totalPdf_data'
[#1] INFO:Plotting -- RooAbsPdf::plotOn(totalPdf) p.d.f. curve is normalized using explicit choice of ranges 'fit_nll_totalPdf_data'
[#1] INFO:Plotting -- RooAbsPdf::plotOn(totalPdf) directly selected PDF components: (gauLstmisc)
[#1] INFO:Plotting -- RooAbsPdf::plotOn(totalPdf) indirectly selected PDF components: ()
[#0] WARNING:Plotting -- At observable [x]=6055 RooChebychev::bkg[ x=Bs_LOKI_MASS_JpsiConstr coefList=(b1,b2) ]
     p.d.f value is less than zero (-0.000970), forcing value to zero @ x=Bs_LOKI_MASS_JpsiConstr=6055, coefList=(b1 = -1.1751 +/- (-0.0195385,0.0201569),b2 = 0.147136 +/- (-0.0330532,0.0338057))
[#0] WARNING:Plotting -- At observable [x]=6055 RooChebychev::bkg[ x=Bs_LOKI_MASS_JpsiConstr coefList=(b1,b2) ]
     p.d.f value is less than zero (-0.000970), forcing value to zero @ x=Bs_LOKI_MASS_JpsiConstr=6055, coefList=(b1 = -1.1751 +/- (-0.0195385,0.0201569),b2 = 0.147136 +/- (-0.0330532,0.0338057))
[#0] WARNING:Plotting -- At observable [x]=6055 RooChebychev::bkg[ x=Bs_LOKI_MASS_JpsiConstr coefList=(b1,b2) ]
     p.d.f value is less than zero (-0.000970), forcing value to zero @ x=Bs_LOKI_MASS_JpsiConstr=6055, coefList=(b1 = -1.1751 +/- (-0.0195385,0.0201569),b2 = 0.147136 +/- (-0.0330532,0.0338057))
Background: Chebychev b1 = -1.175097 +/- 2.015693E-02
Background: Chebychev b2 = 0.147136 +/- 3.380566E-02
[#1] INFO:Plotting -- RooAbsPdf::plotOn(totalPdf) p.d.f was fitted in range and no explicit plot,norm range was specified, using fit range as default
[#1] INFO:Plotting -- RooAbsPdf::plotOn(totalPdf) only plotting range 'fit_nll_totalPdf_data'
[#1] INFO:Plotting -- RooAbsPdf::plotOn(totalPdf) p.d.f. curve is normalized using explicit choice of ranges 'fit_nll_totalPdf_data'
[#1] INFO:Plotting -- RooAbsPdf::plotOn(totalPdf) directly selected PDF components: (bkg)
[#1] INFO:Plotting -- RooAbsPdf::plotOn(totalPdf) indirectly selected PDF components: ()
[#0] WARNING:Plotting -- At observable [x]=6055 RooChebychev::bkg[ x=Bs_LOKI_MASS_JpsiConstr coefList=(b1,b2) ]
     p.d.f value is less than zero (-0.000970), forcing value to zero @ x=Bs_LOKI_MASS_JpsiConstr=6055, coefList=(b1 = -1.1751 +/- (-0.0195385,0.0201569),b2 = 0.147136 +/- (-0.0330532,0.0338057))
[#0] WARNING:Plotting -- At observable [x]=6055 RooChebychev::bkg[ x=Bs_LOKI_MASS_JpsiConstr coefList=(b1,b2) ]
     p.d.f value is less than zero (-0.000970), forcing value to zero @ x=Bs_LOKI_MASS_JpsiConstr=6055, coefList=(b1 = -1.1751 +/- (-0.0195385,0.0201569),b2 = 0.147136 +/- (-0.0330532,0.0338057))
[#0] WARNING:Plotting -- At observable [x]=6055 RooChebychev::bkg[ x=Bs_LOKI_MASS_JpsiConstr coefList=(b1,b2) ]
     p.d.f value is less than zero (-0.000970), forcing value to zero @ x=Bs_LOKI_MASS_JpsiConstr=6055, coefList=(b1 = -1.1751 +/- (-0.0195385,0.0201569),b2 = 0.147136 +/- (-0.0330532,0.0338057))
#chi^{2}/N_{DoF} = 2.012896
N sigma = 0.000001 +/- 14.994348
N /\ = 4187.779109 +/- 102.419037
N /\*(1405) = 455.136190 +/- 55.165939
N /\*(misc.) = 783.078511 +/- 61.356397
N bkg = 5327.396338 +/- 126.501815
Y_{#Sigma^{0}}/Y_{#Lambda} = 2.651102E-10 +/- 3.580501E-03
limit = 3.670264E-03
limit at 90% confidence level = 5.872422E-03
[#0] WARNING:Plotting -- RooHist::makeResisHist(Hist) WARNING: point 96 has zero error, setting residual to zero
Info in <TCanvas::Print>: eps file plots/fitDD2_LCBGau.eps has been created
Info in <TCanvas::SaveSource>: C++ Macro file: plots/fitDD2_LCBGau.C has been generated
save_plot_fit_mass() complete.
fit_mass complete.
=========================================
Finish root @	Tue May 10 21:59:38 CEST 2016
=========================================
