=========================================
START@:		Tue May 10 22:06:45 CEST 2016
=========================================
Configuring DaVinci v40r1p3 from /cvmfs/lhcb.cern.ch/lib/lhcb/DAVINCI/DAVINCI_v40r1p3
GCCXML_config_version: Undefined variable.

Processing ./rootoptsDD3_CB/myRoot.C...

[1mRooFit v3.60 -- Developed by Wouter Verkerke and David Kirkby[0m 
                Copyright (C) 2000-2013 NIKHEF, University of California & Stanford University
                All rights reserved, please read http://roofit.sourceforge.net/license.txt

fileN = DD3_CB
-------------------------
Set LHCb Style - Feb 2012
-------------------------
fit_mass: Set mass and data:
[#1] INFO:Eval -- RooRealVar::setRange(Bs_LOKI_MASS_JpsiConstr) new range named 'bkg1' created with bounds [4300,4800]
[#1] INFO:Eval -- RooRealVar::setRange(Bs_LOKI_MASS_JpsiConstr) new range named 'bkg2' created with bounds [5700,5950]
[#1] INFO:Eval -- RooRealVar::setRange(Bs_LOKI_MASS_JpsiConstr) new range named 'bkg3' created with bounds [4300,5500]
[#1] INFO:Eval -- RooRealVar::setRange(Bs_LOKI_MASS_JpsiConstr) new range named 'bkg4' created with bounds [5100,5500]
[#1] INFO:Eval -- RooRealVar::setRange(Bs_LOKI_MASS_JpsiConstr) new range named '1405' created with bounds [4220,5460]
[#1] INFO:Eval -- RooRealVar::setRange(Bs_LOKI_MASS_JpsiConstr) new range named 'L' created with bounds [5350,5950]
[#1] INFO:Eval -- RooRealVar::setRange(Bs_LOKI_MASS_JpsiConstr) new range named 'tail' created with bounds [5950,6040]
[#1] INFO:Eval -- RooRealVar::setRange(Bs_LOKI_MASS_JpsiConstr) new range named 'Ltail' created with bounds [5350,6040]
[#1] INFO:Eval -- RooRealVar::setRange(Bs_LOKI_MASS_JpsiConstr) new range named 'tot' created with bounds [4300,6040]
mass declared
tree gotten
[#1] INFO:Eval -- RooTreeDataStore::loadValues(data) Ignored 36 out of range events
data declared
fit_mass: Mass and data set.
fit_mass: Assign shapes:
SMC file opened
SMC hist gotten
[#1] INFO:DataHandling -- RooDataHist::adjustBinning(SMC): fit range of variable Bs_LOKI_MASS_JpsiConstr expanded to nearest bin boundaries: [4100,6100] --> [4100,6100]
SMC hist assigned to RooDataHist
Lst1405MC file opened
Lst1405MC hist gotten
[#1] INFO:DataHandling -- RooDataHist::adjustBinning(Lst1405MC): fit range of variable Bs_LOKI_MASS_JpsiConstr expanded to nearest bin boundaries: [4100,6100] --> [4100,6100]
Lst1405MC hist assigned to RooDataHist
fit_mass: Shapes assigned.
fit_mass: declaring number of each shape:
fit_mass: Numbers declared.
fit_mass: adding shapes and their numbers to totalPdf:
fit_mass: totalPdf constructed.
fit_mass: Starting the fit:
[#1] INFO:Fitting -- RooAbsOptTestStatistic::ctor(nll_totalPdf_data) constructing test statistic for sub-range named tot
[#1] INFO:Eval -- RooRealVar::setRange(Bs_LOKI_MASS_JpsiConstr) new range named 'NormalizationRangeFortot' created with bounds [4100,6100]
[#1] INFO:Eval -- RooRealVar::setRange(Bs_LOKI_MASS_JpsiConstr) new range named 'fit_nll_totalPdf_data' created with bounds [4300,6040]
[#1] INFO:Fitting -- RooAbsOptTestStatistic::ctor(nll_totalPdf_data) fixing interpretation of coefficients of any RooAddPdf to full domain of observables 
 **********
 **   13 **MIGRAD        6500           1
 **********
 FIRST CALL TO USER FUNCTION AT NEW START POINT, WITH IFLAG=4.
 MINUIT WARNING IN MIGrad    
 ============== VARIABLE11 IS AT ITS LOWER ALLOWED LIMIT.
 START MIGRAD MINIMIZATION.  STRATEGY  1.  CONVERGENCE WHEN EDM .LT. 1.00e-03
 FCN=-6803.16 FROM MIGRAD    STATUS=INITIATE       86 CALLS          87 TOTAL
                     EDM= unknown      STRATEGY= 1      NO ERROR MATRIX       
  EXT PARAMETER               CURRENT GUESS       STEP         FIRST   
  NO.   NAME      VALUE            ERROR          SIZE      DERIVATIVE 
   1  alphaL5      1.52405e+00   7.62027e-01   0.00000e+00  -1.45951e+04
   2  b1          -1.18358e+00   5.91789e-01   0.00000e+00   9.50777e+02
   3  b2           2.27144e-01   1.13572e-01   0.00000e+00  -1.44342e+02
   4  mean5L       5.62106e+03   1.75000e+01   0.00000e+00  -7.86591e+03
   5  meanLst3     4.99835e+03   2.00000e+01   0.00000e+00   1.10557e+02
   6  nL1          2.59878e+00   1.29939e+00   0.00000e+00  -4.41668e+03
   7  nbkg         2.16549e+03   1.08275e+03   0.00000e+00  -3.45847e+05
   8  ngauLstmisc   4.39812e+02   2.19906e+02   0.00000e+00** at limit **
   9  nsigL        1.68964e+03   8.44819e+02   0.00000e+00  -1.37262e+06
  10  nsigLst1405   1.09548e+03   7.60308e+01   4.15335e-04** at limit **
  11  nsigS        9.53674e+03   1.00000e-06   0.00000e+00   8.74293e+06
  12  sig5L        7.68329e+00   3.84165e+00   0.00000e+00  -1.83170e+03
  13  sigLst3      6.15850e+01   1.00000e+01   0.00000e+00  -1.69609e+01
                               ERR DEF= 0.5
[#0] WARNING:Minization -- RooMinuitGlue: Minimized function has error status.
Returning maximum FCN so far (-6253.11) to force MIGRAD to back out of this region. Error log follows
Parameter values: alphaL5=1.53963, b1=-1.13712, b2=0.0612558, mean5L=5622.09, meanLst3=5010.05, nL1=3.05969, nbkg=5504.73, ngauLstmisc=780.711, nsigL=4032.87, nsigLst1405=378.702, nsigS=36.101, sig5L=10.0193, sigLst3=76.5105
RooChebychev::bkg[ x=Bs_LOKI_MASS_JpsiConstr coefList=(b1,b2) ]
     p.d.f value is less than zero (-0.002874), forcing value to zero @ x=Bs_LOKI_MASS_JpsiConstr=6019.08, coefList=(b1 = -1.13712,b2 = 0.0612558)

 MIGRAD MINIMIZATION HAS CONVERGED.
 FCN=-16261.2 FROM MIGRAD    STATUS=CONVERGED     719 CALLS         720 TOTAL
                     EDM=7.84671e-05    STRATEGY= 1  ERROR MATRIX UNCERTAINTY   0.9 per cent
  EXT PARAMETER                                   STEP         FIRST   
  NO.   NAME      VALUE            ERROR          SIZE      DERIVATIVE 
   1  alphaL5      1.74472e+00   1.09693e-01  -2.37371e-06  -3.93361e-01
   2  b1          -1.14162e+00   1.83848e-02   1.14755e-04  -2.96359e+00
   3  b2           9.24692e-02   2.95287e-02  -2.12176e-04  -4.17243e-01
   4  mean5L       5.62192e+03   1.88586e-01   7.40983e-05   8.34783e-01
   5  meanLst3     5.01030e+03   4.99090e+00   6.36324e-05   2.56843e-02
   6  nL1          1.97763e+00   3.68535e-01   2.19566e-06   1.80849e-01
   7  nbkg         5.47116e+03   1.12239e+02  -4.31325e-06   3.12178e+00
   8  ngauLstmisc   7.49044e+02   5.46420e+01  -4.92674e-07** at limit **
   9  nsigL        4.06712e+03   6.90691e+01   1.60275e-07   4.21787e+01
  10  nsigLst1405   4.32240e+02   5.20593e+01  -1.84702e-07** at limit **
  11  nsigS        5.55112e-07   1.18869e+01   1.97065e-06** at limit **
  12  sig5L        1.01885e+01   1.78938e-01   3.95554e-05  -6.36594e-01
  13  sigLst3      6.83988e+01   5.42935e+00  -1.32257e-04   5.12681e-02
                               ERR DEF= 0.5
 EXTERNAL ERROR MATRIX.    NDIM=  28    NPAR= 13    ERR DEF=0.5
 ELEMENTS ABOVE DIAGONAL ARE NOT PRINTED.
  1.203e-02 
 -3.015e-04  3.380e-04 
  5.394e-04 -4.805e-04  8.722e-04 
 -7.859e-03  2.017e-04 -8.799e-05  3.556e-02 
 -7.813e-05  4.836e-03 -9.147e-03 -1.485e-02  2.493e+01 
 -3.534e-02  2.304e-03 -3.856e-03  1.862e-02  9.349e-03  1.358e-01 
 -2.038e+00  4.816e-01 -8.262e-01 -8.445e-02  5.001e+01  1.093e+01  1.260e+04 
  6.821e-01 -2.472e-01  4.365e-01  9.877e-02  3.357e+01 -3.404e+00 -2.230e+03  2.986e+03 
  1.623e+00 -3.253e-01  5.303e-01 -5.036e-01 -6.218e+00 -8.882e+00 -1.463e+03  5.951e+02  4.771e+03 
 -2.259e-01 -4.057e-01  6.821e-01  1.866e-01 -8.444e+01 -5.306e-01 -1.857e+03 -4.630e+02  2.898e+02  2.710e+03 
  1.810e-05 -1.783e-06 -2.442e-08  7.003e-06  1.021e-04 -9.695e-05  1.288e-02 -1.040e-02  2.479e-02 -3.136e-03  3.310e-05 
  9.624e-03 -6.300e-04  1.098e-03 -1.110e-02 -1.027e-02 -2.479e-02 -3.205e+00  8.215e-01  2.227e+00  5.033e-01 -1.421e-05 
  9.624e-03 -6.300e-04  1.098e-03 -1.110e-02 -1.027e-02 -2.479e-02 -3.205e+00  8.215e-01  2.227e+00  5.033e-01 -1.421e-05  3.202e-02 
  5.313e-02 -1.544e-02  2.874e-02 -1.701e-02  3.750e+00 -2.685e-01 -1.709e+02  1.825e+02  4.335e+01 -6.220e+01 -1.331e-03 
  5.313e-02 -1.544e-02  2.874e-02 -1.701e-02  3.750e+00 -2.685e-01 -1.709e+02  1.825e+02  4.335e+01 -6.220e+01 -1.331e-03  7.845e-02  2.961e+01 
 PARAMETER  CORRELATION COEFFICIENTS  
       NO.  GLOBAL      1      2      3      4      5      6      7      8      9     10     11     12     13
        1  0.91828   1.000 -0.149  0.166 -0.380 -0.000 -0.874 -0.166  0.114  0.214 -0.040  0.029  0.490  0.089
        2  0.89019  -0.149  1.000 -0.885  0.058  0.053  0.340  0.233 -0.246 -0.256 -0.424 -0.017 -0.192 -0.154
        3  0.89816   0.166 -0.885  1.000 -0.016 -0.062 -0.354 -0.249  0.271  0.260  0.444 -0.000  0.208  0.179
        4  0.44676  -0.380  0.058 -0.016  1.000 -0.016  0.268 -0.004  0.010 -0.039  0.019  0.006 -0.329 -0.017
        5  0.34460  -0.000  0.053 -0.062 -0.016  1.000  0.005  0.089  0.123 -0.018 -0.325  0.004 -0.011  0.138
        6  0.92006  -0.874  0.340 -0.354  0.268  0.005  1.000  0.264 -0.169 -0.349 -0.028 -0.046 -0.376 -0.134
        7  0.60332  -0.166  0.233 -0.249 -0.004  0.089  0.264  1.000 -0.364 -0.189 -0.318  0.020 -0.160 -0.280
        8  0.69321   0.114 -0.246  0.271  0.010  0.123 -0.169 -0.364  1.000  0.158 -0.163 -0.033  0.084  0.614
        9  0.43200   0.214 -0.256  0.260 -0.039 -0.018 -0.349 -0.189  0.158  1.000  0.081  0.062  0.180  0.115
       10  0.70660  -0.040 -0.424  0.444  0.019 -0.325 -0.028 -0.318 -0.163  0.081  1.000 -0.010  0.054 -0.220
       11  0.10533   0.029 -0.017 -0.000  0.006  0.004 -0.046  0.020 -0.033  0.062 -0.010  1.000 -0.014 -0.043
       12  0.57427   0.490 -0.192  0.208 -0.329 -0.011 -0.376 -0.160  0.084  0.180  0.054 -0.014  1.000  0.081
       13  0.64609   0.089 -0.154  0.179 -0.017  0.138 -0.134 -0.280  0.614  0.115 -0.220 -0.043  0.081  1.000
 **********
 **   18 **MINOS        6500
 **********
 MINUIT WARNING IN MIGRAD  
 ============== VARIABLE11 IS AT ITS LOWER ALLOWED LIMIT.
 MINUIT WARNING IN MIGRAD  
 ============== VARIABLE11 IS AT ITS LOWER ALLOWED LIMIT.
 MINUIT WARNING IN MIGRAD  
 ============== VARIABLE11 IS AT ITS LOWER ALLOWED LIMIT.
 MINUIT WARNING IN MIGRAD  
 ============== VARIABLE11 IS AT ITS LOWER ALLOWED LIMIT.
 MINUIT WARNING IN MIGRAD  
 ============== VARIABLE11 IS AT ITS LOWER ALLOWED LIMIT.
 MINUIT WARNING IN MIGRAD  
 ============== VARIABLE11 IS AT ITS LOWER ALLOWED LIMIT.
 MINUIT WARNING IN MIGRAD  
 ============== VARIABLE11 IS AT ITS LOWER ALLOWED LIMIT.
 MINUIT WARNING IN MIGRAD  
 ============== VARIABLE11 IS AT ITS LOWER ALLOWED LIMIT.
 MINUIT WARNING IN MIGRAD  
 ============== VARIABLE11 IS AT ITS LOWER ALLOWED LIMIT.
 MINUIT WARNING IN MIGRAD  
 ============== VARIABLE11 IS AT ITS LOWER ALLOWED LIMIT.
    THE NEGATIVE MINOS ERROR OF PARAMETER  11, nsigS EXCEEDS ITS LIMIT.
 MINUIT WARNING IN MIGRAD  
 ============== VARIABLE11 IS AT ITS LOWER ALLOWED LIMIT.
 MINUIT WARNING IN MIGRAD  
 ============== VARIABLE11 IS AT ITS LOWER ALLOWED LIMIT.
 MINUIT WARNING IN MIGRAD  
 ============== VARIABLE11 IS AT ITS LOWER ALLOWED LIMIT.
 FCN=-16261.2 FROM MINOS     STATUS=SUCCESSFUL   3998 CALLS        4718 TOTAL
                     EDM=7.84671e-05    STRATEGY= 1  ERROR MATRIX UNCERTAINTY   0.9 per cent
  EXT PARAMETER                  PARABOLIC         MINOS ERRORS        
  NO.   NAME      VALUE            ERROR      NEGATIVE      POSITIVE   
   1  alphaL5      1.74472e+00   1.09693e-01  -1.08453e-01   1.07774e-01
   2  b1          -1.14162e+00   1.83848e-02  -1.95302e-02   2.02499e-02
   3  b2           9.24692e-02   2.95287e-02  -3.05848e-02   3.10562e-02
   4  mean5L       5.62192e+03   1.88586e-01  -1.93880e-01   1.94270e-01
   5  meanLst3     5.01030e+03   4.99090e+00  -5.01418e+00   5.08639e+00
   6  nL1          1.97763e+00   3.68535e-01  -3.20835e-01   4.11694e-01
   7  nbkg         5.47116e+03   1.12239e+02  -1.13556e+02   1.13242e+02
   8  ngauLstmisc   7.49044e+02   5.46420e+01  -5.47267e+01   5.78858e+01
                                 WARNING -   - ABOVE PARAMETER IS AT LIMIT.
   9  nsigL        4.06712e+03   6.90691e+01  -7.11327e+01   7.32302e+01
  10  nsigLst1405   4.32240e+02   5.20593e+01  -5.29432e+01   5.39898e+01
                                 WARNING -   - ABOVE PARAMETER IS AT LIMIT.
  11  nsigS        5.55112e-07   1.18869e+01   at limit      1.11542e+01
                                 WARNING -   - ABOVE PARAMETER IS AT LIMIT.
  12  sig5L        1.01885e+01   1.78938e-01  -1.79789e-01   1.80356e-01
  13  sigLst3      6.83988e+01   5.42935e+00  -5.58226e+00   6.37736e+00
                               ERR DEF= 0.5
 **********
 **   23 **MINOS        6500
 **********
 MINUIT WARNING IN MIGRAD  
 ============== VARIABLE11 IS AT ITS LOWER ALLOWED LIMIT.
 MINUIT WARNING IN MIGRAD  
 ============== VARIABLE11 IS AT ITS LOWER ALLOWED LIMIT.
 MINUIT WARNING IN MIGRAD  
 ============== VARIABLE11 IS AT ITS LOWER ALLOWED LIMIT.
 MINUIT WARNING IN MIGRAD  
 ============== VARIABLE11 IS AT ITS LOWER ALLOWED LIMIT.
 MINUIT WARNING IN MIGRAD  
 ============== VARIABLE11 IS AT ITS LOWER ALLOWED LIMIT.
 MINUIT WARNING IN MIGRAD  
 ============== VARIABLE11 IS AT ITS LOWER ALLOWED LIMIT.
 MINUIT WARNING IN MIGRAD  
 ============== VARIABLE11 IS AT ITS LOWER ALLOWED LIMIT.
 MINUIT WARNING IN MIGRAD  
 ============== VARIABLE11 IS AT ITS LOWER ALLOWED LIMIT.
 MINUIT WARNING IN MIGRAD  
 ============== VARIABLE11 IS AT ITS LOWER ALLOWED LIMIT.
 MINUIT WARNING IN MIGRAD  
 ============== VARIABLE11 IS AT ITS LOWER ALLOWED LIMIT.
    THE NEGATIVE MINOS ERROR OF PARAMETER  11, nsigS EXCEEDS ITS LIMIT.
 MINUIT WARNING IN MIGRAD  
 ============== VARIABLE11 IS AT ITS LOWER ALLOWED LIMIT.
 MINUIT WARNING IN MIGRAD  
 ============== VARIABLE11 IS AT ITS LOWER ALLOWED LIMIT.
 MINUIT WARNING IN MIGRAD  
 ============== VARIABLE11 IS AT ITS LOWER ALLOWED LIMIT.
 FCN=-16261.2 FROM MINOS     STATUS=SUCCESSFUL   3998 CALLS        8716 TOTAL
                     EDM=7.84671e-05    STRATEGY= 1  ERROR MATRIX UNCERTAINTY   0.9 per cent
  EXT PARAMETER                  PARABOLIC         MINOS ERRORS        
  NO.   NAME      VALUE            ERROR      NEGATIVE      POSITIVE   
   1  alphaL5      1.74472e+00   1.09693e-01  -1.08453e-01   1.07774e-01
   2  b1          -1.14162e+00   1.83848e-02  -1.95302e-02   2.02499e-02
   3  b2           9.24692e-02   2.95287e-02  -3.05848e-02   3.10562e-02
   4  mean5L       5.62192e+03   1.88586e-01  -1.93880e-01   1.94270e-01
   5  meanLst3     5.01030e+03   4.99090e+00  -5.01418e+00   5.08639e+00
   6  nL1          1.97763e+00   3.68535e-01  -3.20835e-01   4.11694e-01
   7  nbkg         5.47116e+03   1.12239e+02  -1.13556e+02   1.13242e+02
   8  ngauLstmisc   7.49044e+02   5.46420e+01  -5.47267e+01   5.78858e+01
                                 WARNING -   - ABOVE PARAMETER IS AT LIMIT.
   9  nsigL        4.06712e+03   6.90691e+01  -7.11327e+01   7.32302e+01
  10  nsigLst1405   4.32240e+02   5.20593e+01  -5.29432e+01   5.39898e+01
                                 WARNING -   - ABOVE PARAMETER IS AT LIMIT.
  11  nsigS        5.55112e-07   1.18869e+01   at limit      1.11542e+01
                                 WARNING -   - ABOVE PARAMETER IS AT LIMIT.
  12  sig5L        1.01885e+01   1.78938e-01  -1.79789e-01   1.80356e-01
  13  sigLst3      6.83988e+01   5.42935e+00  -5.58226e+00   6.37736e+00
                               ERR DEF= 0.5
fit_mass: Fit complete.
fit_mass: Starting save_plot_fit_mass():
[#1] INFO:Plotting -- RooAbsPdf::plotOn(totalPdf) p.d.f was fitted in range and no explicit plot,norm range was specified, using fit range as default
[#1] INFO:Plotting -- RooAbsPdf::plotOn(totalPdf) only plotting range 'fit_nll_totalPdf_data'
[#1] INFO:Plotting -- RooAbsPdf::plotOn(totalPdf) p.d.f. curve is normalized using explicit choice of ranges 'fit_nll_totalPdf_data'
[#0] WARNING:Plotting -- At observable [x]=6040 RooChebychev::bkg[ x=Bs_LOKI_MASS_JpsiConstr coefList=(b1,b2) ]
     p.d.f value is less than zero (-0.002179), forcing value to zero @ x=Bs_LOKI_MASS_JpsiConstr=6040, coefList=(b1 = -1.14162 +/- (-0.0195302,0.0202499),b2 = 0.0924692 +/- (-0.0305848,0.0310562))
[#0] WARNING:Plotting -- At observable [x]=6040 RooChebychev::bkg[ x=Bs_LOKI_MASS_JpsiConstr coefList=(b1,b2) ]
     p.d.f value is less than zero (-0.002179), forcing value to zero @ x=Bs_LOKI_MASS_JpsiConstr=6040, coefList=(b1 = -1.14162 +/- (-0.0195302,0.0202499),b2 = 0.0924692 +/- (-0.0305848,0.0310562))
[#0] WARNING:Plotting -- At observable [x]=6045 RooChebychev::bkg[ x=Bs_LOKI_MASS_JpsiConstr coefList=(b1,b2) ]
     p.d.f value is less than zero (-0.006144), forcing value to zero @ x=Bs_LOKI_MASS_JpsiConstr=6045, coefList=(b1 = -1.14162 +/- (-0.0195302,0.0202499),b2 = 0.0924692 +/- (-0.0305848,0.0310562))
[#0] WARNING:Plotting -- At observable [x]=6045 RooChebychev::bkg[ x=Bs_LOKI_MASS_JpsiConstr coefList=(b1,b2) ]
     p.d.f value is less than zero (-0.006144), forcing value to zero @ x=Bs_LOKI_MASS_JpsiConstr=6045, coefList=(b1 = -1.14162 +/- (-0.0195302,0.0202499),b2 = 0.0924692 +/- (-0.0305848,0.0310562))
[#0] WARNING:Plotting -- At observable [x]=6050 RooChebychev::bkg[ x=Bs_LOKI_MASS_JpsiConstr coefList=(b1,b2) ]
     p.d.f value is less than zero (-0.010100), forcing value to zero @ x=Bs_LOKI_MASS_JpsiConstr=6050, coefList=(b1 = -1.14162 +/- (-0.0195302,0.0202499),b2 = 0.0924692 +/- (-0.0305848,0.0310562))
[#0] WARNING:Plotting -- At observable [x]=6050 RooChebychev::bkg[ x=Bs_LOKI_MASS_JpsiConstr coefList=(b1,b2) ]
     p.d.f value is less than zero (-0.010100), forcing value to zero @ x=Bs_LOKI_MASS_JpsiConstr=6050, coefList=(b1 = -1.14162 +/- (-0.0195302,0.0202499),b2 = 0.0924692 +/- (-0.0305848,0.0310562))
[#0] WARNING:Plotting -- At observable [x]=6055 RooChebychev::bkg[ x=Bs_LOKI_MASS_JpsiConstr coefList=(b1,b2) ]
     p.d.f value is less than zero (-0.014047), forcing value to zero @ x=Bs_LOKI_MASS_JpsiConstr=6055, coefList=(b1 = -1.14162 +/- (-0.0195302,0.0202499),b2 = 0.0924692 +/- (-0.0305848,0.0310562))
[#0] WARNING:Plotting -- At observable [x]=6055 RooChebychev::bkg[ x=Bs_LOKI_MASS_JpsiConstr coefList=(b1,b2) ]
     p.d.f value is less than zero (-0.014047), forcing value to zero @ x=Bs_LOKI_MASS_JpsiConstr=6055, coefList=(b1 = -1.14162 +/- (-0.0195302,0.0202499),b2 = 0.0924692 +/- (-0.0305848,0.0310562))
[#0] WARNING:Plotting -- At observable [x]=6037.5 RooChebychev::bkg[ x=Bs_LOKI_MASS_JpsiConstr coefList=(b1,b2) ]
     p.d.f value is less than zero (-0.000193), forcing value to zero @ x=Bs_LOKI_MASS_JpsiConstr=6037.5, coefList=(b1 = -1.14162 +/- (-0.0195302,0.0202499),b2 = 0.0924692 +/- (-0.0305848,0.0310562))
[#0] WARNING:Plotting -- At observable [x]=6040 RooChebychev::bkg[ x=Bs_LOKI_MASS_JpsiConstr coefList=(b1,b2) ]
     p.d.f value is less than zero (-0.002179), forcing value to zero @ x=Bs_LOKI_MASS_JpsiConstr=6040, coefList=(b1 = -1.14162 +/- (-0.0195302,0.0202499),b2 = 0.0924692 +/- (-0.0305848,0.0310562))
[#0] WARNING:Plotting -- At observable [x]=6042.5 RooChebychev::bkg[ x=Bs_LOKI_MASS_JpsiConstr coefList=(b1,b2) ]
     p.d.f value is less than zero (-0.004163), forcing value to zero @ x=Bs_LOKI_MASS_JpsiConstr=6042.5, coefList=(b1 = -1.14162 +/- (-0.0195302,0.0202499),b2 = 0.0924692 +/- (-0.0305848,0.0310562))
[#0] WARNING:Plotting -- At observable [x]=6045 RooChebychev::bkg[ x=Bs_LOKI_MASS_JpsiConstr coefList=(b1,b2) ]
     p.d.f value is less than zero (-0.006144), forcing value to zero @ x=Bs_LOKI_MASS_JpsiConstr=6045, coefList=(b1 = -1.14162 +/- (-0.0195302,0.0202499),b2 = 0.0924692 +/- (-0.0305848,0.0310562))
[#0] WARNING:Plotting -- At observable [x]=6047.5 RooChebychev::bkg[ x=Bs_LOKI_MASS_JpsiConstr coefList=(b1,b2) ]
     p.d.f value is less than zero (-0.008124), forcing value to zero @ x=Bs_LOKI_MASS_JpsiConstr=6047.5, coefList=(b1 = -1.14162 +/- (-0.0195302,0.0202499),b2 = 0.0924692 +/- (-0.0305848,0.0310562))
[#0] WARNING:Plotting -- At observable [x]=6050 RooChebychev::bkg[ x=Bs_LOKI_MASS_JpsiConstr coefList=(b1,b2) ]
     p.d.f value is less than zero (-0.010100), forcing value to zero @ x=Bs_LOKI_MASS_JpsiConstr=6050, coefList=(b1 = -1.14162 +/- (-0.0195302,0.0202499),b2 = 0.0924692 +/- (-0.0305848,0.0310562))
[#0] WARNING:Plotting -- At observable [x]=6052.5 RooChebychev::bkg[ x=Bs_LOKI_MASS_JpsiConstr coefList=(b1,b2) ]
     p.d.f value is less than zero (-0.012075), forcing value to zero @ x=Bs_LOKI_MASS_JpsiConstr=6052.5, coefList=(b1 = -1.14162 +/- (-0.0195302,0.0202499),b2 = 0.0924692 +/- (-0.0305848,0.0310562))
[#0] WARNING:Plotting -- At observable [x]=6055 RooChebychev::bkg[ x=Bs_LOKI_MASS_JpsiConstr coefList=(b1,b2) ]
     p.d.f value is less than zero (-0.014047), forcing value to zero @ x=Bs_LOKI_MASS_JpsiConstr=6055, coefList=(b1 = -1.14162 +/- (-0.0195302,0.0202499),b2 = 0.0924692 +/- (-0.0305848,0.0310562))
[#1] INFO:Plotting -- RooAbsPdf::plotOn(totalPdf) p.d.f was fitted in range and no explicit plot,norm range was specified, using fit range as default
[#1] INFO:Plotting -- RooAbsPdf::plotOn(totalPdf) only plotting range 'fit_nll_totalPdf_data'
[#1] INFO:Plotting -- RooAbsPdf::plotOn(totalPdf) p.d.f. curve is normalized using explicit choice of ranges 'fit_nll_totalPdf_data'
[#1] INFO:Plotting -- RooAbsPdf::plotOn(totalPdf) directly selected PDF components: (sigS)
[#1] INFO:Plotting -- RooAbsPdf::plotOn(totalPdf) indirectly selected PDF components: ()
[#0] WARNING:Plotting -- At observable [x]=6040 RooChebychev::bkg[ x=Bs_LOKI_MASS_JpsiConstr coefList=(b1,b2) ]
     p.d.f value is less than zero (-0.002179), forcing value to zero @ x=Bs_LOKI_MASS_JpsiConstr=6040, coefList=(b1 = -1.14162 +/- (-0.0195302,0.0202499),b2 = 0.0924692 +/- (-0.0305848,0.0310562))
[#0] WARNING:Plotting -- At observable [x]=6040 RooChebychev::bkg[ x=Bs_LOKI_MASS_JpsiConstr coefList=(b1,b2) ]
     p.d.f value is less than zero (-0.002179), forcing value to zero @ x=Bs_LOKI_MASS_JpsiConstr=6040, coefList=(b1 = -1.14162 +/- (-0.0195302,0.0202499),b2 = 0.0924692 +/- (-0.0305848,0.0310562))
[#0] WARNING:Plotting -- At observable [x]=6045 RooChebychev::bkg[ x=Bs_LOKI_MASS_JpsiConstr coefList=(b1,b2) ]
     p.d.f value is less than zero (-0.006144), forcing value to zero @ x=Bs_LOKI_MASS_JpsiConstr=6045, coefList=(b1 = -1.14162 +/- (-0.0195302,0.0202499),b2 = 0.0924692 +/- (-0.0305848,0.0310562))
[#0] WARNING:Plotting -- At observable [x]=6045 RooChebychev::bkg[ x=Bs_LOKI_MASS_JpsiConstr coefList=(b1,b2) ]
     p.d.f value is less than zero (-0.006144), forcing value to zero @ x=Bs_LOKI_MASS_JpsiConstr=6045, coefList=(b1 = -1.14162 +/- (-0.0195302,0.0202499),b2 = 0.0924692 +/- (-0.0305848,0.0310562))
[#0] WARNING:Plotting -- At observable [x]=6050 RooChebychev::bkg[ x=Bs_LOKI_MASS_JpsiConstr coefList=(b1,b2) ]
     p.d.f value is less than zero (-0.010100), forcing value to zero @ x=Bs_LOKI_MASS_JpsiConstr=6050, coefList=(b1 = -1.14162 +/- (-0.0195302,0.0202499),b2 = 0.0924692 +/- (-0.0305848,0.0310562))
[#0] WARNING:Plotting -- At observable [x]=6050 RooChebychev::bkg[ x=Bs_LOKI_MASS_JpsiConstr coefList=(b1,b2) ]
     p.d.f value is less than zero (-0.010100), forcing value to zero @ x=Bs_LOKI_MASS_JpsiConstr=6050, coefList=(b1 = -1.14162 +/- (-0.0195302,0.0202499),b2 = 0.0924692 +/- (-0.0305848,0.0310562))
[#0] WARNING:Plotting -- At observable [x]=6055 RooChebychev::bkg[ x=Bs_LOKI_MASS_JpsiConstr coefList=(b1,b2) ]
     p.d.f value is less than zero (-0.014047), forcing value to zero @ x=Bs_LOKI_MASS_JpsiConstr=6055, coefList=(b1 = -1.14162 +/- (-0.0195302,0.0202499),b2 = 0.0924692 +/- (-0.0305848,0.0310562))
[#0] WARNING:Plotting -- At observable [x]=6055 RooChebychev::bkg[ x=Bs_LOKI_MASS_JpsiConstr coefList=(b1,b2) ]
     p.d.f value is less than zero (-0.014047), forcing value to zero @ x=Bs_LOKI_MASS_JpsiConstr=6055, coefList=(b1 = -1.14162 +/- (-0.0195302,0.0202499),b2 = 0.0924692 +/- (-0.0305848,0.0310562))
[#0] WARNING:Plotting -- At observable [x]=6037.5 RooChebychev::bkg[ x=Bs_LOKI_MASS_JpsiConstr coefList=(b1,b2) ]
     p.d.f value is less than zero (-0.000193), forcing value to zero @ x=Bs_LOKI_MASS_JpsiConstr=6037.5, coefList=(b1 = -1.14162 +/- (-0.0195302,0.0202499),b2 = 0.0924692 +/- (-0.0305848,0.0310562))
[#0] WARNING:Plotting -- At observable [x]=6040 RooChebychev::bkg[ x=Bs_LOKI_MASS_JpsiConstr coefList=(b1,b2) ]
     p.d.f value is less than zero (-0.002179), forcing value to zero @ x=Bs_LOKI_MASS_JpsiConstr=6040, coefList=(b1 = -1.14162 +/- (-0.0195302,0.0202499),b2 = 0.0924692 +/- (-0.0305848,0.0310562))
[#0] WARNING:Plotting -- At observable [x]=6042.5 RooChebychev::bkg[ x=Bs_LOKI_MASS_JpsiConstr coefList=(b1,b2) ]
     p.d.f value is less than zero (-0.004163), forcing value to zero @ x=Bs_LOKI_MASS_JpsiConstr=6042.5, coefList=(b1 = -1.14162 +/- (-0.0195302,0.0202499),b2 = 0.0924692 +/- (-0.0305848,0.0310562))
[#0] WARNING:Plotting -- At observable [x]=6045 RooChebychev::bkg[ x=Bs_LOKI_MASS_JpsiConstr coefList=(b1,b2) ]
     p.d.f value is less than zero (-0.006144), forcing value to zero @ x=Bs_LOKI_MASS_JpsiConstr=6045, coefList=(b1 = -1.14162 +/- (-0.0195302,0.0202499),b2 = 0.0924692 +/- (-0.0305848,0.0310562))
[#0] WARNING:Plotting -- At observable [x]=6047.5 RooChebychev::bkg[ x=Bs_LOKI_MASS_JpsiConstr coefList=(b1,b2) ]
     p.d.f value is less than zero (-0.008124), forcing value to zero @ x=Bs_LOKI_MASS_JpsiConstr=6047.5, coefList=(b1 = -1.14162 +/- (-0.0195302,0.0202499),b2 = 0.0924692 +/- (-0.0305848,0.0310562))
[#0] WARNING:Plotting -- At observable [x]=6050 RooChebychev::bkg[ x=Bs_LOKI_MASS_JpsiConstr coefList=(b1,b2) ]
     p.d.f value is less than zero (-0.010100), forcing value to zero @ x=Bs_LOKI_MASS_JpsiConstr=6050, coefList=(b1 = -1.14162 +/- (-0.0195302,0.0202499),b2 = 0.0924692 +/- (-0.0305848,0.0310562))
[#0] WARNING:Plotting -- At observable [x]=6052.5 RooChebychev::bkg[ x=Bs_LOKI_MASS_JpsiConstr coefList=(b1,b2) ]
     p.d.f value is less than zero (-0.012075), forcing value to zero @ x=Bs_LOKI_MASS_JpsiConstr=6052.5, coefList=(b1 = -1.14162 +/- (-0.0195302,0.0202499),b2 = 0.0924692 +/- (-0.0305848,0.0310562))
[#0] WARNING:Plotting -- At observable [x]=6055 RooChebychev::bkg[ x=Bs_LOKI_MASS_JpsiConstr coefList=(b1,b2) ]
     p.d.f value is less than zero (-0.014047), forcing value to zero @ x=Bs_LOKI_MASS_JpsiConstr=6055, coefList=(b1 = -1.14162 +/- (-0.0195302,0.0202499),b2 = 0.0924692 +/- (-0.0305848,0.0310562))
/\ CB: alpha = 1.744717 +/- 1.084528E-01
/\ CB: mean = 5621.919888 +/- 1.942703E-01
/\ CB: n = 1.977634 +/- 4.116943E-01
/\ CB: sigma = 10.188549 +/- 1.803557E-01
[#1] INFO:Plotting -- RooAbsPdf::plotOn(totalPdf) p.d.f was fitted in range and no explicit plot,norm range was specified, using fit range as default
[#1] INFO:Plotting -- RooAbsPdf::plotOn(totalPdf) only plotting range 'fit_nll_totalPdf_data'
[#1] INFO:Plotting -- RooAbsPdf::plotOn(totalPdf) p.d.f. curve is normalized using explicit choice of ranges 'fit_nll_totalPdf_data'
[#1] INFO:Plotting -- RooAbsPdf::plotOn(totalPdf) directly selected PDF components: (CBL)
[#1] INFO:Plotting -- RooAbsPdf::plotOn(totalPdf) indirectly selected PDF components: ()
[#0] WARNING:Plotting -- At observable [x]=6040 RooChebychev::bkg[ x=Bs_LOKI_MASS_JpsiConstr coefList=(b1,b2) ]
     p.d.f value is less than zero (-0.002179), forcing value to zero @ x=Bs_LOKI_MASS_JpsiConstr=6040, coefList=(b1 = -1.14162 +/- (-0.0195302,0.0202499),b2 = 0.0924692 +/- (-0.0305848,0.0310562))
[#0] WARNING:Plotting -- At observable [x]=6040 RooChebychev::bkg[ x=Bs_LOKI_MASS_JpsiConstr coefList=(b1,b2) ]
     p.d.f value is less than zero (-0.002179), forcing value to zero @ x=Bs_LOKI_MASS_JpsiConstr=6040, coefList=(b1 = -1.14162 +/- (-0.0195302,0.0202499),b2 = 0.0924692 +/- (-0.0305848,0.0310562))
[#0] WARNING:Plotting -- At observable [x]=6045 RooChebychev::bkg[ x=Bs_LOKI_MASS_JpsiConstr coefList=(b1,b2) ]
     p.d.f value is less than zero (-0.006144), forcing value to zero @ x=Bs_LOKI_MASS_JpsiConstr=6045, coefList=(b1 = -1.14162 +/- (-0.0195302,0.0202499),b2 = 0.0924692 +/- (-0.0305848,0.0310562))
[#0] WARNING:Plotting -- At observable [x]=6045 RooChebychev::bkg[ x=Bs_LOKI_MASS_JpsiConstr coefList=(b1,b2) ]
     p.d.f value is less than zero (-0.006144), forcing value to zero @ x=Bs_LOKI_MASS_JpsiConstr=6045, coefList=(b1 = -1.14162 +/- (-0.0195302,0.0202499),b2 = 0.0924692 +/- (-0.0305848,0.0310562))
[#0] WARNING:Plotting -- At observable [x]=6050 RooChebychev::bkg[ x=Bs_LOKI_MASS_JpsiConstr coefList=(b1,b2) ]
     p.d.f value is less than zero (-0.010100), forcing value to zero @ x=Bs_LOKI_MASS_JpsiConstr=6050, coefList=(b1 = -1.14162 +/- (-0.0195302,0.0202499),b2 = 0.0924692 +/- (-0.0305848,0.0310562))
[#0] WARNING:Plotting -- At observable [x]=6050 RooChebychev::bkg[ x=Bs_LOKI_MASS_JpsiConstr coefList=(b1,b2) ]
     p.d.f value is less than zero (-0.010100), forcing value to zero @ x=Bs_LOKI_MASS_JpsiConstr=6050, coefList=(b1 = -1.14162 +/- (-0.0195302,0.0202499),b2 = 0.0924692 +/- (-0.0305848,0.0310562))
[#0] WARNING:Plotting -- At observable [x]=6055 RooChebychev::bkg[ x=Bs_LOKI_MASS_JpsiConstr coefList=(b1,b2) ]
     p.d.f value is less than zero (-0.014047), forcing value to zero @ x=Bs_LOKI_MASS_JpsiConstr=6055, coefList=(b1 = -1.14162 +/- (-0.0195302,0.0202499),b2 = 0.0924692 +/- (-0.0305848,0.0310562))
[#0] WARNING:Plotting -- At observable [x]=6055 RooChebychev::bkg[ x=Bs_LOKI_MASS_JpsiConstr coefList=(b1,b2) ]
     p.d.f value is less than zero (-0.014047), forcing value to zero @ x=Bs_LOKI_MASS_JpsiConstr=6055, coefList=(b1 = -1.14162 +/- (-0.0195302,0.0202499),b2 = 0.0924692 +/- (-0.0305848,0.0310562))
[#0] WARNING:Plotting -- At observable [x]=6037.5 RooChebychev::bkg[ x=Bs_LOKI_MASS_JpsiConstr coefList=(b1,b2) ]
     p.d.f value is less than zero (-0.000193), forcing value to zero @ x=Bs_LOKI_MASS_JpsiConstr=6037.5, coefList=(b1 = -1.14162 +/- (-0.0195302,0.0202499),b2 = 0.0924692 +/- (-0.0305848,0.0310562))
[#0] WARNING:Plotting -- At observable [x]=6040 RooChebychev::bkg[ x=Bs_LOKI_MASS_JpsiConstr coefList=(b1,b2) ]
     p.d.f value is less than zero (-0.002179), forcing value to zero @ x=Bs_LOKI_MASS_JpsiConstr=6040, coefList=(b1 = -1.14162 +/- (-0.0195302,0.0202499),b2 = 0.0924692 +/- (-0.0305848,0.0310562))
[#0] WARNING:Plotting -- At observable [x]=6042.5 RooChebychev::bkg[ x=Bs_LOKI_MASS_JpsiConstr coefList=(b1,b2) ]
     p.d.f value is less than zero (-0.004163), forcing value to zero @ x=Bs_LOKI_MASS_JpsiConstr=6042.5, coefList=(b1 = -1.14162 +/- (-0.0195302,0.0202499),b2 = 0.0924692 +/- (-0.0305848,0.0310562))
[#0] WARNING:Plotting -- At observable [x]=6045 RooChebychev::bkg[ x=Bs_LOKI_MASS_JpsiConstr coefList=(b1,b2) ]
     p.d.f value is less than zero (-0.006144), forcing value to zero @ x=Bs_LOKI_MASS_JpsiConstr=6045, coefList=(b1 = -1.14162 +/- (-0.0195302,0.0202499),b2 = 0.0924692 +/- (-0.0305848,0.0310562))
[#0] WARNING:Plotting -- At observable [x]=6047.5 RooChebychev::bkg[ x=Bs_LOKI_MASS_JpsiConstr coefList=(b1,b2) ]
     p.d.f value is less than zero (-0.008124), forcing value to zero @ x=Bs_LOKI_MASS_JpsiConstr=6047.5, coefList=(b1 = -1.14162 +/- (-0.0195302,0.0202499),b2 = 0.0924692 +/- (-0.0305848,0.0310562))
[#0] WARNING:Plotting -- At observable [x]=6050 RooChebychev::bkg[ x=Bs_LOKI_MASS_JpsiConstr coefList=(b1,b2) ]
     p.d.f value is less than zero (-0.010100), forcing value to zero @ x=Bs_LOKI_MASS_JpsiConstr=6050, coefList=(b1 = -1.14162 +/- (-0.0195302,0.0202499),b2 = 0.0924692 +/- (-0.0305848,0.0310562))
[#0] WARNING:Plotting -- At observable [x]=6052.5 RooChebychev::bkg[ x=Bs_LOKI_MASS_JpsiConstr coefList=(b1,b2) ]
     p.d.f value is less than zero (-0.012075), forcing value to zero @ x=Bs_LOKI_MASS_JpsiConstr=6052.5, coefList=(b1 = -1.14162 +/- (-0.0195302,0.0202499),b2 = 0.0924692 +/- (-0.0305848,0.0310562))
[#0] WARNING:Plotting -- At observable [x]=6055 RooChebychev::bkg[ x=Bs_LOKI_MASS_JpsiConstr coefList=(b1,b2) ]
     p.d.f value is less than zero (-0.014047), forcing value to zero @ x=Bs_LOKI_MASS_JpsiConstr=6055, coefList=(b1 = -1.14162 +/- (-0.0195302,0.0202499),b2 = 0.0924692 +/- (-0.0305848,0.0310562))
[#1] INFO:Plotting -- RooAbsPdf::plotOn(totalPdf) p.d.f was fitted in range and no explicit plot,norm range was specified, using fit range as default
[#1] INFO:Plotting -- RooAbsPdf::plotOn(totalPdf) only plotting range 'fit_nll_totalPdf_data'
[#1] INFO:Plotting -- RooAbsPdf::plotOn(totalPdf) p.d.f. curve is normalized using explicit choice of ranges 'fit_nll_totalPdf_data'
[#1] INFO:Plotting -- RooAbsPdf::plotOn(totalPdf) directly selected PDF components: (sigLst1405)
[#1] INFO:Plotting -- RooAbsPdf::plotOn(totalPdf) indirectly selected PDF components: ()
[#0] WARNING:Plotting -- At observable [x]=6040 RooChebychev::bkg[ x=Bs_LOKI_MASS_JpsiConstr coefList=(b1,b2) ]
     p.d.f value is less than zero (-0.002179), forcing value to zero @ x=Bs_LOKI_MASS_JpsiConstr=6040, coefList=(b1 = -1.14162 +/- (-0.0195302,0.0202499),b2 = 0.0924692 +/- (-0.0305848,0.0310562))
[#0] WARNING:Plotting -- At observable [x]=6040 RooChebychev::bkg[ x=Bs_LOKI_MASS_JpsiConstr coefList=(b1,b2) ]
     p.d.f value is less than zero (-0.002179), forcing value to zero @ x=Bs_LOKI_MASS_JpsiConstr=6040, coefList=(b1 = -1.14162 +/- (-0.0195302,0.0202499),b2 = 0.0924692 +/- (-0.0305848,0.0310562))
[#0] WARNING:Plotting -- At observable [x]=6045 RooChebychev::bkg[ x=Bs_LOKI_MASS_JpsiConstr coefList=(b1,b2) ]
     p.d.f value is less than zero (-0.006144), forcing value to zero @ x=Bs_LOKI_MASS_JpsiConstr=6045, coefList=(b1 = -1.14162 +/- (-0.0195302,0.0202499),b2 = 0.0924692 +/- (-0.0305848,0.0310562))
[#0] WARNING:Plotting -- At observable [x]=6045 RooChebychev::bkg[ x=Bs_LOKI_MASS_JpsiConstr coefList=(b1,b2) ]
     p.d.f value is less than zero (-0.006144), forcing value to zero @ x=Bs_LOKI_MASS_JpsiConstr=6045, coefList=(b1 = -1.14162 +/- (-0.0195302,0.0202499),b2 = 0.0924692 +/- (-0.0305848,0.0310562))
[#0] WARNING:Plotting -- At observable [x]=6050 RooChebychev::bkg[ x=Bs_LOKI_MASS_JpsiConstr coefList=(b1,b2) ]
     p.d.f value is less than zero (-0.010100), forcing value to zero @ x=Bs_LOKI_MASS_JpsiConstr=6050, coefList=(b1 = -1.14162 +/- (-0.0195302,0.0202499),b2 = 0.0924692 +/- (-0.0305848,0.0310562))
[#0] WARNING:Plotting -- At observable [x]=6050 RooChebychev::bkg[ x=Bs_LOKI_MASS_JpsiConstr coefList=(b1,b2) ]
     p.d.f value is less than zero (-0.010100), forcing value to zero @ x=Bs_LOKI_MASS_JpsiConstr=6050, coefList=(b1 = -1.14162 +/- (-0.0195302,0.0202499),b2 = 0.0924692 +/- (-0.0305848,0.0310562))
[#0] WARNING:Plotting -- At observable [x]=6055 RooChebychev::bkg[ x=Bs_LOKI_MASS_JpsiConstr coefList=(b1,b2) ]
     p.d.f value is less than zero (-0.014047), forcing value to zero @ x=Bs_LOKI_MASS_JpsiConstr=6055, coefList=(b1 = -1.14162 +/- (-0.0195302,0.0202499),b2 = 0.0924692 +/- (-0.0305848,0.0310562))
[#0] WARNING:Plotting -- At observable [x]=6055 RooChebychev::bkg[ x=Bs_LOKI_MASS_JpsiConstr coefList=(b1,b2) ]
     p.d.f value is less than zero (-0.014047), forcing value to zero @ x=Bs_LOKI_MASS_JpsiConstr=6055, coefList=(b1 = -1.14162 +/- (-0.0195302,0.0202499),b2 = 0.0924692 +/- (-0.0305848,0.0310562))
[#0] WARNING:Plotting -- At observable [x]=6037.5 RooChebychev::bkg[ x=Bs_LOKI_MASS_JpsiConstr coefList=(b1,b2) ]
     p.d.f value is less than zero (-0.000193), forcing value to zero @ x=Bs_LOKI_MASS_JpsiConstr=6037.5, coefList=(b1 = -1.14162 +/- (-0.0195302,0.0202499),b2 = 0.0924692 +/- (-0.0305848,0.0310562))
[#0] WARNING:Plotting -- At observable [x]=6040 RooChebychev::bkg[ x=Bs_LOKI_MASS_JpsiConstr coefList=(b1,b2) ]
     p.d.f value is less than zero (-0.002179), forcing value to zero @ x=Bs_LOKI_MASS_JpsiConstr=6040, coefList=(b1 = -1.14162 +/- (-0.0195302,0.0202499),b2 = 0.0924692 +/- (-0.0305848,0.0310562))
[#0] WARNING:Plotting -- At observable [x]=6042.5 RooChebychev::bkg[ x=Bs_LOKI_MASS_JpsiConstr coefList=(b1,b2) ]
     p.d.f value is less than zero (-0.004163), forcing value to zero @ x=Bs_LOKI_MASS_JpsiConstr=6042.5, coefList=(b1 = -1.14162 +/- (-0.0195302,0.0202499),b2 = 0.0924692 +/- (-0.0305848,0.0310562))
[#0] WARNING:Plotting -- At observable [x]=6045 RooChebychev::bkg[ x=Bs_LOKI_MASS_JpsiConstr coefList=(b1,b2) ]
     p.d.f value is less than zero (-0.006144), forcing value to zero @ x=Bs_LOKI_MASS_JpsiConstr=6045, coefList=(b1 = -1.14162 +/- (-0.0195302,0.0202499),b2 = 0.0924692 +/- (-0.0305848,0.0310562))
[#0] WARNING:Plotting -- At observable [x]=6047.5 RooChebychev::bkg[ x=Bs_LOKI_MASS_JpsiConstr coefList=(b1,b2) ]
     p.d.f value is less than zero (-0.008124), forcing value to zero @ x=Bs_LOKI_MASS_JpsiConstr=6047.5, coefList=(b1 = -1.14162 +/- (-0.0195302,0.0202499),b2 = 0.0924692 +/- (-0.0305848,0.0310562))
[#0] WARNING:Plotting -- At observable [x]=6050 RooChebychev::bkg[ x=Bs_LOKI_MASS_JpsiConstr coefList=(b1,b2) ]
     p.d.f value is less than zero (-0.010100), forcing value to zero @ x=Bs_LOKI_MASS_JpsiConstr=6050, coefList=(b1 = -1.14162 +/- (-0.0195302,0.0202499),b2 = 0.0924692 +/- (-0.0305848,0.0310562))
[#0] WARNING:Plotting -- At observable [x]=6052.5 RooChebychev::bkg[ x=Bs_LOKI_MASS_JpsiConstr coefList=(b1,b2) ]
     p.d.f value is less than zero (-0.012075), forcing value to zero @ x=Bs_LOKI_MASS_JpsiConstr=6052.5, coefList=(b1 = -1.14162 +/- (-0.0195302,0.0202499),b2 = 0.0924692 +/- (-0.0305848,0.0310562))
[#0] WARNING:Plotting -- At observable [x]=6055 RooChebychev::bkg[ x=Bs_LOKI_MASS_JpsiConstr coefList=(b1,b2) ]
     p.d.f value is less than zero (-0.014047), forcing value to zero @ x=Bs_LOKI_MASS_JpsiConstr=6055, coefList=(b1 = -1.14162 +/- (-0.0195302,0.0202499),b2 = 0.0924692 +/- (-0.0305848,0.0310562))
/\*(misc.): mean3 = 5010.304040 +/- 5.086385E+00
/\*(misc.): sigma3 = 68.398842 +/- 6.377359E+00
[#1] INFO:Plotting -- RooAbsPdf::plotOn(totalPdf) p.d.f was fitted in range and no explicit plot,norm range was specified, using fit range as default
[#1] INFO:Plotting -- RooAbsPdf::plotOn(totalPdf) only plotting range 'fit_nll_totalPdf_data'
[#1] INFO:Plotting -- RooAbsPdf::plotOn(totalPdf) p.d.f. curve is normalized using explicit choice of ranges 'fit_nll_totalPdf_data'
[#1] INFO:Plotting -- RooAbsPdf::plotOn(totalPdf) directly selected PDF components: (gauLstmisc)
[#1] INFO:Plotting -- RooAbsPdf::plotOn(totalPdf) indirectly selected PDF components: ()
[#0] WARNING:Plotting -- At observable [x]=6040 RooChebychev::bkg[ x=Bs_LOKI_MASS_JpsiConstr coefList=(b1,b2) ]
     p.d.f value is less than zero (-0.002179), forcing value to zero @ x=Bs_LOKI_MASS_JpsiConstr=6040, coefList=(b1 = -1.14162 +/- (-0.0195302,0.0202499),b2 = 0.0924692 +/- (-0.0305848,0.0310562))
[#0] WARNING:Plotting -- At observable [x]=6040 RooChebychev::bkg[ x=Bs_LOKI_MASS_JpsiConstr coefList=(b1,b2) ]
     p.d.f value is less than zero (-0.002179), forcing value to zero @ x=Bs_LOKI_MASS_JpsiConstr=6040, coefList=(b1 = -1.14162 +/- (-0.0195302,0.0202499),b2 = 0.0924692 +/- (-0.0305848,0.0310562))
[#0] WARNING:Plotting -- At observable [x]=6045 RooChebychev::bkg[ x=Bs_LOKI_MASS_JpsiConstr coefList=(b1,b2) ]
     p.d.f value is less than zero (-0.006144), forcing value to zero @ x=Bs_LOKI_MASS_JpsiConstr=6045, coefList=(b1 = -1.14162 +/- (-0.0195302,0.0202499),b2 = 0.0924692 +/- (-0.0305848,0.0310562))
[#0] WARNING:Plotting -- At observable [x]=6045 RooChebychev::bkg[ x=Bs_LOKI_MASS_JpsiConstr coefList=(b1,b2) ]
     p.d.f value is less than zero (-0.006144), forcing value to zero @ x=Bs_LOKI_MASS_JpsiConstr=6045, coefList=(b1 = -1.14162 +/- (-0.0195302,0.0202499),b2 = 0.0924692 +/- (-0.0305848,0.0310562))
[#0] WARNING:Plotting -- At observable [x]=6050 RooChebychev::bkg[ x=Bs_LOKI_MASS_JpsiConstr coefList=(b1,b2) ]
     p.d.f value is less than zero (-0.010100), forcing value to zero @ x=Bs_LOKI_MASS_JpsiConstr=6050, coefList=(b1 = -1.14162 +/- (-0.0195302,0.0202499),b2 = 0.0924692 +/- (-0.0305848,0.0310562))
[#0] WARNING:Plotting -- At observable [x]=6050 RooChebychev::bkg[ x=Bs_LOKI_MASS_JpsiConstr coefList=(b1,b2) ]
     p.d.f value is less than zero (-0.010100), forcing value to zero @ x=Bs_LOKI_MASS_JpsiConstr=6050, coefList=(b1 = -1.14162 +/- (-0.0195302,0.0202499),b2 = 0.0924692 +/- (-0.0305848,0.0310562))
[#0] WARNING:Plotting -- At observable [x]=6055 RooChebychev::bkg[ x=Bs_LOKI_MASS_JpsiConstr coefList=(b1,b2) ]
     p.d.f value is less than zero (-0.014047), forcing value to zero @ x=Bs_LOKI_MASS_JpsiConstr=6055, coefList=(b1 = -1.14162 +/- (-0.0195302,0.0202499),b2 = 0.0924692 +/- (-0.0305848,0.0310562))
[#0] WARNING:Plotting -- At observable [x]=6055 RooChebychev::bkg[ x=Bs_LOKI_MASS_JpsiConstr coefList=(b1,b2) ]
     p.d.f value is less than zero (-0.014047), forcing value to zero @ x=Bs_LOKI_MASS_JpsiConstr=6055, coefList=(b1 = -1.14162 +/- (-0.0195302,0.0202499),b2 = 0.0924692 +/- (-0.0305848,0.0310562))
[#0] WARNING:Plotting -- At observable [x]=6037.5 RooChebychev::bkg[ x=Bs_LOKI_MASS_JpsiConstr coefList=(b1,b2) ]
     p.d.f value is less than zero (-0.000193), forcing value to zero @ x=Bs_LOKI_MASS_JpsiConstr=6037.5, coefList=(b1 = -1.14162 +/- (-0.0195302,0.0202499),b2 = 0.0924692 +/- (-0.0305848,0.0310562))
[#0] WARNING:Plotting -- At observable [x]=6040 RooChebychev::bkg[ x=Bs_LOKI_MASS_JpsiConstr coefList=(b1,b2) ]
     p.d.f value is less than zero (-0.002179), forcing value to zero @ x=Bs_LOKI_MASS_JpsiConstr=6040, coefList=(b1 = -1.14162 +/- (-0.0195302,0.0202499),b2 = 0.0924692 +/- (-0.0305848,0.0310562))
[#0] WARNING:Plotting -- At observable [x]=6042.5 RooChebychev::bkg[ x=Bs_LOKI_MASS_JpsiConstr coefList=(b1,b2) ]
     p.d.f value is less than zero (-0.004163), forcing value to zero @ x=Bs_LOKI_MASS_JpsiConstr=6042.5, coefList=(b1 = -1.14162 +/- (-0.0195302,0.0202499),b2 = 0.0924692 +/- (-0.0305848,0.0310562))
[#0] WARNING:Plotting -- At observable [x]=6045 RooChebychev::bkg[ x=Bs_LOKI_MASS_JpsiConstr coefList=(b1,b2) ]
     p.d.f value is less than zero (-0.006144), forcing value to zero @ x=Bs_LOKI_MASS_JpsiConstr=6045, coefList=(b1 = -1.14162 +/- (-0.0195302,0.0202499),b2 = 0.0924692 +/- (-0.0305848,0.0310562))
[#0] WARNING:Plotting -- At observable [x]=6047.5 RooChebychev::bkg[ x=Bs_LOKI_MASS_JpsiConstr coefList=(b1,b2) ]
     p.d.f value is less than zero (-0.008124), forcing value to zero @ x=Bs_LOKI_MASS_JpsiConstr=6047.5, coefList=(b1 = -1.14162 +/- (-0.0195302,0.0202499),b2 = 0.0924692 +/- (-0.0305848,0.0310562))
[#0] WARNING:Plotting -- At observable [x]=6050 RooChebychev::bkg[ x=Bs_LOKI_MASS_JpsiConstr coefList=(b1,b2) ]
     p.d.f value is less than zero (-0.010100), forcing value to zero @ x=Bs_LOKI_MASS_JpsiConstr=6050, coefList=(b1 = -1.14162 +/- (-0.0195302,0.0202499),b2 = 0.0924692 +/- (-0.0305848,0.0310562))
[#0] WARNING:Plotting -- At observable [x]=6052.5 RooChebychev::bkg[ x=Bs_LOKI_MASS_JpsiConstr coefList=(b1,b2) ]
     p.d.f value is less than zero (-0.012075), forcing value to zero @ x=Bs_LOKI_MASS_JpsiConstr=6052.5, coefList=(b1 = -1.14162 +/- (-0.0195302,0.0202499),b2 = 0.0924692 +/- (-0.0305848,0.0310562))
[#0] WARNING:Plotting -- At observable [x]=6055 RooChebychev::bkg[ x=Bs_LOKI_MASS_JpsiConstr coefList=(b1,b2) ]
     p.d.f value is less than zero (-0.014047), forcing value to zero @ x=Bs_LOKI_MASS_JpsiConstr=6055, coefList=(b1 = -1.14162 +/- (-0.0195302,0.0202499),b2 = 0.0924692 +/- (-0.0305848,0.0310562))
Background: Chebychev b1 = -1.141619 +/- 2.024989E-02
Background: Chebychev b2 = 0.092469 +/- 3.105617E-02
[#1] INFO:Plotting -- RooAbsPdf::plotOn(totalPdf) p.d.f was fitted in range and no explicit plot,norm range was specified, using fit range as default
[#1] INFO:Plotting -- RooAbsPdf::plotOn(totalPdf) only plotting range 'fit_nll_totalPdf_data'
[#1] INFO:Plotting -- RooAbsPdf::plotOn(totalPdf) p.d.f. curve is normalized using explicit choice of ranges 'fit_nll_totalPdf_data'
[#1] INFO:Plotting -- RooAbsPdf::plotOn(totalPdf) directly selected PDF components: (bkg)
[#1] INFO:Plotting -- RooAbsPdf::plotOn(totalPdf) indirectly selected PDF components: ()
[#0] WARNING:Plotting -- At observable [x]=6040 RooChebychev::bkg[ x=Bs_LOKI_MASS_JpsiConstr coefList=(b1,b2) ]
     p.d.f value is less than zero (-0.002179), forcing value to zero @ x=Bs_LOKI_MASS_JpsiConstr=6040, coefList=(b1 = -1.14162 +/- (-0.0195302,0.0202499),b2 = 0.0924692 +/- (-0.0305848,0.0310562))
[#0] WARNING:Plotting -- At observable [x]=6040 RooChebychev::bkg[ x=Bs_LOKI_MASS_JpsiConstr coefList=(b1,b2) ]
     p.d.f value is less than zero (-0.002179), forcing value to zero @ x=Bs_LOKI_MASS_JpsiConstr=6040, coefList=(b1 = -1.14162 +/- (-0.0195302,0.0202499),b2 = 0.0924692 +/- (-0.0305848,0.0310562))
[#0] WARNING:Plotting -- At observable [x]=6045 RooChebychev::bkg[ x=Bs_LOKI_MASS_JpsiConstr coefList=(b1,b2) ]
     p.d.f value is less than zero (-0.006144), forcing value to zero @ x=Bs_LOKI_MASS_JpsiConstr=6045, coefList=(b1 = -1.14162 +/- (-0.0195302,0.0202499),b2 = 0.0924692 +/- (-0.0305848,0.0310562))
[#0] WARNING:Plotting -- At observable [x]=6045 RooChebychev::bkg[ x=Bs_LOKI_MASS_JpsiConstr coefList=(b1,b2) ]
     p.d.f value is less than zero (-0.006144), forcing value to zero @ x=Bs_LOKI_MASS_JpsiConstr=6045, coefList=(b1 = -1.14162 +/- (-0.0195302,0.0202499),b2 = 0.0924692 +/- (-0.0305848,0.0310562))
[#0] WARNING:Plotting -- At observable [x]=6050 RooChebychev::bkg[ x=Bs_LOKI_MASS_JpsiConstr coefList=(b1,b2) ]
     p.d.f value is less than zero (-0.010100), forcing value to zero @ x=Bs_LOKI_MASS_JpsiConstr=6050, coefList=(b1 = -1.14162 +/- (-0.0195302,0.0202499),b2 = 0.0924692 +/- (-0.0305848,0.0310562))
[#0] WARNING:Plotting -- At observable [x]=6050 RooChebychev::bkg[ x=Bs_LOKI_MASS_JpsiConstr coefList=(b1,b2) ]
     p.d.f value is less than zero (-0.010100), forcing value to zero @ x=Bs_LOKI_MASS_JpsiConstr=6050, coefList=(b1 = -1.14162 +/- (-0.0195302,0.0202499),b2 = 0.0924692 +/- (-0.0305848,0.0310562))
[#0] WARNING:Plotting -- At observable [x]=6055 RooChebychev::bkg[ x=Bs_LOKI_MASS_JpsiConstr coefList=(b1,b2) ]
     p.d.f value is less than zero (-0.014047), forcing value to zero @ x=Bs_LOKI_MASS_JpsiConstr=6055, coefList=(b1 = -1.14162 +/- (-0.0195302,0.0202499),b2 = 0.0924692 +/- (-0.0305848,0.0310562))
[#0] WARNING:Plotting -- At observable [x]=6055 RooChebychev::bkg[ x=Bs_LOKI_MASS_JpsiConstr coefList=(b1,b2) ]
     p.d.f value is less than zero (-0.014047), forcing value to zero @ x=Bs_LOKI_MASS_JpsiConstr=6055, coefList=(b1 = -1.14162 +/- (-0.0195302,0.0202499),b2 = 0.0924692 +/- (-0.0305848,0.0310562))
[#0] WARNING:Plotting -- At observable [x]=6037.5 RooChebychev::bkg[ x=Bs_LOKI_MASS_JpsiConstr coefList=(b1,b2) ]
     p.d.f value is less than zero (-0.000193), forcing value to zero @ x=Bs_LOKI_MASS_JpsiConstr=6037.5, coefList=(b1 = -1.14162 +/- (-0.0195302,0.0202499),b2 = 0.0924692 +/- (-0.0305848,0.0310562))
[#0] WARNING:Plotting -- At observable [x]=6040 RooChebychev::bkg[ x=Bs_LOKI_MASS_JpsiConstr coefList=(b1,b2) ]
     p.d.f value is less than zero (-0.002179), forcing value to zero @ x=Bs_LOKI_MASS_JpsiConstr=6040, coefList=(b1 = -1.14162 +/- (-0.0195302,0.0202499),b2 = 0.0924692 +/- (-0.0305848,0.0310562))
[#0] WARNING:Plotting -- At observable [x]=6042.5 RooChebychev::bkg[ x=Bs_LOKI_MASS_JpsiConstr coefList=(b1,b2) ]
     p.d.f value is less than zero (-0.004163), forcing value to zero @ x=Bs_LOKI_MASS_JpsiConstr=6042.5, coefList=(b1 = -1.14162 +/- (-0.0195302,0.0202499),b2 = 0.0924692 +/- (-0.0305848,0.0310562))
[#0] WARNING:Plotting -- At observable [x]=6045 RooChebychev::bkg[ x=Bs_LOKI_MASS_JpsiConstr coefList=(b1,b2) ]
     p.d.f value is less than zero (-0.006144), forcing value to zero @ x=Bs_LOKI_MASS_JpsiConstr=6045, coefList=(b1 = -1.14162 +/- (-0.0195302,0.0202499),b2 = 0.0924692 +/- (-0.0305848,0.0310562))
[#0] WARNING:Plotting -- At observable [x]=6047.5 RooChebychev::bkg[ x=Bs_LOKI_MASS_JpsiConstr coefList=(b1,b2) ]
     p.d.f value is less than zero (-0.008124), forcing value to zero @ x=Bs_LOKI_MASS_JpsiConstr=6047.5, coefList=(b1 = -1.14162 +/- (-0.0195302,0.0202499),b2 = 0.0924692 +/- (-0.0305848,0.0310562))
[#0] WARNING:Plotting -- At observable [x]=6050 RooChebychev::bkg[ x=Bs_LOKI_MASS_JpsiConstr coefList=(b1,b2) ]
     p.d.f value is less than zero (-0.010100), forcing value to zero @ x=Bs_LOKI_MASS_JpsiConstr=6050, coefList=(b1 = -1.14162 +/- (-0.0195302,0.0202499),b2 = 0.0924692 +/- (-0.0305848,0.0310562))
[#0] WARNING:Plotting -- At observable [x]=6052.5 RooChebychev::bkg[ x=Bs_LOKI_MASS_JpsiConstr coefList=(b1,b2) ]
     p.d.f value is less than zero (-0.012075), forcing value to zero @ x=Bs_LOKI_MASS_JpsiConstr=6052.5, coefList=(b1 = -1.14162 +/- (-0.0195302,0.0202499),b2 = 0.0924692 +/- (-0.0305848,0.0310562))
[#0] WARNING:Plotting -- At observable [x]=6055 RooChebychev::bkg[ x=Bs_LOKI_MASS_JpsiConstr coefList=(b1,b2) ]
     p.d.f value is less than zero (-0.014047), forcing value to zero @ x=Bs_LOKI_MASS_JpsiConstr=6055, coefList=(b1 = -1.14162 +/- (-0.0195302,0.0202499),b2 = 0.0924692 +/- (-0.0305848,0.0310562))
#chi^{2}/N_{DoF} = 2.081798
N sigma = 0.000001 +/- 11.154250
N /\ = 4067.121652 +/- 73.230206
N /\*(1405) = 432.240410 +/- 53.989840
N /\*(misc.) = 749.043569 +/- 57.885783
N bkg = 5471.159492 +/- 113.555718
Y_{#Sigma^{0}}/Y_{#Lambda} = 1.364876E-10 +/- 2.742541E-03
limit = 2.792828E-03
limit at 90% confidence level = 4.468524E-03
[#0] WARNING:Plotting -- RooHist::makeResisHist(Hist) WARNING: point 96 has zero error, setting residual to zero
Info in <TCanvas::Print>: eps file plots/fitDD3_CB.eps has been created
Info in <TCanvas::SaveSource>: C++ Macro file: plots/fitDD3_CB.C has been generated
save_plot_fit_mass() complete.
fit_mass complete.
=========================================
Finish root @	Tue May 10 22:08:41 CEST 2016
=========================================
