=========================================
START@:		Thu Oct 13 17:31:07 CEST 2016
=========================================
Configuring DaVinci v39r1 from /afs/cern.ch/user/m/mwilkins/cmtuser/DaVinci_v39r1
Using CMTPROJECTPATH = '/afs/cern.ch/user/m/mwilkins/cmtuser:/cvmfs/lhcb.cern.ch/lib/lhcb:/cvmfs/lhcb.cern.ch/lib/lcg/releases:/cvmfs/lhcb.cern.ch/lib/lcg/app/releases:/cvmfs/lhcb.cern.ch/lib/lcg/external'
Environment for DaVinci v39r1 ready.
(Compat v1r19 from /cvmfs/lhcb.cern.ch/lib/lhcb/COMPAT/COMPAT_v1r19,
 DaVinci v39r1 from /afs/cern.ch/user/m/mwilkins/cmtuser/DaVinci_v39r1)

Processing ./rootopts_LimingB0cuts8/myRoot.C...

[1mRooFit v3.60 -- Developed by Wouter Verkerke and David Kirkby[0m 
                Copyright (C) 2000-2013 NIKHEF, University of California & Stanford University
                All rights reserved, please read http://roofit.sourceforge.net/license.txt

fileN = _LimingB0cuts8
-------------------------
Set LHCb Style - Feb 2012
-------------------------
fit_mass: Set mass and data:
[#1] INFO:Eval -- RooRealVar::setRange(B0_LOKI_MASS_JpsiConstr) new range named 'tot' created with bounds [3800,6600]
[#1] INFO:Eval -- RooRealVar::setRange(B0_LOKI_MASS_JpsiConstr) new range named 'peak' created with bounds [5200,5400]
tree gotten
[#1] INFO:Eval -- RooTreeDataStore::loadValues(data) Ignored 2 out of range events
data declared
fit_mass: Mass and data set.
fit_mass: Assign shapes:
fit_mass: Shapes assigned.
fit_mass: declaring number of each shape:
fit_mass: Numbers declared.
fit_mass: adding shapes and their numbers to totalPdf:
fit_mass: totalPdf constructed.
fit_mass: Starting the fit:
[#1] INFO:Fitting -- RooAbsOptTestStatistic::ctor(nll_totalPdf_data) constructing test statistic for sub-range named tot
[#1] INFO:Eval -- RooRealVar::setRange(B0_LOKI_MASS_JpsiConstr) new range named 'NormalizationRangeFortot' created with bounds [3800,6600]
[#1] INFO:Eval -- RooRealVar::setRange(B0_LOKI_MASS_JpsiConstr) new range named 'fit_nll_totalPdf_data' created with bounds [3800,6600]
[#1] INFO:Fitting -- RooAbsOptTestStatistic::ctor(nll_totalPdf_data) fixing interpretation of coefficients of any RooAddPdf to full domain of observables 
 **********
 **   13 **MIGRAD        4000           1
 **********
 FIRST CALL TO USER FUNCTION AT NEW START POINT, WITH IFLAG=4.
 START MIGRAD MINIMIZATION.  STRATEGY  1.  CONVERGENCE WHEN EDM .LT. 1.00e-03
[#0] WARNING:Minization -- RooMinuitGlue: Minimized function has error status.
Returning maximum FCN so far (77387.9) to force MIGRAD to back out of this region. Error log follows
Parameter values: f1=0.860881, mb=5300, mean1=5278.78, nbkg=60098.9, nsig=1689, sb=0.566453, sig1=8, sig2=23
RooAddPdf::totalPdf[ nsig * sig + nbkg * bkg ]
     getLogVal() top-level p.d.f evaluates to zero @ !refCoefNorm=(B0_LOKI_MASS_JpsiConstr = 4242.81), !pdfs=(sig = 0/1,bkg = 0/1.41989), !coefficients=(nsig = 1689,nbkg = 60098.9)
     getLogVal() top-level p.d.f evaluates to zero @ !refCoefNorm=(B0_LOKI_MASS_JpsiConstr = 4186.89), !pdfs=(sig = 0/1,bkg = 0/1.41989), !coefficients=(nsig = 1689,nbkg = 60098.9)
     getLogVal() top-level p.d.f evaluates to zero @ !refCoefNorm=(B0_LOKI_MASS_JpsiConstr = 4281.66), !pdfs=(sig = 0/1,bkg = 0/1.41989), !coefficients=(nsig = 1689,nbkg = 60098.9)
     getLogVal() top-level p.d.f evaluates to zero @ !refCoefNorm=(B0_LOKI_MASS_JpsiConstr = 4378.68), !pdfs=(sig = 0/1,bkg = 0/1.41989), !coefficients=(nsig = 1689,nbkg = 60098.9)
     getLogVal() top-level p.d.f evaluates to zero @ !refCoefNorm=(B0_LOKI_MASS_JpsiConstr = 4300.75), !pdfs=(sig = 0/1,bkg = 0/1.41989), !coefficients=(nsig = 1689,nbkg = 60098.9)
     getLogVal() top-level p.d.f evaluates to zero @ !refCoefNorm=(B0_LOKI_MASS_JpsiConstr = 4313.02), !pdfs=(sig = 0/1,bkg = 0/1.41989), !coefficients=(nsig = 1689,nbkg = 60098.9)
     getLogVal() top-level p.d.f evaluates to zero @ !refCoefNorm=(B0_LOKI_MASS_JpsiConstr = 4387.38), !pdfs=(sig = 0/1,bkg = 0/1.41989), !coefficients=(nsig = 1689,nbkg = 60098.9)
     getLogVal() top-level p.d.f evaluates to zero @ !refCoefNorm=(B0_LOKI_MASS_JpsiConstr = 6162.38), !pdfs=(sig = 9.88131e-324/1,bkg = 0/1.41989), !coefficients=(nsig = 1689,nbkg = 60098.9)
     getLogVal() top-level p.d.f evaluates to zero @ !refCoefNorm=(B0_LOKI_MASS_JpsiConstr = 4320.14), !pdfs=(sig = 0/1,bkg = 0/1.41989), !coefficients=(nsig = 1689,nbkg = 60098.9)
     getLogVal() top-level p.d.f evaluates to zero @ !refCoefNorm=(B0_LOKI_MASS_JpsiConstr = 4362.42), !pdfs=(sig = 0/1,bkg = 0/1.41989), !coefficients=(nsig = 1689,nbkg = 60098.9)
     getLogVal() top-level p.d.f evaluates to zero @ !refCoefNorm=(B0_LOKI_MASS_JpsiConstr = 4355.01), !pdfs=(sig = 0/1,bkg = 0/1.41989), !coefficients=(nsig = 1689,nbkg = 60098.9)
     getLogVal() top-level p.d.f evaluates to zero @ !refCoefNorm=(B0_LOKI_MASS_JpsiConstr = 4295.44), !pdfs=(sig = 0/1,bkg = 0/1.41989), !coefficients=(nsig = 1689,nbkg = 60098.9)
    ... (remaining 432 messages suppressed)
RooNLLVar::nll_totalPdf_data[ paramSet=(f1,mb,mean1,nbkg,nsig,sb,sig1,sig2) ]
     function value is NAN @ paramSet=(f1 = 0.860881,mb = 5300,mean1 = 5278.78,nbkg = 60098.9,nsig = 1689,sb = 0.566453,sig1 = 8,sig2 = 23)

[#0] WARNING:Minization -- RooMinuitGlue: Minimized function has error status.
Returning maximum FCN so far (77387.9) to force MIGRAD to back out of this region. Error log follows
Parameter values: f1=0.860881, mb=5300, mean1=5278.78, nbkg=60098.9, nsig=1689, sb=20.1215, sig1=8, sig2=23
RooAddPdf::totalPdf[ nsig * sig + nbkg * bkg ]
     getLogVal() top-level p.d.f evaluates to zero @ !refCoefNorm=(B0_LOKI_MASS_JpsiConstr = 4242.81), !pdfs=(sig = 0/1,bkg = 0/50.4371), !coefficients=(nsig = 1689,nbkg = 60098.9)
     getLogVal() top-level p.d.f evaluates to zero @ !refCoefNorm=(B0_LOKI_MASS_JpsiConstr = 4186.89), !pdfs=(sig = 0/1,bkg = 0/50.4371), !coefficients=(nsig = 1689,nbkg = 60098.9)
     getLogVal() top-level p.d.f evaluates to zero @ !refCoefNorm=(B0_LOKI_MASS_JpsiConstr = 4281.66), !pdfs=(sig = 0/1,bkg = 0/50.4371), !coefficients=(nsig = 1689,nbkg = 60098.9)
     getLogVal() top-level p.d.f evaluates to zero @ !refCoefNorm=(B0_LOKI_MASS_JpsiConstr = 4378.68), !pdfs=(sig = 0/1,bkg = 0/50.4371), !coefficients=(nsig = 1689,nbkg = 60098.9)
     getLogVal() top-level p.d.f evaluates to zero @ !refCoefNorm=(B0_LOKI_MASS_JpsiConstr = 4300.75), !pdfs=(sig = 0/1,bkg = 0/50.4371), !coefficients=(nsig = 1689,nbkg = 60098.9)
     getLogVal() top-level p.d.f evaluates to zero @ !refCoefNorm=(B0_LOKI_MASS_JpsiConstr = 4313.02), !pdfs=(sig = 0/1,bkg = 0/50.4371), !coefficients=(nsig = 1689,nbkg = 60098.9)
     getLogVal() top-level p.d.f evaluates to zero @ !refCoefNorm=(B0_LOKI_MASS_JpsiConstr = 4387.38), !pdfs=(sig = 0/1,bkg = 0/50.4371), !coefficients=(nsig = 1689,nbkg = 60098.9)
     getLogVal() top-level p.d.f evaluates to zero @ !refCoefNorm=(B0_LOKI_MASS_JpsiConstr = 6162.38), !pdfs=(sig = 9.88131e-324/1,bkg = 0/50.4371), !coefficients=(nsig = 1689,nbkg = 60098.9)
     getLogVal() top-level p.d.f evaluates to zero @ !refCoefNorm=(B0_LOKI_MASS_JpsiConstr = 4320.14), !pdfs=(sig = 0/1,bkg = 0/50.4371), !coefficients=(nsig = 1689,nbkg = 60098.9)
     getLogVal() top-level p.d.f evaluates to zero @ !refCoefNorm=(B0_LOKI_MASS_JpsiConstr = 4362.42), !pdfs=(sig = 0/1,bkg = 0/50.4371), !coefficients=(nsig = 1689,nbkg = 60098.9)
     getLogVal() top-level p.d.f evaluates to zero @ !refCoefNorm=(B0_LOKI_MASS_JpsiConstr = 4355.01), !pdfs=(sig = 0/1,bkg = 0/50.4371), !coefficients=(nsig = 1689,nbkg = 60098.9)
     getLogVal() top-level p.d.f evaluates to zero @ !refCoefNorm=(B0_LOKI_MASS_JpsiConstr = 4295.44), !pdfs=(sig = 0/1,bkg = 0/50.4371), !coefficients=(nsig = 1689,nbkg = 60098.9)
    ... (remaining 432 messages suppressed)
RooNLLVar::nll_totalPdf_data[ paramSet=(f1,mb,mean1,nbkg,nsig,sb,sig1,sig2) ]
     function value is NAN @ paramSet=(f1 = 0.860881,mb = 5300,mean1 = 5278.78,nbkg = 60098.9,nsig = 1689,sb = 20.1215,sig1 = 8,sig2 = 23)

 FCN=-2.78642e+06 FROM MIGRAD    STATUS=INITIATE      373 CALLS         374 TOTAL
                     EDM= unknown      STRATEGY= 1      NO ERROR MATRIX       
  EXT PARAMETER               CURRENT GUESS       STEP         FIRST   
  NO.   NAME      VALUE            ERROR          SIZE      DERIVATIVE 
   1  f1           8.60881e-01   1.00000e-01   0.00000e+00   1.32341e+04
   2  mb           5.30000e+03   2.80000e+02   0.00000e+00   4.81173e+05
   3  mean1        5.27878e+03   3.00000e+01   0.00000e+00  -8.39469e+05
   4  nbkg         6.00989e+04   1.08250e+03   0.00000e+00  -1.50930e+06
   5  nsig         3.49467e+04   8.44500e+02   0.00000e+00  -1.50349e+07
   6  sb           9.41579e+01   6.00000e+02   0.00000e+00   7.70805e+05
   7  sig1         8.00000e+00   4.00000e+00   0.00000e+00   1.47848e+06
   8  sig2         3.79725e+00   1.15000e+01  -1.04174e-01   8.25997e+04
                               ERR DEF= 0.5
 MINUIT WARNING IN MIGRAD  
 ============== Negative diagonal element 1 in Error Matrix
 MINUIT WARNING IN MIGRAD  
 ============== 1.0009 added to diagonal of error matrix
 MIGRAD FAILS TO FIND IMPROVEMENT
 EIGENVALUES OF SECOND-DERIVATIVE MATRIX:
        -5.8369e-01  6.3727e-01  9.2307e-01  1.0006e+00  1.0049e+00  1.0710e+00  1.1435e+00  2.8032e+00
 MINUIT WARNING IN HESSE   
 ============== MATRIX FORCED POS-DEF BY ADDING 0.586493 TO DIAGONAL.
 FCN=-3.35293e+06 FROM HESSE     STATUS=NOT POSDEF     61 CALLS         538 TOTAL
                     EDM=72303.3    STRATEGY= 1      ERR MATRIX NOT POS-DEF
  EXT PARAMETER                APPROXIMATE        STEP         FIRST   
  NO.   NAME      VALUE            ERROR          SIZE      DERIVATIVE 
   1  f1           5.35593e-01   2.81765e-02   5.51652e-03  -3.05926e+04
   2  mb           5.24283e+03   8.90072e-01   9.88485e-04   2.06308e+04
   3  mean1        5.28011e+03   7.88128e-03   9.45482e-05  -5.96829e+04
   4  nbkg         1.64366e+04   1.60203e+02   1.24368e-04  -4.65431e+05
   5  nsig         4.09535e+05   5.34632e+02   1.24959e-04   2.92713e+05
   6  sb           1.62548e+02   3.80373e-01   4.73839e-04   2.22399e+05
   7  sig1         7.09734e+00   2.41283e-02   8.92313e-05  -2.28938e+06
   8  sig2         4.29024e+00   2.30274e-01   1.89688e-04  -8.51439e+05
                               ERR DEF= 0.5
 MIGRAD MINIMIZATION HAS CONVERGED.
 MIGRAD WILL VERIFY CONVERGENCE AND ERROR MATRIX.
 COVARIANCE MATRIX CALCULATED SUCCESSFULLY
 FCN=-3.38478e+06 FROM MIGRAD    STATUS=CONVERGED    1129 CALLS        1130 TOTAL
                     EDM=0.000564901    STRATEGY= 1      ERROR MATRIX ACCURATE 
  EXT PARAMETER                                   STEP         FIRST   
  NO.   NAME      VALUE            ERROR          SIZE      DERIVATIVE 
   1  f1           7.84890e-02   1.52185e-03   3.36466e-03  -1.91383e+00
   2  mb           5.17821e+03   3.42471e+00   3.06986e-03   8.79849e-01
   3  mean1        5.28014e+03   1.17814e-02   1.12755e-04   1.75836e+01
   4  nbkg         1.15408e+04   1.34624e+02   1.37489e-04   5.68642e+01
   5  nsig         4.01629e+05   6.38933e+02   1.27567e-04  -3.39598e+00
   6  sb           3.60705e+02   2.65868e+00   2.19936e-03  -9.43233e+00
   7  sig1         2.39529e+01   3.57758e-01   8.12802e-04   5.43197e+00
   8  sig2         6.74154e+00   1.49758e-02   8.47769e-05  -4.00987e+01
                               ERR DEF= 0.5
 EXTERNAL ERROR MATRIX.    NDIM=  25    NPAR=  8    ERR DEF=0.5
  2.316e-06  5.537e-04 -1.125e-07  7.166e-02 -7.191e-02  1.021e-03 -4.609e-04 -1.751e-05 
  5.537e-04  1.173e+01 -1.157e-04  5.157e+01 -5.164e+01  6.752e-01 -1.794e-01 -4.856e-03 
 -1.125e-07 -1.157e-04  1.388e-04 -3.738e-03  3.758e-03 -2.726e-05  3.769e-05  4.708e-07 
  7.166e-02  5.157e+01 -3.738e-03  1.812e+04 -6.594e+03  9.440e+01 -2.318e+01 -6.267e-01 
 -7.191e-02 -5.164e+01  3.758e-03 -6.594e+03  4.082e+05 -9.453e+01  2.325e+01  6.287e-01 
  1.021e-03  6.752e-01 -2.726e-05  9.440e+01 -9.453e+01  7.069e+00 -3.307e-01 -8.935e-03 
 -4.609e-04 -1.794e-01  3.769e-05 -2.318e+01  2.325e+01 -3.307e-01  1.280e-01  3.756e-03 
 -1.751e-05 -4.856e-03  4.708e-07 -6.267e-01  6.287e-01 -8.935e-03  3.756e-03  2.243e-04 
 PARAMETER  CORRELATION COEFFICIENTS  
       NO.  GLOBAL      1      2      3      4      5      6      7      8
        1  0.88372   1.000  0.106 -0.006  0.350 -0.074  0.252 -0.847 -0.768
        2  0.15746   0.106  1.000 -0.003  0.112 -0.024  0.074 -0.146 -0.095
        3  0.01094  -0.006 -0.003  1.000 -0.002  0.000 -0.001  0.009  0.003
        4  0.50416   0.350  0.112 -0.002  1.000 -0.077  0.264 -0.481 -0.311
        5  0.10969  -0.074 -0.024  0.000 -0.077  1.000 -0.056  0.102  0.066
        6  0.37140   0.252  0.074 -0.001  0.264 -0.056  1.000 -0.348 -0.224
        7  0.87862  -0.847 -0.146  0.009 -0.481  0.102 -0.348  1.000  0.701
        8  0.77419  -0.768 -0.095  0.003 -0.311  0.066 -0.224  0.701  1.000
 **********
 **   18 **MINOS        4000
 **********
 FCN=-3.38478e+06 FROM MINOS     STATUS=SUCCESSFUL   1463 CALLS        2593 TOTAL
                     EDM=0.000564901    STRATEGY= 1      ERROR MATRIX ACCURATE 
  EXT PARAMETER                  PARABOLIC         MINOS ERRORS        
  NO.   NAME      VALUE            ERROR      NEGATIVE      POSITIVE   
   1  f1           7.84890e-02   1.52185e-03  -1.47753e-03   1.56637e-03
   2  mb           5.17821e+03   3.42471e+00  -3.43312e+00   3.42662e+00
   3  mean1        5.28014e+03   1.17814e-02  -1.18029e-02   1.17634e-02
   4  nbkg         1.15408e+04   1.34624e+02  -1.34126e+02   1.35825e+02
   5  nsig         4.01629e+05   6.38933e+02  -6.39584e+02   6.38570e+02
   6  sb           3.60705e+02   2.65868e+00  -2.69612e+00   2.62782e+00
   7  sig1         2.39529e+01   3.57758e-01  -3.59881e-01   3.55457e-01
   8  sig2         6.74154e+00   1.49758e-02  -1.52072e-02   1.47909e-02
                               ERR DEF= 0.5
 **********
 **   23 **MINOS        4000
 **********
 FCN=-3.38478e+06 FROM MINOS     STATUS=SUCCESSFUL   1493 CALLS        4086 TOTAL
                     EDM=0.000564901    STRATEGY= 1      ERROR MATRIX ACCURATE 
  EXT PARAMETER                  PARABOLIC         MINOS ERRORS        
  NO.   NAME      VALUE            ERROR      NEGATIVE      POSITIVE   
   1  f1           7.84890e-02   1.52185e-03  -1.47759e-03   1.56636e-03
   2  mb           5.17821e+03   3.42471e+00  -3.43312e+00   3.42662e+00
   3  mean1        5.28014e+03   1.17814e-02  -1.18029e-02   1.17634e-02
   4  nbkg         1.15408e+04   1.34624e+02  -1.34126e+02   1.35825e+02
   5  nsig         4.01629e+05   6.38933e+02  -6.39584e+02   6.38570e+02
   6  sb           3.60705e+02   2.65868e+00  -2.69608e+00   2.62781e+00
   7  sig1         2.39529e+01   3.57758e-01  -3.59881e-01   3.55457e-01
   8  sig2         6.74154e+00   1.49758e-02  -1.52072e-02   1.47909e-02
                               ERR DEF= 0.5
fit_mass: Fit complete.
fit_mass: Starting save_plot_fit_mass():
[#1] INFO:Plotting -- RooAbsPdf::plotOn(totalPdf) p.d.f was fitted in range and no explicit plot,norm range was specified, using fit range as default
[#1] INFO:Plotting -- RooAbsPdf::plotOn(totalPdf) only plotting range 'fit_nll_totalPdf_data'
[#1] INFO:Plotting -- RooAbsPdf::plotOn(totalPdf) p.d.f. curve is normalized using explicit choice of ranges 'fit_nll_totalPdf_data'
B0 signal: fraction gaussian 1 = 0.078489 +/- 1.566359E-03
B0 gaus 1: mean = 5280.136150 +/- 1.180290E-02
B0 gaus 1: sigma = 23.952932 +/- 3.598811E-01
B0 gaus 2: sigma = 6.741537 +/- 1.520717E-02
[#1] INFO:Plotting -- RooAbsPdf::plotOn(totalPdf) p.d.f was fitted in range and no explicit plot,norm range was specified, using fit range as default
[#1] INFO:Plotting -- RooAbsPdf::plotOn(totalPdf) only plotting range 'fit_nll_totalPdf_data'
[#1] INFO:Plotting -- RooAbsPdf::plotOn(totalPdf) p.d.f. curve is normalized using explicit choice of ranges 'fit_nll_totalPdf_data'
[#1] INFO:Plotting -- RooAbsPdf::plotOn(totalPdf) directly selected PDF components: (sig)
[#1] INFO:Plotting -- RooAbsPdf::plotOn(totalPdf) indirectly selected PDF components: (gau1,gau2,mean2)
Background: Gaussian mean = 5178.211909 +/- 3.433118E+00
Background: Gaussian sigma = 360.704798 +/- 2.696081E+00
[#1] INFO:Plotting -- RooAbsPdf::plotOn(totalPdf) p.d.f was fitted in range and no explicit plot,norm range was specified, using fit range as default
[#1] INFO:Plotting -- RooAbsPdf::plotOn(totalPdf) only plotting range 'fit_nll_totalPdf_data'
[#1] INFO:Plotting -- RooAbsPdf::plotOn(totalPdf) p.d.f. curve is normalized using explicit choice of ranges 'fit_nll_totalPdf_data'
[#1] INFO:Plotting -- RooAbsPdf::plotOn(totalPdf) directly selected PDF components: (bkg)
[#1] INFO:Plotting -- RooAbsPdf::plotOn(totalPdf) indirectly selected PDF components: ()
#chi^{2}/N_{DoF} = 668.060407
N B0 = 401628.616746 +/- 639.584438
N bkg = 11540.778920 +/- 135.825072
[#0] WARNING:Plotting -- RooHist::makeResisHist(Hist) WARNING: point 0 has zero error, setting residual to zero
[#0] WARNING:Plotting -- RooHist::makeResisHist(Hist) WARNING: point 1 has zero error, setting residual to zero
[#0] WARNING:Plotting -- RooHist::makeResisHist(Hist) WARNING: point 2 has zero error, setting residual to zero
[#0] WARNING:Plotting -- RooHist::makeResisHist(Hist) WARNING: point 3 has zero error, setting residual to zero
[#0] WARNING:Plotting -- RooHist::makeResisHist(Hist) WARNING: point 4 has zero error, setting residual to zero
[#0] WARNING:Plotting -- RooHist::makeResisHist(Hist) WARNING: point 5 has zero error, setting residual to zero
[#0] WARNING:Plotting -- RooHist::makeResisHist(Hist) WARNING: point 6 has zero error, setting residual to zero
[#0] WARNING:Plotting -- RooHist::makeResisHist(Hist) WARNING: point 7 has zero error, setting residual to zero
[#0] WARNING:Plotting -- RooHist::makeResisHist(Hist) WARNING: point 8 has zero error, setting residual to zero
[#0] WARNING:Plotting -- RooHist::makeResisHist(Hist) WARNING: point 9 has zero error, setting residual to zero
[#0] WARNING:Plotting -- RooHist::makeResisHist(Hist) WARNING: point 10 has zero error, setting residual to zero
[#0] WARNING:Plotting -- RooHist::makeResisHist(Hist) WARNING: point 11 has zero error, setting residual to zero
[#0] WARNING:Plotting -- RooHist::makeResisHist(Hist) WARNING: point 12 has zero error, setting residual to zero
[#0] WARNING:Plotting -- RooHist::makeResisHist(Hist) WARNING: point 13 has zero error, setting residual to zero
[#0] WARNING:Plotting -- RooHist::makeResisHist(Hist) WARNING: point 14 has zero error, setting residual to zero
[#0] WARNING:Plotting -- RooHist::makeResisHist(Hist) WARNING: point 15 has zero error, setting residual to zero
[#0] WARNING:Plotting -- RooHist::makeResisHist(Hist) WARNING: point 16 has zero error, setting residual to zero
[#0] WARNING:Plotting -- RooHist::makeResisHist(Hist) WARNING: point 17 has zero error, setting residual to zero
[#0] WARNING:Plotting -- RooHist::makeResisHist(Hist) WARNING: point 18 has zero error, setting residual to zero
[#0] WARNING:Plotting -- RooHist::makeResisHist(Hist) WARNING: point 19 has zero error, setting residual to zero
[#0] WARNING:Plotting -- RooHist::makeResisHist(Hist) WARNING: point 20 has zero error, setting residual to zero
[#0] WARNING:Plotting -- RooHist::makeResisHist(Hist) WARNING: point 21 has zero error, setting residual to zero
[#0] WARNING:Plotting -- RooHist::makeResisHist(Hist) WARNING: point 22 has zero error, setting residual to zero
[#0] WARNING:Plotting -- RooHist::makeResisHist(Hist) WARNING: point 23 has zero error, setting residual to zero
[#0] WARNING:Plotting -- RooHist::makeResisHist(Hist) WARNING: point 24 has zero error, setting residual to zero
[#0] WARNING:Plotting -- RooHist::makeResisHist(Hist) WARNING: point 25 has zero error, setting residual to zero
[#0] WARNING:Plotting -- RooHist::makeResisHist(Hist) WARNING: point 26 has zero error, setting residual to zero
[#0] WARNING:Plotting -- RooHist::makeResisHist(Hist) WARNING: point 27 has zero error, setting residual to zero
[#0] WARNING:Plotting -- RooHist::makeResisHist(Hist) WARNING: point 28 has zero error, setting residual to zero
[#0] WARNING:Plotting -- RooHist::makeResisHist(Hist) WARNING: point 29 has zero error, setting residual to zero
[#0] WARNING:Plotting -- RooHist::makeResisHist(Hist) WARNING: point 30 has zero error, setting residual to zero
[#0] WARNING:Plotting -- RooHist::makeResisHist(Hist) WARNING: point 31 has zero error, setting residual to zero
[#0] WARNING:Plotting -- RooHist::makeResisHist(Hist) WARNING: point 32 has zero error, setting residual to zero
[#0] WARNING:Plotting -- RooHist::makeResisHist(Hist) WARNING: point 33 has zero error, setting residual to zero
[#0] WARNING:Plotting -- RooHist::makeResisHist(Hist) WARNING: point 34 has zero error, setting residual to zero
[#0] WARNING:Plotting -- RooHist::makeResisHist(Hist) WARNING: point 35 has zero error, setting residual to zero
[#0] WARNING:Plotting -- RooHist::makeResisHist(Hist) WARNING: point 36 has zero error, setting residual to zero
[#0] WARNING:Plotting -- RooHist::makeResisHist(Hist) WARNING: point 37 has zero error, setting residual to zero
[#0] WARNING:Plotting -- RooHist::makeResisHist(Hist) WARNING: point 38 has zero error, setting residual to zero
[#0] WARNING:Plotting -- RooHist::makeResisHist(Hist) WARNING: point 39 has zero error, setting residual to zero
[#0] WARNING:Plotting -- RooHist::makeResisHist(Hist) WARNING: point 40 has zero error, setting residual to zero
[#0] WARNING:Plotting -- RooHist::makeResisHist(Hist) WARNING: point 41 has zero error, setting residual to zero
[#0] WARNING:Plotting -- RooHist::makeResisHist(Hist) WARNING: point 44 has zero error, setting residual to zero
[#0] WARNING:Plotting -- RooHist::makeResisHist(Hist) WARNING: point 45 has zero error, setting residual to zero
[#0] WARNING:Plotting -- RooHist::makeResisHist(Hist) WARNING: point 46 has zero error, setting residual to zero
[#0] WARNING:Plotting -- RooHist::makeResisHist(Hist) WARNING: point 48 has zero error, setting residual to zero
[#0] WARNING:Plotting -- RooHist::makeResisHist(Hist) WARNING: point 49 has zero error, setting residual to zero
[#0] WARNING:Plotting -- RooHist::makeResisHist(Hist) WARNING: point 50 has zero error, setting residual to zero
[#0] WARNING:Plotting -- RooHist::makeResisHist(Hist) WARNING: point 51 has zero error, setting residual to zero
[#0] WARNING:Plotting -- RooHist::makeResisHist(Hist) WARNING: point 60 has zero error, setting residual to zero
[#0] WARNING:Plotting -- RooHist::makeResisHist(Hist) WARNING: point 467 has zero error, setting residual to zero
[#0] WARNING:Plotting -- RooHist::makeResisHist(Hist) WARNING: point 470 has zero error, setting residual to zero
[#0] WARNING:Plotting -- RooHist::makeResisHist(Hist) WARNING: point 478 has zero error, setting residual to zero
[#0] WARNING:Plotting -- RooHist::makeResisHist(Hist) WARNING: point 488 has zero error, setting residual to zero
[#0] WARNING:Plotting -- RooHist::makeResisHist(Hist) WARNING: point 493 has zero error, setting residual to zero
[#0] WARNING:Plotting -- RooHist::makeResisHist(Hist) WARNING: point 504 has zero error, setting residual to zero
[#0] WARNING:Plotting -- RooHist::makeResisHist(Hist) WARNING: point 505 has zero error, setting residual to zero
[#0] WARNING:Plotting -- RooHist::makeResisHist(Hist) WARNING: point 510 has zero error, setting residual to zero
[#0] WARNING:Plotting -- RooHist::makeResisHist(Hist) WARNING: point 515 has zero error, setting residual to zero
[#0] WARNING:Plotting -- RooHist::makeResisHist(Hist) WARNING: point 516 has zero error, setting residual to zero
[#0] WARNING:Plotting -- RooHist::makeResisHist(Hist) WARNING: point 522 has zero error, setting residual to zero
[#0] WARNING:Plotting -- RooHist::makeResisHist(Hist) WARNING: point 525 has zero error, setting residual to zero
[#0] WARNING:Plotting -- RooHist::makeResisHist(Hist) WARNING: point 529 has zero error, setting residual to zero
[#0] WARNING:Plotting -- RooHist::makeResisHist(Hist) WARNING: point 530 has zero error, setting residual to zero
[#0] WARNING:Plotting -- RooHist::makeResisHist(Hist) WARNING: point 532 has zero error, setting residual to zero
[#0] WARNING:Plotting -- RooHist::makeResisHist(Hist) WARNING: point 533 has zero error, setting residual to zero
[#0] WARNING:Plotting -- RooHist::makeResisHist(Hist) WARNING: point 536 has zero error, setting residual to zero
[#0] WARNING:Plotting -- RooHist::makeResisHist(Hist) WARNING: point 537 has zero error, setting residual to zero
[#0] WARNING:Plotting -- RooHist::makeResisHist(Hist) WARNING: point 538 has zero error, setting residual to zero
[#0] WARNING:Plotting -- RooHist::makeResisHist(Hist) WARNING: point 539 has zero error, setting residual to zero
[#0] WARNING:Plotting -- RooHist::makeResisHist(Hist) WARNING: point 540 has zero error, setting residual to zero
[#0] WARNING:Plotting -- RooHist::makeResisHist(Hist) WARNING: point 541 has zero error, setting residual to zero
[#0] WARNING:Plotting -- RooHist::makeResisHist(Hist) WARNING: point 542 has zero error, setting residual to zero
[#0] WARNING:Plotting -- RooHist::makeResisHist(Hist) WARNING: point 543 has zero error, setting residual to zero
[#0] WARNING:Plotting -- RooHist::makeResisHist(Hist) WARNING: point 544 has zero error, setting residual to zero
[#0] WARNING:Plotting -- RooHist::makeResisHist(Hist) WARNING: point 545 has zero error, setting residual to zero
[#0] WARNING:Plotting -- RooHist::makeResisHist(Hist) WARNING: point 546 has zero error, setting residual to zero
[#0] WARNING:Plotting -- RooHist::makeResisHist(Hist) WARNING: point 547 has zero error, setting residual to zero
[#0] WARNING:Plotting -- RooHist::makeResisHist(Hist) WARNING: point 548 has zero error, setting residual to zero
[#0] WARNING:Plotting -- RooHist::makeResisHist(Hist) WARNING: point 549 has zero error, setting residual to zero
[#0] WARNING:Plotting -- RooHist::makeResisHist(Hist) WARNING: point 550 has zero error, setting residual to zero
[#0] WARNING:Plotting -- RooHist::makeResisHist(Hist) WARNING: point 551 has zero error, setting residual to zero
[#0] WARNING:Plotting -- RooHist::makeResisHist(Hist) WARNING: point 552 has zero error, setting residual to zero
[#0] WARNING:Plotting -- RooHist::makeResisHist(Hist) WARNING: point 553 has zero error, setting residual to zero
[#0] WARNING:Plotting -- RooHist::makeResisHist(Hist) WARNING: point 554 has zero error, setting residual to zero
[#0] WARNING:Plotting -- RooHist::makeResisHist(Hist) WARNING: point 555 has zero error, setting residual to zero
[#0] WARNING:Plotting -- RooHist::makeResisHist(Hist) WARNING: point 556 has zero error, setting residual to zero
[#0] WARNING:Plotting -- RooHist::makeResisHist(Hist) WARNING: point 557 has zero error, setting residual to zero
[#0] WARNING:Plotting -- RooHist::makeResisHist(Hist) WARNING: point 558 has zero error, setting residual to zero
[#0] WARNING:Plotting -- RooHist::makeResisHist(Hist) WARNING: point 559 has zero error, setting residual to zero
Info in <TCanvas::Print>: eps file plots/fit_LimingB0cuts8.eps has been created
Info in <TCanvas::SaveSource>: C++ Macro file: plots/fit_LimingB0cuts8.C has been generated
save_plot_fit_mass() complete.
fit_mass complete.
=========================================
Finish root @	Thu Oct 13 17:44:26 CEST 2016
=========================================
