=========================================
START@:		Thu Oct 13 16:56:41 CEST 2016
=========================================
Configuring DaVinci v39r1 from /afs/cern.ch/user/m/mwilkins/cmtuser/DaVinci_v39r1
Using CMTPROJECTPATH = '/afs/cern.ch/user/m/mwilkins/cmtuser:/cvmfs/lhcb.cern.ch/lib/lhcb:/cvmfs/lhcb.cern.ch/lib/lcg/releases:/cvmfs/lhcb.cern.ch/lib/lcg/app/releases:/cvmfs/lhcb.cern.ch/lib/lcg/external'
Environment for DaVinci v39r1 ready.
(Compat v1r19 from /cvmfs/lhcb.cern.ch/lib/lhcb/COMPAT/COMPAT_v1r19,
 DaVinci v39r1 from /afs/cern.ch/user/m/mwilkins/cmtuser/DaVinci_v39r1)

Processing ./rootopts_LimingB0cuts6/myRoot.C...

[1mRooFit v3.60 -- Developed by Wouter Verkerke and David Kirkby[0m 
                Copyright (C) 2000-2013 NIKHEF, University of California & Stanford University
                All rights reserved, please read http://roofit.sourceforge.net/license.txt

fileN = _LimingB0cuts6
-------------------------
Set LHCb Style - Feb 2012
-------------------------
fit_mass: Set mass and data:
[#1] INFO:Eval -- RooRealVar::setRange(B0_LOKI_MASS_JpsiConstr) new range named 'tot' created with bounds [3800,6600]
[#1] INFO:Eval -- RooRealVar::setRange(B0_LOKI_MASS_JpsiConstr) new range named 'peak' created with bounds [5100,5500]
tree gotten
[#1] INFO:Eval -- RooTreeDataStore::loadValues(data) Ignored 2 out of range events
data declared
fit_mass: Mass and data set.
fit_mass: Assign shapes:
fit_mass: Shapes assigned.
fit_mass: declaring number of each shape:
fit_mass: Numbers declared.
fit_mass: adding shapes and their numbers to totalPdf:
fit_mass: totalPdf constructed.
fit_mass: Starting the fit:
[#1] INFO:Fitting -- RooAbsOptTestStatistic::ctor(nll_totalPdf_data) constructing test statistic for sub-range named peak
[#1] INFO:Eval -- RooRealVar::setRange(B0_LOKI_MASS_JpsiConstr) new range named 'NormalizationRangeForpeak' created with bounds [3800,6600]
[#1] INFO:Eval -- RooRealVar::setRange(B0_LOKI_MASS_JpsiConstr) new range named 'fit_nll_totalPdf_data' created with bounds [5100,5500]
[#1] INFO:Fitting -- RooAbsOptTestStatistic::ctor(nll_totalPdf_data) fixing interpretation of coefficients of any RooAddPdf to full domain of observables 
 **********
 **   13 **MIGRAD        2500           1
 **********
 FIRST CALL TO USER FUNCTION AT NEW START POINT, WITH IFLAG=4.
 START MIGRAD MINIMIZATION.  STRATEGY  1.  CONVERGENCE WHEN EDM .LT. 1.00e-03
 FCN=-704126 FROM MIGRAD    STATUS=INITIATE       72 CALLS          73 TOTAL
                     EDM= unknown      STRATEGY= 1      NO ERROR MATRIX       
  EXT PARAMETER               CURRENT GUESS       STEP         FIRST   
  NO.   NAME      VALUE            ERROR          SIZE      DERIVATIVE 
   1  f1           8.00000e-01   1.00000e-01   0.00000e+00  -4.19334e+03
   2  mean1        5.35000e+03   3.00000e+01   0.00000e+00   8.26610e+05
   3  nsig         1.68900e+03   8.44500e+02   0.00000e+00  -9.88409e+07
   4  sig1         7.58556e+01   4.00000e+00   0.00000e+00   1.89568e+05
   5  sig2         6.04322e+01   1.15000e+01   1.09478e-01  -1.98860e+05
                               ERR DEF= 0.5
 MIGRAD MINIMIZATION HAS CONVERGED.
 FCN=-3.3808e+06 FROM MIGRAD    STATUS=CONVERGED     350 CALLS         351 TOTAL
                     EDM=1.36239e-05    STRATEGY= 1  ERROR MATRIX UNCERTAINTY   1.8 per cent
  EXT PARAMETER                                   STEP         FIRST   
  NO.   NAME      VALUE            ERROR          SIZE      DERIVATIVE 
   1  f1           9.50137e-01   4.51172e-04  -1.59281e-05   1.28708e+00
   2  mean1        5.28014e+03   1.14136e-02  -3.15158e-07   3.23900e+00
   3  nsig         4.07957e+05   6.24208e+02   7.79641e-07  -2.48287e+01
   4  sig1         7.18244e+00   9.98135e-03  -4.37264e-07   1.90018e+01
   5  sig2         6.76440e+01   4.28672e-01   1.03547e-05  -4.37381e+00
                               ERR DEF= 0.5
 EXTERNAL ERROR MATRIX.    NDIM=  25    NPAR=  5    ERR DEF=0.5
  2.036e-07 -2.073e-08  2.173e-03  1.441e-06  6.146e-05 
 -2.073e-08  1.303e-04 -3.854e-01 -2.524e-06 -5.023e-05 
  2.173e-03 -3.854e-01  3.896e+05 -6.661e-02  4.760e+00 
  1.441e-06 -2.524e-06 -6.661e-02  9.963e-05  1.042e-03 
  6.146e-05 -5.023e-05  4.760e+00  1.042e-03  1.838e-01 
 PARAMETER  CORRELATION COEFFICIENTS  
       NO.  GLOBAL      1      2      3      4      5
        1  0.40450   1.000 -0.004  0.008  0.320  0.318
        2  0.05903  -0.004  1.000 -0.054 -0.022 -0.010
        3  0.05953   0.008 -0.054  1.000 -0.011  0.018
        4  0.35414   0.320 -0.022 -0.011  1.000  0.243
        5  0.35169   0.318 -0.010  0.018  0.243  1.000
 **********
 **   18 **MINOS        2500
 **********
 FCN=-3.3808e+06 FROM MINOS     STATUS=SUCCESSFUL    369 CALLS         720 TOTAL
                     EDM=1.36239e-05    STRATEGY= 1  ERROR MATRIX UNCERTAINTY   1.8 per cent
  EXT PARAMETER                  PARABOLIC         MINOS ERRORS        
  NO.   NAME      VALUE            ERROR      NEGATIVE      POSITIVE   
   1  f1           9.50137e-01   4.51172e-04  -4.54952e-04   4.48799e-04
   2  mean1        5.28014e+03   1.14136e-02  -1.19675e-02   1.19761e-02
   3  nsig         4.07957e+05   6.24208e+02  -6.37031e+02   6.40565e+02
   4  sig1         7.18244e+00   9.98135e-03  -1.00412e-02   9.97868e-03
   5  sig2         6.76440e+01   4.28672e-01  -4.28368e-01   4.29503e-01
                               ERR DEF= 0.5
 **********
 **   23 **MINOS        2500
 **********
 FCN=-3.3808e+06 FROM MINOS     STATUS=SUCCESSFUL    369 CALLS        1089 TOTAL
                     EDM=1.36239e-05    STRATEGY= 1  ERROR MATRIX UNCERTAINTY   1.8 per cent
  EXT PARAMETER                  PARABOLIC         MINOS ERRORS        
  NO.   NAME      VALUE            ERROR      NEGATIVE      POSITIVE   
   1  f1           9.50137e-01   4.51172e-04  -4.54952e-04   4.48798e-04
   2  mean1        5.28014e+03   1.14136e-02  -1.19675e-02   1.19761e-02
   3  nsig         4.07957e+05   6.24208e+02  -6.37031e+02   6.40565e+02
   4  sig1         7.18244e+00   9.98135e-03  -1.00412e-02   9.97868e-03
   5  sig2         6.76440e+01   4.28672e-01  -4.28368e-01   4.29503e-01
                               ERR DEF= 0.5
fit_mass: Fit complete.
fit_mass: Starting save_plot_fit_mass():
[#1] INFO:Plotting -- RooAbsPdf::plotOn(totalPdf) p.d.f was fitted in range and no explicit plot,norm range was specified, using fit range as default
[#1] INFO:Plotting -- RooAbsPdf::plotOn(totalPdf) only plotting range 'fit_nll_totalPdf_data'
[#1] INFO:Plotting -- RooAbsPdf::plotOn(totalPdf) p.d.f. curve is normalized using explicit choice of ranges 'fit_nll_totalPdf_data'
B0 signal: fraction gaussian 1 = 0.950137 +/- 4.549519E-04
B0 gaus 1: mean = 5280.139875 +/- 1.197612E-02
B0 gaus 1: sigma = 7.182440 +/- 1.004119E-02
B0 gaus 2: sigma = 67.643969 +/- 4.295034E-01
[#1] INFO:Plotting -- RooAbsPdf::plotOn(totalPdf) p.d.f was fitted in range and no explicit plot,norm range was specified, using fit range as default
[#1] INFO:Plotting -- RooAbsPdf::plotOn(totalPdf) only plotting range 'fit_nll_totalPdf_data'
[#1] INFO:Plotting -- RooAbsPdf::plotOn(totalPdf) p.d.f. curve is normalized using explicit choice of ranges 'fit_nll_totalPdf_data'
[#1] INFO:Plotting -- RooAbsPdf::plotOn(totalPdf) directly selected PDF components: (sig)
[#1] INFO:Plotting -- RooAbsPdf::plotOn(totalPdf) indirectly selected PDF components: (gau1,gau2,mean2)
#chi^{2}/N_{DoF} = 104.141914
N B0 = 407957.032652 +/- 640.564914
Info in <TCanvas::Print>: eps file plots/fit_LimingB0cuts6.eps has been created
Info in <TCanvas::SaveSource>: C++ Macro file: plots/fit_LimingB0cuts6.C has been generated
save_plot_fit_mass() complete.
fit_mass complete.
=========================================
Finish root @	Thu Oct 13 17:00:19 CEST 2016
=========================================
