=========================================
START@:		Thu Oct 13 17:04:48 CEST 2016
=========================================
Configuring DaVinci v39r1 from /afs/cern.ch/user/m/mwilkins/cmtuser/DaVinci_v39r1
Using CMTPROJECTPATH = '/afs/cern.ch/user/m/mwilkins/cmtuser:/cvmfs/lhcb.cern.ch/lib/lhcb:/cvmfs/lhcb.cern.ch/lib/lcg/releases:/cvmfs/lhcb.cern.ch/lib/lcg/app/releases:/cvmfs/lhcb.cern.ch/lib/lcg/external'
Environment for DaVinci v39r1 ready.
(Compat v1r19 from /cvmfs/lhcb.cern.ch/lib/lhcb/COMPAT/COMPAT_v1r19,
 DaVinci v39r1 from /afs/cern.ch/user/m/mwilkins/cmtuser/DaVinci_v39r1)

Processing ./rootopts_LimingB0cuts7/myRoot.C...

[1mRooFit v3.60 -- Developed by Wouter Verkerke and David Kirkby[0m 
                Copyright (C) 2000-2013 NIKHEF, University of California & Stanford University
                All rights reserved, please read http://roofit.sourceforge.net/license.txt

fileN = _LimingB0cuts7
-------------------------
Set LHCb Style - Feb 2012
-------------------------
fit_mass: Set mass and data:
[#1] INFO:Eval -- RooRealVar::setRange(B0_LOKI_MASS_JpsiConstr) new range named 'tot' created with bounds [3800,6600]
[#1] INFO:Eval -- RooRealVar::setRange(B0_LOKI_MASS_JpsiConstr) new range named 'peak' created with bounds [5200,5400]
tree gotten
[#1] INFO:Eval -- RooTreeDataStore::loadValues(data) Ignored 2 out of range events
data declared
fit_mass: Mass and data set.
fit_mass: Assign shapes:
fit_mass: Shapes assigned.
fit_mass: declaring number of each shape:
fit_mass: Numbers declared.
fit_mass: adding shapes and their numbers to totalPdf:
fit_mass: totalPdf constructed.
fit_mass: Starting the fit:
[#1] INFO:Fitting -- RooAbsOptTestStatistic::ctor(nll_totalPdf_data) constructing test statistic for sub-range named peak
[#1] INFO:Eval -- RooRealVar::setRange(B0_LOKI_MASS_JpsiConstr) new range named 'NormalizationRangeForpeak' created with bounds [3800,6600]
[#1] INFO:Eval -- RooRealVar::setRange(B0_LOKI_MASS_JpsiConstr) new range named 'fit_nll_totalPdf_data' created with bounds [5200,5400]
[#1] INFO:Fitting -- RooAbsOptTestStatistic::ctor(nll_totalPdf_data) fixing interpretation of coefficients of any RooAddPdf to full domain of observables 
 **********
 **   13 **MIGRAD        2500           1
 **********
 FIRST CALL TO USER FUNCTION AT NEW START POINT, WITH IFLAG=4.
 START MIGRAD MINIMIZATION.  STRATEGY  1.  CONVERGENCE WHEN EDM .LT. 1.00e-03
 FCN=-706618 FROM MIGRAD    STATUS=INITIATE       72 CALLS          73 TOTAL
                     EDM= unknown      STRATEGY= 1      NO ERROR MATRIX       
  EXT PARAMETER               CURRENT GUESS       STEP         FIRST   
  NO.   NAME      VALUE            ERROR          SIZE      DERIVATIVE 
   1  f1           8.00000e-01   1.00000e-01   0.00000e+00  -3.78448e+03
   2  mean1        5.35000e+03   3.00000e+01   0.00000e+00   8.55917e+05
   3  nsig         1.68900e+03   8.44500e+02   0.00000e+00  -9.81857e+07
   4  sig1         7.34667e+01   4.00000e+00   0.00000e+00   1.43276e+05
   5  sig2         6.06451e+01   1.15000e+01   1.09982e-01  -1.87704e+05
                               ERR DEF= 0.5
 MINUIT WARNING IN MIGRAD  
 ============== Negative diagonal element 1 in Error Matrix
 MINUIT WARNING IN MIGRAD  
 ============== Negative diagonal element 2 in Error Matrix
 MINUIT WARNING IN MIGRAD  
 ============== Negative diagonal element 3 in Error Matrix
 MINUIT WARNING IN MIGRAD  
 ============== Negative diagonal element 5 in Error Matrix
 MINUIT WARNING IN MIGRAD  
 ============== 1.00003 added to diagonal of error matrix
[#0] WARNING:Minization -- RooMinuitGlue: Minimized function has error status.
Returning maximum FCN so far (4.64199e+07) to force MIGRAD to back out of this region. Error log follows
Parameter values: f1=0.242111, mean1=5489.06, nsig=6.39848e+07, sig1=1290.33, sig2=0.350362
RooGaussian::gau2[ x=B0_LOKI_MASS_JpsiConstr mean=mean2 sigma=sig2 ]
     p.d.f normalization integral is zero or negative @ x=B0_LOKI_MASS_JpsiConstr=5284.53, mean=mean2=5489.06, sigma=sig2=0.350362
     p.d.f normalization integral is zero or negative @ x=B0_LOKI_MASS_JpsiConstr=5282.59, mean=mean2=5489.06, sigma=sig2=0.350362
     p.d.f normalization integral is zero or negative @ x=B0_LOKI_MASS_JpsiConstr=5274.99, mean=mean2=5489.06, sigma=sig2=0.350362
     p.d.f normalization integral is zero or negative @ x=B0_LOKI_MASS_JpsiConstr=5295.73, mean=mean2=5489.06, sigma=sig2=0.350362
     p.d.f normalization integral is zero or negative @ x=B0_LOKI_MASS_JpsiConstr=5297.89, mean=mean2=5489.06, sigma=sig2=0.350362
     p.d.f normalization integral is zero or negative @ x=B0_LOKI_MASS_JpsiConstr=5277.87, mean=mean2=5489.06, sigma=sig2=0.350362
     p.d.f normalization integral is zero or negative @ x=B0_LOKI_MASS_JpsiConstr=5268.06, mean=mean2=5489.06, sigma=sig2=0.350362
     p.d.f normalization integral is zero or negative @ x=B0_LOKI_MASS_JpsiConstr=5296.51, mean=mean2=5489.06, sigma=sig2=0.350362
     p.d.f normalization integral is zero or negative @ x=B0_LOKI_MASS_JpsiConstr=5289.83, mean=mean2=5489.06, sigma=sig2=0.350362
     p.d.f normalization integral is zero or negative @ x=B0_LOKI_MASS_JpsiConstr=5277.85, mean=mean2=5489.06, sigma=sig2=0.350362
     p.d.f normalization integral is zero or negative @ x=B0_LOKI_MASS_JpsiConstr=5278.73, mean=mean2=5489.06, sigma=sig2=0.350362
     p.d.f normalization integral is zero or negative @ x=B0_LOKI_MASS_JpsiConstr=5286.74, mean=mean2=5489.06, sigma=sig2=0.350362
    ... (remaining 2038 messages suppressed)

 MIGRAD FAILS TO FIND IMPROVEMENT
 MINUIT WARNING IN HESSE   
 ============== Negative diagonal element 1 in Error Matrix
 MINUIT WARNING IN HESSE   
 ============== Negative diagonal element 4 in Error Matrix
 MINUIT WARNING IN HESSE   
 ============== 1.35616e+07 added to diagonal of error matrix
 EIGENVALUES OF SECOND-DERIVATIVE MATRIX:
        -1.6083e+03  6.2295e-01  1.0069e+00  1.4445e+00  1.6102e+03
 MINUIT WARNING IN HESSE   
 ============== MATRIX FORCED POS-DEF BY ADDING 1609.882820 TO DIAGONAL.
 FCN=-2.80345e+06 FROM HESSE     STATUS=NOT POSDEF     31 CALLS         187 TOTAL
                     EDM=3.5395e+11    STRATEGY= 1      ERR MATRIX NOT POS-DEF
  EXT PARAMETER                APPROXIMATE        STEP         FIRST   
  NO.   NAME      VALUE            ERROR          SIZE      DERIVATIVE 
   1  f1           4.35083e-02   2.45559e-05   6.01801e-03   4.19546e+05
   2  mean1        5.28149e+03   5.43681e-03   8.75658e-04   1.01939e+05
   3  nsig         1.31654e+06   4.11985e+01   2.18633e-04   8.46401e+05
   4  sig1         1.66436e+01   2.24512e+02   6.39851e-04   1.50935e+06
   5  sig2         2.17192e+02   5.27432e-02   5.81919e-04  -5.24839e+05
                               ERR DEF= 0.5
 MIGRAD FAILS TO FIND IMPROVEMENT
 MIGRAD TERMINATED WITHOUT CONVERGENCE.
 FCN=-2.80345e+06 FROM MIGRAD    STATUS=FAILED        197 CALLS         198 TOTAL
                     EDM=3.5395e+11    STRATEGY= 1      ERR MATRIX NOT POS-DEF
  EXT PARAMETER                APPROXIMATE        STEP         FIRST   
  NO.   NAME      VALUE            ERROR          SIZE      DERIVATIVE 
   1  f1           4.35083e-02   2.45559e-05  -0.00000e+00   4.19546e+05
   2  mean1        5.28149e+03   5.43681e-03  -0.00000e+00   1.01939e+05
   3  nsig         1.31654e+06   4.11985e+01   0.00000e+00   8.46401e+05
   4  sig1         1.66436e+01   2.24512e+02  -0.00000e+00   1.50935e+06
   5  sig2         2.17192e+02   5.27432e-02   0.00000e+00  -5.24839e+05
                               ERR DEF= 0.5
 EXTERNAL ERROR MATRIX.    NDIM=  25    NPAR=  5    ERR DEF=0.5
  6.030e-10  1.321e-07 -2.335e-06  3.045e-03 -1.288e-06 
  1.321e-07  2.956e-05 -5.139e-04  6.693e-01 -2.831e-04 
 -2.335e-06 -5.139e-04  1.697e+03 -1.184e+01  5.062e-03 
  3.045e-03  6.693e-01 -1.184e+01  1.543e+04 -6.525e+00 
 -1.288e-06 -2.831e-04  5.062e-03 -6.525e+00  2.782e-03 
ERR MATRIX NOT POS-DEF
 PARAMETER  CORRELATION COEFFICIENTS  
       NO.  GLOBAL      1      2      3      4      5
        1  0.99841   1.000  0.990 -0.002  0.998 -0.995
        2  0.99119   0.990  1.000 -0.002  0.991 -0.987
        3  0.00233  -0.002 -0.002  1.000 -0.002  0.002
        4  0.99900   0.998  0.991 -0.002  1.000 -0.996
        5  0.99614  -0.995 -0.987  0.002 -0.996  1.000
 ERR MATRIX NOT POS-DEF
 **********
 **   18 **MINOS        2500
 **********
 FUNCTION MUST BE MINIMIZED BEFORE CALLING MINOs     
 START MIGRAD MINIMIZATION.  STRATEGY  1.  CONVERGENCE WHEN EDM .LT. 5.00e-05
 FCN=-2.80345e+06 FROM MIGRAD    STATUS=INITIATE       10 CALLS         208 TOTAL
                     EDM=3.5395e+11    STRATEGY= 1      ERR MATRIX NOT POS-DEF
  EXT PARAMETER                APPROXIMATE        STEP         FIRST   
  NO.   NAME      VALUE            ERROR          SIZE      DERIVATIVE 
   1  f1           4.35083e-02   2.45559e-05  -0.00000e+00   4.19524e+05
   2  mean1        5.28149e+03   5.43681e-03  -0.00000e+00   1.01939e+05
   3  nsig         1.31654e+06   4.11985e+01   0.00000e+00   8.46400e+05
   4  sig1         1.66436e+01   2.24512e+02  -0.00000e+00   1.50935e+06
   5  sig2         2.17192e+02   5.27432e-02   0.00000e+00  -5.24840e+05
                               ERR DEF= 0.5
 MIGRAD FAILS TO FIND IMPROVEMENT
 MINUIT WARNING IN HESSE   
 ============== Negative diagonal element 1 in Error Matrix
 MINUIT WARNING IN HESSE   
 ============== Negative diagonal element 4 in Error Matrix
 MINUIT WARNING IN HESSE   
 ============== 1.35619e+07 added to diagonal of error matrix
 EIGENVALUES OF SECOND-DERIVATIVE MATRIX:
        -1.6062e+03  6.2322e-01  1.0066e+00  1.4444e+00  1.6082e+03
 MINUIT WARNING IN HESSE   
 ============== MATRIX FORCED POS-DEF BY ADDING 1607.842608 TO DIAGONAL.
 FCN=-2.80345e+06 FROM HESSE     STATUS=NOT POSDEF     31 CALLS         250 TOTAL
                     EDM=3.54399e+11    STRATEGY= 1      ERR MATRIX NOT POS-DEF
  EXT PARAMETER                APPROXIMATE        STEP         FIRST   
  NO.   NAME      VALUE            ERROR          SIZE      DERIVATIVE 
   1  f1           4.35083e-02   2.46186e-05   6.01588e-03   4.19546e+05
   2  mean1        5.28149e+03   5.35776e-03   4.15477e-04   1.01939e+05
   3  nsig         1.31654e+06   4.12245e+01   1.98415e-04   8.46401e+05
   4  sig1         1.66436e+01   2.24789e+02   3.13962e-04   1.50935e+06
   5  sig2         2.17192e+02   5.28768e-02   5.81919e-04  -5.24839e+05
                               ERR DEF= 0.5
 MIGRAD FAILS TO FIND IMPROVEMENT
 MIGRAD TERMINATED WITHOUT CONVERGENCE.
 FCN=-2.80345e+06 FROM MIGRAD    STATUS=FAILED         63 CALLS         261 TOTAL
                     EDM=3.54399e+11    STRATEGY= 1      ERR MATRIX NOT POS-DEF
  EXT PARAMETER                APPROXIMATE        STEP         FIRST   
  NO.   NAME      VALUE            ERROR          SIZE      DERIVATIVE 
   1  f1           4.35083e-02   2.46186e-05  -0.00000e+00   4.19546e+05
   2  mean1        5.28149e+03   5.35776e-03  -0.00000e+00   1.01939e+05
   3  nsig         1.31654e+06   4.12245e+01   0.00000e+00   8.46401e+05
   4  sig1         1.66436e+01   2.24789e+02  -0.00000e+00   1.50935e+06
   5  sig2         2.17192e+02   5.28768e-02   0.00000e+00  -5.24839e+05
                               ERR DEF= 0.5
 EXTERNAL ERROR MATRIX.    NDIM=  25    NPAR=  5    ERR DEF=0.5
  6.061e-10  1.305e-07 -2.359e-06  3.055e-03 -1.295e-06 
  1.305e-07  2.871e-05 -5.101e-04  6.598e-01 -2.796e-04 
 -2.359e-06 -5.101e-04  1.699e+03 -1.194e+01  5.112e-03 
  3.055e-03  6.598e-01 -1.194e+01  1.545e+04 -6.546e+00 
 -1.295e-06 -2.796e-04  5.112e-03 -6.546e+00  2.796e-03 
ERR MATRIX NOT POS-DEF
 PARAMETER  CORRELATION COEFFICIENTS  
       NO.  GLOBAL      1      2      3      4      5
        1  0.99842   1.000  0.989 -0.002  0.998 -0.995
        2  0.99091   0.989  1.000 -0.002  0.991 -0.987
        3  0.00235  -0.002 -0.002  1.000 -0.002  0.002
        4  0.99900   0.998  0.991 -0.002  1.000 -0.996
        5  0.99616  -0.995 -0.987  0.002 -0.996  1.000
 ERR MATRIX NOT POS-DEF
 MINUIT WARNING IN HESSE   
 ============== Negative diagonal element 1 in Error Matrix
 MINUIT WARNING IN HESSE   
 ============== Negative diagonal element 4 in Error Matrix
 MINUIT WARNING IN HESSE   
 ============== 1.3562e+07 added to diagonal of error matrix
 EIGENVALUES OF SECOND-DERIVATIVE MATRIX:
        -1.6027e+03  6.2304e-01  1.0064e+00  1.4445e+00  1.6046e+03
 MINUIT WARNING IN HESSE   
 ============== MATRIX FORCED POS-DEF BY ADDING 1604.312659 TO DIAGONAL.
 MINUIT WARNING IN MIGRAD  
 ============== Negative diagonal element 3 in Error Matrix
 MINUIT WARNING IN MIGRAD  
 ============== 1 added to diagonal of error matrix
 MIGRAD FAILS WITH STRATEGY=0.   WILL TRY WITH STRATEGY=1.
 EIGENVALUES OF SECOND-DERIVATIVE MATRIX:
        -1.9797e-01  9.8009e-01  1.0198e+00  2.1981e+00
 MINUIT WARNING IN HESSE   
 ============== MATRIX FORCED POS-DEF BY ADDING 0.200169 TO DIAGONAL.
 MINUIT WARNING IN MNCROS    
 ============== Cannot find slope of the right sign
 MINUIT WARNING IN MIGRAD  
 ============== VARIABLE5 IS AT ITS UPPER ALLOWED LIMIT.
 FCN=-3.15834e+06 FROM MINOS     STATUS=NEW MINIMU    583 CALLS         875 TOTAL
                     EDM= unknown      STRATEGY= 1      NO ERROR MATRIX       
  EXT PARAMETER                  PARABOLIC         MINOS ERRORS        
  NO.   NAME      VALUE            ERROR      NEGATIVE      POSITIVE   
   1  f1           4.38831e-02   2.46577e-05                            
   2  mean1        5.28016e+03   1.23405e-02                            
   3  nsig         3.52982e+06   5.54696e+03                            
   4  sig1         5.54867e+00   9.46587e-03                            
   5  sig2         3.00000e+03   1.43237e-01                            
                               ERR DEF= 0.5
 NEW MINIMUM FOUND.  GO BACK TO MINIMIZATION STEP.
 =================================================
                                                  V
                                                  V
                                                  V
                                               VVVVVVV
                                                VVVVV
                                                 VVV
                                                  V

 START MIGRAD MINIMIZATION.  STRATEGY  1.  CONVERGENCE WHEN EDM .LT. 2.50e-05
 FCN=-3.15834e+06 FROM MIGRAD    STATUS=INITIATE       12 CALLS         887 TOTAL
                     EDM= unknown      STRATEGY= 1      NO ERROR MATRIX       
  EXT PARAMETER               CURRENT GUESS       STEP         FIRST   
  NO.   NAME      VALUE            ERROR          SIZE      DERIVATIVE 
   1  f1           4.38831e-02   2.46577e-05   2.46577e-05  -7.15960e+05
   2  mean1        5.28016e+03   1.23405e-02  -6.92135e-08   3.33781e-03
   3  nsig         3.52982e+06   5.54696e+03  -8.38230e-05  -3.22091e-01
   4  sig1         5.54867e+00   9.46587e-03   7.79992e-06   4.92920e-01
   5  sig2         3.00000e+03   1.43237e-01   7.12146e-10  -1.00909e+01
                               ERR DEF= 0.5
 MIGRAD MINIMIZATION HAS CONVERGED.
 FCN=-3.37356e+06 FROM MIGRAD    STATUS=CONVERGED     162 CALLS        1037 TOTAL
                     EDM=1.96828e-06    STRATEGY= 1  ERROR MATRIX UNCERTAINTY   0.2 per cent
  EXT PARAMETER                                   STEP         FIRST   
  NO.   NAME      VALUE            ERROR          SIZE      DERIVATIVE 
   1  f1           6.70108e-01   2.34751e-03   4.81263e-05   3.70269e-02
   2  mean1        5.28014e+03   1.22836e-02   7.32739e-08  -5.86654e+00
   3  nsig         5.82804e+05   2.04371e+03  -3.32817e-06   7.42146e+00
   4  sig1         7.30274e+00   9.73671e-03  -3.23063e-07   1.65231e+01
   5  sig2         2.99999e+03   1.43300e-01   4.87048e-09  -8.97733e-04
                               ERR DEF= 0.5
 EXTERNAL ERROR MATRIX.    NDIM=  25    NPAR=  5    ERR DEF=0.5
  5.511e-06 -2.994e-07 -4.293e+00  5.868e-06 -8.825e-08 
 -2.994e-07  1.509e-04  2.384e-01 -1.294e-06  2.052e-08 
 -4.293e+00  2.384e-01  4.177e+06 -4.547e+00  5.017e-02 
  5.868e-06 -1.294e-06 -4.547e+00  9.480e-05 -2.252e-07 
 -8.825e-08  2.052e-08  5.017e-02 -2.252e-07  2.931e-03 
 PARAMETER  CORRELATION COEFFICIENTS  
       NO.  GLOBAL      1      2      3      4      5
        1  0.89648   1.000 -0.010 -0.895  0.257 -0.001
        2  0.01339  -0.010  1.000  0.009 -0.011  0.000
        3  0.89487  -0.895  0.009  1.000 -0.229  0.000
        4  0.25688   0.257 -0.011 -0.229  1.000 -0.000
        5  0.00083  -0.001  0.000  0.000 -0.000  1.000
    THE POSITIVE MINOS ERROR OF PARAMETER   5, sig2 EXCEEDS ITS LIMIT.
 MINUIT WARNING IN MNCROS    
 ============== Cannot find slope of the right sign
                         NEGATIVE MINOS ERROR NOT CALCULATED FOR PARAMETER 5
 FCN=-3.37356e+06 FROM MINOS     STATUS=PROBLEMS      522 CALLS        1559 TOTAL
                     EDM=1.96828e-06    STRATEGY= 1  ERROR MATRIX UNCERTAINTY   0.2 per cent
  EXT PARAMETER                  PARABOLIC         MINOS ERRORS        
  NO.   NAME      VALUE            ERROR      NEGATIVE      POSITIVE   
   1  f1           6.70108e-01   2.34751e-03  -2.35558e-03   2.34983e-03
   2  mean1        5.28014e+03   1.22836e-02  -1.20497e-02   1.20637e-02
   3  nsig         5.82804e+05   2.04371e+03  -2.03767e+03   2.05182e+03
   4  sig1         7.30274e+00   9.73671e-03  -9.77179e-03   9.74418e-03
   5  sig2         2.99999e+03   1.43300e-01                 at limit   
                               ERR DEF= 0.5
 **********
 **   23 **MINOS        2500
 **********
    THE POSITIVE MINOS ERROR OF PARAMETER   5, sig2 EXCEEDS ITS LIMIT.
 MINUIT WARNING IN MNCROS    
 ============== Cannot find slope of the right sign
                         NEGATIVE MINOS ERROR NOT CALCULATED FOR PARAMETER 5
 FCN=-3.37356e+06 FROM MINOS     STATUS=PROBLEMS      473 CALLS        2032 TOTAL
                     EDM=1.96828e-06    STRATEGY= 1  ERROR MATRIX UNCERTAINTY   0.2 per cent
  EXT PARAMETER                  PARABOLIC         MINOS ERRORS        
  NO.   NAME      VALUE            ERROR      NEGATIVE      POSITIVE   
   1  f1           6.70108e-01   2.34751e-03  -2.35558e-03   2.34983e-03
   2  mean1        5.28014e+03   1.22836e-02  -1.20497e-02   1.20637e-02
   3  nsig         5.82804e+05   2.04371e+03  -2.03767e+03   2.05182e+03
   4  sig1         7.30274e+00   9.73671e-03  -9.77179e-03   9.74418e-03
   5  sig2         2.99999e+03   1.43300e-01                 at limit   
                               ERR DEF= 0.5
fit_mass: Fit complete.
fit_mass: Starting save_plot_fit_mass():
[#1] INFO:Plotting -- RooAbsPdf::plotOn(totalPdf) p.d.f was fitted in range and no explicit plot,norm range was specified, using fit range as default
[#1] INFO:Plotting -- RooAbsPdf::plotOn(totalPdf) only plotting range 'fit_nll_totalPdf_data'
[#1] INFO:Plotting -- RooAbsPdf::plotOn(totalPdf) p.d.f. curve is normalized using explicit choice of ranges 'fit_nll_totalPdf_data'
B0 signal: fraction gaussian 1 = 0.670108 +/- 2.355578E-03
B0 gaus 1: mean = 5280.139088 +/- 1.206370E-02
B0 gaus 1: sigma = 7.302741 +/- 9.771793E-03
B0 gaus 2: sigma = 2999.994887 +/- 1.432996E-01
[#1] INFO:Plotting -- RooAbsPdf::plotOn(totalPdf) p.d.f was fitted in range and no explicit plot,norm range was specified, using fit range as default
[#1] INFO:Plotting -- RooAbsPdf::plotOn(totalPdf) only plotting range 'fit_nll_totalPdf_data'
[#1] INFO:Plotting -- RooAbsPdf::plotOn(totalPdf) p.d.f. curve is normalized using explicit choice of ranges 'fit_nll_totalPdf_data'
[#1] INFO:Plotting -- RooAbsPdf::plotOn(totalPdf) directly selected PDF components: (sig)
[#1] INFO:Plotting -- RooAbsPdf::plotOn(totalPdf) indirectly selected PDF components: (gau1,gau2,mean2)
#chi^{2}/N_{DoF} = 356.500249
N B0 = 582803.853953 +/- 2051.816005
Info in <TCanvas::Print>: eps file plots/fit_LimingB0cuts7.eps has been created
Info in <TCanvas::SaveSource>: C++ Macro file: plots/fit_LimingB0cuts7.C has been generated
save_plot_fit_mass() complete.
fit_mass complete.
=========================================
Finish root @	Thu Oct 13 17:11:03 CEST 2016
=========================================
